#
# There is insufficient memory for the Java Runtime Environment to continue.
# Native memory allocation (malloc) failed to allocate 1047056 bytes for Chunk::new
# Possible reasons:
#   The system is out of physical RAM or swap space
#   The process is running with CompressedOops enabled, and the Java Heap may be blocking the growth of the native heap
# Possible solutions:
#   Reduce memory load on the system
#   Increase physical memory or swap space
#   Check if swap backing store is full
#   Decrease Java heap size (-Xmx/-Xms)
#   Decrease number of Java threads
#   Decrease Java thread stack sizes (-Xss)
#   Set larger code cache with -XX:ReservedCodeCacheSize=
#   JVM is running with Unscaled Compressed Oops mode in which the Java heap is
#     placed in the first 4GB address space. The Java Heap base address is the
#     maximum limit for the native heap growth. Please use -XX:HeapBaseMinAddress
#     to set the Java Heap base and to place the Java Heap above 4GB virtual address.
# This output file may be truncated or incomplete.
#
#  Out of Memory Error (arena.cpp:189), pid=4576, tid=3584
#
# JRE version: OpenJDK Runtime Environment (17.0.6) (build 17.0.6+0-b2043.56-10027231)
# Java VM: OpenJDK 64-Bit Server VM (17.0.6+0-b2043.56-10027231, mixed mode, tiered, compressed oops, compressed class ptrs, g1 gc, windows-amd64)
# No core dump will be written. Minidumps are not enabled by default on client versions of Windows
#

---------------  S U M M A R Y ------------

Command Line: --add-opens=java.base/java.util=ALL-UNNAMED --add-opens=java.base/java.lang=ALL-UNNAMED --add-opens=java.base/java.lang.invoke=ALL-UNNAMED --add-opens=java.base/java.util=ALL-UNNAMED --add-opens=java.prefs/java.util.prefs=ALL-UNNAMED --add-opens=java.prefs/java.util.prefs=ALL-UNNAMED --add-opens=java.base/java.nio.charset=ALL-UNNAMED --add-opens=java.base/java.net=ALL-UNNAMED --add-opens=java.base/java.util.concurrent.atomic=ALL-UNNAMED -Xmx2048m -Dfile.encoding=UTF-8 -Duser.country=US -Duser.language=en -Duser.variant org.gradle.launcher.daemon.bootstrap.GradleDaemon 7.5

Host: Intel(R) Core(TM) i5 CPU       M 520  @ 2.40GHz, 4 cores, 7G,  Windows 10 , 64 bit Build 19041 (10.0.19041.3636)
Time: Tue Dec 12 02:35:45 2023 W. Europe Standard Time elapsed time: 24.652741 seconds (0d 0h 0m 24s)

---------------  T H R E A D  ---------------

Current thread (0x00000261500562e0):  JavaThread "C2 CompilerThread0" daemon [_thread_in_native, id=3584, stack(0x0000006b51400000,0x0000006b51500000)]


Current CompileTask:
C2:  24652 8274       4       com.sun.beans.TypeResolver::resolve (37 bytes)

Stack: [0x0000006b51400000,0x0000006b51500000]
Native frames: (J=compiled Java code, j=interpreted, Vv=VM code, C=native code)
V  [jvm.dll+0x683c9a]
V  [jvm.dll+0x8427a4]
V  [jvm.dll+0x843f9e]
V  [jvm.dll+0x844603]
V  [jvm.dll+0x249b75]
V  [jvm.dll+0xabcac]
V  [jvm.dll+0xac27c]
V  [jvm.dll+0x2b0eef]
V  [jvm.dll+0x58a267]
V  [jvm.dll+0x2243b2]
V  [jvm.dll+0x21ddf4]
V  [jvm.dll+0x21b51b]
V  [jvm.dll+0x1a4fdd]
V  [jvm.dll+0x22b098]
V  [jvm.dll+0x229159]
V  [jvm.dll+0x7f81ec]
V  [jvm.dll+0x7f274a]
V  [jvm.dll+0x682ad5]
C  [ucrtbase.dll+0x21bb2]
C  [KERNEL32.DLL+0x17344]
C  [ntdll.dll+0x526b1]


---------------  P R O C E S S  ---------------

Threads class SMR info:
_java_thread_list=0x0000026156115a50, length=86, elements={
0x000002613414b870, 0x000002614f6c9d50, 0x000002614f6cb980, 0x00000261500365e0,
0x0000026150043e00, 0x00000261500446c0, 0x0000026150045590, 0x00000261500562e0,
0x000002615005b010, 0x0000026150068510, 0x00000261501cebb0, 0x00000261501e2b70,
0x0000026151265ee0, 0x0000026151264ba0, 0x0000026151263d30, 0x00000261512676f0,
0x00000261512663b0, 0x0000026151265070, 0x0000026151266d50, 0x0000026151264200,
0x00000261512646d0, 0x0000026151266880, 0x0000026152989ec0, 0x000002615298b6d0,
0x00000261529899f0, 0x000002615298bba0, 0x0000026152987d10, 0x000002615298f560,
0x0000026152989520, 0x000002615298ebc0, 0x000002615298ad30, 0x000002615298a390,
0x000002615298a860, 0x000002615298cee0, 0x000002615298c070, 0x000002615298b200,
0x000002615298ca10, 0x00000261556563e0, 0x0000026155653890, 0x00000261556568b0,
0x000002615564fa00, 0x0000026155650870, 0x000002615564f060, 0x000002615564f530,
0x0000026155652ef0, 0x0000026155653d60, 0x0000026155650d40, 0x0000026155651210,
0x000002615564fed0, 0x00000261556516e0, 0x0000026155651bb0, 0x0000026155652080,
0x00000261556533c0, 0x0000026155652550, 0x0000026155655570, 0x0000026155654bd0,
0x00000261556550a0, 0x0000026155b62530, 0x0000026155b693e0, 0x0000026155b65550,
0x0000026155b67230, 0x0000026155b663c0, 0x0000026155b64210, 0x0000026155b68570,
0x0000026155b67700, 0x0000026155b68a40, 0x0000026155b680a0, 0x0000026155b62a00,
0x0000026155b68f10, 0x0000026155b698b0, 0x0000026155b62ed0, 0x0000026155b633a0,
0x0000026155b67bd0, 0x0000026155b63870, 0x0000026155b66890, 0x0000026155b62060,
0x0000026155b646e0, 0x0000026155b63d40, 0x0000026155b64bb0, 0x0000026155b65ef0,
0x0000026153820670, 0x0000026153823b60, 0x0000026153827520, 0x0000026153825840,
0x0000026153824030, 0x00000261538261e0
}

Java Threads: ( => current thread )
  0x000002613414b870 JavaThread "main" [_thread_blocked, id=8264, stack(0x0000006b50700000,0x0000006b50800000)]
  0x000002614f6c9d50 JavaThread "Reference Handler" daemon [_thread_blocked, id=4308, stack(0x0000006b50e00000,0x0000006b50f00000)]
  0x000002614f6cb980 JavaThread "Finalizer" daemon [_thread_blocked, id=8268, stack(0x0000006b50f00000,0x0000006b51000000)]
  0x00000261500365e0 JavaThread "Signal Dispatcher" daemon [_thread_blocked, id=8236, stack(0x0000006b51000000,0x0000006b51100000)]
  0x0000026150043e00 JavaThread "Attach Listener" daemon [_thread_blocked, id=9344, stack(0x0000006b51100000,0x0000006b51200000)]
  0x00000261500446c0 JavaThread "Service Thread" daemon [_thread_blocked, id=2064, stack(0x0000006b51200000,0x0000006b51300000)]
  0x0000026150045590 JavaThread "Monitor Deflation Thread" daemon [_thread_blocked, id=424, stack(0x0000006b51300000,0x0000006b51400000)]
=>0x00000261500562e0 JavaThread "C2 CompilerThread0" daemon [_thread_in_native, id=3584, stack(0x0000006b51400000,0x0000006b51500000)]
  0x000002615005b010 JavaThread "C1 CompilerThread0" daemon [_thread_blocked, id=564, stack(0x0000006b51500000,0x0000006b51600000)]
  0x0000026150068510 JavaThread "Sweeper thread" daemon [_thread_blocked, id=1552, stack(0x0000006b51600000,0x0000006b51700000)]
  0x00000261501cebb0 JavaThread "Common-Cleaner" daemon [_thread_blocked, id=6324, stack(0x0000006b51700000,0x0000006b51800000)]
  0x00000261501e2b70 JavaThread "Notification Thread" daemon [_thread_blocked, id=11904, stack(0x0000006b51800000,0x0000006b51900000)]
  0x0000026151265ee0 JavaThread "Daemon health stats" [_thread_blocked, id=2884, stack(0x0000006b51e00000,0x0000006b51f00000)]
  0x0000026151264ba0 JavaThread "Incoming local TCP Connector on port 51084" [_thread_in_native, id=1208, stack(0x0000006b51a00000,0x0000006b51b00000)]
  0x0000026151263d30 JavaThread "Daemon periodic checks" [_thread_blocked, id=7344, stack(0x0000006b52000000,0x0000006b52100000)]
  0x00000261512676f0 JavaThread "Daemon" [_thread_blocked, id=1636, stack(0x0000006b52100000,0x0000006b52200000)]
  0x00000261512663b0 JavaThread "Handler for socket connection from /127.0.0.1:51084 to /127.0.0.1:51085" [_thread_in_native, id=10628, stack(0x0000006b52200000,0x0000006b52300000)]
  0x0000026151265070 JavaThread "Cancel handler" [_thread_blocked, id=11168, stack(0x0000006b52300000,0x0000006b52400000)]
  0x0000026151266d50 JavaThread "Daemon worker" [_thread_in_vm, id=4432, stack(0x0000006b52400000,0x0000006b52500000)]
  0x0000026151264200 JavaThread "Asynchronous log dispatcher for DefaultDaemonConnection: socket connection from /127.0.0.1:51084 to /127.0.0.1:51085" [_thread_blocked, id=1700, stack(0x0000006b52500000,0x0000006b52600000)]
  0x00000261512646d0 JavaThread "Stdin handler" [_thread_blocked, id=1600, stack(0x0000006b52600000,0x0000006b52700000)]
  0x0000026151266880 JavaThread "Daemon client event forwarder" [_thread_blocked, id=1072, stack(0x0000006b52700000,0x0000006b52800000)]
  0x0000026152989ec0 JavaThread "Cache worker for journal cache (C:\Users\CHEBICHEB KHEIREDDIN\.gradle\caches\journal-1)" [_thread_blocked, id=2268, stack(0x0000006b52800000,0x0000006b52900000)]
  0x000002615298b6d0 JavaThread "File lock request listener" [_thread_in_native, id=12072, stack(0x0000006b52900000,0x0000006b52a00000)]
  0x00000261529899f0 JavaThread "Cache worker for file hash cache (C:\Users\CHEBICHEB KHEIREDDIN\.gradle\caches\7.5\fileHashes)" [_thread_blocked, id=6436, stack(0x0000006b52a00000,0x0000006b52b00000)]
  0x000002615298bba0 JavaThread "File watcher server" daemon [_thread_in_native, id=5012, stack(0x0000006b52b00000,0x0000006b52c00000)]
  0x0000026152987d10 JavaThread "File watcher consumer" daemon [_thread_blocked, id=120, stack(0x0000006b52c00000,0x0000006b52d00000)]
  0x000002615298f560 JavaThread "jar transforms" [_thread_blocked, id=8388, stack(0x0000006b52d00000,0x0000006b52e00000)]
  0x0000026152989520 JavaThread "jar transforms Thread 2" [_thread_blocked, id=2300, stack(0x0000006b52e00000,0x0000006b52f00000)]
  0x000002615298ebc0 JavaThread "jar transforms Thread 3" [_thread_blocked, id=9724, stack(0x0000006b52f00000,0x0000006b53000000)]
  0x000002615298ad30 JavaThread "jar transforms Thread 4" [_thread_blocked, id=4240, stack(0x0000006b53000000,0x0000006b53100000)]
  0x000002615298a390 JavaThread "Cache worker for checksums cache (C:\Users\CHEBICHEB KHEIREDDIN\Desktop\GL2 S1 cour et td\Dev Mobile App\Practice6A-NavigationDrawer\.gradle\7.5\checksums)" [_thread_blocked, id=4728, stack(0x0000006b53100000,0x0000006b53200000)]
  0x000002615298a860 JavaThread "Cache worker for cache directory md-rule (C:\Users\CHEBICHEB KHEIREDDIN\.gradle\caches\7.5\md-rule)" [_thread_blocked, id=3332, stack(0x0000006b53200000,0x0000006b53300000)]
  0x000002615298cee0 JavaThread "Cache worker for file content cache (C:\Users\CHEBICHEB KHEIREDDIN\.gradle\caches\7.5\fileContent)" [_thread_blocked, id=10728, stack(0x0000006b53300000,0x0000006b53400000)]
  0x000002615298c070 JavaThread "Cache worker for file hash cache (C:\Users\CHEBICHEB KHEIREDDIN\Desktop\GL2 S1 cour et td\Dev Mobile App\Practice6A-NavigationDrawer\.gradle\7.5\fileHashes)" [_thread_blocked, id=6788, stack(0x0000006b53400000,0x0000006b53500000)]
  0x000002615298b200 JavaThread "Cache worker for cache directory md-supplier (C:\Users\CHEBICHEB KHEIREDDIN\.gradle\caches\7.5\md-supplier)" [_thread_blocked, id=7724, stack(0x0000006b53500000,0x0000006b53600000)]
  0x000002615298ca10 JavaThread "Cache worker for execution history cache (C:\Users\CHEBICHEB KHEIREDDIN\.gradle\caches\7.5\executionHistory)" [_thread_blocked, id=5928, stack(0x0000006b53600000,0x0000006b53700000)]
  0x00000261556563e0 JavaThread "Cache worker for dependencies-accessors (C:\Users\CHEBICHEB KHEIREDDIN\Desktop\GL2 S1 cour et td\Dev Mobile App\Practice6A-NavigationDrawer\.gradle\7.5\dependencies-accessors)" [_thread_blocked, id=4156, stack(0x0000006b53700000,0x0000006b53800000)]
  0x0000026155653890 JavaThread "Cache worker for Build Output Cleanup Cache (C:\Users\CHEBICHEB KHEIREDDIN\Desktop\GL2 S1 cour et td\Dev Mobile App\Practice6A-NavigationDrawer\.gradle\buildOutputCleanup)" [_thread_blocked, id=8980, stack(0x0000006b53800000,0x0000006b53900000)]
  0x00000261556568b0 JavaThread "Unconstrained build operations" [_thread_blocked, id=9400, stack(0x0000006b53900000,0x0000006b53a00000)]
  0x000002615564fa00 JavaThread "Unconstrained build operations Thread 2" [_thread_blocked, id=8396, stack(0x0000006b53a00000,0x0000006b53b00000)]
  0x0000026155650870 JavaThread "Unconstrained build operations Thread 3" [_thread_blocked, id=9528, stack(0x0000006b53b00000,0x0000006b53c00000)]
  0x000002615564f060 JavaThread "Unconstrained build operations Thread 4" [_thread_blocked, id=848, stack(0x0000006b53c00000,0x0000006b53d00000)]
  0x000002615564f530 JavaThread "Unconstrained build operations Thread 5" [_thread_blocked, id=1588, stack(0x0000006b53d00000,0x0000006b53e00000)]
  0x0000026155652ef0 JavaThread "Unconstrained build operations Thread 6" [_thread_blocked, id=7312, stack(0x0000006b53e00000,0x0000006b53f00000)]
  0x0000026155653d60 JavaThread "Unconstrained build operations Thread 7" [_thread_blocked, id=3824, stack(0x0000006b53f00000,0x0000006b54000000)]
  0x0000026155650d40 JavaThread "Unconstrained build operations Thread 8" [_thread_blocked, id=11400, stack(0x0000006b54000000,0x0000006b54100000)]
  0x0000026155651210 JavaThread "Unconstrained build operations Thread 9" [_thread_blocked, id=10736, stack(0x0000006b54100000,0x0000006b54200000)]
  0x000002615564fed0 JavaThread "Unconstrained build operations Thread 10" [_thread_blocked, id=820, stack(0x0000006b54200000,0x0000006b54300000)]
  0x00000261556516e0 JavaThread "Unconstrained build operations Thread 11" [_thread_blocked, id=1684, stack(0x0000006b54300000,0x0000006b54400000)]
  0x0000026155651bb0 JavaThread "Unconstrained build operations Thread 12" [_thread_blocked, id=228, stack(0x0000006b54400000,0x0000006b54500000)]
  0x0000026155652080 JavaThread "Unconstrained build operations Thread 13" [_thread_blocked, id=5832, stack(0x0000006b54500000,0x0000006b54600000)]
  0x00000261556533c0 JavaThread "Unconstrained build operations Thread 14" [_thread_blocked, id=11504, stack(0x0000006b54600000,0x0000006b54700000)]
  0x0000026155652550 JavaThread "Unconstrained build operations Thread 15" [_thread_blocked, id=1944, stack(0x0000006b54700000,0x0000006b54800000)]
  0x0000026155655570 JavaThread "Unconstrained build operations Thread 16" [_thread_blocked, id=988, stack(0x0000006b54800000,0x0000006b54900000)]
  0x0000026155654bd0 JavaThread "Unconstrained build operations Thread 17" [_thread_blocked, id=8340, stack(0x0000006b54900000,0x0000006b54a00000)]
  0x00000261556550a0 JavaThread "Unconstrained build operations Thread 18" [_thread_blocked, id=5028, stack(0x0000006b54a00000,0x0000006b54b00000)]
  0x0000026155b62530 JavaThread "Unconstrained build operations Thread 19" [_thread_blocked, id=12236, stack(0x0000006b54b00000,0x0000006b54c00000)]
  0x0000026155b693e0 JavaThread "Unconstrained build operations Thread 20" [_thread_blocked, id=4628, stack(0x0000006b54c00000,0x0000006b54d00000)]
  0x0000026155b65550 JavaThread "Unconstrained build operations Thread 21" [_thread_blocked, id=9948, stack(0x0000006b54d00000,0x0000006b54e00000)]
  0x0000026155b67230 JavaThread "Unconstrained build operations Thread 22" [_thread_blocked, id=4672, stack(0x0000006b54e00000,0x0000006b54f00000)]
  0x0000026155b663c0 JavaThread "Unconstrained build operations Thread 23" [_thread_blocked, id=8556, stack(0x0000006b54f00000,0x0000006b55000000)]
  0x0000026155b64210 JavaThread "Unconstrained build operations Thread 24" [_thread_blocked, id=8964, stack(0x0000006b55000000,0x0000006b55100000)]
  0x0000026155b68570 JavaThread "Unconstrained build operations Thread 25" [_thread_blocked, id=9920, stack(0x0000006b55100000,0x0000006b55200000)]
  0x0000026155b67700 JavaThread "Unconstrained build operations Thread 26" [_thread_blocked, id=2004, stack(0x0000006b55200000,0x0000006b55300000)]
  0x0000026155b68a40 JavaThread "Unconstrained build operations Thread 27" [_thread_blocked, id=7104, stack(0x0000006b55300000,0x0000006b55400000)]
  0x0000026155b680a0 JavaThread "Unconstrained build operations Thread 28" [_thread_blocked, id=12192, stack(0x0000006b55400000,0x0000006b55500000)]
  0x0000026155b62a00 JavaThread "Unconstrained build operations Thread 29" [_thread_blocked, id=5304, stack(0x0000006b55500000,0x0000006b55600000)]
  0x0000026155b68f10 JavaThread "Unconstrained build operations Thread 30" [_thread_blocked, id=3380, stack(0x0000006b55600000,0x0000006b55700000)]
  0x0000026155b698b0 JavaThread "Unconstrained build operations Thread 31" [_thread_blocked, id=5460, stack(0x0000006b55700000,0x0000006b55800000)]
  0x0000026155b62ed0 JavaThread "Unconstrained build operations Thread 32" [_thread_blocked, id=11368, stack(0x0000006b55800000,0x0000006b55900000)]
  0x0000026155b633a0 JavaThread "Unconstrained build operations Thread 33" [_thread_blocked, id=2528, stack(0x0000006b55900000,0x0000006b55a00000)]
  0x0000026155b67bd0 JavaThread "Unconstrained build operations Thread 34" [_thread_blocked, id=8940, stack(0x0000006b55a00000,0x0000006b55b00000)]
  0x0000026155b63870 JavaThread "Unconstrained build operations Thread 35" [_thread_blocked, id=5688, stack(0x0000006b55b00000,0x0000006b55c00000)]
  0x0000026155b66890 JavaThread "Unconstrained build operations Thread 36" [_thread_blocked, id=10204, stack(0x0000006b55c00000,0x0000006b55d00000)]
  0x0000026155b62060 JavaThread "Unconstrained build operations Thread 37" [_thread_blocked, id=6000, stack(0x0000006b55d00000,0x0000006b55e00000)]
  0x0000026155b646e0 JavaThread "Unconstrained build operations Thread 38" [_thread_blocked, id=11736, stack(0x0000006b55e00000,0x0000006b55f00000)]
  0x0000026155b63d40 JavaThread "Unconstrained build operations Thread 39" [_thread_blocked, id=3404, stack(0x0000006b55f00000,0x0000006b56000000)]
  0x0000026155b64bb0 JavaThread "Unconstrained build operations Thread 40" [_thread_blocked, id=5852, stack(0x0000006b56000000,0x0000006b56100000)]
  0x0000026155b65ef0 JavaThread "Memory manager" [_thread_blocked, id=6556, stack(0x0000006b56100000,0x0000006b56200000)]
  0x0000026153820670 JavaThread "included builds" [_thread_blocked, id=4076, stack(0x0000006b51f00000,0x0000006b52000000)]
  0x0000026153823b60 JavaThread "Execution worker" [_thread_blocked, id=5848, stack(0x0000006b56200000,0x0000006b56300000)]
  0x0000026153827520 JavaThread "Execution worker Thread 2" [_thread_blocked, id=1496, stack(0x0000006b56300000,0x0000006b56400000)]
  0x0000026153825840 JavaThread "Execution worker Thread 3" [_thread_blocked, id=832, stack(0x0000006b56400000,0x0000006b56500000)]
  0x0000026153824030 JavaThread "Cache worker for execution history cache (C:\Users\CHEBICHEB KHEIREDDIN\Desktop\GL2 S1 cour et td\Dev Mobile App\Practice6A-NavigationDrawer\.gradle\7.5\executionHistory)" [_thread_blocked, id=5108, stack(0x0000006b56500000,0x0000006b56600000)]
  0x00000261538261e0 JavaThread "idea-tooling-model-converter" [_thread_in_Java, id=4604, stack(0x0000006b56600000,0x0000006b56700000)]

Other Threads:
  0x000002614f6c7130 VMThread "VM Thread" [stack: 0x0000006b50d00000,0x0000006b50e00000] [id=3568]
  0x00000261341c6680 WatcherThread [stack: 0x0000006b51900000,0x0000006b51a00000] [id=3664]
  0x00000261341aad90 GCTaskThread "GC Thread#0" [stack: 0x0000006b50800000,0x0000006b50900000] [id=7460]
  0x000002615088c180 GCTaskThread "GC Thread#1" [stack: 0x0000006b51b00000,0x0000006b51c00000] [id=4460]
  0x000002615088c430 GCTaskThread "GC Thread#2" [stack: 0x0000006b51c00000,0x0000006b51d00000] [id=12228]
  0x0000026150eecb00 GCTaskThread "GC Thread#3" [stack: 0x0000006b51d00000,0x0000006b51e00000] [id=6008]
  0x00000261341bbbe0 ConcurrentGCThread "G1 Main Marker" [stack: 0x0000006b50900000,0x0000006b50a00000] [id=5372]
  0x00000261341bd510 ConcurrentGCThread "G1 Conc#0" [stack: 0x0000006b50a00000,0x0000006b50b00000] [id=7064]
  0x000002613421da50 ConcurrentGCThread "G1 Refine#0" [stack: 0x0000006b50b00000,0x0000006b50c00000] [id=6920]
  0x000002613421e380 ConcurrentGCThread "G1 Service" [stack: 0x0000006b50c00000,0x0000006b50d00000] [id=9020]

Threads with active compile tasks:
C2 CompilerThread0    24696 8274       4       com.sun.beans.TypeResolver::resolve (37 bytes)

VM state: not at safepoint (normal execution)

VM Mutex/Monitor currently owned by a thread: None

Heap address: 0x0000000080000000, size: 2048 MB, Compressed Oops mode: 32-bit

CDS archive(s) not mapped
Compressed class space mapped at: 0x0000000100000000-0x0000000140000000, reserved size: 1073741824
Narrow klass base: 0x0000000000000000, Narrow klass shift: 3, Narrow klass range: 0x140000000

GC Precious Log:
 CPUs: 4 total, 4 available
 Memory: 7983M
 Large Page Support: Disabled
 NUMA Support: Disabled
 Compressed Oops: Enabled (32-bit)
 Heap Region Size: 1M
 Heap Min Capacity: 8M
 Heap Initial Capacity: 126M
 Heap Max Capacity: 2G
 Pre-touch: Disabled
 Parallel Workers: 4
 Concurrent Workers: 1
 Concurrent Refinement Workers: 4
 Periodic GC: Disabled

Heap:
 garbage-first heap   total 186368K, used 135666K [0x0000000080000000, 0x0000000100000000)
  region size 1024K, 12 young (12288K), 7 survivors (7168K)
 Metaspace       used 82099K, committed 82752K, reserved 1122304K
  class space    used 11172K, committed 11456K, reserved 1048576K

Heap Regions: E=young(eden), S=young(survivor), O=old, HS=humongous(starts), HC=humongous(continues), CS=collection set, F=free, OA=open archive, CA=closed archive, TAMS=top-at-mark-start (previous, next)
|   0|0x0000000080000000, 0x0000000080100000, 0x0000000080100000|100%|HS|  |TAMS 0x0000000080100000, 0x0000000080000000| Complete 
|   1|0x0000000080100000, 0x0000000080200000, 0x0000000080200000|100%|HC|  |TAMS 0x0000000080200000, 0x0000000080100000| Complete 
|   2|0x0000000080200000, 0x0000000080300000, 0x0000000080300000|100%|HC|  |TAMS 0x0000000080300000, 0x0000000080200000| Complete 
|   3|0x0000000080300000, 0x0000000080400000, 0x0000000080400000|100%| O|  |TAMS 0x0000000080400000, 0x0000000080300000| Untracked 
|   4|0x0000000080400000, 0x0000000080500000, 0x0000000080500000|100%| O|  |TAMS 0x0000000080500000, 0x0000000080400000| Untracked 
|   5|0x0000000080500000, 0x0000000080600000, 0x0000000080600000|100%| O|  |TAMS 0x0000000080600000, 0x0000000080500000| Untracked 
|   6|0x0000000080600000, 0x0000000080700000, 0x0000000080700000|100%| O|  |TAMS 0x0000000080700000, 0x0000000080600000| Untracked 
|   7|0x0000000080700000, 0x0000000080800000, 0x0000000080800000|100%| O|  |TAMS 0x0000000080800000, 0x0000000080700000| Untracked 
|   8|0x0000000080800000, 0x0000000080900000, 0x0000000080900000|100%| O|  |TAMS 0x0000000080900000, 0x0000000080800000| Untracked 
|   9|0x0000000080900000, 0x0000000080a00000, 0x0000000080a00000|100%| O|  |TAMS 0x0000000080a00000, 0x0000000080900000| Untracked 
|  10|0x0000000080a00000, 0x0000000080b00000, 0x0000000080b00000|100%| O|  |TAMS 0x0000000080b00000, 0x0000000080a00000| Untracked 
|  11|0x0000000080b00000, 0x0000000080c00000, 0x0000000080c00000|100%| O|  |TAMS 0x0000000080c00000, 0x0000000080b00000| Untracked 
|  12|0x0000000080c00000, 0x0000000080d00000, 0x0000000080d00000|100%| O|  |TAMS 0x0000000080d00000, 0x0000000080c00000| Untracked 
|  13|0x0000000080d00000, 0x0000000080e00000, 0x0000000080e00000|100%| O|  |TAMS 0x0000000080e00000, 0x0000000080d00000| Untracked 
|  14|0x0000000080e00000, 0x0000000080f00000, 0x0000000080f00000|100%| O|  |TAMS 0x0000000080f00000, 0x0000000080e00000| Untracked 
|  15|0x0000000080f00000, 0x0000000081000000, 0x0000000081000000|100%| O|  |TAMS 0x0000000081000000, 0x0000000080f00000| Untracked 
|  16|0x0000000081000000, 0x0000000081100000, 0x0000000081100000|100%| O|  |TAMS 0x0000000081100000, 0x0000000081000000| Untracked 
|  17|0x0000000081100000, 0x0000000081200000, 0x0000000081200000|100%| O|  |TAMS 0x0000000081200000, 0x0000000081100000| Untracked 
|  18|0x0000000081200000, 0x0000000081300000, 0x0000000081300000|100%|HS|  |TAMS 0x0000000081300000, 0x0000000081200000| Complete 
|  19|0x0000000081300000, 0x0000000081400000, 0x0000000081400000|100%|HC|  |TAMS 0x0000000081400000, 0x0000000081300000| Complete 
|  20|0x0000000081400000, 0x0000000081500000, 0x0000000081500000|100%|HS|  |TAMS 0x0000000081500000, 0x0000000081400000| Complete 
|  21|0x0000000081500000, 0x0000000081600000, 0x0000000081600000|100%|HC|  |TAMS 0x0000000081600000, 0x0000000081500000| Complete 
|  22|0x0000000081600000, 0x0000000081700000, 0x0000000081700000|100%|HC|  |TAMS 0x0000000081700000, 0x0000000081600000| Complete 
|  23|0x0000000081700000, 0x0000000081800000, 0x0000000081800000|100%| O|  |TAMS 0x0000000081800000, 0x0000000081700000| Untracked 
|  24|0x0000000081800000, 0x0000000081900000, 0x0000000081900000|100%| O|  |TAMS 0x0000000081900000, 0x0000000081800000| Untracked 
|  25|0x0000000081900000, 0x0000000081a00000, 0x0000000081a00000|100%| O|  |TAMS 0x0000000081a00000, 0x0000000081900000| Untracked 
|  26|0x0000000081a00000, 0x0000000081b00000, 0x0000000081b00000|100%|HS|  |TAMS 0x0000000081b00000, 0x0000000081a00000| Complete 
|  27|0x0000000081b00000, 0x0000000081c00000, 0x0000000081c00000|100%|HC|  |TAMS 0x0000000081c00000, 0x0000000081b00000| Complete 
|  28|0x0000000081c00000, 0x0000000081d00000, 0x0000000081d00000|100%|HC|  |TAMS 0x0000000081d00000, 0x0000000081c00000| Complete 
|  29|0x0000000081d00000, 0x0000000081e00000, 0x0000000081e00000|100%|HS|  |TAMS 0x0000000081e00000, 0x0000000081d00000| Complete 
|  30|0x0000000081e00000, 0x0000000081f00000, 0x0000000081f00000|100%|HC|  |TAMS 0x0000000081f00000, 0x0000000081e00000| Complete 
|  31|0x0000000081f00000, 0x0000000082000000, 0x0000000082000000|100%|HC|  |TAMS 0x0000000082000000, 0x0000000081f00000| Complete 
|  32|0x0000000082000000, 0x0000000082100000, 0x0000000082100000|100%|HC|  |TAMS 0x0000000082100000, 0x0000000082000000| Complete 
|  33|0x0000000082100000, 0x0000000082200000, 0x0000000082200000|100%|HC|  |TAMS 0x0000000082200000, 0x0000000082100000| Complete 
|  34|0x0000000082200000, 0x0000000082300000, 0x0000000082300000|100%|HC|  |TAMS 0x0000000082300000, 0x0000000082200000| Complete 
|  35|0x0000000082300000, 0x0000000082400000, 0x0000000082400000|100%|HC|  |TAMS 0x0000000082400000, 0x0000000082300000| Complete 
|  36|0x0000000082400000, 0x0000000082500000, 0x0000000082500000|100%|HC|  |TAMS 0x0000000082500000, 0x0000000082400000| Complete 
|  37|0x0000000082500000, 0x0000000082600000, 0x0000000082600000|100%|HC|  |TAMS 0x0000000082600000, 0x0000000082500000| Complete 
|  38|0x0000000082600000, 0x0000000082700000, 0x0000000082700000|100%|HC|  |TAMS 0x0000000082700000, 0x0000000082600000| Complete 
|  39|0x0000000082700000, 0x0000000082800000, 0x0000000082800000|100%|HC|  |TAMS 0x0000000082800000, 0x0000000082700000| Complete 
|  40|0x0000000082800000, 0x0000000082900000, 0x0000000082900000|100%|HC|  |TAMS 0x0000000082900000, 0x0000000082800000| Complete 
|  41|0x0000000082900000, 0x0000000082a00000, 0x0000000082a00000|100%|HS|  |TAMS 0x0000000082a00000, 0x0000000082900000| Complete 
|  42|0x0000000082a00000, 0x0000000082b00000, 0x0000000082b00000|100%|HC|  |TAMS 0x0000000082b00000, 0x0000000082a00000| Complete 
|  43|0x0000000082b00000, 0x0000000082b7c800, 0x0000000082c00000| 48%| O|  |TAMS 0x0000000082b00000, 0x0000000082b00000| Untracked 
|  44|0x0000000082c00000, 0x0000000082d00000, 0x0000000082d00000|100%| O|  |TAMS 0x0000000082d00000, 0x0000000082c00000| Untracked 
|  45|0x0000000082d00000, 0x0000000082e00000, 0x0000000082e00000|100%| O|  |TAMS 0x0000000082e00000, 0x0000000082d00000| Untracked 
|  46|0x0000000082e00000, 0x0000000082f00000, 0x0000000082f00000|100%| O|  |TAMS 0x0000000082f00000, 0x0000000082e00000| Untracked 
|  47|0x0000000082f00000, 0x0000000083000000, 0x0000000083000000|100%| O|  |TAMS 0x0000000083000000, 0x0000000082f00000| Untracked 
|  48|0x0000000083000000, 0x0000000083100000, 0x0000000083100000|100%|HS|  |TAMS 0x0000000083100000, 0x0000000083000000| Complete 
|  49|0x0000000083100000, 0x0000000083200000, 0x0000000083200000|100%| O|  |TAMS 0x0000000083200000, 0x0000000083100000| Untracked 
|  50|0x0000000083200000, 0x0000000083300000, 0x0000000083300000|100%| O|  |TAMS 0x0000000083300000, 0x0000000083200000| Untracked 
|  51|0x0000000083300000, 0x0000000083400000, 0x0000000083400000|100%| O|  |TAMS 0x0000000083400000, 0x0000000083300000| Untracked 
|  52|0x0000000083400000, 0x0000000083500000, 0x0000000083500000|100%| O|  |TAMS 0x0000000083500000, 0x0000000083400000| Untracked 
|  53|0x0000000083500000, 0x0000000083600000, 0x0000000083600000|100%|HS|  |TAMS 0x0000000083600000, 0x0000000083500000| Complete 
|  54|0x0000000083600000, 0x0000000083700000, 0x0000000083700000|100%|HC|  |TAMS 0x0000000083700000, 0x0000000083600000| Complete 
|  55|0x0000000083700000, 0x0000000083800000, 0x0000000083800000|100%|HC|  |TAMS 0x0000000083800000, 0x0000000083700000| Complete 
|  56|0x0000000083800000, 0x0000000083900000, 0x0000000083900000|100%| O|  |TAMS 0x0000000083900000, 0x0000000083800000| Untracked 
|  57|0x0000000083900000, 0x0000000083a00000, 0x0000000083a00000|100%| O|  |TAMS 0x0000000083a00000, 0x0000000083900000| Untracked 
|  58|0x0000000083a00000, 0x0000000083b00000, 0x0000000083b00000|100%|HS|  |TAMS 0x0000000083b00000, 0x0000000083a00000| Complete 
|  59|0x0000000083b00000, 0x0000000083c00000, 0x0000000083c00000|100%|HC|  |TAMS 0x0000000083c00000, 0x0000000083b00000| Complete 
|  60|0x0000000083c00000, 0x0000000083d00000, 0x0000000083d00000|100%|HC|  |TAMS 0x0000000083d00000, 0x0000000083c00000| Complete 
|  61|0x0000000083d00000, 0x0000000083e00000, 0x0000000083e00000|100%| O|  |TAMS 0x0000000083e00000, 0x0000000083d00000| Untracked 
|  62|0x0000000083e00000, 0x0000000083f00000, 0x0000000083f00000|100%| O|  |TAMS 0x0000000083f00000, 0x0000000083e00000| Untracked 
|  63|0x0000000083f00000, 0x0000000084000000, 0x0000000084000000|100%| O|  |TAMS 0x0000000084000000, 0x0000000083f00000| Untracked 
|  64|0x0000000084000000, 0x0000000084100000, 0x0000000084100000|100%| O|  |TAMS 0x0000000084100000, 0x0000000084000000| Untracked 
|  65|0x0000000084100000, 0x0000000084200000, 0x0000000084200000|100%| O|  |TAMS 0x0000000084200000, 0x0000000084100000| Untracked 
|  66|0x0000000084200000, 0x0000000084300000, 0x0000000084300000|100%| O|  |TAMS 0x0000000084300000, 0x0000000084200000| Untracked 
|  67|0x0000000084300000, 0x0000000084400000, 0x0000000084400000|100%| O|  |TAMS 0x0000000084400000, 0x0000000084300000| Untracked 
|  68|0x0000000084400000, 0x0000000084500000, 0x0000000084500000|100%| O|  |TAMS 0x0000000084500000, 0x0000000084400000| Untracked 
|  69|0x0000000084500000, 0x0000000084600000, 0x0000000084600000|100%| O|  |TAMS 0x0000000084600000, 0x0000000084500000| Untracked 
|  70|0x0000000084600000, 0x0000000084700000, 0x0000000084700000|100%| O|  |TAMS 0x0000000084700000, 0x0000000084600000| Untracked 
|  71|0x0000000084700000, 0x0000000084800000, 0x0000000084800000|100%|HS|  |TAMS 0x0000000084800000, 0x0000000084700000| Complete 
|  72|0x0000000084800000, 0x0000000084900000, 0x0000000084900000|100%|HC|  |TAMS 0x0000000084900000, 0x0000000084800000| Complete 
|  73|0x0000000084900000, 0x0000000084a00000, 0x0000000084a00000|100%|HS|  |TAMS 0x0000000084a00000, 0x0000000084900000| Complete 
|  74|0x0000000084a00000, 0x0000000084b00000, 0x0000000084b00000|100%|HS|  |TAMS 0x0000000084b00000, 0x0000000084a00000| Complete 
|  75|0x0000000084b00000, 0x0000000084c00000, 0x0000000084c00000|100%|HC|  |TAMS 0x0000000084c00000, 0x0000000084b00000| Complete 
|  76|0x0000000084c00000, 0x0000000084d00000, 0x0000000084d00000|100%|HC|  |TAMS 0x0000000084d00000, 0x0000000084c00000| Complete 
|  77|0x0000000084d00000, 0x0000000084e00000, 0x0000000084e00000|100%|HC|  |TAMS 0x0000000084e00000, 0x0000000084d00000| Complete 
|  78|0x0000000084e00000, 0x0000000084f00000, 0x0000000084f00000|100%| O|  |TAMS 0x0000000084f00000, 0x0000000084e00000| Untracked 
|  79|0x0000000084f00000, 0x0000000085000000, 0x0000000085000000|100%| O|  |TAMS 0x0000000084f00000, 0x0000000084f00000| Untracked 
|  80|0x0000000085000000, 0x0000000085100000, 0x0000000085100000|100%| O|  |TAMS 0x0000000085100000, 0x0000000085000000| Untracked 
|  81|0x0000000085100000, 0x0000000085200000, 0x0000000085200000|100%| O|  |TAMS 0x0000000085200000, 0x0000000085100000| Untracked 
|  82|0x0000000085200000, 0x0000000085300000, 0x0000000085300000|100%| O|  |TAMS 0x0000000085300000, 0x0000000085200000| Untracked 
|  83|0x0000000085300000, 0x0000000085400000, 0x0000000085400000|100%| O|  |TAMS 0x0000000085400000, 0x0000000085300000| Untracked 
|  84|0x0000000085400000, 0x0000000085500000, 0x0000000085500000|100%| O|  |TAMS 0x0000000085500000, 0x0000000085400000| Untracked 
|  85|0x0000000085500000, 0x0000000085600000, 0x0000000085600000|100%| O|  |TAMS 0x0000000085600000, 0x0000000085500000| Untracked 
|  86|0x0000000085600000, 0x0000000085700000, 0x0000000085700000|100%| O|  |TAMS 0x0000000085700000, 0x0000000085600000| Untracked 
|  87|0x0000000085700000, 0x0000000085800000, 0x0000000085800000|100%| O|  |TAMS 0x0000000085800000, 0x0000000085700000| Untracked 
|  88|0x0000000085800000, 0x0000000085900000, 0x0000000085900000|100%| O|  |TAMS 0x0000000085900000, 0x0000000085800000| Untracked 
|  89|0x0000000085900000, 0x0000000085a00000, 0x0000000085a00000|100%| O|  |TAMS 0x0000000085a00000, 0x0000000085900000| Untracked 
|  90|0x0000000085a00000, 0x0000000085b00000, 0x0000000085b00000|100%| O|  |TAMS 0x0000000085b00000, 0x0000000085a00000| Untracked 
|  91|0x0000000085b00000, 0x0000000085c00000, 0x0000000085c00000|100%| O|  |TAMS 0x0000000085c00000, 0x0000000085b00000| Untracked 
|  92|0x0000000085c00000, 0x0000000085d00000, 0x0000000085d00000|100%| O|  |TAMS 0x0000000085d00000, 0x0000000085c00000| Untracked 
|  93|0x0000000085d00000, 0x0000000085e00000, 0x0000000085e00000|100%| O|  |TAMS 0x0000000085d44a00, 0x0000000085d00000| Untracked 
|  94|0x0000000085e00000, 0x0000000085f00000, 0x0000000085f00000|100%| O|  |TAMS 0x0000000085e00000, 0x0000000085e00000| Untracked 
|  95|0x0000000085f00000, 0x0000000086000000, 0x0000000086000000|100%| O|  |TAMS 0x0000000085f00000, 0x0000000085f00000| Untracked 
|  96|0x0000000086000000, 0x0000000086100000, 0x0000000086100000|100%| O|  |TAMS 0x0000000086000000, 0x0000000086000000| Untracked 
|  97|0x0000000086100000, 0x0000000086200000, 0x0000000086200000|100%| O|  |TAMS 0x0000000086100000, 0x0000000086100000| Untracked 
|  98|0x0000000086200000, 0x0000000086300000, 0x0000000086300000|100%| O|  |TAMS 0x0000000086200000, 0x0000000086200000| Untracked 
|  99|0x0000000086300000, 0x0000000086400000, 0x0000000086400000|100%| O|  |TAMS 0x0000000086300000, 0x0000000086300000| Untracked 
| 100|0x0000000086400000, 0x0000000086500000, 0x0000000086500000|100%|HS|  |TAMS 0x0000000086400000, 0x0000000086400000| Complete 
| 101|0x0000000086500000, 0x0000000086600000, 0x0000000086600000|100%|HC|  |TAMS 0x0000000086500000, 0x0000000086500000| Complete 
| 102|0x0000000086600000, 0x0000000086700000, 0x0000000086700000|100%|HS|  |TAMS 0x0000000086600000, 0x0000000086600000| Complete 
| 103|0x0000000086700000, 0x0000000086800000, 0x0000000086800000|100%|HC|  |TAMS 0x0000000086700000, 0x0000000086700000| Complete 
| 104|0x0000000086800000, 0x0000000086900000, 0x0000000086900000|100%|HC|  |TAMS 0x0000000086800000, 0x0000000086800000| Complete 
| 105|0x0000000086900000, 0x0000000086a00000, 0x0000000086a00000|100%|HS|  |TAMS 0x0000000086900000, 0x0000000086900000| Complete 
| 106|0x0000000086a00000, 0x0000000086b00000, 0x0000000086b00000|100%|HC|  |TAMS 0x0000000086a00000, 0x0000000086a00000| Complete 
| 107|0x0000000086b00000, 0x0000000086c00000, 0x0000000086c00000|100%|HC|  |TAMS 0x0000000086b00000, 0x0000000086b00000| Complete 
| 108|0x0000000086c00000, 0x0000000086d00000, 0x0000000086d00000|100%|HS|  |TAMS 0x0000000086c00000, 0x0000000086c00000| Complete 
| 109|0x0000000086d00000, 0x0000000086e00000, 0x0000000086e00000|100%|HC|  |TAMS 0x0000000086d00000, 0x0000000086d00000| Complete 
| 110|0x0000000086e00000, 0x0000000086f00000, 0x0000000086f00000|100%|HC|  |TAMS 0x0000000086e00000, 0x0000000086e00000| Complete 
| 111|0x0000000086f00000, 0x0000000087000000, 0x0000000087000000|100%|HC|  |TAMS 0x0000000086f00000, 0x0000000086f00000| Complete 
| 112|0x0000000087000000, 0x0000000087100000, 0x0000000087100000|100%|HC|  |TAMS 0x0000000087000000, 0x0000000087000000| Complete 
| 113|0x0000000087100000, 0x0000000087200000, 0x0000000087200000|100%|HC|  |TAMS 0x0000000087100000, 0x0000000087100000| Complete 
| 114|0x0000000087200000, 0x0000000087300000, 0x0000000087300000|100%|HC|  |TAMS 0x0000000087200000, 0x0000000087200000| Complete 
| 115|0x0000000087300000, 0x0000000087400000, 0x0000000087400000|100%|HC|  |TAMS 0x0000000087300000, 0x0000000087300000| Complete 
| 116|0x0000000087400000, 0x0000000087500000, 0x0000000087500000|100%|HC|  |TAMS 0x0000000087400000, 0x0000000087400000| Complete 
| 117|0x0000000087500000, 0x0000000087600000, 0x0000000087600000|100%|HC|  |TAMS 0x0000000087500000, 0x0000000087500000| Complete 
| 118|0x0000000087600000, 0x0000000087700000, 0x0000000087700000|100%|HC|  |TAMS 0x0000000087600000, 0x0000000087600000| Complete 
| 119|0x0000000087700000, 0x0000000087800000, 0x0000000087800000|100%|HC|  |TAMS 0x0000000087700000, 0x0000000087700000| Complete 
| 120|0x0000000087800000, 0x0000000087900000, 0x0000000087900000|100%|HS|  |TAMS 0x0000000087800000, 0x0000000087800000| Complete 
| 121|0x0000000087900000, 0x0000000087a00000, 0x0000000087a00000|100%|HC|  |TAMS 0x0000000087900000, 0x0000000087900000| Complete 
| 122|0x0000000087a00000, 0x0000000087a00000, 0x0000000087b00000|  0%| F|  |TAMS 0x0000000087a00000, 0x0000000087a00000| Untracked 
| 123|0x0000000087b00000, 0x0000000087b00000, 0x0000000087c00000|  0%| F|  |TAMS 0x0000000087b00000, 0x0000000087b00000| Untracked 
| 124|0x0000000087c00000, 0x0000000087c00000, 0x0000000087d00000|  0%| F|  |TAMS 0x0000000087c00000, 0x0000000087c00000| Untracked 
| 125|0x0000000087d00000, 0x0000000087e00000, 0x0000000087e00000|100%| S|CS|TAMS 0x0000000087d00000, 0x0000000087d00000| Complete 
| 126|0x0000000087e00000, 0x0000000087f00000, 0x0000000087f00000|100%| S|CS|TAMS 0x0000000087e00000, 0x0000000087e00000| Complete 
| 127|0x0000000087f00000, 0x0000000088000000, 0x0000000088000000|100%| S|CS|TAMS 0x0000000087f00000, 0x0000000087f00000| Complete 
| 128|0x0000000088000000, 0x0000000088100000, 0x0000000088100000|100%| S|CS|TAMS 0x0000000088000000, 0x0000000088000000| Complete 
| 129|0x0000000088100000, 0x0000000088200000, 0x0000000088200000|100%| S|CS|TAMS 0x0000000088100000, 0x0000000088100000| Complete 
| 130|0x0000000088200000, 0x0000000088300000, 0x0000000088300000|100%| S|CS|TAMS 0x0000000088200000, 0x0000000088200000| Complete 
| 131|0x0000000088300000, 0x0000000088400000, 0x0000000088400000|100%| S|CS|TAMS 0x0000000088300000, 0x0000000088300000| Complete 
| 132|0x0000000088400000, 0x0000000088400000, 0x0000000088500000|  0%| F|  |TAMS 0x0000000088400000, 0x0000000088400000| Untracked 
| 133|0x0000000088500000, 0x0000000088500000, 0x0000000088600000|  0%| F|  |TAMS 0x0000000088500000, 0x0000000088500000| Untracked 
| 134|0x0000000088600000, 0x0000000088600000, 0x0000000088700000|  0%| F|  |TAMS 0x0000000088600000, 0x0000000088600000| Untracked 
| 135|0x0000000088700000, 0x0000000088700000, 0x0000000088800000|  0%| F|  |TAMS 0x0000000088700000, 0x0000000088700000| Untracked 
| 136|0x0000000088800000, 0x0000000088800000, 0x0000000088900000|  0%| F|  |TAMS 0x0000000088800000, 0x0000000088800000| Untracked 
| 137|0x0000000088900000, 0x0000000088900000, 0x0000000088a00000|  0%| F|  |TAMS 0x0000000088900000, 0x0000000088900000| Untracked 
| 138|0x0000000088a00000, 0x0000000088a00000, 0x0000000088b00000|  0%| F|  |TAMS 0x0000000088a00000, 0x0000000088a00000| Untracked 
| 139|0x0000000088b00000, 0x0000000088b00000, 0x0000000088c00000|  0%| F|  |TAMS 0x0000000088b00000, 0x0000000088b00000| Untracked 
| 140|0x0000000088c00000, 0x0000000088c00000, 0x0000000088d00000|  0%| F|  |TAMS 0x0000000088c00000, 0x0000000088c00000| Untracked 
| 141|0x0000000088d00000, 0x0000000088d00000, 0x0000000088e00000|  0%| F|  |TAMS 0x0000000088d00000, 0x0000000088d00000| Untracked 
| 142|0x0000000088e00000, 0x0000000088e00000, 0x0000000088f00000|  0%| F|  |TAMS 0x0000000088e00000, 0x0000000088e00000| Untracked 
| 143|0x0000000088f00000, 0x0000000088f00000, 0x0000000089000000|  0%| F|  |TAMS 0x0000000088f00000, 0x0000000088f00000| Untracked 
| 144|0x0000000089000000, 0x0000000089000000, 0x0000000089100000|  0%| F|  |TAMS 0x0000000089000000, 0x0000000089000000| Untracked 
| 145|0x0000000089100000, 0x0000000089100000, 0x0000000089200000|  0%| F|  |TAMS 0x0000000089100000, 0x0000000089100000| Untracked 
| 146|0x0000000089200000, 0x0000000089200000, 0x0000000089300000|  0%| F|  |TAMS 0x0000000089200000, 0x0000000089200000| Untracked 
| 147|0x0000000089300000, 0x0000000089300000, 0x0000000089400000|  0%| F|  |TAMS 0x0000000089300000, 0x0000000089300000| Untracked 
| 148|0x0000000089400000, 0x0000000089400000, 0x0000000089500000|  0%| F|  |TAMS 0x0000000089400000, 0x0000000089400000| Untracked 
| 149|0x0000000089500000, 0x0000000089500000, 0x0000000089600000|  0%| F|  |TAMS 0x0000000089500000, 0x0000000089500000| Untracked 
| 150|0x0000000089600000, 0x0000000089600000, 0x0000000089700000|  0%| F|  |TAMS 0x0000000089600000, 0x0000000089600000| Untracked 
| 151|0x0000000089700000, 0x0000000089700000, 0x0000000089800000|  0%| F|  |TAMS 0x0000000089700000, 0x0000000089700000| Untracked 
| 152|0x0000000089800000, 0x0000000089800000, 0x0000000089900000|  0%| F|  |TAMS 0x0000000089800000, 0x0000000089800000| Untracked 
| 153|0x0000000089900000, 0x0000000089900000, 0x0000000089a00000|  0%| F|  |TAMS 0x0000000089900000, 0x0000000089900000| Untracked 
| 154|0x0000000089a00000, 0x0000000089a00000, 0x0000000089b00000|  0%| F|  |TAMS 0x0000000089a00000, 0x0000000089a00000| Untracked 
| 155|0x0000000089b00000, 0x0000000089b00000, 0x0000000089c00000|  0%| F|  |TAMS 0x0000000089b00000, 0x0000000089b00000| Untracked 
| 156|0x0000000089c00000, 0x0000000089c00000, 0x0000000089d00000|  0%| F|  |TAMS 0x0000000089c00000, 0x0000000089c00000| Untracked 
| 157|0x0000000089d00000, 0x0000000089d00000, 0x0000000089e00000|  0%| F|  |TAMS 0x0000000089d00000, 0x0000000089d00000| Untracked 
| 158|0x0000000089e00000, 0x0000000089e00000, 0x0000000089f00000|  0%| F|  |TAMS 0x0000000089e00000, 0x0000000089e00000| Untracked 
| 159|0x0000000089f00000, 0x0000000089f00000, 0x000000008a000000|  0%| F|  |TAMS 0x0000000089f00000, 0x0000000089f00000| Untracked 
| 160|0x000000008a000000, 0x000000008a000000, 0x000000008a100000|  0%| F|  |TAMS 0x000000008a000000, 0x000000008a000000| Untracked 
| 161|0x000000008a100000, 0x000000008a100000, 0x000000008a200000|  0%| F|  |TAMS 0x000000008a100000, 0x000000008a100000| Untracked 
| 162|0x000000008a200000, 0x000000008a200000, 0x000000008a300000|  0%| F|  |TAMS 0x000000008a200000, 0x000000008a200000| Untracked 
| 163|0x000000008a300000, 0x000000008a300000, 0x000000008a400000|  0%| F|  |TAMS 0x000000008a300000, 0x000000008a300000| Untracked 
| 164|0x000000008a400000, 0x000000008a400000, 0x000000008a500000|  0%| F|  |TAMS 0x000000008a400000, 0x000000008a400000| Untracked 
| 165|0x000000008a500000, 0x000000008a500000, 0x000000008a600000|  0%| F|  |TAMS 0x000000008a500000, 0x000000008a500000| Untracked 
| 166|0x000000008a600000, 0x000000008a600000, 0x000000008a700000|  0%| F|  |TAMS 0x000000008a600000, 0x000000008a600000| Untracked 
| 167|0x000000008a700000, 0x000000008a700000, 0x000000008a800000|  0%| F|  |TAMS 0x000000008a700000, 0x000000008a700000| Untracked 
| 168|0x000000008a800000, 0x000000008a800000, 0x000000008a900000|  0%| F|  |TAMS 0x000000008a800000, 0x000000008a800000| Untracked 
| 169|0x000000008a900000, 0x000000008a900000, 0x000000008aa00000|  0%| F|  |TAMS 0x000000008a900000, 0x000000008a900000| Untracked 
| 170|0x000000008aa00000, 0x000000008aa00000, 0x000000008ab00000|  0%| F|  |TAMS 0x000000008aa00000, 0x000000008aa00000| Untracked 
| 171|0x000000008ab00000, 0x000000008ab00000, 0x000000008ac00000|  0%| F|  |TAMS 0x000000008ab00000, 0x000000008ab00000| Untracked 
| 172|0x000000008ac00000, 0x000000008ac00000, 0x000000008ad00000|  0%| F|  |TAMS 0x000000008ac00000, 0x000000008ac00000| Untracked 
| 173|0x000000008ad00000, 0x000000008ad00000, 0x000000008ae00000|  0%| F|  |TAMS 0x000000008ad00000, 0x000000008ad00000| Untracked 
| 174|0x000000008ae00000, 0x000000008ae00000, 0x000000008af00000|  0%| F|  |TAMS 0x000000008ae00000, 0x000000008ae00000| Untracked 
| 175|0x000000008af00000, 0x000000008af00000, 0x000000008b000000|  0%| F|  |TAMS 0x000000008af00000, 0x000000008af00000| Untracked 
| 176|0x000000008b000000, 0x000000008b000000, 0x000000008b100000|  0%| F|  |TAMS 0x000000008b000000, 0x000000008b000000| Untracked 
| 177|0x000000008b100000, 0x000000008b1d1e50, 0x000000008b200000| 81%| E|  |TAMS 0x000000008b100000, 0x000000008b100000| Complete 
| 178|0x000000008b200000, 0x000000008b300000, 0x000000008b300000|100%| E|CS|TAMS 0x000000008b200000, 0x000000008b200000| Complete 
| 179|0x000000008b300000, 0x000000008b400000, 0x000000008b400000|100%| E|CS|TAMS 0x000000008b300000, 0x000000008b300000| Complete 
| 180|0x000000008b400000, 0x000000008b500000, 0x000000008b500000|100%| E|CS|TAMS 0x000000008b400000, 0x000000008b400000| Complete 
| 181|0x000000008b500000, 0x000000008b600000, 0x000000008b600000|100%| E|CS|TAMS 0x000000008b500000, 0x000000008b500000| Complete 

Card table byte_map: [0x0000026148830000,0x0000026148c30000] _byte_map_base: 0x0000026148430000

Marking Bits (Prev, Next): (CMBitMap*) 0x00000261341ab2b0, (CMBitMap*) 0x00000261341ab2f0
 Prev Bits: [0x0000026149030000, 0x000002614b030000)
 Next Bits: [0x000002614b030000, 0x000002614d030000)

Polling page: 0x0000026134220000

Metaspace:

Usage:
  Non-class:     69.34 MB used.
      Class:     10.92 MB used.
       Both:     80.26 MB used.

Virtual space:
  Non-class space:       72.00 MB reserved,      69.75 MB ( 97%) committed,  9 nodes.
      Class space:        1.00 GB reserved,      11.19 MB (  1%) committed,  1 nodes.
             Both:        1.07 GB reserved,      80.94 MB (  7%) committed. 

Chunk freelists:
   Non-Class:  2.17 MB
       Class:  848.00 KB
        Both:  3.00 MB

MaxMetaspaceSize: unlimited
CompressedClassSpaceSize: 1.00 GB
Initial GC threshold: 21.00 MB
Current GC threshold: 117.19 MB
CDS: off
MetaspaceReclaimPolicy: balanced
 - commit_granule_bytes: 65536.
 - commit_granule_words: 8192.
 - virtual_space_node_default_size: 1048576.
 - enlarge_chunks_in_place: 1.
 - new_chunks_are_fully_committed: 0.
 - uncommit_free_chunks: 1.
 - use_allocation_guard: 0.
 - handle_deallocations: 1.


Internal statistics:

num_allocs_failed_limit: 3.
num_arena_births: 802.
num_arena_deaths: 0.
num_vsnodes_births: 10.
num_vsnodes_deaths: 0.
num_space_committed: 1295.
num_space_uncommitted: 0.
num_chunks_returned_to_freelist: 3.
num_chunks_taken_from_freelist: 3792.
num_chunk_merges: 3.
num_chunk_splits: 2465.
num_chunks_enlarged: 1631.
num_purges: 0.
num_inconsistent_stats: 0.

CodeHeap 'non-profiled nmethods': size=120000Kb used=4454Kb max_used=4454Kb free=115545Kb
 bounds [0x00000261408e0000, 0x0000026140d40000, 0x0000026147e10000]
CodeHeap 'profiled nmethods': size=120000Kb used=14859Kb max_used=14859Kb free=105141Kb
 bounds [0x0000026138e10000, 0x0000026139ca0000, 0x0000026140340000]
CodeHeap 'non-nmethods': size=5760Kb used=2370Kb max_used=2404Kb free=3389Kb
 bounds [0x0000026140340000, 0x00000261405b0000, 0x00000261408e0000]
 total_blobs=8395 nmethods=7490 adapters=818
 compilation: enabled
              stopped_count=0, restarted_count=0
 full_count=0

Compilation events (20 events):
Event: 24.616 Thread 0x000002615005b010 nmethod 8322 0x0000026140d38410 code [0x0000026140d385a0, 0x0000026140d38658]
Event: 24.616 Thread 0x000002615005b010 8323       3       java.lang.Integer::toHexString (6 bytes)
Event: 24.616 Thread 0x000002615005b010 nmethod 8323 0x0000026139c7ee90 code [0x0000026139c7f020, 0x0000026139c7f148]
Event: 24.616 Thread 0x000002615005b010 8324       3       java.lang.Integer::toUnsignedString0 (76 bytes)
Event: 24.617 Thread 0x000002615005b010 nmethod 8324 0x0000026139c7f210 code [0x0000026139c7f3e0, 0x0000026139c7f838]
Event: 24.630 Thread 0x000002615005b010 8325       1       org.gradle.tooling.internal.adapter.MethodInvocation::getResult (5 bytes)
Event: 24.630 Thread 0x000002615005b010 nmethod 8325 0x0000026140d38710 code [0x0000026140d388a0, 0x0000026140d38978]
Event: 24.631 Thread 0x000002615005b010 8326       3       org.codehaus.groovy.runtime.MetaClassHelper::getClassWithNullAndWrapper (28 bytes)
Event: 24.631 Thread 0x000002615005b010 nmethod 8326 0x0000026139c7fa10 code [0x0000026139c7fbe0, 0x0000026139c80048]
Event: 24.631 Thread 0x000002615005b010 8327   !   3       org.codehaus.groovy.reflection.ClassInfo::getMetaClass (33 bytes)
Event: 24.632 Thread 0x000002615005b010 nmethod 8327 0x0000026139c80190 code [0x0000026139c80440, 0x0000026139c81248]
Event: 24.638 Thread 0x000002615005b010 8328       3       org.gradle.api.internal.plugins.DefaultPluginRegistry$PluginIdLookupCacheKey::equals (63 bytes)
Event: 24.639 Thread 0x000002615005b010 nmethod 8328 0x0000026139c81790 code [0x0000026139c81980, 0x0000026139c81ef8]
Event: 24.641 Thread 0x000002615005b010 8329       3       java.lang.Module::isExported (15 bytes)
Event: 24.641 Thread 0x000002615005b010 nmethod 8329 0x0000026139c82090 code [0x0000026139c82260, 0x0000026139c82518]
Event: 24.641 Thread 0x000002615005b010 8330       3       java.lang.System$2::defineClass (14 bytes)
Event: 24.642 Thread 0x000002615005b010 nmethod 8330 0x0000026139c82610 code [0x0000026139c827c0, 0x0000026139c82928]
Event: 24.649 Thread 0x000002615005b010 8331       3       java.util.concurrent.ConcurrentHashMap$BaseIterator::<init> (21 bytes)
Event: 24.649 Thread 0x000002615005b010 nmethod 8331 0x0000026139c82a10 code [0x0000026139c82bc0, 0x0000026139c82d98]
Event: 24.650 Thread 0x000002615005b010 8332       3       jdk.internal.module.Resources::toPackageName (39 bytes)

GC Heap History (20 events):
Event: 14.637 GC heap before
{Heap before GC invocations=27 (full 0):
 garbage-first heap   total 124928K, used 75837K [0x0000000080000000, 0x0000000100000000)
  region size 1024K, 6 young (6144K), 2 survivors (2048K)
 Metaspace       used 53244K, committed 53824K, reserved 1097728K
  class space    used 7097K, committed 7360K, reserved 1048576K
}
Event: 14.649 GC heap after
{Heap after GC invocations=28 (full 0):
 garbage-first heap   total 124928K, used 71784K [0x0000000080000000, 0x0000000100000000)
  region size 1024K, 1 young (1024K), 1 survivors (1024K)
 Metaspace       used 53244K, committed 53824K, reserved 1097728K
  class space    used 7097K, committed 7360K, reserved 1048576K
}
Event: 15.402 GC heap before
{Heap before GC invocations=28 (full 0):
 garbage-first heap   total 124928K, used 90216K [0x0000000080000000, 0x0000000100000000)
  region size 1024K, 21 young (21504K), 1 survivors (1024K)
 Metaspace       used 53826K, committed 54464K, reserved 1097728K
  class space    used 7145K, committed 7424K, reserved 1048576K
}
Event: 15.410 GC heap after
{Heap after GC invocations=29 (full 0):
 garbage-first heap   total 180224K, used 72954K [0x0000000080000000, 0x0000000100000000)
  region size 1024K, 2 young (2048K), 2 survivors (2048K)
 Metaspace       used 53826K, committed 54464K, reserved 1097728K
  class space    used 7145K, committed 7424K, reserved 1048576K
}
Event: 18.145 GC heap before
{Heap before GC invocations=29 (full 0):
 garbage-first heap   total 180224K, used 144634K [0x0000000080000000, 0x0000000100000000)
  region size 1024K, 63 young (64512K), 2 survivors (2048K)
 Metaspace       used 62362K, committed 62976K, reserved 1105920K
  class space    used 8283K, committed 8576K, reserved 1048576K
}
Event: 18.159 GC heap after
{Heap after GC invocations=30 (full 0):
 garbage-first heap   total 180224K, used 89713K [0x0000000080000000, 0x0000000100000000)
  region size 1024K, 8 young (8192K), 8 survivors (8192K)
 Metaspace       used 62362K, committed 62976K, reserved 1105920K
  class space    used 8283K, committed 8576K, reserved 1048576K
}
Event: 18.417 GC heap before
{Heap before GC invocations=30 (full 0):
 garbage-first heap   total 180224K, used 94833K [0x0000000080000000, 0x0000000100000000)
  region size 1024K, 14 young (14336K), 8 survivors (8192K)
 Metaspace       used 63812K, committed 64512K, reserved 1105920K
  class space    used 8444K, committed 8768K, reserved 1048576K
}
Event: 18.427 GC heap after
{Heap after GC invocations=31 (full 0):
 garbage-first heap   total 180224K, used 90900K [0x0000000080000000, 0x0000000100000000)
  region size 1024K, 2 young (2048K), 2 survivors (2048K)
 Metaspace       used 63812K, committed 64512K, reserved 1105920K
  class space    used 8444K, committed 8768K, reserved 1048576K
}
Event: 20.027 GC heap before
{Heap before GC invocations=32 (full 0):
 garbage-first heap   total 184320K, used 149268K [0x0000000080000000, 0x0000000100000000)
  region size 1024K, 52 young (53248K), 2 survivors (2048K)
 Metaspace       used 67562K, committed 68288K, reserved 1114112K
  class space    used 8915K, committed 9216K, reserved 1048576K
}
Event: 20.037 GC heap after
{Heap after GC invocations=33 (full 0):
 garbage-first heap   total 184320K, used 95314K [0x0000000080000000, 0x0000000100000000)
  region size 1024K, 6 young (6144K), 6 survivors (6144K)
 Metaspace       used 67562K, committed 68288K, reserved 1114112K
  class space    used 8915K, committed 9216K, reserved 1048576K
}
Event: 20.141 GC heap before
{Heap before GC invocations=33 (full 0):
 garbage-first heap   total 184320K, used 98386K [0x0000000080000000, 0x0000000100000000)
  region size 1024K, 9 young (9216K), 6 survivors (6144K)
 Metaspace       used 67875K, committed 68544K, reserved 1114112K
  class space    used 8947K, committed 9216K, reserved 1048576K
}
Event: 20.152 GC heap after
{Heap after GC invocations=34 (full 0):
 garbage-first heap   total 184320K, used 95948K [0x0000000080000000, 0x0000000100000000)
  region size 1024K, 2 young (2048K), 2 survivors (2048K)
 Metaspace       used 67875K, committed 68544K, reserved 1114112K
  class space    used 8947K, committed 9216K, reserved 1048576K
}
Event: 21.323 GC heap before
{Heap before GC invocations=34 (full 0):
 garbage-first heap   total 184320K, used 147148K [0x0000000080000000, 0x0000000100000000)
  region size 1024K, 52 young (53248K), 2 survivors (2048K)
 Metaspace       used 71286K, committed 72000K, reserved 1114112K
  class space    used 9416K, committed 9728K, reserved 1048576K
}
Event: 21.334 GC heap after
{Heap after GC invocations=35 (full 0):
 garbage-first heap   total 184320K, used 98230K [0x0000000080000000, 0x0000000100000000)
  region size 1024K, 4 young (4096K), 4 survivors (4096K)
 Metaspace       used 71286K, committed 72000K, reserved 1114112K
  class space    used 9416K, committed 9728K, reserved 1048576K
}
Event: 22.839 GC heap before
{Heap before GC invocations=36 (full 0):
 garbage-first heap   total 186368K, used 148406K [0x0000000080000000, 0x0000000100000000)
  region size 1024K, 53 young (54272K), 4 survivors (4096K)
 Metaspace       used 75799K, committed 76416K, reserved 1122304K
  class space    used 10229K, committed 10496K, reserved 1048576K
}
Event: 22.853 GC heap after
{Heap after GC invocations=37 (full 0):
 garbage-first heap   total 186368K, used 101650K [0x0000000080000000, 0x0000000100000000)
  region size 1024K, 7 young (7168K), 7 survivors (7168K)
 Metaspace       used 75799K, committed 76416K, reserved 1122304K
  class space    used 10229K, committed 10496K, reserved 1048576K
}
Event: 22.909 GC heap before
{Heap before GC invocations=37 (full 0):
 garbage-first heap   total 186368K, used 103698K [0x0000000080000000, 0x0000000100000000)
  region size 1024K, 9 young (9216K), 7 survivors (7168K)
 Metaspace       used 76078K, committed 76672K, reserved 1122304K
  class space    used 10284K, committed 10560K, reserved 1048576K
}
Event: 22.923 GC heap after
{Heap after GC invocations=38 (full 0):
 garbage-first heap   total 186368K, used 102280K [0x0000000080000000, 0x0000000100000000)
  region size 1024K, 1 young (1024K), 1 survivors (1024K)
 Metaspace       used 76078K, committed 76672K, reserved 1122304K
  class space    used 10284K, committed 10560K, reserved 1048576K
}
Event: 24.533 GC heap before
{Heap before GC invocations=38 (full 0):
 garbage-first heap   total 186368K, used 174984K [0x0000000080000000, 0x0000000100000000)
  region size 1024K, 50 young (51200K), 1 survivors (1024K)
 Metaspace       used 81277K, committed 81856K, reserved 1122304K
  class space    used 11066K, committed 11328K, reserved 1048576K
}
Event: 24.545 GC heap after
{Heap after GC invocations=39 (full 0):
 garbage-first heap   total 186368K, used 131570K [0x0000000080000000, 0x0000000100000000)
  region size 1024K, 7 young (7168K), 7 survivors (7168K)
 Metaspace       used 81277K, committed 81856K, reserved 1122304K
  class space    used 11066K, committed 11328K, reserved 1048576K
}

Dll operation events (2 events):
Event: 0.018 Loaded shared library C:\Program Files\Android\Android Studio\jbr\bin\java.dll
Event: 1.232 Loaded shared library C:\Program Files\Android\Android Studio\jbr\bin\verify.dll

Deoptimization events (20 events):
Event: 23.951 Thread 0x0000026151266d50 Uncommon trap: trap_request=0xffffff45 fr.pc=0x0000026140c78b20 relative=0x00000000000006a0
Event: 23.951 Thread 0x0000026151266d50 Uncommon trap: reason=unstable_if action=reinterpret pc=0x0000026140c78b20 method=jdk.internal.org.objectweb.asm.Frame.getAbstractTypeFromDescriptor(Ljdk/internal/org/objectweb/asm/SymbolTable;Ljava/lang/String;I)I @ 189 c2
Event: 23.951 Thread 0x0000026151266d50 DEOPT PACKING pc=0x0000026140c78b20 sp=0x0000006b524fbb80
Event: 23.951 Thread 0x0000026151266d50 DEOPT UNPACKING pc=0x000002614039699d sp=0x0000006b524fbb40 mode 2
Event: 24.466 Thread 0x0000026153825840 Uncommon trap: trap_request=0xffffff45 fr.pc=0x0000026140964d3c relative=0x00000000000005fc
Event: 24.466 Thread 0x0000026153825840 Uncommon trap: reason=unstable_if action=reinterpret pc=0x0000026140964d3c method=java.util.HashMap$HashIterator.<init>(Ljava/util/HashMap;)V @ 45 c2
Event: 24.466 Thread 0x0000026153825840 DEOPT PACKING pc=0x0000026140964d3c sp=0x0000006b564fef20
Event: 24.466 Thread 0x0000026153825840 DEOPT UNPACKING pc=0x000002614039699d sp=0x0000006b564fedb0 mode 2
Event: 24.516 Thread 0x0000026153820670 Uncommon trap: trap_request=0xffffffde fr.pc=0x0000026140c48710 relative=0x0000000000000170
Event: 24.516 Thread 0x0000026153820670 Uncommon trap: reason=class_check action=maybe_recompile pc=0x0000026140c48710 method=java.util.stream.StreamOpFlag.fromCharacteristics(Ljava/util/Spliterator;)I @ 14 c2
Event: 24.516 Thread 0x0000026153820670 DEOPT PACKING pc=0x0000026140c48710 sp=0x0000006b51ffd6e0
Event: 24.516 Thread 0x0000026153820670 DEOPT UNPACKING pc=0x000002614039699d sp=0x0000006b51ffd5c8 mode 2
Event: 24.522 Thread 0x0000026153820670 DEOPT PACKING pc=0x0000026138ecc2b4 sp=0x0000006b51ffd9b0
Event: 24.522 Thread 0x0000026153820670 DEOPT UNPACKING pc=0x0000026140397124 sp=0x0000006b51ffce70 mode 0
Event: 24.526 Thread 0x0000026151266880 DEOPT PACKING pc=0x000002613913813a sp=0x0000006b527fe560
Event: 24.526 Thread 0x0000026151266880 DEOPT UNPACKING pc=0x0000026140397124 sp=0x0000006b527fd9d8 mode 0
Event: 24.529 Thread 0x0000026153820670 DEOPT PACKING pc=0x00000261399767e4 sp=0x0000006b51ffd8e0
Event: 24.529 Thread 0x0000026153820670 DEOPT UNPACKING pc=0x0000026140397124 sp=0x0000006b51ffcda0 mode 0
Event: 24.552 Thread 0x0000026151266880 DEOPT PACKING pc=0x000002613913813a sp=0x0000006b527fe000
Event: 24.552 Thread 0x0000026151266880 DEOPT UNPACKING pc=0x0000026140397124 sp=0x0000006b527fd478 mode 0

Classes unloaded (0 events):
No events

Classes redefined (0 events):
No events

Internal exceptions (20 events):
Event: 24.401 Thread 0x0000026151266d50 Exception <a 'java/lang/ClassNotFoundException'{0x000000008890d0b8}: com/google/common/collect/ImmutableListCustomizer> (0x000000008890d0b8) 
thrown [s\src\hotspot\share\classfile\systemDictionary.cpp, line 256]
Event: 24.405 Thread 0x0000026151266d50 Exception <a 'java/lang/ClassNotFoundException'{0x000000008894ce08}: com/google/common/collect/SingletonImmutableListCustomizer> (0x000000008894ce08) 
thrown [s\src\hotspot\share\classfile\systemDictionary.cpp, line 256]
Event: 24.410 Thread 0x0000026151266d50 Exception <a 'java/lang/ClassNotFoundException'{0x00000000889b0790}: org/gradle/api/DefaultTask_DecoratedBeanInfo> (0x00000000889b0790) 
thrown [s\src\hotspot\share\classfile\systemDictionary.cpp, line 256]
Event: 24.411 Thread 0x0000026151266d50 Exception <a 'java/lang/ClassNotFoundException'{0x00000000889ba8f8}: org/gradle/api/DefaultTaskBeanInfo> (0x00000000889ba8f8) 
thrown [s\src\hotspot\share\classfile\systemDictionary.cpp, line 256]
Event: 24.411 Thread 0x0000026151266d50 Exception <a 'java/lang/ClassNotFoundException'{0x00000000889c51e8}: org/gradle/api/internal/AbstractTaskBeanInfo> (0x00000000889c51e8) 
thrown [s\src\hotspot\share\classfile\systemDictionary.cpp, line 256]
Event: 24.412 Thread 0x0000026151266d50 Exception <a 'java/lang/ClassNotFoundException'{0x00000000889cf558}: org/gradle/api/internal/AbstractTaskCustomizer> (0x00000000889cf558) 
thrown [s\src\hotspot\share\classfile\systemDictionary.cpp, line 256]
Event: 24.415 Thread 0x0000026151266d50 Exception <a 'java/lang/ClassNotFoundException'{0x000000008882a720}: org/gradle/api/DefaultTaskCustomizer> (0x000000008882a720) 
thrown [s\src\hotspot\share\classfile\systemDictionary.cpp, line 256]
Event: 24.418 Thread 0x0000026151266d50 Exception <a 'java/lang/ClassNotFoundException'{0x000000008888ec10}: org/gradle/api/DefaultTask_DecoratedCustomizer> (0x000000008888ec10) 
thrown [s\src\hotspot\share\classfile\systemDictionary.cpp, line 256]
Event: 24.421 Thread 0x0000026151266d50 Exception <a 'java/lang/ClassNotFoundException'{0x00000000888d5648}: org/gradle/api/tasks/testing/AbstractTestTaskBeanInfo> (0x00000000888d5648) 
thrown [s\src\hotspot\share\classfile\systemDictionary.cpp, line 256]
Event: 24.422 Thread 0x0000026151266d50 Exception <a 'java/lang/ClassNotFoundException'{0x00000000888df9e8}: org/gradle/api/internal/ConventionTaskBeanInfo> (0x00000000888df9e8) 
thrown [s\src\hotspot\share\classfile\systemDictionary.cpp, line 256]
Event: 24.422 Thread 0x0000026151266d50 Exception <a 'java/lang/ClassNotFoundException'{0x00000000888e9d98}: org/gradle/api/internal/ConventionTaskCustomizer> (0x00000000888e9d98) 
thrown [s\src\hotspot\share\classfile\systemDictionary.cpp, line 256]
Event: 24.424 Thread 0x0000026151266d50 Exception <a 'java/lang/ClassNotFoundException'{0x0000000088706e68}: org/gradle/api/tasks/testing/AbstractTestTaskCustomizer> (0x0000000088706e68) 
thrown [s\src\hotspot\share\classfile\systemDictionary.cpp, line 256]
Event: 24.526 Thread 0x0000026151266880 Exception <a 'java/lang/NoSuchMethodError'{0x00000000884daca8}: static Lorg/gradle/internal/build/event/types/DefaultTaskStartedProgressEvent;.<clinit>()V> (0x00000000884daca8) 
thrown [s\src\hotspot\share\prims\jni.cpp, line 1108]
Event: 24.526 Thread 0x0000026151266880 Exception <a 'java/lang/NoSuchMethodError'{0x00000000884dc950}: static Lorg/gradle/internal/build/event/types/AbstractProgressEvent;.<clinit>()V> (0x00000000884dc950) 
thrown [s\src\hotspot\share\prims\jni.cpp, line 1108]
Event: 24.528 Thread 0x0000026151266880 Exception <a 'java/lang/NoSuchMethodError'{0x00000000884e8f28}: static Lorg/gradle/internal/build/event/types/DefaultTaskDescriptor;.<clinit>()V> (0x00000000884e8f28) 
thrown [s\src\hotspot\share\prims\jni.cpp, line 1108]
Event: 24.530 Thread 0x0000026151266880 Exception <a 'java/lang/NoSuchMethodError'{0x00000000884f5978}: static Lorg/gradle/internal/operations/OperationIdentifier;.<clinit>()V> (0x00000000884f5978) 
thrown [s\src\hotspot\share\prims\jni.cpp, line 1108]
Event: 24.546 Thread 0x0000026151266880 Exception <a 'java/lang/NoSuchMethodError'{0x000000008b500238}: static Lorg/gradle/internal/build/event/types/DefaultTaskFinishedProgressEvent;.<clinit>()V> (0x000000008b500238) 
thrown [s\src\hotspot\share\prims\jni.cpp, line 1108]
Event: 24.551 Thread 0x0000026151266880 Exception <a 'java/lang/NoSuchMethodError'{0x000000008b55fc98}: static Lorg/gradle/internal/build/event/types/DefaultTaskSuccessResult;.<clinit>()V> (0x000000008b55fc98) 
thrown [s\src\hotspot\share\prims\jni.cpp, line 1108]
Event: 24.552 Thread 0x0000026151266880 Exception <a 'java/lang/NoSuchMethodError'{0x000000008b5613a0}: static Lorg/gradle/internal/build/event/types/AbstractTaskResult;.<clinit>()V> (0x000000008b5613a0) 
thrown [s\src\hotspot\share\prims\jni.cpp, line 1108]
Event: 24.552 Thread 0x0000026151266880 Exception <a 'java/lang/NoSuchMethodError'{0x000000008b563198}: static Lorg/gradle/internal/build/event/types/AbstractResult;.<clinit>()V> (0x000000008b563198) 
thrown [s\src\hotspot\share\prims\jni.cpp, line 1108]

VM Operations (20 events):
Event: 22.839 Executing VM operation: G1CollectForAllocation
Event: 22.853 Executing VM operation: G1CollectForAllocation done
Event: 22.909 Executing VM operation: G1CollectForAllocation
Event: 22.924 Executing VM operation: G1CollectForAllocation done
Event: 23.783 Executing VM operation: HandshakeAllThreads
Event: 23.783 Executing VM operation: HandshakeAllThreads done
Event: 23.807 Executing VM operation: ICBufferFull
Event: 23.808 Executing VM operation: ICBufferFull done
Event: 24.502 Executing VM operation: HandshakeAllThreads
Event: 24.502 Executing VM operation: HandshakeAllThreads done
Event: 24.502 Executing VM operation: HandshakeAllThreads
Event: 24.502 Executing VM operation: HandshakeAllThreads done
Event: 24.504 Executing VM operation: HandshakeAllThreads
Event: 24.504 Executing VM operation: HandshakeAllThreads done
Event: 24.522 Executing VM operation: HandshakeAllThreads
Event: 24.522 Executing VM operation: HandshakeAllThreads done
Event: 24.529 Executing VM operation: HandshakeAllThreads
Event: 24.529 Executing VM operation: HandshakeAllThreads done
Event: 24.533 Executing VM operation: G1CollectForAllocation
Event: 24.545 Executing VM operation: G1CollectForAllocation done

Events (20 events):
Event: 24.381 loading class java/util/IdentityHashMap$KeyIterator
Event: 24.381 loading class java/util/IdentityHashMap$IdentityHashMapIterator
Event: 24.381 loading class java/util/IdentityHashMap$IdentityHashMapIterator done
Event: 24.381 loading class java/util/IdentityHashMap$KeyIterator done
Event: 24.452 Thread 0x0000026153820670 Thread added: 0x0000026153820670
Event: 24.461 Thread 0x0000026153823b60 Thread added: 0x0000026153823b60
Event: 24.461 Thread 0x0000026153827520 Thread added: 0x0000026153827520
Event: 24.462 Thread 0x0000026153825840 Thread added: 0x0000026153825840
Event: 24.487 Thread 0x0000026153824030 Thread added: 0x0000026153824030
Event: 24.512 Thread 0x0000026150068510 flushing nmethod 0x0000026139363790
Event: 24.513 Thread 0x0000026150068510 flushing nmethod 0x000002613941d090
Event: 24.514 Thread 0x0000026150068510 flushing nmethod 0x0000026139429710
Event: 24.515 loading class java/util/TreeMap$KeySpliterator
Event: 24.516 loading class java/util/TreeMap$TreeMapSpliterator
Event: 24.516 loading class java/util/TreeMap$TreeMapSpliterator done
Event: 24.516 loading class java/util/TreeMap$KeySpliterator done
Event: 24.520 Thread 0x0000026150068510 flushing nmethod 0x00000261399b3390
Event: 24.549 loading class java/util/concurrent/ConcurrentLinkedQueue$Itr
Event: 24.549 loading class java/util/concurrent/ConcurrentLinkedQueue$Itr done
Event: 24.636 Thread 0x00000261538261e0 Thread added: 0x00000261538261e0


Dynamic libraries:
0x00007ff7d99d0000 - 0x00007ff7d99da000 	C:\Program Files\Android\Android Studio\jbr\bin\java.exe
0x00007ff8b72f0000 - 0x00007ff8b74e8000 	C:\Windows\SYSTEM32\ntdll.dll
0x00007ff8b68d0000 - 0x00007ff8b698d000 	C:\Windows\System32\KERNEL32.DLL
0x00007ff8b4fb0000 - 0x00007ff8b52a6000 	C:\Windows\System32\KERNELBASE.dll
0x00007ff84a8d0000 - 0x00007ff84a8e7000 	C:\Program Files\Android\Android Studio\jbr\bin\jli.dll
0x00007ff8b64b0000 - 0x00007ff8b664e000 	C:\Windows\System32\USER32.dll
0x00007ff8b4b30000 - 0x00007ff8b4b52000 	C:\Windows\System32\win32u.dll
0x00007ff8a7b90000 - 0x00007ff8a7bab000 	C:\Program Files\Android\Android Studio\jbr\bin\VCRUNTIME140.dll
0x00007ff8b6cf0000 - 0x00007ff8b6d1c000 	C:\Windows\System32\GDI32.dll
0x00007ff8b4d80000 - 0x00007ff8b4e80000 	C:\Windows\System32\ucrtbase.dll
0x00007ff8b4c60000 - 0x00007ff8b4d7a000 	C:\Windows\System32\gdi32full.dll
0x00007ff8b4e80000 - 0x00007ff8b4f1d000 	C:\Windows\System32\msvcp_win.dll
0x00007ff8a7eb0000 - 0x00007ff8a814a000 	C:\Windows\WinSxS\amd64_microsoft.windows.common-controls_6595b64144ccf1df_6.0.19041.3636_none_60b6a03d71f818d5\COMCTL32.dll
0x00007ff8b6fb0000 - 0x00007ff8b704e000 	C:\Windows\System32\msvcrt.dll
0x00007ff8b5fa0000 - 0x00007ff8b5fd0000 	C:\Windows\System32\IMM32.DLL
0x00007ff8b0570000 - 0x00007ff8b057c000 	C:\Program Files\Android\Android Studio\jbr\bin\vcruntime140_1.dll
0x00007ff8a44b0000 - 0x00007ff8a453d000 	C:\Program Files\Android\Android Studio\jbr\bin\msvcp140.dll
0x00007ff84b2e0000 - 0x00007ff84bf4e000 	C:\Program Files\Android\Android Studio\jbr\bin\server\jvm.dll
0x00007ff8b6e30000 - 0x00007ff8b6edf000 	C:\Windows\System32\ADVAPI32.dll
0x00007ff8b5f00000 - 0x00007ff8b5f9c000 	C:\Windows\System32\sechost.dll
0x00007ff8b5350000 - 0x00007ff8b5476000 	C:\Windows\System32\RPCRT4.dll
0x00007ff8593e0000 - 0x00007ff8593e9000 	C:\Windows\SYSTEM32\WSOCK32.dll
0x00007ff8acee0000 - 0x00007ff8acf07000 	C:\Windows\SYSTEM32\WINMM.dll
0x00007ff8a4690000 - 0x00007ff8a469a000 	C:\Windows\SYSTEM32\VERSION.dll
0x00007ff8b6440000 - 0x00007ff8b64ab000 	C:\Windows\System32\WS2_32.dll
0x00007ff8b2890000 - 0x00007ff8b28a2000 	C:\Windows\SYSTEM32\kernel.appcore.dll
0x00007ff858ed0000 - 0x00007ff858eda000 	C:\Program Files\Android\Android Studio\jbr\bin\jimage.dll
0x00007ff8a0ba0000 - 0x00007ff8a0d84000 	C:\Windows\SYSTEM32\DBGHELP.DLL
0x00007ff8a36c0000 - 0x00007ff8a36f4000 	C:\Windows\SYSTEM32\dbgcore.DLL
0x00007ff8b4f20000 - 0x00007ff8b4fa2000 	C:\Windows\System32\bcryptPrimitives.dll
0x00007ff856880000 - 0x00007ff8568a5000 	C:\Program Files\Android\Android Studio\jbr\bin\java.dll
0x00007ff856860000 - 0x00007ff856878000 	C:\Program Files\Android\Android Studio\jbr\bin\zip.dll
0x00007ff8b5560000 - 0x00007ff8b5ca4000 	C:\Windows\System32\SHELL32.dll
0x00007ff8b2a90000 - 0x00007ff8b322b000 	C:\Windows\SYSTEM32\windows.storage.dll
0x00007ff8b6990000 - 0x00007ff8b6ce4000 	C:\Windows\System32\combase.dll
0x00007ff8b4410000 - 0x00007ff8b443d000 	C:\Windows\SYSTEM32\Wldp.dll
0x00007ff8b6730000 - 0x00007ff8b67dd000 	C:\Windows\System32\SHCORE.dll
0x00007ff8b54a0000 - 0x00007ff8b54f5000 	C:\Windows\System32\shlwapi.dll
0x00007ff8b4900000 - 0x00007ff8b4925000 	C:\Windows\SYSTEM32\profapi.dll
0x00007ff84aee0000 - 0x00007ff84aef9000 	C:\Program Files\Android\Android Studio\jbr\bin\net.dll
0x00007ff8ad6f0000 - 0x00007ff8ad7fa000 	C:\Windows\SYSTEM32\WINHTTP.dll
0x00007ff8b4100000 - 0x00007ff8b416a000 	C:\Windows\system32\mswsock.dll
0x00007ff84aec0000 - 0x00007ff84aed6000 	C:\Program Files\Android\Android Studio\jbr\bin\nio.dll
0x00007ff84aac0000 - 0x00007ff84aad0000 	C:\Program Files\Android\Android Studio\jbr\bin\verify.dll
0x00007ff8a71c0000 - 0x00007ff8a71e7000 	C:\Users\CHEBICHEB KHEIREDDIN\.gradle\native\e1d6ef7f7dcc3fd88c89a11ec53ec762bb8ba0a96d01ffa2cd45eb1d1d8dd5c5\windows-amd64\native-platform.dll
0x00007ff8a0f10000 - 0x00007ff8a1054000 	C:\Users\CHEBICHEB KHEIREDDIN\.gradle\native\0d407fdbe67a94daf76414ababcb853783967236a71b16ec16e742cd7a986fd3\windows-amd64\native-platform-file-events.dll
0x00007ff84aa70000 - 0x00007ff84aa79000 	C:\Program Files\Android\Android Studio\jbr\bin\management.dll
0x00007ff84aa60000 - 0x00007ff84aa6b000 	C:\Program Files\Android\Android Studio\jbr\bin\management_ext.dll
0x00007ff8b5480000 - 0x00007ff8b5488000 	C:\Windows\System32\PSAPI.DLL
0x00007ff8b4370000 - 0x00007ff8b4388000 	C:\Windows\SYSTEM32\CRYPTSP.dll
0x00007ff8b39d0000 - 0x00007ff8b3a04000 	C:\Windows\system32\rsaenh.dll
0x00007ff8b52b0000 - 0x00007ff8b52d7000 	C:\Windows\System32\bcrypt.dll
0x00007ff8b48c0000 - 0x00007ff8b48ee000 	C:\Windows\SYSTEM32\USERENV.dll
0x00007ff8b4360000 - 0x00007ff8b436c000 	C:\Windows\SYSTEM32\CRYPTBASE.dll
0x00007ff8b3df0000 - 0x00007ff8b3e2b000 	C:\Windows\SYSTEM32\IPHLPAPI.DLL
0x00007ff8b5490000 - 0x00007ff8b5498000 	C:\Windows\System32\NSI.dll
0x00007ff8ae6c0000 - 0x00007ff8ae6d7000 	C:\Windows\SYSTEM32\dhcpcsvc6.DLL
0x00007ff8ae660000 - 0x00007ff8ae67d000 	C:\Windows\SYSTEM32\dhcpcsvc.DLL
0x00007ff8b3e30000 - 0x00007ff8b3efa000 	C:\Windows\SYSTEM32\DNSAPI.dll
0x00007ff896420000 - 0x00007ff896427000 	C:\Windows\system32\wshunix.dll

dbghelp: loaded successfully - version: 4.0.5 - missing functions: none
symbol engine: initialized successfully - sym options: 0x614 - pdb path: .;C:\Program Files\Android\Android Studio\jbr\bin;C:\Windows\SYSTEM32;C:\Windows\WinSxS\amd64_microsoft.windows.common-controls_6595b64144ccf1df_6.0.19041.3636_none_60b6a03d71f818d5;C:\Program Files\Android\Android Studio\jbr\bin\server;C:\Users\CHEBICHEB KHEIREDDIN\.gradle\native\e1d6ef7f7dcc3fd88c89a11ec53ec762bb8ba0a96d01ffa2cd45eb1d1d8dd5c5\windows-amd64;C:\Users\CHEBICHEB KHEIREDDIN\.gradle\native\0d407fdbe67a94daf76414ababcb853783967236a71b16ec16e742cd7a986fd3\windows-amd64

VM Arguments:
jvm_args: --add-opens=java.base/java.util=ALL-UNNAMED --add-opens=java.base/java.lang=ALL-UNNAMED --add-opens=java.base/java.lang.invoke=ALL-UNNAMED --add-opens=java.base/java.util=ALL-UNNAMED --add-opens=java.prefs/java.util.prefs=ALL-UNNAMED --add-opens=java.prefs/java.util.prefs=ALL-UNNAMED --add-opens=java.base/java.nio.charset=ALL-UNNAMED --add-opens=java.base/java.net=ALL-UNNAMED --add-opens=java.base/java.util.concurrent.atomic=ALL-UNNAMED -Xmx2048m -Dfile.encoding=UTF-8 -Duser.country=US -Duser.language=en -Duser.variant 
java_command: org.gradle.launcher.daemon.bootstrap.GradleDaemon 7.5
java_class_path (initial): C:\Users\CHEBICHEB KHEIREDDIN\.gradle\wrapper\dists\gradle-7.5-bin\f1w0cc9nuo0eivz97x2xlu9sv\gradle-7.5\lib\gradle-launcher-7.5.jar
Launcher Type: SUN_STANDARD

[Global flags]
     intx CICompilerCount                          = 3                                         {product} {ergonomic}
     uint ConcGCThreads                            = 1                                         {product} {ergonomic}
     uint G1ConcRefinementThreads                  = 4                                         {product} {ergonomic}
   size_t G1HeapRegionSize                         = 1048576                                   {product} {ergonomic}
    uintx GCDrainStackTargetSize                   = 64                                        {product} {ergonomic}
   size_t InitialHeapSize                          = 132120576                                 {product} {ergonomic}
   size_t MarkStackSize                            = 4194304                                   {product} {ergonomic}
   size_t MaxHeapSize                              = 2147483648                                {product} {command line}
   size_t MaxNewSize                               = 1287651328                                {product} {ergonomic}
   size_t MinHeapDeltaBytes                        = 1048576                                   {product} {ergonomic}
   size_t MinHeapSize                              = 8388608                                   {product} {ergonomic}
    uintx NonNMethodCodeHeapSize                   = 5832780                                {pd product} {ergonomic}
    uintx NonProfiledCodeHeapSize                  = 122912730                              {pd product} {ergonomic}
    uintx ProfiledCodeHeapSize                     = 122912730                              {pd product} {ergonomic}
    uintx ReservedCodeCacheSize                    = 251658240                              {pd product} {ergonomic}
     bool SegmentedCodeCache                       = true                                      {product} {ergonomic}
   size_t SoftMaxHeapSize                          = 2147483648                             {manageable} {ergonomic}
     bool UseCompressedClassPointers               = true                           {product lp64_product} {ergonomic}
     bool UseCompressedOops                        = true                           {product lp64_product} {ergonomic}
     bool UseG1GC                                  = true                                      {product} {ergonomic}
     bool UseLargePagesIndividualAllocation        = false                                  {pd product} {ergonomic}

Logging:
Log output configuration:
 #0: stdout all=warning uptime,level,tags
 #1: stderr all=off uptime,level,tags

Environment Variables:
CLASSPATH=C:\oracle\product\10.2.0\db_1\jdbc\lib
PATH=C:\Program Files (x86)\VMware\VMware Workstation\bin\;C:\Program Files (x86)\Common Files\Oracle\Java\javapath;C:\Program Files\Common Files\Oracle\Java\javapath;C:\Windows\system32;C:\Windows;C:\Windows\System32\Wbem;C:\Windows\System32\WindowsPowerShell\v1.0\;C:\Windows\System32\OpenSSH\;C:\OCaml64\home\YCF\.opam\4.14.0+mingw64c\bin;C:\instantclient-basic\instantclient_12_1;C:\OCaml64\home\YCF\.opam\4.14.0+mingw64c\bin;C:\Program Files\Java\jdk-15.0.1\bin\javaw.exe;C:\OCaml64\usr\local\bin\opam.exe;C:\Program Files\Java\jdk1.8.0_351\bin;C:\Program Files\TortoiseGit\bin;C:\Program Files\Git\cmd;C:\Users\CHEBICHEB KHEIREDDIN\AppData\Local\Programs\Python\Python312\Scripts\;C:\Users\CHEBICHEB KHEIREDDIN\AppData\Local\Programs\Python\Python312\;C:\Users\CHEBICHEB KHEIREDDIN\AppData\Local\Programs\Python\Python310\Scripts\;C:\Users\CHEBICHEB KHEIREDDIN\AppData\Local\Programs\Python\Python310\;C:\Users\CHEBICHEB KHEIREDDIN\AppData\Local\Microsoft\WindowsApps;C:\OCaml64\home\YCF\.opam\4.14.0+mingw64c\bin;C:\Users\CHEBICHEB KHEIREDDIN\AppData\Local\Programs\Microsoft VS Code\bin;C:\OCaml64\home\CHEBICHEBKHEIREDDIN\.opam\4.14.0+mingw64c\bin;C:\Program Files\Java\jdk1.8.0_351\bin;;C:\Program Files\JetBrains\IntelliJ IDEA 2021.3\bin;
USERNAME=CHEBICHEB KHEIREDDIN
OS=Windows_NT
PROCESSOR_IDENTIFIER=Intel64 Family 6 Model 37 Stepping 5, GenuineIntel
TMP=C:\Users\CHEBIC~1\AppData\Local\Temp
TEMP=C:\Users\CHEBIC~1\AppData\Local\Temp


JNI global refs:
JNI global refs: 23, weak refs: 0

JNI global refs memory usage: 843, weak refs: 841


---------------  S Y S T E M  ---------------

OS:
 Windows 10 , 64 bit Build 19041 (10.0.19041.3636)
OS uptime: 0 days 1:04 hours

CPU: total 4 (initial active 4) (2 cores per cpu, 2 threads per core) family 6 model 37 stepping 5 microcode 0x7, cx8, cmov, fxsr, ht, mmx, sse, sse2, sse3, ssse3, sse4.1, sse4.2, popcnt, tsc, tscinvbit, aes, clmul, clflush

Memory: 4k page, system-wide physical 7983M (241M free)
TotalPageFile size 11480M (AvailPageFile size 6M)
current process WorkingSet (physical memory assigned to process): 406M, peak: 406M
current process commit charge ("private bytes"): 436M, peak: 437M

vm_info: OpenJDK 64-Bit Server VM (17.0.6+0-b2043.56-10027231) for windows-amd64 JRE (17.0.6+0-b2043.56-10027231), built on Apr 28 2023 00:43:19 by "androidbuild" with MS VC++ 16.10 / 16.11 (VS2019)

END.
