#
# There is insufficient memory for the Java Runtime Environment to continue.
# Native memory allocation (malloc) failed to allocate 1236976 bytes for Chunk::new
# Possible reasons:
#   The system is out of physical RAM or swap space
#   The process is running with CompressedOops enabled, and the Java Heap may be blocking the growth of the native heap
# Possible solutions:
#   Reduce memory load on the system
#   Increase physical memory or swap space
#   Check if swap backing store is full
#   Decrease Java heap size (-Xmx/-Xms)
#   Decrease number of Java threads
#   Decrease Java thread stack sizes (-Xss)
#   Set larger code cache with -XX:ReservedCodeCacheSize=
#   JVM is running with Unscaled Compressed Oops mode in which the Java heap is
#     placed in the first 4GB address space. The Java Heap base address is the
#     maximum limit for the native heap growth. Please use -XX:HeapBaseMinAddress
#     to set the Java Heap base and to place the Java Heap above 4GB virtual address.
# This output file may be truncated or incomplete.
#
#  Out of Memory Error (arena.cpp:189), pid=3132, tid=8372
#
# JRE version: OpenJDK Runtime Environment (17.0.6) (build 17.0.6+0-b2043.56-10027231)
# Java VM: OpenJDK 64-Bit Server VM (17.0.6+0-b2043.56-10027231, mixed mode, tiered, compressed oops, compressed class ptrs, g1 gc, windows-amd64)
# No core dump will be written. Minidumps are not enabled by default on client versions of Windows
#

---------------  S U M M A R Y ------------

Command Line: --add-opens=java.base/java.util=ALL-UNNAMED --add-opens=java.base/java.lang=ALL-UNNAMED --add-opens=java.base/java.lang.invoke=ALL-UNNAMED --add-opens=java.base/java.util=ALL-UNNAMED --add-opens=java.prefs/java.util.prefs=ALL-UNNAMED --add-opens=java.prefs/java.util.prefs=ALL-UNNAMED --add-opens=java.base/java.nio.charset=ALL-UNNAMED --add-opens=java.base/java.net=ALL-UNNAMED --add-opens=java.base/java.util.concurrent.atomic=ALL-UNNAMED -Xmx2048m -Dfile.encoding=UTF-8 -Duser.country=US -Duser.language=en -Duser.variant org.gradle.launcher.daemon.bootstrap.GradleDaemon 7.5

Host: Intel(R) Core(TM) i5 CPU       M 520  @ 2.40GHz, 4 cores, 7G,  Windows 10 , 64 bit Build 19041 (10.0.19041.3636)
Time: Tue Dec 12 02:26:36 2023 W. Europe Standard Time elapsed time: 35.052155 seconds (0d 0h 0m 35s)

---------------  T H R E A D  ---------------

Current thread (0x0000015f6a014620):  JavaThread "C2 CompilerThread0" daemon [_thread_in_native, id=8372, stack(0x0000001b33800000,0x0000001b33900000)]


Current CompileTask:
C2:  35052 12056       4       com.google.common.collect.ImmutableSortedMap$Builder::build (87 bytes)

Stack: [0x0000001b33800000,0x0000001b33900000]
Native frames: (J=compiled Java code, j=interpreted, Vv=VM code, C=native code)
V  [jvm.dll+0x683c9a]
V  [jvm.dll+0x8427a4]
V  [jvm.dll+0x843f9e]
V  [jvm.dll+0x844603]
V  [jvm.dll+0x249b75]
V  [jvm.dll+0xabcac]
V  [jvm.dll+0xac27c]
V  [jvm.dll+0x368802]
V  [jvm.dll+0x332f31]
V  [jvm.dll+0x3323da]
V  [jvm.dll+0x21c201]
V  [jvm.dll+0x21b621]
V  [jvm.dll+0x1a4fdd]
V  [jvm.dll+0x22b098]
V  [jvm.dll+0x229159]
V  [jvm.dll+0x7f81ec]
V  [jvm.dll+0x7f274a]
V  [jvm.dll+0x682ad5]
C  [ucrtbase.dll+0x21bb2]
C  [KERNEL32.DLL+0x17344]
C  [ntdll.dll+0x526b1]


---------------  P R O C E S S  ---------------

Threads class SMR info:
_java_thread_list=0x0000015f7302f190, length=88, elements={
0x0000015f4e0ea6b0, 0x0000015f695dfdb0, 0x0000015f695e12d0, 0x0000015f695ff3c0,
0x0000015f696275f0, 0x0000015f6962bb90, 0x0000015f6962b1f0, 0x0000015f6a014620,
0x0000015f6a0176d0, 0x0000015f6a02c770, 0x0000015f6962a380, 0x0000015f6962ad20,
0x0000015f6962b6c0, 0x0000015f696286a0, 0x0000015f69628b70, 0x0000015f6962a850,
0x0000015f69629040, 0x0000015f696299e0, 0x0000015f69629eb0, 0x0000015f6c5a9450,
0x0000015f6c5a72a0, 0x0000015f6c5ae150, 0x0000015f6c5ab600, 0x0000015f6c5aeaf0,
0x0000015f6c5abad0, 0x0000015f6c5ac940, 0x0000015f6c5abfa0, 0x0000015f6c5a9920,
0x0000015f6c5aa2c0, 0x0000015f6c5a85e0, 0x0000015f6c5ac470, 0x0000015f6c5ad2e0,
0x0000015f6c5ace10, 0x0000015f6c5a7770, 0x0000015f6c5adc80, 0x0000015f6c5aa790,
0x0000015f6c5a7c40, 0x0000015f6c5a8f80, 0x0000015f6c5a9df0, 0x0000015f6aff1920,
0x0000015f6aff0110, 0x0000015f6aff3600, 0x0000015f6afed5c0, 0x0000015f6afeda90,
0x0000015f6aff05e0, 0x0000015f6aff1450, 0x0000015f6aff2790, 0x0000015f6afedf60,
0x0000015f6aff1df0, 0x0000015f6afed0f0, 0x0000015f6aff22c0, 0x0000015f6aff4470,
0x0000015f6aff2c60, 0x0000015f6aff0ab0, 0x0000015f6aff3ad0, 0x0000015f6afecc20,
0x0000015f6afee430, 0x0000015f6afef2a0, 0x0000015f6afef770, 0x0000015f6aff3fa0,
0x0000015f6afee900, 0x0000015f6aff0f80, 0x0000015f6afeedd0, 0x0000015f6afefc40,
0x0000015f6cbcb460, 0x0000015f6cbcb930, 0x0000015f6cbd1970, 0x0000015f6cbca5f0,
0x0000015f6cbcd610, 0x0000015f6cbcc2d0, 0x0000015f6cbcbe00, 0x0000015f6cbca120,
0x0000015f6cbcc7a0, 0x0000015f6cbcdfb0, 0x0000015f6cbccc70, 0x0000015f6cbcd140,
0x0000015f6cbce480, 0x0000015f6cbce950, 0x0000015f6cbd0fd0, 0x0000015f6cbcdae0,
0x0000015f6cbcfc90, 0x0000015f6cbd14a0, 0x0000015f6cbd0630, 0x0000015f6cbcaac0,
0x0000015f6cbd0b00, 0x0000015f6962c060, 0x0000015f6af1aac0, 0x0000015f6af20160
}
_to_delete_list=0x0000015f6cefaa30, length=87, elements={
0x0000015f4e0ea6b0, 0x0000015f695dfdb0, 0x0000015f695e12d0, 0x0000015f695ff3c0,
0x0000015f696275f0, 0x0000015f6962bb90, 0x0000015f6962b1f0, 0x0000015f6a014620,
0x0000015f6a0176d0, 0x0000015f6a02c770, 0x0000015f6962a380, 0x0000015f6962ad20,
0x0000015f6962b6c0, 0x0000015f696286a0, 0x0000015f69628b70, 0x0000015f6962a850,
0x0000015f69629040, 0x0000015f696299e0, 0x0000015f69629eb0, 0x0000015f6c5a9450,
0x0000015f6c5a72a0, 0x0000015f6c5ae150, 0x0000015f6c5ab600, 0x0000015f6c5aeaf0,
0x0000015f6c5abad0, 0x0000015f6c5ac940, 0x0000015f6c5abfa0, 0x0000015f6c5a9920,
0x0000015f6c5aa2c0, 0x0000015f6c5a85e0, 0x0000015f6c5ac470, 0x0000015f6c5ad2e0,
0x0000015f6c5ace10, 0x0000015f6c5a7770, 0x0000015f6c5adc80, 0x0000015f6c5aa790,
0x0000015f6c5a7c40, 0x0000015f6c5a8f80, 0x0000015f6c5a9df0, 0x0000015f6aff1920,
0x0000015f6aff0110, 0x0000015f6aff3600, 0x0000015f6afed5c0, 0x0000015f6afeda90,
0x0000015f6aff05e0, 0x0000015f6aff1450, 0x0000015f6aff2790, 0x0000015f6afedf60,
0x0000015f6aff1df0, 0x0000015f6afed0f0, 0x0000015f6aff22c0, 0x0000015f6aff4470,
0x0000015f6aff2c60, 0x0000015f6aff0ab0, 0x0000015f6aff3ad0, 0x0000015f6afecc20,
0x0000015f6afee430, 0x0000015f6afef2a0, 0x0000015f6afef770, 0x0000015f6aff3fa0,
0x0000015f6afee900, 0x0000015f6aff0f80, 0x0000015f6afeedd0, 0x0000015f6afefc40,
0x0000015f6cbcb460, 0x0000015f6cbcb930, 0x0000015f6cbd1970, 0x0000015f6cbca5f0,
0x0000015f6cbcd610, 0x0000015f6cbcc2d0, 0x0000015f6cbcbe00, 0x0000015f6cbca120,
0x0000015f6cbcc7a0, 0x0000015f6cbcdfb0, 0x0000015f6cbccc70, 0x0000015f6cbcd140,
0x0000015f6cbce480, 0x0000015f6cbce950, 0x0000015f6cbd0fd0, 0x0000015f6cbcdae0,
0x0000015f6cbcfc90, 0x0000015f6cbd14a0, 0x0000015f6cbd0630, 0x0000015f6cbcaac0,
0x0000015f6cbd0b00, 0x0000015f6962c060, 0x0000015f6af1aac0
}

Java Threads: ( => current thread )
  0x0000015f4e0ea6b0 JavaThread "main" [_thread_blocked, id=7028, stack(0x0000001b32b00000,0x0000001b32c00000)]
  0x0000015f695dfdb0 JavaThread "Reference Handler" daemon [_thread_blocked, id=8232, stack(0x0000001b33200000,0x0000001b33300000)]
  0x0000015f695e12d0 JavaThread "Finalizer" daemon [_thread_blocked, id=3412, stack(0x0000001b33300000,0x0000001b33400000)]
  0x0000015f695ff3c0 JavaThread "Signal Dispatcher" daemon [_thread_blocked, id=7112, stack(0x0000001b33400000,0x0000001b33500000)]
  0x0000015f696275f0 JavaThread "Attach Listener" daemon [_thread_blocked, id=4008, stack(0x0000001b33500000,0x0000001b33600000)]
  0x0000015f6962bb90 JavaThread "Service Thread" daemon [_thread_blocked, id=11392, stack(0x0000001b33600000,0x0000001b33700000)]
  0x0000015f6962b1f0 JavaThread "Monitor Deflation Thread" daemon [_thread_blocked, id=3720, stack(0x0000001b33700000,0x0000001b33800000)]
=>0x0000015f6a014620 JavaThread "C2 CompilerThread0" daemon [_thread_in_native, id=8372, stack(0x0000001b33800000,0x0000001b33900000)]
  0x0000015f6a0176d0 JavaThread "C1 CompilerThread0" daemon [_thread_blocked, id=1704, stack(0x0000001b33900000,0x0000001b33a00000)]
  0x0000015f6a02c770 JavaThread "Sweeper thread" daemon [_thread_blocked, id=5196, stack(0x0000001b33a00000,0x0000001b33b00000)]
  0x0000015f6962a380 JavaThread "Common-Cleaner" daemon [_thread_blocked, id=5368, stack(0x0000001b33b00000,0x0000001b33c00000)]
  0x0000015f6962ad20 JavaThread "Notification Thread" daemon [_thread_blocked, id=8548, stack(0x0000001b33c00000,0x0000001b33d00000)]
  0x0000015f6962b6c0 JavaThread "Daemon health stats" [_thread_blocked, id=10176, stack(0x0000001b34100000,0x0000001b34200000)]
  0x0000015f696286a0 JavaThread "Incoming local TCP Connector on port 50869" [_thread_in_native, id=3128, stack(0x0000001b34200000,0x0000001b34300000)]
  0x0000015f69628b70 JavaThread "Daemon periodic checks" [_thread_blocked, id=12048, stack(0x0000001b34300000,0x0000001b34400000)]
  0x0000015f6962a850 JavaThread "Daemon" [_thread_blocked, id=11388, stack(0x0000001b34400000,0x0000001b34500000)]
  0x0000015f69629040 JavaThread "Handler for socket connection from /127.0.0.1:50869 to /127.0.0.1:50870" [_thread_in_native, id=6472, stack(0x0000001b34500000,0x0000001b34600000)]
  0x0000015f696299e0 JavaThread "Cancel handler" [_thread_blocked, id=10088, stack(0x0000001b34600000,0x0000001b34700000)]
  0x0000015f69629eb0 JavaThread "Daemon worker" [_thread_blocked, id=10608, stack(0x0000001b34700000,0x0000001b34800000)]
  0x0000015f6c5a9450 JavaThread "Asynchronous log dispatcher for DefaultDaemonConnection: socket connection from /127.0.0.1:50869 to /127.0.0.1:50870" [_thread_blocked, id=8784, stack(0x0000001b34800000,0x0000001b34900000)]
  0x0000015f6c5a72a0 JavaThread "Stdin handler" [_thread_blocked, id=1932, stack(0x0000001b34900000,0x0000001b34a00000)]
  0x0000015f6c5ae150 JavaThread "Daemon client event forwarder" [_thread_blocked, id=1248, stack(0x0000001b34a00000,0x0000001b34b00000)]
  0x0000015f6c5ab600 JavaThread "Cache worker for journal cache (C:\Users\CHEBICHEB KHEIREDDIN\.gradle\caches\journal-1)" [_thread_blocked, id=6324, stack(0x0000001b34b00000,0x0000001b34c00000)]
  0x0000015f6c5aeaf0 JavaThread "File lock request listener" [_thread_in_native, id=4336, stack(0x0000001b34c00000,0x0000001b34d00000)]
  0x0000015f6c5abad0 JavaThread "Cache worker for file hash cache (C:\Users\CHEBICHEB KHEIREDDIN\.gradle\caches\7.5\fileHashes)" [_thread_blocked, id=2756, stack(0x0000001b34d00000,0x0000001b34e00000)]
  0x0000015f6c5ac940 JavaThread "File watcher server" daemon [_thread_in_native, id=12116, stack(0x0000001b34e00000,0x0000001b34f00000)]
  0x0000015f6c5abfa0 JavaThread "File watcher consumer" daemon [_thread_blocked, id=6604, stack(0x0000001b34f00000,0x0000001b35000000)]
  0x0000015f6c5a9920 JavaThread "Cache worker for checksums cache (C:\Users\CHEBICHEB KHEIREDDIN\Desktop\GL2 S1 cour et td\Dev Mobile App\Practice6A-NavigationDrawer\.gradle\7.5\checksums)" [_thread_blocked, id=10116, stack(0x0000001b35000000,0x0000001b35100000)]
  0x0000015f6c5aa2c0 JavaThread "Cache worker for cache directory md-rule (C:\Users\CHEBICHEB KHEIREDDIN\.gradle\caches\7.5\md-rule)" [_thread_blocked, id=9680, stack(0x0000001b35100000,0x0000001b35200000)]
  0x0000015f6c5a85e0 JavaThread "Cache worker for file content cache (C:\Users\CHEBICHEB KHEIREDDIN\.gradle\caches\7.5\fileContent)" [_thread_blocked, id=8956, stack(0x0000001b35200000,0x0000001b35300000)]
  0x0000015f6c5ac470 JavaThread "Cache worker for file hash cache (C:\Users\CHEBICHEB KHEIREDDIN\Desktop\GL2 S1 cour et td\Dev Mobile App\Practice6A-NavigationDrawer\.gradle\7.5\fileHashes)" [_thread_blocked, id=1852, stack(0x0000001b35300000,0x0000001b35400000)]
  0x0000015f6c5ad2e0 JavaThread "Cache worker for cache directory md-supplier (C:\Users\CHEBICHEB KHEIREDDIN\.gradle\caches\7.5\md-supplier)" [_thread_blocked, id=8428, stack(0x0000001b35400000,0x0000001b35500000)]
  0x0000015f6c5ace10 JavaThread "Cache worker for execution history cache (C:\Users\CHEBICHEB KHEIREDDIN\.gradle\caches\7.5\executionHistory)" [_thread_blocked, id=12228, stack(0x0000001b35500000,0x0000001b35600000)]
  0x0000015f6c5a7770 JavaThread "jar transforms" [_thread_blocked, id=7444, stack(0x0000001b35600000,0x0000001b35700000)]
  0x0000015f6c5adc80 JavaThread "jar transforms Thread 2" [_thread_blocked, id=4828, stack(0x0000001b35700000,0x0000001b35800000)]
  0x0000015f6c5aa790 JavaThread "jar transforms Thread 3" [_thread_blocked, id=1924, stack(0x0000001b35900000,0x0000001b35a00000)]
  0x0000015f6c5a7c40 JavaThread "jar transforms Thread 4" [_thread_blocked, id=5288, stack(0x0000001b35a00000,0x0000001b35b00000)]
  0x0000015f6c5a8f80 JavaThread "Cache worker for dependencies-accessors (C:\Users\CHEBICHEB KHEIREDDIN\Desktop\GL2 S1 cour et td\Dev Mobile App\Practice6A-NavigationDrawer\.gradle\7.5\dependencies-accessors)" [_thread_blocked, id=9212, stack(0x0000001b35b00000,0x0000001b35c00000)]
  0x0000015f6c5a9df0 JavaThread "Cache worker for Build Output Cleanup Cache (C:\Users\CHEBICHEB KHEIREDDIN\Desktop\GL2 S1 cour et td\Dev Mobile App\Practice6A-NavigationDrawer\.gradle\buildOutputCleanup)" [_thread_blocked, id=7152, stack(0x0000001b35c00000,0x0000001b35d00000)]
  0x0000015f6aff1920 JavaThread "Unconstrained build operations" [_thread_blocked, id=12164, stack(0x0000001b35d00000,0x0000001b35e00000)]
  0x0000015f6aff0110 JavaThread "Unconstrained build operations Thread 2" [_thread_blocked, id=11956, stack(0x0000001b35e00000,0x0000001b35f00000)]
  0x0000015f6aff3600 JavaThread "Unconstrained build operations Thread 3" [_thread_blocked, id=3440, stack(0x0000001b35f00000,0x0000001b36000000)]
  0x0000015f6afed5c0 JavaThread "Unconstrained build operations Thread 4" [_thread_in_Java, id=9160, stack(0x0000001b36000000,0x0000001b36100000)]
  0x0000015f6afeda90 JavaThread "Unconstrained build operations Thread 5" [_thread_blocked, id=3156, stack(0x0000001b36100000,0x0000001b36200000)]
  0x0000015f6aff05e0 JavaThread "Unconstrained build operations Thread 6" [_thread_blocked, id=10148, stack(0x0000001b36200000,0x0000001b36300000)]
  0x0000015f6aff1450 JavaThread "Unconstrained build operations Thread 7" [_thread_blocked, id=5984, stack(0x0000001b36300000,0x0000001b36400000)]
  0x0000015f6aff2790 JavaThread "Unconstrained build operations Thread 8" [_thread_blocked, id=9024, stack(0x0000001b36400000,0x0000001b36500000)]
  0x0000015f6afedf60 JavaThread "Unconstrained build operations Thread 9" [_thread_blocked, id=6784, stack(0x0000001b36500000,0x0000001b36600000)]
  0x0000015f6aff1df0 JavaThread "Unconstrained build operations Thread 10" [_thread_blocked, id=2480, stack(0x0000001b36600000,0x0000001b36700000)]
  0x0000015f6afed0f0 JavaThread "Unconstrained build operations Thread 11" [_thread_blocked, id=11716, stack(0x0000001b36700000,0x0000001b36800000)]
  0x0000015f6aff22c0 JavaThread "Unconstrained build operations Thread 12" [_thread_blocked, id=1348, stack(0x0000001b36800000,0x0000001b36900000)]
  0x0000015f6aff4470 JavaThread "Unconstrained build operations Thread 13" [_thread_blocked, id=8432, stack(0x0000001b36900000,0x0000001b36a00000)]
  0x0000015f6aff2c60 JavaThread "Unconstrained build operations Thread 14" [_thread_blocked, id=4028, stack(0x0000001b36a00000,0x0000001b36b00000)]
  0x0000015f6aff0ab0 JavaThread "Unconstrained build operations Thread 15" [_thread_blocked, id=11848, stack(0x0000001b36b00000,0x0000001b36c00000)]
  0x0000015f6aff3ad0 JavaThread "Unconstrained build operations Thread 16" [_thread_blocked, id=10168, stack(0x0000001b36c00000,0x0000001b36d00000)]
  0x0000015f6afecc20 JavaThread "Unconstrained build operations Thread 17" [_thread_blocked, id=2344, stack(0x0000001b36d00000,0x0000001b36e00000)]
  0x0000015f6afee430 JavaThread "Unconstrained build operations Thread 18" [_thread_blocked, id=1376, stack(0x0000001b36e00000,0x0000001b36f00000)]
  0x0000015f6afef2a0 JavaThread "Unconstrained build operations Thread 19" [_thread_blocked, id=11356, stack(0x0000001b36f00000,0x0000001b37000000)]
  0x0000015f6afef770 JavaThread "Unconstrained build operations Thread 20" [_thread_blocked, id=6464, stack(0x0000001b37000000,0x0000001b37100000)]
  0x0000015f6aff3fa0 JavaThread "Unconstrained build operations Thread 21" [_thread_blocked, id=3280, stack(0x0000001b37100000,0x0000001b37200000)]
  0x0000015f6afee900 JavaThread "Unconstrained build operations Thread 22" [_thread_blocked, id=9356, stack(0x0000001b37200000,0x0000001b37300000)]
  0x0000015f6aff0f80 JavaThread "Unconstrained build operations Thread 23" [_thread_blocked, id=9536, stack(0x0000001b37300000,0x0000001b37400000)]
  0x0000015f6afeedd0 JavaThread "Unconstrained build operations Thread 24" [_thread_in_Java, id=12108, stack(0x0000001b37400000,0x0000001b37500000)]
  0x0000015f6afefc40 JavaThread "Unconstrained build operations Thread 25" [_thread_blocked, id=8320, stack(0x0000001b37500000,0x0000001b37600000)]
  0x0000015f6cbcb460 JavaThread "Unconstrained build operations Thread 26" [_thread_blocked, id=11300, stack(0x0000001b37600000,0x0000001b37700000)]
  0x0000015f6cbcb930 JavaThread "Unconstrained build operations Thread 27" [_thread_blocked, id=1548, stack(0x0000001b37700000,0x0000001b37800000)]
  0x0000015f6cbd1970 JavaThread "Unconstrained build operations Thread 28" [_thread_blocked, id=3348, stack(0x0000001b37800000,0x0000001b37900000)]
  0x0000015f6cbca5f0 JavaThread "Unconstrained build operations Thread 29" [_thread_blocked, id=796, stack(0x0000001b37900000,0x0000001b37a00000)]
  0x0000015f6cbcd610 JavaThread "Unconstrained build operations Thread 30" [_thread_blocked, id=5224, stack(0x0000001b37a00000,0x0000001b37b00000)]
  0x0000015f6cbcc2d0 JavaThread "Unconstrained build operations Thread 31" [_thread_blocked, id=6892, stack(0x0000001b37b00000,0x0000001b37c00000)]
  0x0000015f6cbcbe00 JavaThread "Unconstrained build operations Thread 32" [_thread_blocked, id=1260, stack(0x0000001b37c00000,0x0000001b37d00000)]
  0x0000015f6cbca120 JavaThread "Unconstrained build operations Thread 33" [_thread_blocked, id=10820, stack(0x0000001b37d00000,0x0000001b37e00000)]
  0x0000015f6cbcc7a0 JavaThread "Unconstrained build operations Thread 34" [_thread_blocked, id=9940, stack(0x0000001b37e00000,0x0000001b37f00000)]
  0x0000015f6cbcdfb0 JavaThread "Unconstrained build operations Thread 35" [_thread_blocked, id=5200, stack(0x0000001b37f00000,0x0000001b38000000)]
  0x0000015f6cbccc70 JavaThread "Unconstrained build operations Thread 36" [_thread_blocked, id=4076, stack(0x0000001b38000000,0x0000001b38100000)]
  0x0000015f6cbcd140 JavaThread "Unconstrained build operations Thread 37" [_thread_blocked, id=9728, stack(0x0000001b38100000,0x0000001b38200000)]
  0x0000015f6cbce480 JavaThread "Unconstrained build operations Thread 38" [_thread_blocked, id=5312, stack(0x0000001b38200000,0x0000001b38300000)]
  0x0000015f6cbce950 JavaThread "Unconstrained build operations Thread 39" [_thread_blocked, id=9092, stack(0x0000001b38300000,0x0000001b38400000)]
  0x0000015f6cbd0fd0 JavaThread "Unconstrained build operations Thread 40" [_thread_blocked, id=8292, stack(0x0000001b38400000,0x0000001b38500000)]
  0x0000015f6cbcdae0 JavaThread "build event listener" [_thread_blocked, id=3696, stack(0x0000001b38500000,0x0000001b38600000)]
  0x0000015f6cbcfc90 JavaThread "Memory manager" [_thread_blocked, id=2064, stack(0x0000001b38600000,0x0000001b38700000)]
  0x0000015f6cbd14a0 JavaThread "included builds" [_thread_blocked, id=1068, stack(0x0000001b38700000,0x0000001b38800000)]
  0x0000015f6cbd0630 JavaThread "Execution worker" [_thread_blocked, id=5784, stack(0x0000001b38800000,0x0000001b38900000)]
  0x0000015f6cbcaac0 JavaThread "Execution worker Thread 2" [_thread_in_vm, id=8220, stack(0x0000001b38900000,0x0000001b38a00000)]
  0x0000015f6cbd0b00 JavaThread "Execution worker Thread 3" [_thread_blocked, id=6880, stack(0x0000001b38a00000,0x0000001b38b00000)]
  0x0000015f6962c060 JavaThread "Cache worker for execution history cache (C:\Users\CHEBICHEB KHEIREDDIN\Desktop\GL2 S1 cour et td\Dev Mobile App\Practice6A-NavigationDrawer\.gradle\7.5\executionHistory)" [_thread_blocked, id=11520, stack(0x0000001b38b00000,0x0000001b38c00000)]
  0x0000015f6af1aac0 JavaThread "WorkerExecutor Queue" [_thread_blocked, id=2108, stack(0x0000001b38e00000,0x0000001b38f00000)]
  0x0000015f6af20160 JavaThread "Thread-72" [_thread_in_native, id=11488, stack(0x0000001b38f00000,0x0000001b39000000)]

Other Threads:
  0x0000015f695da9e0 VMThread "VM Thread" [stack: 0x0000001b33100000,0x0000001b33200000] [id=9396]
  0x0000015f6a1aa890 WatcherThread [stack: 0x0000001b33d00000,0x0000001b33e00000] [id=12260]
  0x0000015f4e149a70 GCTaskThread "GC Thread#0" [stack: 0x0000001b32c00000,0x0000001b32d00000] [id=12104]
  0x0000015f6a819500 GCTaskThread "GC Thread#1" [stack: 0x0000001b33e00000,0x0000001b33f00000] [id=6276]
  0x0000015f6a863db0 GCTaskThread "GC Thread#2" [stack: 0x0000001b33f00000,0x0000001b34000000] [id=9112]
  0x0000015f6abfe400 GCTaskThread "GC Thread#3" [stack: 0x0000001b34000000,0x0000001b34100000] [id=5764]
  0x0000015f4e15b060 ConcurrentGCThread "G1 Main Marker" [stack: 0x0000001b32d00000,0x0000001b32e00000] [id=9264]
  0x0000015f4e15c990 ConcurrentGCThread "G1 Conc#0" [stack: 0x0000001b32e00000,0x0000001b32f00000] [id=2220]
  0x0000015f4e1bd910 ConcurrentGCThread "G1 Refine#0" [stack: 0x0000001b32f00000,0x0000001b33000000] [id=9964]
  0x0000015f6cb76310 ConcurrentGCThread "G1 Refine#1" [stack: 0x0000001b35800000,0x0000001b35900000] [id=4012]
  0x0000015f4e1be240 ConcurrentGCThread "G1 Service" [stack: 0x0000001b33000000,0x0000001b33100000] [id=5284]

Threads with active compile tasks:
C2 CompilerThread0    35111 12056       4       com.google.common.collect.ImmutableSortedMap$Builder::build (87 bytes)

VM state: not at safepoint (normal execution)

VM Mutex/Monitor currently owned by a thread: None

Heap address: 0x0000000080000000, size: 2048 MB, Compressed Oops mode: 32-bit

CDS archive(s) not mapped
Compressed class space mapped at: 0x0000000100000000-0x0000000140000000, reserved size: 1073741824
Narrow klass base: 0x0000000000000000, Narrow klass shift: 3, Narrow klass range: 0x140000000

GC Precious Log:
 CPUs: 4 total, 4 available
 Memory: 7983M
 Large Page Support: Disabled
 NUMA Support: Disabled
 Compressed Oops: Enabled (32-bit)
 Heap Region Size: 1M
 Heap Min Capacity: 8M
 Heap Initial Capacity: 126M
 Heap Max Capacity: 2G
 Pre-touch: Disabled
 Parallel Workers: 4
 Concurrent Workers: 1
 Concurrent Refinement Workers: 4
 Periodic GC: Disabled

Heap:
 garbage-first heap   total 199680K, used 142286K [0x0000000080000000, 0x0000000100000000)
  region size 1024K, 45 young (46080K), 1 survivors (1024K)
 Metaspace       used 96447K, committed 97152K, reserved 1138688K
  class space    used 13111K, committed 13440K, reserved 1048576K

Heap Regions: E=young(eden), S=young(survivor), O=old, HS=humongous(starts), HC=humongous(continues), CS=collection set, F=free, OA=open archive, CA=closed archive, TAMS=top-at-mark-start (previous, next)
|   0|0x0000000080000000, 0x0000000080100000, 0x0000000080100000|100%|HS|  |TAMS 0x0000000080100000, 0x0000000080000000| Complete 
|   1|0x0000000080100000, 0x0000000080200000, 0x0000000080200000|100%|HC|  |TAMS 0x0000000080200000, 0x0000000080100000| Complete 
|   2|0x0000000080200000, 0x0000000080300000, 0x0000000080300000|100%|HC|  |TAMS 0x0000000080300000, 0x0000000080200000| Complete 
|   3|0x0000000080300000, 0x0000000080400000, 0x0000000080400000|100%| O|  |TAMS 0x0000000080400000, 0x0000000080300000| Untracked 
|   4|0x0000000080400000, 0x0000000080500000, 0x0000000080500000|100%| O|  |TAMS 0x0000000080500000, 0x0000000080400000| Untracked 
|   5|0x0000000080500000, 0x0000000080600000, 0x0000000080600000|100%| O|  |TAMS 0x0000000080600000, 0x0000000080500000| Untracked 
|   6|0x0000000080600000, 0x0000000080700000, 0x0000000080700000|100%| O|  |TAMS 0x0000000080700000, 0x0000000080600000| Untracked 
|   7|0x0000000080700000, 0x0000000080800000, 0x0000000080800000|100%| O|  |TAMS 0x0000000080800000, 0x0000000080700000| Untracked 
|   8|0x0000000080800000, 0x0000000080900000, 0x0000000080900000|100%| O|  |TAMS 0x0000000080900000, 0x0000000080800000| Untracked 
|   9|0x0000000080900000, 0x0000000080a00000, 0x0000000080a00000|100%| O|  |TAMS 0x0000000080a00000, 0x0000000080900000| Untracked 
|  10|0x0000000080a00000, 0x0000000080b00000, 0x0000000080b00000|100%| O|  |TAMS 0x0000000080b00000, 0x0000000080a00000| Untracked 
|  11|0x0000000080b00000, 0x0000000080c00000, 0x0000000080c00000|100%| O|  |TAMS 0x0000000080c00000, 0x0000000080b00000| Untracked 
|  12|0x0000000080c00000, 0x0000000080d00000, 0x0000000080d00000|100%| O|  |TAMS 0x0000000080d00000, 0x0000000080c00000| Untracked 
|  13|0x0000000080d00000, 0x0000000080e00000, 0x0000000080e00000|100%| O|  |TAMS 0x0000000080e00000, 0x0000000080d00000| Untracked 
|  14|0x0000000080e00000, 0x0000000080f00000, 0x0000000080f00000|100%| O|  |TAMS 0x0000000080f00000, 0x0000000080e00000| Untracked 
|  15|0x0000000080f00000, 0x0000000081000000, 0x0000000081000000|100%| O|  |TAMS 0x0000000081000000, 0x0000000080f00000| Untracked 
|  16|0x0000000081000000, 0x0000000081100000, 0x0000000081100000|100%| O|  |TAMS 0x0000000081100000, 0x0000000081000000| Untracked 
|  17|0x0000000081100000, 0x0000000081200000, 0x0000000081200000|100%| O|  |TAMS 0x0000000081200000, 0x0000000081100000| Untracked 
|  18|0x0000000081200000, 0x0000000081300000, 0x0000000081300000|100%| O|  |TAMS 0x0000000081300000, 0x0000000081200000| Untracked 
|  19|0x0000000081300000, 0x0000000081400000, 0x0000000081400000|100%| O|  |TAMS 0x0000000081400000, 0x0000000081300000| Untracked 
|  20|0x0000000081400000, 0x0000000081500000, 0x0000000081500000|100%| O|  |TAMS 0x0000000081500000, 0x0000000081400000| Untracked 
|  21|0x0000000081500000, 0x0000000081600000, 0x0000000081600000|100%| O|  |TAMS 0x0000000081600000, 0x0000000081500000| Untracked 
|  22|0x0000000081600000, 0x0000000081700000, 0x0000000081700000|100%| O|  |TAMS 0x0000000081700000, 0x0000000081600000| Untracked 
|  23|0x0000000081700000, 0x0000000081800000, 0x0000000081800000|100%| O|  |TAMS 0x0000000081800000, 0x0000000081700000| Untracked 
|  24|0x0000000081800000, 0x0000000081900000, 0x0000000081900000|100%| O|  |TAMS 0x0000000081900000, 0x0000000081800000| Untracked 
|  25|0x0000000081900000, 0x0000000081a00000, 0x0000000081a00000|100%| O|  |TAMS 0x0000000081a00000, 0x0000000081900000| Untracked 
|  26|0x0000000081a00000, 0x0000000081b00000, 0x0000000081b00000|100%| O|  |TAMS 0x0000000081b00000, 0x0000000081a00000| Untracked 
|  27|0x0000000081b00000, 0x0000000081c00000, 0x0000000081c00000|100%| O|  |TAMS 0x0000000081c00000, 0x0000000081b00000| Untracked 
|  28|0x0000000081c00000, 0x0000000081d00000, 0x0000000081d00000|100%| O|  |TAMS 0x0000000081d00000, 0x0000000081c00000| Untracked 
|  29|0x0000000081d00000, 0x0000000081e00000, 0x0000000081e00000|100%| O|  |TAMS 0x0000000081e00000, 0x0000000081d00000| Untracked 
|  30|0x0000000081e00000, 0x0000000081f00000, 0x0000000081f00000|100%| O|  |TAMS 0x0000000081f00000, 0x0000000081e00000| Untracked 
|  31|0x0000000081f00000, 0x0000000082000000, 0x0000000082000000|100%|HS|  |TAMS 0x0000000082000000, 0x0000000081f00000| Complete 
|  32|0x0000000082000000, 0x0000000082100000, 0x0000000082100000|100%|HS|  |TAMS 0x0000000082100000, 0x0000000082000000| Complete 
|  33|0x0000000082100000, 0x0000000082200000, 0x0000000082200000|100%|HC|  |TAMS 0x0000000082200000, 0x0000000082100000| Complete 
|  34|0x0000000082200000, 0x0000000082300000, 0x0000000082300000|100%| O|  |TAMS 0x0000000082300000, 0x0000000082200000| Untracked 
|  35|0x0000000082300000, 0x0000000082400000, 0x0000000082400000|100%| O|  |TAMS 0x0000000082400000, 0x0000000082300000| Untracked 
|  36|0x0000000082400000, 0x0000000082500000, 0x0000000082500000|100%|HS|  |TAMS 0x0000000082500000, 0x0000000082400000| Complete 
|  37|0x0000000082500000, 0x0000000082600000, 0x0000000082600000|100%| O|  |TAMS 0x0000000082600000, 0x0000000082500000| Untracked 
|  38|0x0000000082600000, 0x0000000082700000, 0x0000000082700000|100%| O|  |TAMS 0x0000000082700000, 0x0000000082600000| Untracked 
|  39|0x0000000082700000, 0x0000000082800000, 0x0000000082800000|100%|HS|  |TAMS 0x0000000082800000, 0x0000000082700000| Complete 
|  40|0x0000000082800000, 0x0000000082900000, 0x0000000082900000|100%|HC|  |TAMS 0x0000000082900000, 0x0000000082800000| Complete 
|  41|0x0000000082900000, 0x0000000082a00000, 0x0000000082a00000|100%|HC|  |TAMS 0x0000000082a00000, 0x0000000082900000| Complete 
|  42|0x0000000082a00000, 0x0000000082b00000, 0x0000000082b00000|100%|HC|  |TAMS 0x0000000082b00000, 0x0000000082a00000| Complete 
|  43|0x0000000082b00000, 0x0000000082c00000, 0x0000000082c00000|100%| O|  |TAMS 0x0000000082c00000, 0x0000000082b00000| Untracked 
|  44|0x0000000082c00000, 0x0000000082d00000, 0x0000000082d00000|100%| O|  |TAMS 0x0000000082d00000, 0x0000000082c00000| Untracked 
|  45|0x0000000082d00000, 0x0000000082e00000, 0x0000000082e00000|100%| O|  |TAMS 0x0000000082e00000, 0x0000000082d00000| Untracked 
|  46|0x0000000082e00000, 0x0000000082f00000, 0x0000000082f00000|100%| O|  |TAMS 0x0000000082f00000, 0x0000000082e00000| Untracked 
|  47|0x0000000082f00000, 0x0000000083000000, 0x0000000083000000|100%| O|  |TAMS 0x0000000083000000, 0x0000000082f00000| Untracked 
|  48|0x0000000083000000, 0x0000000083100000, 0x0000000083100000|100%| O|  |TAMS 0x0000000083100000, 0x0000000083000000| Untracked 
|  49|0x0000000083100000, 0x0000000083200000, 0x0000000083200000|100%| O|  |TAMS 0x0000000083200000, 0x0000000083100000| Untracked 
|  50|0x0000000083200000, 0x0000000083300000, 0x0000000083300000|100%| O|  |TAMS 0x0000000083300000, 0x0000000083200000| Untracked 
|  51|0x0000000083300000, 0x0000000083400000, 0x0000000083400000|100%| O|  |TAMS 0x0000000083400000, 0x0000000083300000| Untracked 
|  52|0x0000000083400000, 0x0000000083500000, 0x0000000083500000|100%| O|  |TAMS 0x0000000083500000, 0x0000000083400000| Untracked 
|  53|0x0000000083500000, 0x0000000083600000, 0x0000000083600000|100%| O|  |TAMS 0x0000000083600000, 0x0000000083500000| Untracked 
|  54|0x0000000083600000, 0x0000000083700000, 0x0000000083700000|100%| O|  |TAMS 0x0000000083700000, 0x0000000083600000| Untracked 
|  55|0x0000000083700000, 0x0000000083800000, 0x0000000083800000|100%| O|  |TAMS 0x0000000083800000, 0x0000000083700000| Untracked 
|  56|0x0000000083800000, 0x0000000083900000, 0x0000000083900000|100%| O|  |TAMS 0x0000000083900000, 0x0000000083800000| Untracked 
|  57|0x0000000083900000, 0x0000000083a00000, 0x0000000083a00000|100%| O|  |TAMS 0x0000000083a00000, 0x0000000083900000| Untracked 
|  58|0x0000000083a00000, 0x0000000083b00000, 0x0000000083b00000|100%| O|  |TAMS 0x0000000083b00000, 0x0000000083a00000| Untracked 
|  59|0x0000000083b00000, 0x0000000083c00000, 0x0000000083c00000|100%| O|  |TAMS 0x0000000083c00000, 0x0000000083b00000| Untracked 
|  60|0x0000000083c00000, 0x0000000083d00000, 0x0000000083d00000|100%| O|  |TAMS 0x0000000083d00000, 0x0000000083c00000| Untracked 
|  61|0x0000000083d00000, 0x0000000083e00000, 0x0000000083e00000|100%| O|  |TAMS 0x0000000083e00000, 0x0000000083d00000| Untracked 
|  62|0x0000000083e00000, 0x0000000083f00000, 0x0000000083f00000|100%| O|  |TAMS 0x0000000083f00000, 0x0000000083e00000| Untracked 
|  63|0x0000000083f00000, 0x0000000084000000, 0x0000000084000000|100%| O|  |TAMS 0x0000000084000000, 0x0000000083f00000| Untracked 
|  64|0x0000000084000000, 0x0000000084100000, 0x0000000084100000|100%| O|  |TAMS 0x0000000084100000, 0x0000000084000000| Untracked 
|  65|0x0000000084100000, 0x0000000084200000, 0x0000000084200000|100%| O|  |TAMS 0x0000000084200000, 0x0000000084100000| Untracked 
|  66|0x0000000084200000, 0x0000000084300000, 0x0000000084300000|100%| O|  |TAMS 0x0000000084300000, 0x0000000084200000| Untracked 
|  67|0x0000000084300000, 0x0000000084400000, 0x0000000084400000|100%| O|  |TAMS 0x0000000084400000, 0x0000000084300000| Untracked 
|  68|0x0000000084400000, 0x0000000084500000, 0x0000000084500000|100%| O|  |TAMS 0x0000000084500000, 0x0000000084400000| Untracked 
|  69|0x0000000084500000, 0x0000000084600000, 0x0000000084600000|100%| O|  |TAMS 0x0000000084600000, 0x0000000084500000| Untracked 
|  70|0x0000000084600000, 0x0000000084700000, 0x0000000084700000|100%| O|  |TAMS 0x0000000084700000, 0x0000000084600000| Untracked 
|  71|0x0000000084700000, 0x0000000084800000, 0x0000000084800000|100%| O|  |TAMS 0x0000000084800000, 0x0000000084700000| Untracked 
|  72|0x0000000084800000, 0x0000000084900000, 0x0000000084900000|100%| O|  |TAMS 0x0000000084800000, 0x0000000084800000| Untracked 
|  73|0x0000000084900000, 0x0000000084a00000, 0x0000000084a00000|100%| O|  |TAMS 0x0000000084a00000, 0x0000000084900000| Untracked 
|  74|0x0000000084a00000, 0x0000000084b00000, 0x0000000084b00000|100%| O|  |TAMS 0x0000000084b00000, 0x0000000084a00000| Untracked 
|  75|0x0000000084b00000, 0x0000000084c00000, 0x0000000084c00000|100%| O|  |TAMS 0x0000000084c00000, 0x0000000084b00000| Untracked 
|  76|0x0000000084c00000, 0x0000000084d00000, 0x0000000084d00000|100%| O|  |TAMS 0x0000000084d00000, 0x0000000084c00000| Untracked 
|  77|0x0000000084d00000, 0x0000000084e00000, 0x0000000084e00000|100%| O|  |TAMS 0x0000000084e00000, 0x0000000084d00000| Untracked 
|  78|0x0000000084e00000, 0x0000000084f00000, 0x0000000084f00000|100%| O|  |TAMS 0x0000000084f00000, 0x0000000084e00000| Untracked 
|  79|0x0000000084f00000, 0x0000000085000000, 0x0000000085000000|100%| O|  |TAMS 0x0000000085000000, 0x0000000084f00000| Untracked 
|  80|0x0000000085000000, 0x0000000085100000, 0x0000000085100000|100%| O|  |TAMS 0x0000000085100000, 0x0000000085000000| Untracked 
|  81|0x0000000085100000, 0x0000000085200000, 0x0000000085200000|100%| O|  |TAMS 0x0000000085200000, 0x0000000085100000| Untracked 
|  82|0x0000000085200000, 0x0000000085300000, 0x0000000085300000|100%| O|  |TAMS 0x0000000085300000, 0x0000000085200000| Untracked 
|  83|0x0000000085300000, 0x0000000085400000, 0x0000000085400000|100%| O|  |TAMS 0x0000000085400000, 0x0000000085300000| Untracked 
|  84|0x0000000085400000, 0x0000000085500000, 0x0000000085500000|100%| O|  |TAMS 0x0000000085500000, 0x0000000085400000| Untracked 
|  85|0x0000000085500000, 0x0000000085600000, 0x0000000085600000|100%| O|  |TAMS 0x0000000085600000, 0x0000000085500000| Untracked 
|  86|0x0000000085600000, 0x0000000085700000, 0x0000000085700000|100%| O|  |TAMS 0x0000000085700000, 0x0000000085600000| Untracked 
|  87|0x0000000085700000, 0x0000000085800000, 0x0000000085800000|100%| O|  |TAMS 0x0000000085800000, 0x0000000085700000| Untracked 
|  88|0x0000000085800000, 0x0000000085800000, 0x0000000085900000|  0%| F|  |TAMS 0x0000000085800000, 0x0000000085800000| Untracked 
|  89|0x0000000085900000, 0x0000000085a00000, 0x0000000085a00000|100%| O|  |TAMS 0x0000000085900000, 0x0000000085900000| Untracked 
|  90|0x0000000085a00000, 0x0000000085b00000, 0x0000000085b00000|100%| O|  |TAMS 0x0000000085a00000, 0x0000000085a00000| Untracked 
|  91|0x0000000085b00000, 0x0000000085c00000, 0x0000000085c00000|100%| O|  |TAMS 0x0000000085b00000, 0x0000000085b00000| Untracked 
|  92|0x0000000085c00000, 0x0000000085d00000, 0x0000000085d00000|100%| O|  |TAMS 0x0000000085c00000, 0x0000000085c00000| Untracked 
|  93|0x0000000085d00000, 0x0000000085e00000, 0x0000000085e00000|100%| O|  |TAMS 0x0000000085d00000, 0x0000000085d00000| Untracked 
|  94|0x0000000085e00000, 0x0000000085f00000, 0x0000000085f00000|100%| O|  |TAMS 0x0000000085e00000, 0x0000000085e00000| Untracked 
|  95|0x0000000085f00000, 0x0000000086000000, 0x0000000086000000|100%| O|  |TAMS 0x0000000085f00000, 0x0000000085f00000| Untracked 
|  96|0x0000000086000000, 0x0000000086100000, 0x0000000086100000|100%| O|  |TAMS 0x0000000086000000, 0x0000000086000000| Untracked 
|  97|0x0000000086100000, 0x0000000086109400, 0x0000000086200000|  3%| O|  |TAMS 0x0000000086100000, 0x0000000086100000| Untracked 
|  98|0x0000000086200000, 0x0000000086200000, 0x0000000086300000|  0%| F|  |TAMS 0x0000000086200000, 0x0000000086200000| Untracked 
|  99|0x0000000086300000, 0x0000000086300000, 0x0000000086400000|  0%| F|  |TAMS 0x0000000086300000, 0x0000000086300000| Untracked 
| 100|0x0000000086400000, 0x0000000086400000, 0x0000000086500000|  0%| F|  |TAMS 0x0000000086400000, 0x0000000086400000| Untracked 
| 101|0x0000000086500000, 0x0000000086500000, 0x0000000086600000|  0%| F|  |TAMS 0x0000000086500000, 0x0000000086500000| Untracked 
| 102|0x0000000086600000, 0x0000000086600000, 0x0000000086700000|  0%| F|  |TAMS 0x0000000086600000, 0x0000000086600000| Untracked 
| 103|0x0000000086700000, 0x0000000086700000, 0x0000000086800000|  0%| F|  |TAMS 0x0000000086700000, 0x0000000086700000| Untracked 
| 104|0x0000000086800000, 0x0000000086800000, 0x0000000086900000|  0%| F|  |TAMS 0x0000000086800000, 0x0000000086800000| Untracked 
| 105|0x0000000086900000, 0x0000000086900000, 0x0000000086a00000|  0%| F|  |TAMS 0x0000000086900000, 0x0000000086900000| Untracked 
| 106|0x0000000086a00000, 0x0000000086a00000, 0x0000000086b00000|  0%| F|  |TAMS 0x0000000086a00000, 0x0000000086a00000| Untracked 
| 107|0x0000000086b00000, 0x0000000086b00000, 0x0000000086c00000|  0%| F|  |TAMS 0x0000000086b00000, 0x0000000086b00000| Untracked 
| 108|0x0000000086c00000, 0x0000000086c00000, 0x0000000086d00000|  0%| F|  |TAMS 0x0000000086c00000, 0x0000000086c00000| Untracked 
| 109|0x0000000086d00000, 0x0000000086d00000, 0x0000000086e00000|  0%| F|  |TAMS 0x0000000086d00000, 0x0000000086d00000| Untracked 
| 110|0x0000000086e00000, 0x0000000086e00000, 0x0000000086f00000|  0%| F|  |TAMS 0x0000000086e00000, 0x0000000086e00000| Untracked 
| 111|0x0000000086f00000, 0x0000000086f00000, 0x0000000087000000|  0%| F|  |TAMS 0x0000000086f00000, 0x0000000086f00000| Untracked 
| 112|0x0000000087000000, 0x0000000087000000, 0x0000000087100000|  0%| F|  |TAMS 0x0000000087000000, 0x0000000087000000| Untracked 
| 113|0x0000000087100000, 0x0000000087100000, 0x0000000087200000|  0%| F|  |TAMS 0x0000000087100000, 0x0000000087100000| Untracked 
| 114|0x0000000087200000, 0x0000000087200000, 0x0000000087300000|  0%| F|  |TAMS 0x0000000087200000, 0x0000000087200000| Untracked 
| 115|0x0000000087300000, 0x0000000087300000, 0x0000000087400000|  0%| F|  |TAMS 0x0000000087300000, 0x0000000087300000| Untracked 
| 116|0x0000000087400000, 0x0000000087400000, 0x0000000087500000|  0%| F|  |TAMS 0x0000000087400000, 0x0000000087400000| Untracked 
| 117|0x0000000087500000, 0x0000000087500000, 0x0000000087600000|  0%| F|  |TAMS 0x0000000087500000, 0x0000000087500000| Untracked 
| 118|0x0000000087600000, 0x0000000087600000, 0x0000000087700000|  0%| F|  |TAMS 0x0000000087600000, 0x0000000087600000| Untracked 
| 119|0x0000000087700000, 0x0000000087700000, 0x0000000087800000|  0%| F|  |TAMS 0x0000000087700000, 0x0000000087700000| Untracked 
| 120|0x0000000087800000, 0x0000000087800000, 0x0000000087900000|  0%| F|  |TAMS 0x0000000087800000, 0x0000000087800000| Untracked 
| 121|0x0000000087900000, 0x0000000087900000, 0x0000000087a00000|  0%| F|  |TAMS 0x0000000087900000, 0x0000000087900000| Untracked 
| 122|0x0000000087a00000, 0x0000000087a00000, 0x0000000087b00000|  0%| F|  |TAMS 0x0000000087a00000, 0x0000000087a00000| Untracked 
| 123|0x0000000087b00000, 0x0000000087b00000, 0x0000000087c00000|  0%| F|  |TAMS 0x0000000087b00000, 0x0000000087b00000| Untracked 
| 124|0x0000000087c00000, 0x0000000087c00000, 0x0000000087d00000|  0%| F|  |TAMS 0x0000000087c00000, 0x0000000087c00000| Untracked 
| 125|0x0000000087d00000, 0x0000000087d00000, 0x0000000087e00000|  0%| F|  |TAMS 0x0000000087d00000, 0x0000000087d00000| Untracked 
| 126|0x0000000087e00000, 0x0000000087e00000, 0x0000000087f00000|  0%| F|  |TAMS 0x0000000087e00000, 0x0000000087e00000| Untracked 
| 127|0x0000000087f00000, 0x0000000087f00000, 0x0000000088000000|  0%| F|  |TAMS 0x0000000087f00000, 0x0000000087f00000| Untracked 
| 128|0x0000000088000000, 0x0000000088000000, 0x0000000088100000|  0%| F|  |TAMS 0x0000000088000000, 0x0000000088000000| Untracked 
| 129|0x0000000088100000, 0x0000000088100000, 0x0000000088200000|  0%| F|  |TAMS 0x0000000088100000, 0x0000000088100000| Untracked 
| 130|0x0000000088200000, 0x0000000088200000, 0x0000000088300000|  0%| F|  |TAMS 0x0000000088200000, 0x0000000088200000| Untracked 
| 131|0x0000000088300000, 0x0000000088300000, 0x0000000088400000|  0%| F|  |TAMS 0x0000000088300000, 0x0000000088300000| Untracked 
| 132|0x0000000088400000, 0x0000000088400000, 0x0000000088500000|  0%| F|  |TAMS 0x0000000088400000, 0x0000000088400000| Untracked 
| 133|0x0000000088500000, 0x0000000088500000, 0x0000000088600000|  0%| F|  |TAMS 0x0000000088500000, 0x0000000088500000| Untracked 
| 134|0x0000000088600000, 0x0000000088600000, 0x0000000088700000|  0%| F|  |TAMS 0x0000000088600000, 0x0000000088600000| Untracked 
| 135|0x0000000088700000, 0x0000000088700000, 0x0000000088800000|  0%| F|  |TAMS 0x0000000088700000, 0x0000000088700000| Untracked 
| 136|0x0000000088800000, 0x0000000088800000, 0x0000000088900000|  0%| F|  |TAMS 0x0000000088800000, 0x0000000088800000| Untracked 
| 137|0x0000000088900000, 0x0000000088900000, 0x0000000088a00000|  0%| F|  |TAMS 0x0000000088900000, 0x0000000088900000| Untracked 
| 138|0x0000000088a00000, 0x0000000088a00000, 0x0000000088b00000|  0%| F|  |TAMS 0x0000000088a00000, 0x0000000088a00000| Untracked 
| 139|0x0000000088b00000, 0x0000000088b00000, 0x0000000088c00000|  0%| F|  |TAMS 0x0000000088b00000, 0x0000000088b00000| Untracked 
| 140|0x0000000088c00000, 0x0000000088c00000, 0x0000000088d00000|  0%| F|  |TAMS 0x0000000088c00000, 0x0000000088c00000| Untracked 
| 141|0x0000000088d00000, 0x0000000088d00000, 0x0000000088e00000|  0%| F|  |TAMS 0x0000000088d00000, 0x0000000088d00000| Untracked 
| 142|0x0000000088e00000, 0x0000000088e00000, 0x0000000088f00000|  0%| F|  |TAMS 0x0000000088e00000, 0x0000000088e00000| Untracked 
| 143|0x0000000088f00000, 0x0000000088f00000, 0x0000000089000000|  0%| F|  |TAMS 0x0000000088f00000, 0x0000000088f00000| Untracked 
| 144|0x0000000089000000, 0x0000000089000000, 0x0000000089100000|  0%| F|  |TAMS 0x0000000089000000, 0x0000000089000000| Untracked 
| 145|0x0000000089100000, 0x0000000089100000, 0x0000000089200000|  0%| F|  |TAMS 0x0000000089100000, 0x0000000089100000| Untracked 
| 146|0x0000000089200000, 0x0000000089200000, 0x0000000089300000|  0%| F|  |TAMS 0x0000000089200000, 0x0000000089200000| Untracked 
| 147|0x0000000089300000, 0x0000000089300000, 0x0000000089400000|  0%| F|  |TAMS 0x0000000089300000, 0x0000000089300000| Untracked 
| 148|0x0000000089400000, 0x0000000089400000, 0x0000000089500000|  0%| F|  |TAMS 0x0000000089400000, 0x0000000089400000| Untracked 
| 149|0x0000000089500000, 0x0000000089576d58, 0x0000000089600000| 46%| E|  |TAMS 0x0000000089500000, 0x0000000089500000| Complete 
| 150|0x0000000089600000, 0x0000000089700000, 0x0000000089700000|100%| E|  |TAMS 0x0000000089600000, 0x0000000089600000| Complete 
| 151|0x0000000089700000, 0x0000000089800000, 0x0000000089800000|100%| E|CS|TAMS 0x0000000089700000, 0x0000000089700000| Complete 
| 152|0x0000000089800000, 0x0000000089900000, 0x0000000089900000|100%| E|CS|TAMS 0x0000000089800000, 0x0000000089800000| Complete 
| 153|0x0000000089900000, 0x0000000089a00000, 0x0000000089a00000|100%| E|CS|TAMS 0x0000000089900000, 0x0000000089900000| Complete 
| 154|0x0000000089a00000, 0x0000000089b00000, 0x0000000089b00000|100%| E|CS|TAMS 0x0000000089a00000, 0x0000000089a00000| Complete 
| 155|0x0000000089b00000, 0x0000000089c00000, 0x0000000089c00000|100%| E|CS|TAMS 0x0000000089b00000, 0x0000000089b00000| Complete 
| 156|0x0000000089c00000, 0x0000000089d00000, 0x0000000089d00000|100%| E|CS|TAMS 0x0000000089c00000, 0x0000000089c00000| Complete 
| 157|0x0000000089d00000, 0x0000000089e00000, 0x0000000089e00000|100%| E|CS|TAMS 0x0000000089d00000, 0x0000000089d00000| Complete 
| 158|0x0000000089e00000, 0x0000000089f00000, 0x0000000089f00000|100%| E|CS|TAMS 0x0000000089e00000, 0x0000000089e00000| Complete 
| 159|0x0000000089f00000, 0x000000008a000000, 0x000000008a000000|100%| E|CS|TAMS 0x0000000089f00000, 0x0000000089f00000| Complete 
| 160|0x000000008a000000, 0x000000008a100000, 0x000000008a100000|100%| E|CS|TAMS 0x000000008a000000, 0x000000008a000000| Complete 
| 161|0x000000008a100000, 0x000000008a200000, 0x000000008a200000|100%| E|CS|TAMS 0x000000008a100000, 0x000000008a100000| Complete 
| 162|0x000000008a200000, 0x000000008a300000, 0x000000008a300000|100%| E|CS|TAMS 0x000000008a200000, 0x000000008a200000| Complete 
| 163|0x000000008a300000, 0x000000008a400000, 0x000000008a400000|100%| E|CS|TAMS 0x000000008a300000, 0x000000008a300000| Complete 
| 164|0x000000008a400000, 0x000000008a500000, 0x000000008a500000|100%| E|CS|TAMS 0x000000008a400000, 0x000000008a400000| Complete 
| 165|0x000000008a500000, 0x000000008a600000, 0x000000008a600000|100%| E|CS|TAMS 0x000000008a500000, 0x000000008a500000| Complete 
| 166|0x000000008a600000, 0x000000008a700000, 0x000000008a700000|100%| E|CS|TAMS 0x000000008a600000, 0x000000008a600000| Complete 
| 167|0x000000008a700000, 0x000000008a800000, 0x000000008a800000|100%| E|CS|TAMS 0x000000008a700000, 0x000000008a700000| Complete 
| 168|0x000000008a800000, 0x000000008a900000, 0x000000008a900000|100%| E|CS|TAMS 0x000000008a800000, 0x000000008a800000| Complete 
| 169|0x000000008a900000, 0x000000008aa00000, 0x000000008aa00000|100%| E|CS|TAMS 0x000000008a900000, 0x000000008a900000| Complete 
| 170|0x000000008aa00000, 0x000000008ab00000, 0x000000008ab00000|100%| E|CS|TAMS 0x000000008aa00000, 0x000000008aa00000| Complete 
| 171|0x000000008ab00000, 0x000000008ac00000, 0x000000008ac00000|100%| E|CS|TAMS 0x000000008ab00000, 0x000000008ab00000| Complete 
| 172|0x000000008ac00000, 0x000000008ad00000, 0x000000008ad00000|100%| E|CS|TAMS 0x000000008ac00000, 0x000000008ac00000| Complete 
| 173|0x000000008ad00000, 0x000000008ae00000, 0x000000008ae00000|100%| E|CS|TAMS 0x000000008ad00000, 0x000000008ad00000| Complete 
| 174|0x000000008ae00000, 0x000000008af00000, 0x000000008af00000|100%| E|CS|TAMS 0x000000008ae00000, 0x000000008ae00000| Complete 
| 175|0x000000008af00000, 0x000000008b000000, 0x000000008b000000|100%| E|CS|TAMS 0x000000008af00000, 0x000000008af00000| Complete 
| 176|0x000000008b000000, 0x000000008b100000, 0x000000008b100000|100%| E|CS|TAMS 0x000000008b000000, 0x000000008b000000| Complete 
| 177|0x000000008b100000, 0x000000008b200000, 0x000000008b200000|100%| E|CS|TAMS 0x000000008b100000, 0x000000008b100000| Complete 
| 178|0x000000008b200000, 0x000000008b300000, 0x000000008b300000|100%| E|CS|TAMS 0x000000008b200000, 0x000000008b200000| Complete 
| 179|0x000000008b300000, 0x000000008b400000, 0x000000008b400000|100%| E|CS|TAMS 0x000000008b300000, 0x000000008b300000| Complete 
| 180|0x000000008b400000, 0x000000008b500000, 0x000000008b500000|100%| E|CS|TAMS 0x000000008b400000, 0x000000008b400000| Complete 
| 181|0x000000008b500000, 0x000000008b600000, 0x000000008b600000|100%| E|CS|TAMS 0x000000008b500000, 0x000000008b500000| Complete 
| 182|0x000000008b600000, 0x000000008b700000, 0x000000008b700000|100%| E|CS|TAMS 0x000000008b600000, 0x000000008b600000| Complete 
| 183|0x000000008b700000, 0x000000008b800000, 0x000000008b800000|100%| E|CS|TAMS 0x000000008b700000, 0x000000008b700000| Complete 
| 184|0x000000008b800000, 0x000000008b900000, 0x000000008b900000|100%| E|CS|TAMS 0x000000008b800000, 0x000000008b800000| Complete 
| 185|0x000000008b900000, 0x000000008ba00000, 0x000000008ba00000|100%| E|CS|TAMS 0x000000008b900000, 0x000000008b900000| Complete 
| 186|0x000000008ba00000, 0x000000008bb00000, 0x000000008bb00000|100%| E|CS|TAMS 0x000000008ba00000, 0x000000008ba00000| Complete 
| 187|0x000000008bb00000, 0x000000008bc00000, 0x000000008bc00000|100%| E|CS|TAMS 0x000000008bb00000, 0x000000008bb00000| Complete 
| 188|0x000000008bc00000, 0x000000008bd00000, 0x000000008bd00000|100%| E|CS|TAMS 0x000000008bc00000, 0x000000008bc00000| Complete 
| 189|0x000000008bd00000, 0x000000008bdea448, 0x000000008be00000| 91%| S|CS|TAMS 0x000000008bd00000, 0x000000008bd00000| Complete 
| 190|0x000000008be00000, 0x000000008bf00000, 0x000000008bf00000|100%| E|CS|TAMS 0x000000008be00000, 0x000000008be00000| Complete 
| 191|0x000000008bf00000, 0x000000008c000000, 0x000000008c000000|100%| E|CS|TAMS 0x000000008bf00000, 0x000000008bf00000| Complete 
| 192|0x000000008c000000, 0x000000008c100000, 0x000000008c100000|100%| E|CS|TAMS 0x000000008c000000, 0x000000008c000000| Complete 
| 193|0x000000008c100000, 0x000000008c200000, 0x000000008c200000|100%| E|CS|TAMS 0x000000008c100000, 0x000000008c100000| Complete 
| 194|0x000000008c200000, 0x000000008c300000, 0x000000008c300000|100%| E|CS|TAMS 0x000000008c200000, 0x000000008c200000| Complete 

Card table byte_map: [0x0000015f627f0000,0x0000015f62bf0000] _byte_map_base: 0x0000015f623f0000

Marking Bits (Prev, Next): (CMBitMap*) 0x0000015f4e149f90, (CMBitMap*) 0x0000015f4e149fd0
 Prev Bits: [0x0000015f62ff0000, 0x0000015f64ff0000)
 Next Bits: [0x0000015f64ff0000, 0x0000015f66ff0000)

Polling page: 0x0000015f4df60000

Metaspace:

Usage:
  Non-class:     81.38 MB used.
      Class:     12.80 MB used.
       Both:     94.19 MB used.

Virtual space:
  Non-class space:       88.00 MB reserved,      81.75 MB ( 93%) committed,  11 nodes.
      Class space:        1.00 GB reserved,      13.12 MB (  1%) committed,  1 nodes.
             Both:        1.09 GB reserved,      94.88 MB (  9%) committed. 

Chunk freelists:
   Non-Class:  1.84 MB
       Class:  2.90 MB
        Both:  4.74 MB

MaxMetaspaceSize: unlimited
CompressedClassSpaceSize: 1.00 GB
Initial GC threshold: 21.00 MB
Current GC threshold: 145.88 MB
CDS: off
MetaspaceReclaimPolicy: balanced
 - commit_granule_bytes: 65536.
 - commit_granule_words: 8192.
 - virtual_space_node_default_size: 1048576.
 - enlarge_chunks_in_place: 1.
 - new_chunks_are_fully_committed: 0.
 - uncommit_free_chunks: 1.
 - use_allocation_guard: 0.
 - handle_deallocations: 1.


Internal statistics:

num_allocs_failed_limit: 9.
num_arena_births: 922.
num_arena_deaths: 4.
num_vsnodes_births: 12.
num_vsnodes_deaths: 0.
num_space_committed: 1518.
num_space_uncommitted: 0.
num_chunks_returned_to_freelist: 13.
num_chunks_taken_from_freelist: 4482.
num_chunk_merges: 3.
num_chunk_splits: 2953.
num_chunks_enlarged: 1958.
num_purges: 2.
num_inconsistent_stats: 0.

CodeHeap 'non-profiled nmethods': size=120000Kb used=4510Kb max_used=4510Kb free=115489Kb
 bounds [0x0000015f5a890000, 0x0000015f5ad00000, 0x0000015f61dc0000]
CodeHeap 'profiled nmethods': size=120000Kb used=20560Kb max_used=20560Kb free=99440Kb
 bounds [0x0000015f52dc0000, 0x0000015f541e0000, 0x0000015f5a2f0000]
CodeHeap 'non-nmethods': size=5760Kb used=2403Kb max_used=2429Kb free=3356Kb
 bounds [0x0000015f5a2f0000, 0x0000015f5a560000, 0x0000015f5a890000]
 total_blobs=11949 nmethods=11002 adapters=860
 compilation: enabled
              stopped_count=0, restarted_count=0
 full_count=0

Compilation events (20 events):
Event: 34.802 Thread 0x0000015f6a0176d0 12054       3       org.gradle.api.internal.artifacts.transform.DefaultTransformerInvocationFactory$AbstractTransformerExecution::visitOutputs (72 bytes)
Event: 34.803 Thread 0x0000015f6a0176d0 nmethod 12054 0x0000015f541cc610 code [0x0000015f541cc860, 0x0000015f541cd378]
Event: 34.826 Thread 0x0000015f6a014620 nmethod 12022% 0x0000015f5acf1390 code [0x0000015f5acf1620, 0x0000015f5acf34c0]
Event: 34.826 Thread 0x0000015f6a014620 12045       4       org.gradle.tooling.internal.provider.runner.ClientBuildEventGenerator::started (168 bytes)
Event: 34.864 Thread 0x0000015f6a014620 nmethod 12045 0x0000015f5acf4b10 code [0x0000015f5acf4d20, 0x0000015f5acf5778]
Event: 34.864 Thread 0x0000015f6a014620 12051       4       java.io.DataInputStream::readInt (72 bytes)
Event: 34.866 Thread 0x0000015f6a014620 nmethod 12051 0x0000015f5acf5f90 code [0x0000015f5acf6120, 0x0000015f5acf6278]
Event: 34.866 Thread 0x0000015f6a014620 12050       4       com.google.common.collect.ObjectArrays::checkElementNotNull (36 bytes)
Event: 34.867 Thread 0x0000015f6a014620 nmethod 12050 0x0000015f5acf6410 code [0x0000015f5acf6580, 0x0000015f5acf65f8]
Event: 34.867 Thread 0x0000015f6a014620 12056       4       com.google.common.collect.ImmutableSortedMap$Builder::build (87 bytes)
Event: 35.023 Thread 0x0000015f6a0176d0 12060       3       java.util.HashMap::clear (50 bytes)
Event: 35.024 Thread 0x0000015f6a0176d0 nmethod 12060 0x0000015f541cd790 code [0x0000015f541cd940, 0x0000015f541cdcf8]
Event: 35.030 Thread 0x0000015f6a0176d0 12062       1       org.gradle.execution.plan.WorkSource$Selection::isNoWorkReadyToStart (2 bytes)
Event: 35.031 Thread 0x0000015f6a0176d0 nmethod 12062 0x0000015f5acf6710 code [0x0000015f5acf68a0, 0x0000015f5acf6978]
Event: 35.031 Thread 0x0000015f6a0176d0 12063       1       org.gradle.execution.plan.WorkSource$Selection$3::getItem (5 bytes)
Event: 35.031 Thread 0x0000015f6a0176d0 nmethod 12063 0x0000015f5acf6a10 code [0x0000015f5acf6ba0, 0x0000015f5acf6c78]
Event: 35.039 Thread 0x0000015f6a0176d0 12064       2       org.gradle.api.internal.tasks.properties.FileParameterUtils::resolveInputFileValue (26 bytes)
Event: 35.040 Thread 0x0000015f6a0176d0 nmethod 12064 0x0000015f541cde10 code [0x0000015f541cdfc0, 0x0000015f541ce158]
Event: 35.040 Thread 0x0000015f6a0176d0 12065       2       org.gradle.api.internal.file.DefaultFileCollectionFactory::resolvingLeniently (9 bytes)
Event: 35.040 Thread 0x0000015f6a0176d0 nmethod 12065 0x0000015f541ce290 code [0x0000015f541ce460, 0x0000015f541ce708]

GC Heap History (20 events):
Event: 21.606 GC heap before
{Heap before GC invocations=30 (full 0):
 garbage-first heap   total 158720K, used 117317K [0x0000000080000000, 0x0000000100000000)
  region size 1024K, 59 young (60416K), 5 survivors (5120K)
 Metaspace       used 74325K, committed 74880K, reserved 1114112K
  class space    used 9993K, committed 10240K, reserved 1048576K
}
Event: 21.622 GC heap after
{Heap after GC invocations=31 (full 0):
 garbage-first heap   total 158720K, used 65233K [0x0000000080000000, 0x0000000100000000)
  region size 1024K, 8 young (8192K), 8 survivors (8192K)
 Metaspace       used 74325K, committed 74880K, reserved 1114112K
  class space    used 9993K, committed 10240K, reserved 1048576K
}
Event: 23.417 GC heap before
{Heap before GC invocations=31 (full 0):
 garbage-first heap   total 158720K, used 120529K [0x0000000080000000, 0x0000000100000000)
  region size 1024K, 62 young (63488K), 8 survivors (8192K)
 Metaspace       used 80151K, committed 80704K, reserved 1122304K
  class space    used 10873K, committed 11136K, reserved 1048576K
}
Event: 23.438 GC heap after
{Heap after GC invocations=32 (full 0):
 garbage-first heap   total 158720K, used 69262K [0x0000000080000000, 0x0000000100000000)
  region size 1024K, 8 young (8192K), 8 survivors (8192K)
 Metaspace       used 80151K, committed 80704K, reserved 1122304K
  class space    used 10873K, committed 11136K, reserved 1048576K
}
Event: 25.068 GC heap before
{Heap before GC invocations=32 (full 0):
 garbage-first heap   total 158720K, used 124558K [0x0000000080000000, 0x0000000100000000)
  region size 1024K, 62 young (63488K), 8 survivors (8192K)
 Metaspace       used 85130K, committed 85696K, reserved 1130496K
  class space    used 11525K, committed 11776K, reserved 1048576K
}
Event: 25.092 GC heap after
{Heap after GC invocations=33 (full 0):
 garbage-first heap   total 158720K, used 73881K [0x0000000080000000, 0x0000000100000000)
  region size 1024K, 8 young (8192K), 8 survivors (8192K)
 Metaspace       used 85130K, committed 85696K, reserved 1130496K
  class space    used 11525K, committed 11776K, reserved 1048576K
}
Event: 25.906 GC heap before
{Heap before GC invocations=33 (full 0):
 garbage-first heap   total 158720K, used 126105K [0x0000000080000000, 0x0000000100000000)
  region size 1024K, 59 young (60416K), 8 survivors (8192K)
 Metaspace       used 85765K, committed 86400K, reserved 1130496K
  class space    used 11608K, committed 11904K, reserved 1048576K
}
Event: 25.937 GC heap after
{Heap after GC invocations=34 (full 0):
 garbage-first heap   total 158720K, used 82845K [0x0000000080000000, 0x0000000100000000)
  region size 1024K, 8 young (8192K), 8 survivors (8192K)
 Metaspace       used 85765K, committed 86400K, reserved 1130496K
  class space    used 11608K, committed 11904K, reserved 1048576K
}
Event: 28.208 GC heap before
{Heap before GC invocations=34 (full 0):
 garbage-first heap   total 158720K, used 124829K [0x0000000080000000, 0x0000000100000000)
  region size 1024K, 50 young (51200K), 8 survivors (8192K)
 Metaspace       used 88143K, committed 88704K, reserved 1130496K
  class space    used 12022K, committed 12288K, reserved 1048576K
}
Event: 28.233 GC heap after
{Heap after GC invocations=35 (full 0):
 garbage-first heap   total 158720K, used 88182K [0x0000000080000000, 0x0000000100000000)
  region size 1024K, 5 young (5120K), 5 survivors (5120K)
 Metaspace       used 88143K, committed 88704K, reserved 1130496K
  class space    used 12022K, committed 12288K, reserved 1048576K
}
Event: 29.350 GC heap before
{Heap before GC invocations=36 (full 0):
 garbage-first heap   total 165888K, used 126070K [0x0000000080000000, 0x0000000100000000)
  region size 1024K, 43 young (44032K), 5 survivors (5120K)
 Metaspace       used 88315K, committed 88896K, reserved 1130496K
  class space    used 12029K, committed 12288K, reserved 1048576K
}
Event: 29.367 GC heap after
{Heap after GC invocations=37 (full 0):
 garbage-first heap   total 165888K, used 90845K [0x0000000080000000, 0x0000000100000000)
  region size 1024K, 3 young (3072K), 3 survivors (3072K)
 Metaspace       used 88315K, committed 88896K, reserved 1130496K
  class space    used 12029K, committed 12288K, reserved 1048576K
}
Event: 29.452 GC heap before
{Heap before GC invocations=37 (full 0):
 garbage-first heap   total 165888K, used 94941K [0x0000000080000000, 0x0000000100000000)
  region size 1024K, 8 young (8192K), 3 survivors (3072K)
 Metaspace       used 88352K, committed 88960K, reserved 1130496K
  class space    used 12029K, committed 12288K, reserved 1048576K
}
Event: 29.461 GC heap after
{Heap after GC invocations=38 (full 0):
 garbage-first heap   total 199680K, used 90705K [0x0000000080000000, 0x0000000100000000)
  region size 1024K, 1 young (1024K), 1 survivors (1024K)
 Metaspace       used 88352K, committed 88960K, reserved 1130496K
  class space    used 12029K, committed 12288K, reserved 1048576K
}
Event: 31.256 GC heap before
{Heap before GC invocations=38 (full 0):
 garbage-first heap   total 199680K, used 157265K [0x0000000080000000, 0x0000000100000000)
  region size 1024K, 67 young (68608K), 1 survivors (1024K)
 Metaspace       used 88954K, committed 89536K, reserved 1130496K
  class space    used 12073K, committed 12352K, reserved 1048576K
}
Event: 31.269 GC heap after
{Heap after GC invocations=39 (full 0):
 garbage-first heap   total 199680K, used 95180K [0x0000000080000000, 0x0000000100000000)
  region size 1024K, 5 young (5120K), 5 survivors (5120K)
 Metaspace       used 88954K, committed 89536K, reserved 1130496K
  class space    used 12073K, committed 12352K, reserved 1048576K
}
Event: 33.722 GC heap before
{Heap before GC invocations=40 (full 0):
 garbage-first heap   total 199680K, used 159692K [0x0000000080000000, 0x0000000100000000)
  region size 1024K, 69 young (70656K), 5 survivors (5120K)
 Metaspace       used 94631K, committed 95232K, reserved 1138688K
  class space    used 12851K, committed 13120K, reserved 1048576K
}
Event: 33.746 GC heap after
{Heap after GC invocations=41 (full 0):
 garbage-first heap   total 199680K, used 99084K [0x0000000080000000, 0x0000000100000000)
  region size 1024K, 4 young (4096K), 4 survivors (4096K)
 Metaspace       used 94631K, committed 95232K, reserved 1138688K
  class space    used 12851K, committed 13120K, reserved 1048576K
}
Event: 33.971 GC heap before
{Heap before GC invocations=41 (full 0):
 garbage-first heap   total 199680K, used 103180K [0x0000000080000000, 0x0000000100000000)
  region size 1024K, 9 young (9216K), 4 survivors (4096K)
 Metaspace       used 95168K, committed 95744K, reserved 1138688K
  class space    used 12915K, committed 13184K, reserved 1048576K
}
Event: 33.985 GC heap after
{Heap after GC invocations=42 (full 0):
 garbage-first heap   total 199680K, used 99278K [0x0000000080000000, 0x0000000100000000)
  region size 1024K, 1 young (1024K), 1 survivors (1024K)
 Metaspace       used 95168K, committed 95744K, reserved 1138688K
  class space    used 12915K, committed 13184K, reserved 1048576K
}

Dll operation events (2 events):
Event: 0.027 Loaded shared library C:\Program Files\Android\Android Studio\jbr\bin\java.dll
Event: 0.936 Loaded shared library C:\Program Files\Android\Android Studio\jbr\bin\verify.dll

Deoptimization events (20 events):
Event: 34.598 Thread 0x0000015f6cbcaac0 DEOPT PACKING pc=0x0000015f54036540 sp=0x0000001b389fc120
Event: 34.598 Thread 0x0000015f6cbcaac0 DEOPT UNPACKING pc=0x0000015f5a347124 sp=0x0000001b389fb5e0 mode 0
Event: 34.694 Thread 0x0000015f6aff1df0 DEOPT PACKING pc=0x0000015f541c386c sp=0x0000001b366fc1b0
Event: 34.694 Thread 0x0000015f6aff1df0 DEOPT UNPACKING pc=0x0000015f5a347124 sp=0x0000001b366fb708 mode 0
Event: 34.768 Thread 0x0000015f6afee430 DEOPT PACKING pc=0x0000015f541c386c sp=0x0000001b36efd790
Event: 34.768 Thread 0x0000015f6afee430 DEOPT UNPACKING pc=0x0000015f5a347124 sp=0x0000001b36efcce8 mode 0
Event: 34.828 Thread 0x0000015f6afee430 DEOPT PACKING pc=0x0000015f541c386c sp=0x0000001b36efd790
Event: 34.828 Thread 0x0000015f6afee430 DEOPT UNPACKING pc=0x0000015f5a347124 sp=0x0000001b36efcce8 mode 0
Event: 34.948 Thread 0x0000015f6afef2a0 DEOPT PACKING pc=0x0000015f541c386c sp=0x0000001b36ffd8f0
Event: 34.948 Thread 0x0000015f6afef2a0 DEOPT UNPACKING pc=0x0000015f5a347124 sp=0x0000001b36ffce48 mode 0
Event: 35.011 Thread 0x0000015f6aff1450 DEOPT PACKING pc=0x0000015f541c386c sp=0x0000001b363fbf60
Event: 35.011 Thread 0x0000015f6aff1450 DEOPT UNPACKING pc=0x0000015f5a347124 sp=0x0000001b363fb4b8 mode 0
Event: 35.031 Thread 0x0000015f6cbcaac0 Uncommon trap: trap_request=0xffffff45 fr.pc=0x0000015f5acf5518 relative=0x00000000000007f8
Event: 35.031 Thread 0x0000015f6cbcaac0 Uncommon trap: reason=unstable_if action=reinterpret pc=0x0000015f5acf5518 method=org.gradle.tooling.internal.provider.runner.ClientBuildEventGenerator.started(Lorg/gradle/internal/operations/BuildOperationDescriptor;Lorg/gradle/internal/operations/Operat
Event: 35.031 Thread 0x0000015f6cbcaac0 DEOPT PACKING pc=0x0000015f5acf5518 sp=0x0000001b389fe990
Event: 35.031 Thread 0x0000015f6cbcaac0 DEOPT UNPACKING pc=0x0000015f5a34699d sp=0x0000001b389fe948 mode 2
Event: 35.038 Thread 0x0000015f6af20160 Uncommon trap: trap_request=0xffffff45 fr.pc=0x0000015f5aaf2c9c relative=0x000000000000129c
Event: 35.038 Thread 0x0000015f6af20160 Uncommon trap: reason=unstable_if action=reinterpret pc=0x0000015f5aaf2c9c method=java.io.BufferedReader.readLine(Z[Z)Ljava/lang/String; @ 209 c2
Event: 35.038 Thread 0x0000015f6af20160 DEOPT PACKING pc=0x0000015f5aaf2c9c sp=0x0000001b38fff320
Event: 35.038 Thread 0x0000015f6af20160 DEOPT UNPACKING pc=0x0000015f5a34699d sp=0x0000001b38fff2f0 mode 2

Classes unloaded (2 events):
Event: 31.593 Thread 0x0000015f695da9e0 Unloading class 0x0000000100bfc800 'java/lang/invoke/LambdaForm$DMH+0x0000000100bfc800'
Event: 31.593 Thread 0x0000015f695da9e0 Unloading class 0x0000000100bfc400 'java/lang/invoke/LambdaForm$DMH+0x0000000100bfc400'

Classes redefined (0 events):
No events

Internal exceptions (20 events):
Event: 27.453 Thread 0x0000015f6cbd14a0 Exception <a 'java/lang/NoSuchMethodError'{0x000000008821de10}: 'java.lang.Object java.lang.invoke.DirectMethodHandle$Holder.invokeSpecialIFC(java.lang.Object, java.lang.Object, java.lang.Object)'> (0x000000008821de10) 
thrown [s\src\hotspot\share\interpreter\linkResolver.cpp, line 771]
Event: 27.452 Thread 0x0000015f6aff3600 Exception <a 'java/lang/NoSuchMethodError'{0x00000000882868c8}: 'java.lang.Object java.lang.invoke.DirectMethodHandle$Holder.invokeSpecialIFC(java.lang.Object, java.lang.Object, java.lang.Object)'> (0x00000000882868c8) 
thrown [s\src\hotspot\share\interpreter\linkResolver.cpp, line 771]
Event: 27.672 Thread 0x0000015f6aff0110 Exception <a 'java/lang/NoSuchMethodError'{0x0000000087fcc250}: 'void java.lang.invoke.DirectMethodHandle$Holder.invokeVirtual(java.lang.Object, java.lang.Object)'> (0x0000000087fcc250) 
thrown [s\src\hotspot\share\interpreter\linkResolver.cpp, line 771]
Event: 29.334 Thread 0x0000015f6aff0f80 Implicit null exception at 0x0000015f5ac32704 to 0x0000015f5ac32888
Event: 29.545 Thread 0x0000015f6cbd14a0 Exception <a 'java/lang/NoSuchMethodError'{0x000000008be82608}: 'void java.lang.invoke.DirectMethodHandle$Holder.invokeInterface(java.lang.Object, java.lang.Object, java.lang.Object, java.lang.Object)'> (0x000000008be82608) 
thrown [s\src\hotspot\share\interpreter\linkResolver.cpp, line 771]
Event: 31.041 Thread 0x0000015f6cbd0b00 Exception <a 'java/lang/NoSuchMethodError'{0x0000000088b89a50}: static Lcom/android/build/gradle/internal/scope/InternalArtifactType;.<clinit>()V> (0x0000000088b89a50) 
thrown [s\src\hotspot\share\prims\jni.cpp, line 1108]
Event: 31.042 Thread 0x0000015f6cbd0b00 Exception <a 'java/lang/NoSuchMethodError'{0x0000000088b8b1a8}: static Lcom/android/build/gradle/internal/scope/InternalArtifactType;.<clinit>()V> (0x0000000088b8b1a8) 
thrown [s\src\hotspot\share\prims\jni.cpp, line 1108]
Event: 31.042 Thread 0x0000015f6cbd0b00 Exception <a 'java/lang/NoSuchMethodError'{0x0000000088b8e5a8}: static Lcom/android/build/api/artifact/Artifact$Single;.<clinit>()V> (0x0000000088b8e5a8) 
thrown [s\src\hotspot\share\prims\jni.cpp, line 1108]
Event: 31.042 Thread 0x0000015f6cbd0b00 Exception <a 'java/lang/NoSuchMethodError'{0x0000000088b90b38}: static Ljava/lang/Object;.<clinit>()V> (0x0000000088b90b38) 
thrown [s\src\hotspot\share\prims\jni.cpp, line 1108]
Event: 31.045 Thread 0x0000015f6cbd0b00 Exception <a 'java/lang/NoSuchMethodError'{0x0000000088ba6e30}: static Lcom/android/build/api/artifact/ArtifactKind;.<clinit>()V> (0x0000000088ba6e30) 
thrown [s\src\hotspot\share\prims\jni.cpp, line 1108]
Event: 31.045 Thread 0x0000015f6cbd0b00 Exception <a 'java/lang/NoSuchMethodError'{0x0000000088ba7ff0}: static Lcom/android/build/api/artifact/ArtifactKind;.<clinit>()V> (0x0000000088ba7ff0) 
thrown [s\src\hotspot\share\prims\jni.cpp, line 1108]
Event: 32.240 Thread 0x0000015f6cbd0b00 Implicit null exception at 0x0000015f5a8e4df2 to 0x0000015f5a8e53a4
Event: 34.245 Thread 0x0000015f6cbd0b00 Exception <a 'java/lang/NoSuchMethodError'{0x000000008bc238a8}: static Lorg/jetbrains/kotlin/incremental/ChangedFiles$Known;.<clinit>()V> (0x000000008bc238a8) 
thrown [s\src\hotspot\share\prims\jni.cpp, line 1108]
Event: 34.249 Thread 0x0000015f6cbd0b00 Exception <a 'java/lang/NoSuchMethodError'{0x000000008bc42220}: static Lorg/jetbrains/kotlin/incremental/ClasspathChanges;.<clinit>()V> (0x000000008bc42220) 
thrown [s\src\hotspot\share\prims\jni.cpp, line 1108]
Event: 34.250 Thread 0x0000015f6cbd0b00 Exception <a 'java/lang/NoSuchMethodError'{0x000000008bc43a28}: static Lorg/jetbrains/kotlin/incremental/ClasspathChanges;.<clinit>()V> (0x000000008bc43a28) 
thrown [s\src\hotspot\share\prims\jni.cpp, line 1108]
Event: 34.264 Thread 0x0000015f6cbd0b00 Exception <a 'java/lang/NoSuchMethodError'{0x000000008bc9cf50}: static Lorg/jetbrains/kotlin/build/report/metrics/BuildMetricsReporterImpl;.<clinit>()V> (0x000000008bc9cf50) 
thrown [s\src\hotspot\share\prims\jni.cpp, line 1108]
Event: 34.738 Thread 0x0000015f6af1aac0 Exception <a 'java/lang/NoSuchMethodError'{0x000000008a779650}: 'void java.lang.invoke.DirectMethodHandle$Holder.invokeStatic(java.lang.Object, long)'> (0x000000008a779650) 
thrown [s\src\hotspot\share\interpreter\linkResolver.cpp, line 771]
Event: 34.739 Thread 0x0000015f6af1aac0 Exception <a 'java/lang/NoSuchMethodError'{0x000000008a77ee58}: 'java.lang.Object java.lang.invoke.DirectMethodHandle$Holder.newInvokeSpecial(java.lang.Object, long)'> (0x000000008a77ee58) 
thrown [s\src\hotspot\share\interpreter\linkResolver.cpp, line 771]
Event: 34.743 Thread 0x0000015f6af1aac0 Exception <a 'java/lang/NoSuchMethodError'{0x000000008a7a6ba8}: 'java.lang.Object java.lang.invoke.DirectMethodHandle$Holder.invokeStatic(java.lang.Object, java.lang.Object, long, java.lang.Object)'> (0x000000008a7a6ba8) 
thrown [s\src\hotspot\share\interpreter\linkResolver.cpp, line 771]
Event: 34.744 Thread 0x0000015f6af1aac0 Exception <a 'java/lang/NoSuchMethodError'{0x000000008a7aa8e8}: 'java.lang.Object java.lang.invoke.DirectMethodHandle$Holder.invokeStaticInit(java.lang.Object, java.lang.Object, long, java.lang.Object)'> (0x000000008a7aa8e8) 
thrown [s\src\hotspot\share\interpreter\linkResolver.cpp, line 771]

VM Operations (20 events):
Event: 31.255 Executing VM operation: G1CollectForAllocation
Event: 31.269 Executing VM operation: G1CollectForAllocation done
Event: 31.592 Executing VM operation: G1Concurrent
Event: 31.609 Executing VM operation: G1Concurrent done
Event: 31.737 Executing VM operation: G1Concurrent
Event: 31.738 Executing VM operation: G1Concurrent done
Event: 31.856 Executing VM operation: HandshakeAllThreads
Event: 31.856 Executing VM operation: HandshakeAllThreads done
Event: 32.867 Executing VM operation: Cleanup
Event: 32.868 Executing VM operation: Cleanup done
Event: 33.721 Executing VM operation: G1CollectForAllocation
Event: 33.746 Executing VM operation: G1CollectForAllocation done
Event: 33.971 Executing VM operation: G1CollectForAllocation
Event: 33.986 Executing VM operation: G1CollectForAllocation done
Event: 34.058 Executing VM operation: HandshakeAllThreads
Event: 34.058 Executing VM operation: HandshakeAllThreads done
Event: 34.597 Executing VM operation: HandshakeAllThreads
Event: 34.598 Executing VM operation: HandshakeAllThreads done
Event: 34.747 Executing VM operation: HandshakeAllThreads
Event: 34.748 Executing VM operation: HandshakeAllThreads done

Events (20 events):
Event: 34.712 Loaded shared library C:\Users\CHEBICHEB KHEIREDDIN\AppData\Local\Temp\native-platform3565350274637060213dir\native-platform.dll
Event: 34.726 loading class java/lang/ProcessImpl
Event: 34.728 loading class java/lang/ProcessImpl done
Event: 34.740 loading class java/lang/ProcessHandleImpl
Event: 34.741 loading class java/lang/ProcessHandleImpl done
Event: 34.745 loading class java/lang/ProcessImpl$2
Event: 34.745 loading class java/lang/ProcessImpl$2 done
Event: 34.745 loading class java/lang/Process$PipeInputStream
Event: 34.745 loading class java/lang/Process$PipeInputStream done
Event: 34.748 loading class java/lang/ProcessBuilder$NullInputStream
Event: 34.748 loading class java/lang/ProcessBuilder$NullInputStream done
Event: 34.748 loading class jdk/internal/event/ProcessStartEvent
Event: 34.748 loading class jdk/internal/event/ProcessStartEvent done
Event: 34.749 loading class java/util/concurrent/Semaphore
Event: 34.749 loading class java/util/concurrent/Semaphore done
Event: 34.749 loading class java/util/concurrent/Semaphore$NonfairSync
Event: 34.749 loading class java/util/concurrent/Semaphore$Sync
Event: 34.749 loading class java/util/concurrent/Semaphore$Sync done
Event: 34.749 loading class java/util/concurrent/Semaphore$NonfairSync done
Event: 34.752 Thread 0x0000015f6af20160 Thread added: 0x0000015f6af20160


Dynamic libraries:
0x00007ff7d99d0000 - 0x00007ff7d99da000 	C:\Program Files\Android\Android Studio\jbr\bin\java.exe
0x00007ff8b72f0000 - 0x00007ff8b74e8000 	C:\Windows\SYSTEM32\ntdll.dll
0x00007ff8b68d0000 - 0x00007ff8b698d000 	C:\Windows\System32\KERNEL32.DLL
0x00007ff8b4fb0000 - 0x00007ff8b52a6000 	C:\Windows\System32\KERNELBASE.dll
0x00007ff8b4d80000 - 0x00007ff8b4e80000 	C:\Windows\System32\ucrtbase.dll
0x00007ff84a8d0000 - 0x00007ff84a8e7000 	C:\Program Files\Android\Android Studio\jbr\bin\jli.dll
0x00007ff8a7b90000 - 0x00007ff8a7bab000 	C:\Program Files\Android\Android Studio\jbr\bin\VCRUNTIME140.dll
0x00007ff8b64b0000 - 0x00007ff8b664e000 	C:\Windows\System32\USER32.dll
0x00007ff8a7eb0000 - 0x00007ff8a814a000 	C:\Windows\WinSxS\amd64_microsoft.windows.common-controls_6595b64144ccf1df_6.0.19041.3636_none_60b6a03d71f818d5\COMCTL32.dll
0x00007ff8b4b30000 - 0x00007ff8b4b52000 	C:\Windows\System32\win32u.dll
0x00007ff8b6fb0000 - 0x00007ff8b704e000 	C:\Windows\System32\msvcrt.dll
0x00007ff8b6cf0000 - 0x00007ff8b6d1c000 	C:\Windows\System32\GDI32.dll
0x00007ff8b4c60000 - 0x00007ff8b4d7a000 	C:\Windows\System32\gdi32full.dll
0x00007ff8b4e80000 - 0x00007ff8b4f1d000 	C:\Windows\System32\msvcp_win.dll
0x00007ff8b5fa0000 - 0x00007ff8b5fd0000 	C:\Windows\System32\IMM32.DLL
0x00007ff8b0a10000 - 0x00007ff8b0a1c000 	C:\Program Files\Android\Android Studio\jbr\bin\vcruntime140_1.dll
0x00007ff8a1240000 - 0x00007ff8a12cd000 	C:\Program Files\Android\Android Studio\jbr\bin\msvcp140.dll
0x00007ff84b2e0000 - 0x00007ff84bf4e000 	C:\Program Files\Android\Android Studio\jbr\bin\server\jvm.dll
0x00007ff8b6e30000 - 0x00007ff8b6edf000 	C:\Windows\System32\ADVAPI32.dll
0x00007ff8b5f00000 - 0x00007ff8b5f9c000 	C:\Windows\System32\sechost.dll
0x00007ff8b5350000 - 0x00007ff8b5476000 	C:\Windows\System32\RPCRT4.dll
0x00007ff8acee0000 - 0x00007ff8acf07000 	C:\Windows\SYSTEM32\WINMM.dll
0x00007ff8a4690000 - 0x00007ff8a469a000 	C:\Windows\SYSTEM32\VERSION.dll
0x00007ff8593e0000 - 0x00007ff8593e9000 	C:\Windows\SYSTEM32\WSOCK32.dll
0x00007ff8b6440000 - 0x00007ff8b64ab000 	C:\Windows\System32\ws2_32.DLL
0x00007ff8b2890000 - 0x00007ff8b28a2000 	C:\Windows\SYSTEM32\kernel.appcore.dll
0x00007ff858ed0000 - 0x00007ff858eda000 	C:\Program Files\Android\Android Studio\jbr\bin\jimage.dll
0x00007ff8a0ba0000 - 0x00007ff8a0d84000 	C:\Windows\SYSTEM32\DBGHELP.DLL
0x00007ff8a36c0000 - 0x00007ff8a36f4000 	C:\Windows\SYSTEM32\dbgcore.DLL
0x00007ff8b4f20000 - 0x00007ff8b4fa2000 	C:\Windows\System32\bcryptPrimitives.dll
0x00007ff856880000 - 0x00007ff8568a5000 	C:\Program Files\Android\Android Studio\jbr\bin\java.dll
0x00007ff856860000 - 0x00007ff856878000 	C:\Program Files\Android\Android Studio\jbr\bin\zip.dll
0x00007ff8b5560000 - 0x00007ff8b5ca4000 	C:\Windows\System32\SHELL32.dll
0x00007ff8b2a90000 - 0x00007ff8b322b000 	C:\Windows\SYSTEM32\windows.storage.dll
0x00007ff8b6990000 - 0x00007ff8b6ce4000 	C:\Windows\System32\combase.dll
0x00007ff8b4410000 - 0x00007ff8b443d000 	C:\Windows\SYSTEM32\Wldp.dll
0x00007ff8b6730000 - 0x00007ff8b67dd000 	C:\Windows\System32\SHCORE.dll
0x00007ff8b54a0000 - 0x00007ff8b54f5000 	C:\Windows\System32\shlwapi.dll
0x00007ff8b4900000 - 0x00007ff8b4925000 	C:\Windows\SYSTEM32\profapi.dll
0x00007ff84aee0000 - 0x00007ff84aef9000 	C:\Program Files\Android\Android Studio\jbr\bin\net.dll
0x00007ff8ad6f0000 - 0x00007ff8ad7fa000 	C:\Windows\SYSTEM32\WINHTTP.dll
0x00007ff8b4100000 - 0x00007ff8b416a000 	C:\Windows\system32\mswsock.dll
0x00007ff84aec0000 - 0x00007ff84aed6000 	C:\Program Files\Android\Android Studio\jbr\bin\nio.dll
0x00007ff84aac0000 - 0x00007ff84aad0000 	C:\Program Files\Android\Android Studio\jbr\bin\verify.dll
0x00007ff8a71c0000 - 0x00007ff8a71e7000 	C:\Users\CHEBICHEB KHEIREDDIN\.gradle\native\e1d6ef7f7dcc3fd88c89a11ec53ec762bb8ba0a96d01ffa2cd45eb1d1d8dd5c5\windows-amd64\native-platform.dll
0x00007ff8a10f0000 - 0x00007ff8a1234000 	C:\Users\CHEBICHEB KHEIREDDIN\.gradle\native\0d407fdbe67a94daf76414ababcb853783967236a71b16ec16e742cd7a986fd3\windows-amd64\native-platform-file-events.dll
0x00007ff84aa70000 - 0x00007ff84aa79000 	C:\Program Files\Android\Android Studio\jbr\bin\management.dll
0x00007ff84aa60000 - 0x00007ff84aa6b000 	C:\Program Files\Android\Android Studio\jbr\bin\management_ext.dll
0x00007ff8b5480000 - 0x00007ff8b5488000 	C:\Windows\System32\PSAPI.DLL
0x00007ff8b4370000 - 0x00007ff8b4388000 	C:\Windows\SYSTEM32\CRYPTSP.dll
0x00007ff8b39d0000 - 0x00007ff8b3a04000 	C:\Windows\system32\rsaenh.dll
0x00007ff8b52b0000 - 0x00007ff8b52d7000 	C:\Windows\System32\bcrypt.dll
0x00007ff8b48c0000 - 0x00007ff8b48ee000 	C:\Windows\SYSTEM32\USERENV.dll
0x00007ff8b4360000 - 0x00007ff8b436c000 	C:\Windows\SYSTEM32\CRYPTBASE.dll
0x00007ff8b3df0000 - 0x00007ff8b3e2b000 	C:\Windows\SYSTEM32\IPHLPAPI.DLL
0x00007ff8b5490000 - 0x00007ff8b5498000 	C:\Windows\System32\NSI.dll
0x00007ff8ae6c0000 - 0x00007ff8ae6d7000 	C:\Windows\SYSTEM32\dhcpcsvc6.DLL
0x00007ff8ae660000 - 0x00007ff8ae67d000 	C:\Windows\SYSTEM32\dhcpcsvc.DLL
0x00007ff8b3e30000 - 0x00007ff8b3efa000 	C:\Windows\SYSTEM32\DNSAPI.dll
0x00007ff896420000 - 0x00007ff896427000 	C:\Windows\system32\wshunix.dll
0x00007ff86f760000 - 0x00007ff86f777000 	C:\Windows\system32\napinsp.dll
0x00007ff86f740000 - 0x00007ff86f75b000 	C:\Windows\system32\pnrpnsp.dll
0x00007ff8b1040000 - 0x00007ff8b1055000 	C:\Windows\system32\wshbth.dll
0x00007ff8b06e0000 - 0x00007ff8b06fd000 	C:\Windows\system32\NLAapi.dll
0x00007ff859020000 - 0x00007ff859032000 	C:\Windows\System32\winrnr.dll
0x0000000074d80000 - 0x0000000074da6000 	C:\Program Files\Bonjour\mdnsNSP.dll
0x00007ff8adc10000 - 0x00007ff8adc1a000 	C:\Windows\System32\rasadhlp.dll
0x00007ff8aad70000 - 0x00007ff8aadf0000 	C:\Windows\System32\fwpuclnt.dll
0x00007ff8a6e60000 - 0x00007ff8a6e7e000 	C:\Users\CHEBICHEB KHEIREDDIN\AppData\Local\Temp\native-platform3565350274637060213dir\native-platform.dll

dbghelp: loaded successfully - version: 4.0.5 - missing functions: none
symbol engine: initialized successfully - sym options: 0x614 - pdb path: .;C:\Program Files\Android\Android Studio\jbr\bin;C:\Windows\SYSTEM32;C:\Windows\WinSxS\amd64_microsoft.windows.common-controls_6595b64144ccf1df_6.0.19041.3636_none_60b6a03d71f818d5;C:\Program Files\Android\Android Studio\jbr\bin\server;C:\Users\CHEBICHEB KHEIREDDIN\.gradle\native\e1d6ef7f7dcc3fd88c89a11ec53ec762bb8ba0a96d01ffa2cd45eb1d1d8dd5c5\windows-amd64;C:\Users\CHEBICHEB KHEIREDDIN\.gradle\native\0d407fdbe67a94daf76414ababcb853783967236a71b16ec16e742cd7a986fd3\windows-amd64;C:\Program Files\Bonjour;C:\Users\CHEBICHEB KHEIREDDIN\AppData\Local\Temp\native-platform3565350274637060213dir

VM Arguments:
jvm_args: --add-opens=java.base/java.util=ALL-UNNAMED --add-opens=java.base/java.lang=ALL-UNNAMED --add-opens=java.base/java.lang.invoke=ALL-UNNAMED --add-opens=java.base/java.util=ALL-UNNAMED --add-opens=java.prefs/java.util.prefs=ALL-UNNAMED --add-opens=java.prefs/java.util.prefs=ALL-UNNAMED --add-opens=java.base/java.nio.charset=ALL-UNNAMED --add-opens=java.base/java.net=ALL-UNNAMED --add-opens=java.base/java.util.concurrent.atomic=ALL-UNNAMED -Xmx2048m -Dfile.encoding=UTF-8 -Duser.country=US -Duser.language=en -Duser.variant 
java_command: org.gradle.launcher.daemon.bootstrap.GradleDaemon 7.5
java_class_path (initial): C:\Users\CHEBICHEB KHEIREDDIN\.gradle\wrapper\dists\gradle-7.5-bin\f1w0cc9nuo0eivz97x2xlu9sv\gradle-7.5\lib\gradle-launcher-7.5.jar
Launcher Type: SUN_STANDARD

[Global flags]
     intx CICompilerCount                          = 3                                         {product} {ergonomic}
     uint ConcGCThreads                            = 1                                         {product} {ergonomic}
     uint G1ConcRefinementThreads                  = 4                                         {product} {ergonomic}
   size_t G1HeapRegionSize                         = 1048576                                   {product} {ergonomic}
    uintx GCDrainStackTargetSize                   = 64                                        {product} {ergonomic}
   size_t InitialHeapSize                          = 132120576                                 {product} {ergonomic}
   size_t MarkStackSize                            = 4194304                                   {product} {ergonomic}
   size_t MaxHeapSize                              = 2147483648                                {product} {command line}
   size_t MaxNewSize                               = 1287651328                                {product} {ergonomic}
   size_t MinHeapDeltaBytes                        = 1048576                                   {product} {ergonomic}
   size_t MinHeapSize                              = 8388608                                   {product} {ergonomic}
    uintx NonNMethodCodeHeapSize                   = 5832780                                {pd product} {ergonomic}
    uintx NonProfiledCodeHeapSize                  = 122912730                              {pd product} {ergonomic}
    uintx ProfiledCodeHeapSize                     = 122912730                              {pd product} {ergonomic}
    uintx ReservedCodeCacheSize                    = 251658240                              {pd product} {ergonomic}
     bool SegmentedCodeCache                       = true                                      {product} {ergonomic}
   size_t SoftMaxHeapSize                          = 2147483648                             {manageable} {ergonomic}
     bool UseCompressedClassPointers               = true                           {product lp64_product} {ergonomic}
     bool UseCompressedOops                        = true                           {product lp64_product} {ergonomic}
     bool UseG1GC                                  = true                                      {product} {ergonomic}
     bool UseLargePagesIndividualAllocation        = false                                  {pd product} {ergonomic}

Logging:
Log output configuration:
 #0: stdout all=warning uptime,level,tags
 #1: stderr all=off uptime,level,tags

Environment Variables:
CLASSPATH=C:\oracle\product\10.2.0\db_1\jdbc\lib
PATH=C:\Program Files (x86)\VMware\VMware Workstation\bin\;C:\Program Files (x86)\Common Files\Oracle\Java\javapath;C:\Program Files\Common Files\Oracle\Java\javapath;C:\Windows\system32;C:\Windows;C:\Windows\System32\Wbem;C:\Windows\System32\WindowsPowerShell\v1.0\;C:\Windows\System32\OpenSSH\;C:\OCaml64\home\YCF\.opam\4.14.0+mingw64c\bin;C:\instantclient-basic\instantclient_12_1;C:\OCaml64\home\YCF\.opam\4.14.0+mingw64c\bin;C:\Program Files\Java\jdk-15.0.1\bin\javaw.exe;C:\OCaml64\usr\local\bin\opam.exe;C:\Program Files\Java\jdk1.8.0_351\bin;C:\Program Files\TortoiseGit\bin;C:\Program Files\Git\cmd;C:\Users\CHEBICHEB KHEIREDDIN\AppData\Local\Programs\Python\Python312\Scripts\;C:\Users\CHEBICHEB KHEIREDDIN\AppData\Local\Programs\Python\Python312\;C:\Users\CHEBICHEB KHEIREDDIN\AppData\Local\Programs\Python\Python310\Scripts\;C:\Users\CHEBICHEB KHEIREDDIN\AppData\Local\Programs\Python\Python310\;C:\Users\CHEBICHEB KHEIREDDIN\AppData\Local\Microsoft\WindowsApps;C:\OCaml64\home\YCF\.opam\4.14.0+mingw64c\bin;C:\Users\CHEBICHEB KHEIREDDIN\AppData\Local\Programs\Microsoft VS Code\bin;C:\OCaml64\home\CHEBICHEBKHEIREDDIN\.opam\4.14.0+mingw64c\bin;C:\Program Files\Java\jdk1.8.0_351\bin;;C:\Program Files\JetBrains\IntelliJ IDEA 2021.3\bin;
USERNAME=CHEBICHEB KHEIREDDIN
OS=Windows_NT
PROCESSOR_IDENTIFIER=Intel64 Family 6 Model 37 Stepping 5, GenuineIntel
TMP=C:\Users\CHEBIC~1\AppData\Local\Temp
TEMP=C:\Users\CHEBIC~1\AppData\Local\Temp


JNI global refs:
JNI global refs: 24, weak refs: 7

JNI global refs memory usage: 843, weak refs: 841


---------------  S Y S T E M  ---------------

OS:
 Windows 10 , 64 bit Build 19041 (10.0.19041.3636)
OS uptime: 0 days 0:54 hours

CPU: total 4 (initial active 4) (2 cores per cpu, 2 threads per core) family 6 model 37 stepping 5 microcode 0x7, cx8, cmov, fxsr, ht, mmx, sse, sse2, sse3, ssse3, sse4.1, sse4.2, popcnt, tsc, tscinvbit, aes, clmul, clflush

Memory: 4k page, system-wide physical 7983M (76M free)
TotalPageFile size 11480M (AvailPageFile size 17M)
current process WorkingSet (physical memory assigned to process): 428M, peak: 428M
current process commit charge ("private bytes"): 462M, peak: 463M

vm_info: OpenJDK 64-Bit Server VM (17.0.6+0-b2043.56-10027231) for windows-amd64 JRE (17.0.6+0-b2043.56-10027231), built on Apr 28 2023 00:43:19 by "androidbuild" with MS VC++ 16.10 / 16.11 (VS2019)

END.
