#
# There is insufficient memory for the Java Runtime Environment to continue.
# Native memory allocation (mmap) failed to map 109051904 bytes for G1 virtual space
# Possible reasons:
#   The system is out of physical RAM or swap space
#   The process is running with CompressedOops enabled, and the Java Heap may be blocking the growth of the native heap
# Possible solutions:
#   Reduce memory load on the system
#   Increase physical memory or swap space
#   Check if swap backing store is full
#   Decrease Java heap size (-Xmx/-Xms)
#   Decrease number of Java threads
#   Decrease Java thread stack sizes (-Xss)
#   Set larger code cache with -XX:ReservedCodeCacheSize=
#   JVM is running with Unscaled Compressed Oops mode in which the Java heap is
#     placed in the first 4GB address space. The Java Heap base address is the
#     maximum limit for the native heap growth. Please use -XX:HeapBaseMinAddress
#     to set the Java Heap base and to place the Java Heap above 4GB virtual address.
# This output file may be truncated or incomplete.
#
#  Out of Memory Error (os_windows.cpp:3769), pid=9176, tid=6152
#
# JRE version: OpenJDK Runtime Environment (17.0.6) (build 17.0.6+0-b2043.56-10027231)
# Java VM: OpenJDK 64-Bit Server VM (17.0.6+0-b2043.56-10027231, mixed mode, tiered, compressed oops, compressed class ptrs, g1 gc, windows-amd64)
# No core dump will be written. Minidumps are not enabled by default on client versions of Windows
#

---------------  S U M M A R Y ------------

Command Line: --add-opens=java.base/java.util=ALL-UNNAMED --add-opens=java.base/java.lang=ALL-UNNAMED --add-opens=java.base/java.lang.invoke=ALL-UNNAMED --add-opens=java.base/java.util=ALL-UNNAMED --add-opens=java.prefs/java.util.prefs=ALL-UNNAMED --add-opens=java.prefs/java.util.prefs=ALL-UNNAMED --add-opens=java.base/java.nio.charset=ALL-UNNAMED --add-opens=java.base/java.net=ALL-UNNAMED --add-opens=java.base/java.util.concurrent.atomic=ALL-UNNAMED -Xmx2048m -Dfile.encoding=UTF-8 -Duser.country=US -Duser.language=en -Duser.variant org.gradle.launcher.daemon.bootstrap.GradleDaemon 7.5

Host: Intel(R) Core(TM) i5 CPU       M 520  @ 2.40GHz, 4 cores, 7G,  Windows 10 , 64 bit Build 19041 (10.0.19041.3636)
Time: Tue Dec 12 02:30:54 2023 W. Europe Standard Time elapsed time: 16.214431 seconds (0d 0h 0m 16s)

---------------  T H R E A D  ---------------

Current thread (0x00000200fe6f1bf0):  VMThread "VM Thread" [stack: 0x00000072ade00000,0x00000072adf00000] [id=6152]

Stack: [0x00000072ade00000,0x00000072adf00000]
Native frames: (J=compiled Java code, j=interpreted, Vv=VM code, C=native code)
V  [jvm.dll+0x683c9a]
V  [jvm.dll+0x8427a4]
V  [jvm.dll+0x843f9e]
V  [jvm.dll+0x844603]
V  [jvm.dll+0x249b75]
V  [jvm.dll+0x680b69]
V  [jvm.dll+0x67505a]
V  [jvm.dll+0x309acb]
V  [jvm.dll+0x310f86]
V  [jvm.dll+0x3608ee]
V  [jvm.dll+0x360b1f]
V  [jvm.dll+0x2dfbf8]
V  [jvm.dll+0x2ddec4]
V  [jvm.dll+0x2dd4cc]
V  [jvm.dll+0x321f3b]
V  [jvm.dll+0x848ccb]
V  [jvm.dll+0x849a04]
V  [jvm.dll+0x849f1d]
V  [jvm.dll+0x84a2f4]
V  [jvm.dll+0x84a3c0]
V  [jvm.dll+0x7f274a]
V  [jvm.dll+0x682ad5]
C  [ucrtbase.dll+0x21bb2]
C  [KERNEL32.DLL+0x17344]
C  [ntdll.dll+0x526b1]

VM_Operation (0x00000072af5f7be0): G1CollectForAllocation, mode: safepoint, requested by thread 0x0000020087ddad80


---------------  P R O C E S S  ---------------

Threads class SMR info:
_java_thread_list=0x000002008916f880, length=81, elements={
0x00000200eb10b130, 0x00000200fe6c2710, 0x00000200fe6c3c30, 0x00000200ff100080,
0x00000200ff103670, 0x00000200ff1046d0, 0x00000200ff105730, 0x00000200ff10af90,
0x00000200ff10d8a0, 0x00000200ff12af90, 0x00000200ff282600, 0x00000200ff299e20,
0x0000020087b50130, 0x00000200880177e0, 0x0000020088407a50, 0x00000200878f4a40,
0x0000020088ba09d0, 0x0000020087a02060, 0x0000020087ddad80, 0x0000020086920ab0,
0x0000020086923600, 0x0000020086923ad0, 0x0000020086920f80, 0x0000020086923fa0,
0x0000020086922790, 0x0000020086921920, 0x0000020086921df0, 0x0000020086924470,
0x0000020086922c60, 0x0000020086923130, 0x0000020088fa25d0, 0x0000020088f9ff50,
0x0000020088fa0dc0, 0x0000020088fa0420, 0x0000020088fa2aa0, 0x0000020088fa08f0,
0x0000020088f9fa80, 0x0000020088fa1c30, 0x000002008626e220, 0x000002008626fa30,
0x00000200862708a0, 0x000002008626ebc0, 0x000002008626ff00, 0x00000200862703d0,
0x0000020086270d70, 0x0000020086271240, 0x0000020086271710, 0x000002008626dd50,
0x00000200860535a0, 0x00000200860530d0, 0x00000200860518c0, 0x0000020086050a50,
0x0000020086053a70, 0x0000020086052730, 0x00000200860500b0, 0x0000020086051d90,
0x0000020086050580, 0x0000020086052c00, 0x0000020086050f20, 0x00000200860513f0,
0x0000020086052260, 0x00000200ff499800, 0x00000200ff49a1a0, 0x00000200ff49c350,
0x00000200ff49b9b0, 0x00000200ff499330, 0x00000200ff499cd0, 0x00000200ff49b010,
0x00000200ff498e60, 0x00000200ff49be80, 0x00000200ff49c820, 0x00000200ff49a670,
0x00000200ff49ab40, 0x00000200ff49b4e0, 0x00000200895f4aa0, 0x00000200895f7f90,
0x00000200895f6780, 0x00000200895f5910, 0x00000200895f8460, 0x00000200895fa610,
0x00000200895f75f0
}

Java Threads: ( => current thread )
  0x00000200eb10b130 JavaThread "main" [_thread_blocked, id=3756, stack(0x00000072ad800000,0x00000072ad900000)]
  0x00000200fe6c2710 JavaThread "Reference Handler" daemon [_thread_blocked, id=5172, stack(0x00000072adf00000,0x00000072ae000000)]
  0x00000200fe6c3c30 JavaThread "Finalizer" daemon [_thread_blocked, id=9472, stack(0x00000072ae000000,0x00000072ae100000)]
  0x00000200ff100080 JavaThread "Signal Dispatcher" daemon [_thread_blocked, id=672, stack(0x00000072ae100000,0x00000072ae200000)]
  0x00000200ff103670 JavaThread "Attach Listener" daemon [_thread_blocked, id=6560, stack(0x00000072ae200000,0x00000072ae300000)]
  0x00000200ff1046d0 JavaThread "Service Thread" daemon [_thread_blocked, id=9720, stack(0x00000072ae300000,0x00000072ae400000)]
  0x00000200ff105730 JavaThread "Monitor Deflation Thread" daemon [_thread_blocked, id=8408, stack(0x00000072ae400000,0x00000072ae500000)]
  0x00000200ff10af90 JavaThread "C2 CompilerThread0" daemon [_thread_blocked, id=11176, stack(0x00000072ae500000,0x00000072ae600000)]
  0x00000200ff10d8a0 JavaThread "C1 CompilerThread0" daemon [_thread_blocked, id=11752, stack(0x00000072ae600000,0x00000072ae700000)]
  0x00000200ff12af90 JavaThread "Sweeper thread" daemon [_thread_blocked, id=5888, stack(0x00000072ae700000,0x00000072ae800000)]
  0x00000200ff282600 JavaThread "Common-Cleaner" daemon [_thread_blocked, id=3464, stack(0x00000072ae800000,0x00000072ae900000)]
  0x00000200ff299e20 JavaThread "Notification Thread" daemon [_thread_blocked, id=7628, stack(0x00000072ae900000,0x00000072aea00000)]
  0x0000020087b50130 JavaThread "Daemon health stats" [_thread_blocked, id=7668, stack(0x00000072aef00000,0x00000072af000000)]
  0x00000200880177e0 JavaThread "Incoming local TCP Connector on port 50945" [_thread_in_native, id=1504, stack(0x00000072af000000,0x00000072af100000)]
  0x0000020088407a50 JavaThread "Daemon periodic checks" [_thread_blocked, id=11736, stack(0x00000072af100000,0x00000072af200000)]
  0x00000200878f4a40 JavaThread "Daemon" [_thread_blocked, id=11536, stack(0x00000072af200000,0x00000072af300000)]
  0x0000020088ba09d0 JavaThread "Handler for socket connection from /127.0.0.1:50945 to /127.0.0.1:50946" [_thread_in_native, id=11904, stack(0x00000072af300000,0x00000072af400000)]
  0x0000020087a02060 JavaThread "Cancel handler" [_thread_blocked, id=9424, stack(0x00000072af400000,0x00000072af500000)]
  0x0000020087ddad80 JavaThread "Daemon worker" [_thread_blocked, id=196, stack(0x00000072af500000,0x00000072af600000)]
  0x0000020086920ab0 JavaThread "Asynchronous log dispatcher for DefaultDaemonConnection: socket connection from /127.0.0.1:50945 to /127.0.0.1:50946" [_thread_blocked, id=7924, stack(0x00000072af600000,0x00000072af700000)]
  0x0000020086923600 JavaThread "Stdin handler" [_thread_blocked, id=5192, stack(0x00000072af700000,0x00000072af800000)]
  0x0000020086923ad0 JavaThread "Daemon client event forwarder" [_thread_blocked, id=9208, stack(0x00000072af800000,0x00000072af900000)]
  0x0000020086920f80 JavaThread "Cache worker for journal cache (C:\Users\CHEBICHEB KHEIREDDIN\.gradle\caches\journal-1)" [_thread_blocked, id=6860, stack(0x00000072af900000,0x00000072afa00000)]
  0x0000020086923fa0 JavaThread "File lock request listener" [_thread_in_native, id=11924, stack(0x00000072afa00000,0x00000072afb00000)]
  0x0000020086922790 JavaThread "Cache worker for file hash cache (C:\Users\CHEBICHEB KHEIREDDIN\.gradle\caches\7.5\fileHashes)" [_thread_blocked, id=8756, stack(0x00000072afb00000,0x00000072afc00000)]
  0x0000020086921920 JavaThread "File watcher server" daemon [_thread_in_native, id=7324, stack(0x00000072afc00000,0x00000072afd00000)]
  0x0000020086921df0 JavaThread "File watcher consumer" daemon [_thread_blocked, id=8324, stack(0x00000072afd00000,0x00000072afe00000)]
  0x0000020086924470 JavaThread "Cache worker for checksums cache (C:\Users\CHEBICHEB KHEIREDDIN\Desktop\GL2 S1 cour et td\Dev Mobile App\Practice6A-NavigationDrawer\.gradle\7.5\checksums)" [_thread_blocked, id=2732, stack(0x00000072afe00000,0x00000072aff00000)]
  0x0000020086922c60 JavaThread "Cache worker for cache directory md-rule (C:\Users\CHEBICHEB KHEIREDDIN\.gradle\caches\7.5\md-rule)" [_thread_blocked, id=2404, stack(0x00000072aff00000,0x00000072b0000000)]
  0x0000020086923130 JavaThread "Cache worker for file content cache (C:\Users\CHEBICHEB KHEIREDDIN\.gradle\caches\7.5\fileContent)" [_thread_blocked, id=10948, stack(0x00000072b0000000,0x00000072b0100000)]
  0x0000020088fa25d0 JavaThread "Cache worker for file hash cache (C:\Users\CHEBICHEB KHEIREDDIN\Desktop\GL2 S1 cour et td\Dev Mobile App\Practice6A-NavigationDrawer\.gradle\7.5\fileHashes)" [_thread_blocked, id=2100, stack(0x00000072b0100000,0x00000072b0200000)]
  0x0000020088f9ff50 JavaThread "Cache worker for cache directory md-supplier (C:\Users\CHEBICHEB KHEIREDDIN\.gradle\caches\7.5\md-supplier)" [_thread_blocked, id=6676, stack(0x00000072b0200000,0x00000072b0300000)]
  0x0000020088fa0dc0 JavaThread "Cache worker for execution history cache (C:\Users\CHEBICHEB KHEIREDDIN\.gradle\caches\7.5\executionHistory)" [_thread_blocked, id=7524, stack(0x00000072b0300000,0x00000072b0400000)]
  0x0000020088fa0420 JavaThread "jar transforms" [_thread_blocked, id=11096, stack(0x00000072b0400000,0x00000072b0500000)]
  0x0000020088fa2aa0 JavaThread "jar transforms Thread 2" [_thread_blocked, id=8236, stack(0x00000072b0500000,0x00000072b0600000)]
  0x0000020088fa08f0 JavaThread "jar transforms Thread 3" [_thread_blocked, id=11896, stack(0x00000072aeb00000,0x00000072aec00000)]
  0x0000020088f9fa80 JavaThread "jar transforms Thread 4" [_thread_blocked, id=9948, stack(0x00000072b0600000,0x00000072b0700000)]
  0x0000020088fa1c30 JavaThread "Cache worker for dependencies-accessors (C:\Users\CHEBICHEB KHEIREDDIN\Desktop\GL2 S1 cour et td\Dev Mobile App\Practice6A-NavigationDrawer\.gradle\7.5\dependencies-accessors)" [_thread_blocked, id=988, stack(0x00000072b0700000,0x00000072b0800000)]
  0x000002008626e220 JavaThread "Cache worker for Build Output Cleanup Cache (C:\Users\CHEBICHEB KHEIREDDIN\Desktop\GL2 S1 cour et td\Dev Mobile App\Practice6A-NavigationDrawer\.gradle\buildOutputCleanup)" [_thread_blocked, id=9920, stack(0x00000072b0800000,0x00000072b0900000)]
  0x000002008626fa30 JavaThread "Unconstrained build operations" [_thread_blocked, id=5028, stack(0x00000072b0900000,0x00000072b0a00000)]
  0x00000200862708a0 JavaThread "Unconstrained build operations Thread 2" [_thread_blocked, id=3824, stack(0x00000072b0a00000,0x00000072b0b00000)]
  0x000002008626ebc0 JavaThread "Unconstrained build operations Thread 3" [_thread_blocked, id=500, stack(0x00000072b0b00000,0x00000072b0c00000)]
  0x000002008626ff00 JavaThread "Unconstrained build operations Thread 4" [_thread_blocked, id=10736, stack(0x00000072b0c00000,0x00000072b0d00000)]
  0x00000200862703d0 JavaThread "Unconstrained build operations Thread 5" [_thread_blocked, id=3760, stack(0x00000072b0d00000,0x00000072b0e00000)]
  0x0000020086270d70 JavaThread "Unconstrained build operations Thread 6" [_thread_blocked, id=4672, stack(0x00000072b0e00000,0x00000072b0f00000)]
  0x0000020086271240 JavaThread "Unconstrained build operations Thread 7" [_thread_blocked, id=8964, stack(0x00000072b0f00000,0x00000072b1000000)]
  0x0000020086271710 JavaThread "Unconstrained build operations Thread 8" [_thread_blocked, id=4628, stack(0x00000072b1000000,0x00000072b1100000)]
  0x000002008626dd50 JavaThread "Unconstrained build operations Thread 9" [_thread_blocked, id=5928, stack(0x00000072b1100000,0x00000072b1200000)]
  0x00000200860535a0 JavaThread "Unconstrained build operations Thread 10" [_thread_blocked, id=8556, stack(0x00000072b1200000,0x00000072b1300000)]
  0x00000200860530d0 JavaThread "Unconstrained build operations Thread 11" [_thread_blocked, id=6284, stack(0x00000072b1300000,0x00000072b1400000)]
  0x00000200860518c0 JavaThread "Unconstrained build operations Thread 12" [_thread_blocked, id=8940, stack(0x00000072b1400000,0x00000072b1500000)]
  0x0000020086050a50 JavaThread "Unconstrained build operations Thread 13" [_thread_blocked, id=5692, stack(0x00000072b1500000,0x00000072b1600000)]
  0x0000020086053a70 JavaThread "Unconstrained build operations Thread 14" [_thread_blocked, id=2004, stack(0x00000072b1600000,0x00000072b1700000)]
  0x0000020086052730 JavaThread "Unconstrained build operations Thread 15" [_thread_blocked, id=2120, stack(0x00000072b1700000,0x00000072b1800000)]
  0x00000200860500b0 JavaThread "Unconstrained build operations Thread 16" [_thread_blocked, id=8740, stack(0x00000072b1800000,0x00000072b1900000)]
  0x0000020086051d90 JavaThread "Unconstrained build operations Thread 17" [_thread_blocked, id=1172, stack(0x00000072b1900000,0x00000072b1a00000)]
  0x0000020086050580 JavaThread "Unconstrained build operations Thread 18" [_thread_blocked, id=11172, stack(0x00000072b1a00000,0x00000072b1b00000)]
  0x0000020086052c00 JavaThread "Unconstrained build operations Thread 19" [_thread_blocked, id=4216, stack(0x00000072b1b00000,0x00000072b1c00000)]
  0x0000020086050f20 JavaThread "Unconstrained build operations Thread 20" [_thread_blocked, id=11708, stack(0x00000072b1c00000,0x00000072b1d00000)]
  0x00000200860513f0 JavaThread "Unconstrained build operations Thread 21" [_thread_blocked, id=5820, stack(0x00000072b1d00000,0x00000072b1e00000)]
  0x0000020086052260 JavaThread "Unconstrained build operations Thread 22" [_thread_blocked, id=3480, stack(0x00000072b1e00000,0x00000072b1f00000)]
  0x00000200ff499800 JavaThread "Unconstrained build operations Thread 23" [_thread_blocked, id=9444, stack(0x00000072b1f00000,0x00000072b2000000)]
  0x00000200ff49a1a0 JavaThread "Unconstrained build operations Thread 24" [_thread_blocked, id=5744, stack(0x00000072b2000000,0x00000072b2100000)]
  0x00000200ff49c350 JavaThread "Unconstrained build operations Thread 25" [_thread_blocked, id=1116, stack(0x00000072b2100000,0x00000072b2200000)]
  0x00000200ff49b9b0 JavaThread "Unconstrained build operations Thread 26" [_thread_blocked, id=2444, stack(0x00000072b2200000,0x00000072b2300000)]
  0x00000200ff499330 JavaThread "Unconstrained build operations Thread 27" [_thread_blocked, id=6012, stack(0x00000072b2300000,0x00000072b2400000)]
  0x00000200ff499cd0 JavaThread "Unconstrained build operations Thread 28" [_thread_blocked, id=3652, stack(0x00000072b2400000,0x00000072b2500000)]
  0x00000200ff49b010 JavaThread "Unconstrained build operations Thread 29" [_thread_blocked, id=6036, stack(0x00000072b2500000,0x00000072b2600000)]
  0x00000200ff498e60 JavaThread "Unconstrained build operations Thread 30" [_thread_blocked, id=2776, stack(0x00000072b2600000,0x00000072b2700000)]
  0x00000200ff49be80 JavaThread "Unconstrained build operations Thread 31" [_thread_blocked, id=2024, stack(0x00000072b2700000,0x00000072b2800000)]
  0x00000200ff49c820 JavaThread "Unconstrained build operations Thread 32" [_thread_blocked, id=2532, stack(0x00000072b2800000,0x00000072b2900000)]
  0x00000200ff49a670 JavaThread "Unconstrained build operations Thread 33" [_thread_blocked, id=5072, stack(0x00000072b2900000,0x00000072b2a00000)]
  0x00000200ff49ab40 JavaThread "Unconstrained build operations Thread 34" [_thread_blocked, id=2140, stack(0x00000072b2a00000,0x00000072b2b00000)]
  0x00000200ff49b4e0 JavaThread "Unconstrained build operations Thread 35" [_thread_blocked, id=11996, stack(0x00000072b2b00000,0x00000072b2c00000)]
  0x00000200895f4aa0 JavaThread "Unconstrained build operations Thread 36" [_thread_blocked, id=6624, stack(0x00000072b2c00000,0x00000072b2d00000)]
  0x00000200895f7f90 JavaThread "Unconstrained build operations Thread 37" [_thread_blocked, id=1256, stack(0x00000072b2d00000,0x00000072b2e00000)]
  0x00000200895f6780 JavaThread "Unconstrained build operations Thread 38" [_thread_blocked, id=11960, stack(0x00000072b2e00000,0x00000072b2f00000)]
  0x00000200895f5910 JavaThread "Unconstrained build operations Thread 39" [_thread_blocked, id=10776, stack(0x00000072b2f00000,0x00000072b3000000)]
  0x00000200895f8460 JavaThread "Unconstrained build operations Thread 40" [_thread_blocked, id=3588, stack(0x00000072b3000000,0x00000072b3100000)]
  0x00000200895fa610 JavaThread "build event listener" [_thread_blocked, id=10516, stack(0x00000072b3100000,0x00000072b3200000)]
  0x00000200895f75f0 JavaThread "Memory manager" [_thread_blocked, id=2848, stack(0x00000072b3200000,0x00000072b3300000)]

Other Threads:
=>0x00000200fe6f1bf0 VMThread "VM Thread" [stack: 0x00000072ade00000,0x00000072adf00000] [id=6152]
  0x00000200ff29a2f0 WatcherThread [stack: 0x00000072aea00000,0x00000072aeb00000] [id=8364]
  0x00000200eb169550 GCTaskThread "GC Thread#0" [stack: 0x00000072ad900000,0x00000072ada00000] [id=8312]
  0x00000200ffa6ff50 GCTaskThread "GC Thread#1" [stack: 0x00000072aec00000,0x00000072aed00000] [id=5688]
  0x00000200ff5308a0 GCTaskThread "GC Thread#2" [stack: 0x00000072aed00000,0x00000072aee00000] [id=5696]
  0x00000200ff46fe30 GCTaskThread "GC Thread#3" [stack: 0x00000072aee00000,0x00000072aef00000] [id=6096]
  0x00000200eb17a3a0 ConcurrentGCThread "G1 Main Marker" [stack: 0x00000072ada00000,0x00000072adb00000] [id=7740]
  0x00000200eb17bcd0 ConcurrentGCThread "G1 Conc#0" [stack: 0x00000072adb00000,0x00000072adc00000] [id=7552]
  0x00000200fe5400a0 ConcurrentGCThread "G1 Refine#0" [stack: 0x00000072adc00000,0x00000072add00000] [id=5964]
  0x00000200fe540770 ConcurrentGCThread "G1 Service" [stack: 0x00000072add00000,0x00000072ade00000] [id=820]

Threads with active compile tasks:
C2 CompilerThread0    16255 6972       4       java.util.TreeMap::put (221 bytes)

VM state: at safepoint (normal execution)

VM Mutex/Monitor currently owned by a thread:  ([mutex/lock_event])
[0x00000200eb106ab0] Threads_lock - owner thread: 0x00000200fe6f1bf0
[0x00000200eb106b40] Heap_lock - owner thread: 0x0000020087ddad80

Heap address: 0x0000000080000000, size: 2048 MB, Compressed Oops mode: 32-bit

CDS archive(s) not mapped
Compressed class space mapped at: 0x0000000100000000-0x0000000140000000, reserved size: 1073741824
Narrow klass base: 0x0000000000000000, Narrow klass shift: 3, Narrow klass range: 0x140000000

GC Precious Log:
 CPUs: 4 total, 4 available
 Memory: 7983M
 Large Page Support: Disabled
 NUMA Support: Disabled
 Compressed Oops: Enabled (32-bit)
 Heap Region Size: 1M
 Heap Min Capacity: 8M
 Heap Initial Capacity: 126M
 Heap Max Capacity: 2G
 Pre-touch: Disabled
 Parallel Workers: 4
 Concurrent Workers: 1
 Concurrent Refinement Workers: 4
 Periodic GC: Disabled

Heap:
 garbage-first heap   total 129024K, used 58215K [0x0000000080000000, 0x0000000100000000)
  region size 1024K, 2 young (2048K), 2 survivors (2048K)
 Metaspace       used 68606K, committed 69184K, reserved 1114112K
  class space    used 8997K, committed 9280K, reserved 1048576K

Heap Regions: E=young(eden), S=young(survivor), O=old, HS=humongous(starts), HC=humongous(continues), CS=collection set, F=free, OA=open archive, CA=closed archive, TAMS=top-at-mark-start (previous, next)
|   0|0x0000000080000000, 0x0000000080100000, 0x0000000080100000|100%|HS|  |TAMS 0x0000000080100000, 0x0000000080100000| Complete 
|   1|0x0000000080100000, 0x0000000080200000, 0x0000000080200000|100%|HC|  |TAMS 0x0000000080200000, 0x0000000080200000| Complete 
|   2|0x0000000080200000, 0x0000000080300000, 0x0000000080300000|100%|HC|  |TAMS 0x0000000080300000, 0x0000000080300000| Complete 
|   3|0x0000000080300000, 0x0000000080400000, 0x0000000080400000|100%| O|  |TAMS 0x0000000080400000, 0x0000000080400000| Untracked 
|   4|0x0000000080400000, 0x0000000080500000, 0x0000000080500000|100%| O|  |TAMS 0x0000000080500000, 0x0000000080500000| Untracked 
|   5|0x0000000080500000, 0x0000000080600000, 0x0000000080600000|100%| O|  |TAMS 0x0000000080600000, 0x0000000080600000| Untracked 
|   6|0x0000000080600000, 0x0000000080700000, 0x0000000080700000|100%| O|  |TAMS 0x0000000080700000, 0x0000000080700000| Untracked 
|   7|0x0000000080700000, 0x0000000080800000, 0x0000000080800000|100%| O|  |TAMS 0x0000000080800000, 0x0000000080800000| Untracked 
|   8|0x0000000080800000, 0x0000000080900000, 0x0000000080900000|100%| O|  |TAMS 0x0000000080900000, 0x0000000080900000| Untracked 
|   9|0x0000000080900000, 0x0000000080a00000, 0x0000000080a00000|100%| O|  |TAMS 0x0000000080a00000, 0x0000000080a00000| Untracked 
|  10|0x0000000080a00000, 0x0000000080b00000, 0x0000000080b00000|100%| O|  |TAMS 0x0000000080b00000, 0x0000000080b00000| Untracked 
|  11|0x0000000080b00000, 0x0000000080c00000, 0x0000000080c00000|100%| O|  |TAMS 0x0000000080c00000, 0x0000000080c00000| Untracked 
|  12|0x0000000080c00000, 0x0000000080d00000, 0x0000000080d00000|100%| O|  |TAMS 0x0000000080d00000, 0x0000000080d00000| Untracked 
|  13|0x0000000080d00000, 0x0000000080e00000, 0x0000000080e00000|100%| O|  |TAMS 0x0000000080e00000, 0x0000000080e00000| Untracked 
|  14|0x0000000080e00000, 0x0000000080f00000, 0x0000000080f00000|100%| O|  |TAMS 0x0000000080f00000, 0x0000000080f00000| Untracked 
|  15|0x0000000080f00000, 0x0000000081000000, 0x0000000081000000|100%| O|  |TAMS 0x0000000081000000, 0x0000000081000000| Untracked 
|  16|0x0000000081000000, 0x0000000081100000, 0x0000000081100000|100%| O|  |TAMS 0x0000000081100000, 0x0000000081100000| Untracked 
|  17|0x0000000081100000, 0x0000000081200000, 0x0000000081200000|100%| O|  |TAMS 0x0000000081200000, 0x0000000081200000| Untracked 
|  18|0x0000000081200000, 0x0000000081300000, 0x0000000081300000|100%| O|  |TAMS 0x0000000081300000, 0x0000000081300000| Untracked 
|  19|0x0000000081300000, 0x0000000081400000, 0x0000000081400000|100%|HS|  |TAMS 0x0000000081400000, 0x0000000081400000| Complete 
|  20|0x0000000081400000, 0x0000000081500000, 0x0000000081500000|100%| O|  |TAMS 0x0000000081500000, 0x0000000081500000| Untracked 
|  21|0x0000000081500000, 0x0000000081600000, 0x0000000081600000|100%| O|  |TAMS 0x0000000081600000, 0x0000000081600000| Untracked 
|  22|0x0000000081600000, 0x0000000081700000, 0x0000000081700000|100%| O|  |TAMS 0x0000000081700000, 0x0000000081700000| Untracked 
|  23|0x0000000081700000, 0x0000000081800000, 0x0000000081800000|100%| O|  |TAMS 0x0000000081800000, 0x0000000081800000| Untracked 
|  24|0x0000000081800000, 0x0000000081900000, 0x0000000081900000|100%| O|  |TAMS 0x0000000081900000, 0x0000000081900000| Untracked 
|  25|0x0000000081900000, 0x0000000081a00000, 0x0000000081a00000|100%| O|  |TAMS 0x0000000081a00000, 0x0000000081a00000| Untracked 
|  26|0x0000000081a00000, 0x0000000081b00000, 0x0000000081b00000|100%| O|  |TAMS 0x0000000081b00000, 0x0000000081b00000| Untracked 
|  27|0x0000000081b00000, 0x0000000081c00000, 0x0000000081c00000|100%| O|  |TAMS 0x0000000081c00000, 0x0000000081c00000| Untracked 
|  28|0x0000000081c00000, 0x0000000081d00000, 0x0000000081d00000|100%|HS|  |TAMS 0x0000000081d00000, 0x0000000081d00000| Complete 
|  29|0x0000000081d00000, 0x0000000081e00000, 0x0000000081e00000|100%|HC|  |TAMS 0x0000000081e00000, 0x0000000081e00000| Complete 
|  30|0x0000000081e00000, 0x0000000081f00000, 0x0000000081f00000|100%|HS|  |TAMS 0x0000000081f00000, 0x0000000081f00000| Complete 
|  31|0x0000000081f00000, 0x0000000082000000, 0x0000000082000000|100%|HS|  |TAMS 0x0000000082000000, 0x0000000082000000| Complete 
|  32|0x0000000082000000, 0x0000000082100000, 0x0000000082100000|100%|HC|  |TAMS 0x0000000082100000, 0x0000000082100000| Complete 
|  33|0x0000000082100000, 0x0000000082200000, 0x0000000082200000|100%|HC|  |TAMS 0x0000000082200000, 0x0000000082200000| Complete 
|  34|0x0000000082200000, 0x0000000082300000, 0x0000000082300000|100%|HC|  |TAMS 0x0000000082300000, 0x0000000082300000| Complete 
|  35|0x0000000082300000, 0x0000000082400000, 0x0000000082400000|100%| O|  |TAMS 0x0000000082400000, 0x0000000082400000| Untracked 
|  36|0x0000000082400000, 0x0000000082500000, 0x0000000082500000|100%| O|  |TAMS 0x0000000082500000, 0x0000000082500000| Untracked 
|  37|0x0000000082500000, 0x0000000082600000, 0x0000000082600000|100%| O|  |TAMS 0x0000000082600000, 0x0000000082600000| Untracked 
|  38|0x0000000082600000, 0x0000000082700000, 0x0000000082700000|100%| O|  |TAMS 0x0000000082700000, 0x0000000082700000| Untracked 
|  39|0x0000000082700000, 0x0000000082800000, 0x0000000082800000|100%| O|  |TAMS 0x0000000082800000, 0x0000000082800000| Untracked 
|  40|0x0000000082800000, 0x0000000082900000, 0x0000000082900000|100%| O|  |TAMS 0x0000000082900000, 0x0000000082900000| Untracked 
|  41|0x0000000082900000, 0x0000000082a00000, 0x0000000082a00000|100%| O|  |TAMS 0x0000000082a00000, 0x0000000082a00000| Untracked 
|  42|0x0000000082a00000, 0x0000000082b00000, 0x0000000082b00000|100%| O|  |TAMS 0x0000000082a00000, 0x0000000082a00000| Untracked 
|  43|0x0000000082b00000, 0x0000000082c00000, 0x0000000082c00000|100%| O|  |TAMS 0x0000000082b00000, 0x0000000082c00000| Untracked 
|  44|0x0000000082c00000, 0x0000000082d00000, 0x0000000082d00000|100%| O|  |TAMS 0x0000000082d00000, 0x0000000082d00000| Untracked 
|  45|0x0000000082d00000, 0x0000000082e00000, 0x0000000082e00000|100%| O|  |TAMS 0x0000000082e00000, 0x0000000082e00000| Untracked 
|  46|0x0000000082e00000, 0x0000000082f00000, 0x0000000082f00000|100%| O|  |TAMS 0x0000000082f00000, 0x0000000082f00000| Untracked 
|  47|0x0000000082f00000, 0x0000000083000000, 0x0000000083000000|100%| O|  |TAMS 0x0000000083000000, 0x0000000083000000| Untracked 
|  48|0x0000000083000000, 0x0000000083100000, 0x0000000083100000|100%| O|  |TAMS 0x0000000083000000, 0x0000000083100000| Untracked 
|  49|0x0000000083100000, 0x0000000083200000, 0x0000000083200000|100%| O|  |TAMS 0x0000000083100000, 0x0000000083164200| Untracked 
|  50|0x0000000083200000, 0x0000000083300000, 0x0000000083300000|100%| O|  |TAMS 0x0000000083200000, 0x0000000083200000| Untracked 
|  51|0x0000000083300000, 0x0000000083400000, 0x0000000083400000|100%| O|  |TAMS 0x0000000083400000, 0x0000000083400000| Untracked 
|  52|0x0000000083400000, 0x000000008343ba00, 0x0000000083500000| 23%| O|  |TAMS 0x0000000083400000, 0x0000000083400000| Untracked 
|  53|0x0000000083500000, 0x0000000083600000, 0x0000000083600000|100%| O|  |TAMS 0x0000000083531c00, 0x0000000083600000| Untracked 
|  54|0x0000000083600000, 0x0000000083700000, 0x0000000083700000|100%| O|  |TAMS 0x0000000083600000, 0x0000000083700000| Untracked 
|  55|0x0000000083700000, 0x0000000083800000, 0x0000000083800000|100%| O|  |TAMS 0x0000000083700000, 0x0000000083800000| Untracked 
|  56|0x0000000083800000, 0x0000000083800000, 0x0000000083900000|  0%| F|  |TAMS 0x0000000083800000, 0x0000000083800000| Untracked 
|  57|0x0000000083900000, 0x0000000083900000, 0x0000000083a00000|  0%| F|  |TAMS 0x0000000083900000, 0x0000000083900000| Untracked 
|  58|0x0000000083a00000, 0x0000000083a00000, 0x0000000083b00000|  0%| F|  |TAMS 0x0000000083a00000, 0x0000000083a00000| Untracked 
|  59|0x0000000083b00000, 0x0000000083b00000, 0x0000000083c00000|  0%| F|  |TAMS 0x0000000083b00000, 0x0000000083b00000| Untracked 
|  60|0x0000000083c00000, 0x0000000083c00000, 0x0000000083d00000|  0%| F|  |TAMS 0x0000000083c00000, 0x0000000083c00000| Untracked 
|  61|0x0000000083d00000, 0x0000000083d00000, 0x0000000083e00000|  0%| F|  |TAMS 0x0000000083d00000, 0x0000000083d00000| Untracked 
|  62|0x0000000083e00000, 0x0000000083e00000, 0x0000000083f00000|  0%| F|  |TAMS 0x0000000083e00000, 0x0000000083e00000| Untracked 
|  63|0x0000000083f00000, 0x0000000083f00000, 0x0000000084000000|  0%| F|  |TAMS 0x0000000083f00000, 0x0000000083f00000| Untracked 
|  64|0x0000000084000000, 0x0000000084000000, 0x0000000084100000|  0%| F|  |TAMS 0x0000000084000000, 0x0000000084000000| Untracked 
|  65|0x0000000084100000, 0x0000000084100000, 0x0000000084200000|  0%| F|  |TAMS 0x0000000084100000, 0x0000000084100000| Untracked 
|  66|0x0000000084200000, 0x0000000084200000, 0x0000000084300000|  0%| F|  |TAMS 0x0000000084200000, 0x0000000084200000| Untracked 
|  67|0x0000000084300000, 0x0000000084300000, 0x0000000084400000|  0%| F|  |TAMS 0x0000000084300000, 0x0000000084300000| Untracked 
|  68|0x0000000084400000, 0x0000000084400000, 0x0000000084500000|  0%| F|  |TAMS 0x0000000084400000, 0x0000000084400000| Untracked 
|  69|0x0000000084500000, 0x0000000084500000, 0x0000000084600000|  0%| F|  |TAMS 0x0000000084500000, 0x0000000084500000| Untracked 
|  70|0x0000000084600000, 0x0000000084600000, 0x0000000084700000|  0%| F|  |TAMS 0x0000000084600000, 0x0000000084600000| Untracked 
|  71|0x0000000084700000, 0x0000000084700000, 0x0000000084800000|  0%| F|  |TAMS 0x0000000084700000, 0x0000000084700000| Untracked 
|  72|0x0000000084800000, 0x0000000084800000, 0x0000000084900000|  0%| F|  |TAMS 0x0000000084800000, 0x0000000084800000| Untracked 
|  73|0x0000000084900000, 0x0000000084900000, 0x0000000084a00000|  0%| F|  |TAMS 0x0000000084900000, 0x0000000084900000| Untracked 
|  74|0x0000000084a00000, 0x0000000084a00000, 0x0000000084b00000|  0%| F|  |TAMS 0x0000000084a00000, 0x0000000084a00000| Untracked 
|  75|0x0000000084b00000, 0x0000000084b00000, 0x0000000084c00000|  0%| F|  |TAMS 0x0000000084b00000, 0x0000000084b00000| Untracked 
|  76|0x0000000084c00000, 0x0000000084c00000, 0x0000000084d00000|  0%| F|  |TAMS 0x0000000084c00000, 0x0000000084c00000| Untracked 
|  77|0x0000000084d00000, 0x0000000084d00000, 0x0000000084e00000|  0%| F|  |TAMS 0x0000000084d00000, 0x0000000084d00000| Untracked 
|  78|0x0000000084e00000, 0x0000000084e00000, 0x0000000084f00000|  0%| F|  |TAMS 0x0000000084e00000, 0x0000000084e00000| Untracked 
|  79|0x0000000084f00000, 0x0000000084f00000, 0x0000000085000000|  0%| F|  |TAMS 0x0000000084f00000, 0x0000000084f00000| Untracked 
|  80|0x0000000085000000, 0x0000000085000000, 0x0000000085100000|  0%| F|  |TAMS 0x0000000085000000, 0x0000000085000000| Untracked 
|  81|0x0000000085100000, 0x0000000085100000, 0x0000000085200000|  0%| F|  |TAMS 0x0000000085100000, 0x0000000085100000| Untracked 
|  82|0x0000000085200000, 0x0000000085200000, 0x0000000085300000|  0%| F|  |TAMS 0x0000000085200000, 0x0000000085200000| Untracked 
|  83|0x0000000085300000, 0x000000008539e368, 0x0000000085400000| 61%| S|CS|TAMS 0x0000000085300000, 0x0000000085300000| Complete 
|  84|0x0000000085400000, 0x0000000085500000, 0x0000000085500000|100%| S|CS|TAMS 0x0000000085400000, 0x0000000085400000| Complete 
|  85|0x0000000085500000, 0x0000000085500000, 0x0000000085600000|  0%| F|  |TAMS 0x0000000085500000, 0x0000000085500000| Untracked 
|  86|0x0000000085600000, 0x0000000085600000, 0x0000000085700000|  0%| F|  |TAMS 0x0000000085600000, 0x0000000085600000| Untracked 
|  87|0x0000000085700000, 0x0000000085700000, 0x0000000085800000|  0%| F|  |TAMS 0x0000000085700000, 0x0000000085700000| Untracked 
|  88|0x0000000085800000, 0x0000000085800000, 0x0000000085900000|  0%| F|  |TAMS 0x0000000085800000, 0x0000000085800000| Untracked 
|  89|0x0000000085900000, 0x0000000085900000, 0x0000000085a00000|  0%| F|  |TAMS 0x0000000085900000, 0x0000000085900000| Untracked 
|  90|0x0000000085a00000, 0x0000000085a00000, 0x0000000085b00000|  0%| F|  |TAMS 0x0000000085a00000, 0x0000000085a00000| Untracked 
|  91|0x0000000085b00000, 0x0000000085b00000, 0x0000000085c00000|  0%| F|  |TAMS 0x0000000085b00000, 0x0000000085b00000| Untracked 
|  92|0x0000000085c00000, 0x0000000085c00000, 0x0000000085d00000|  0%| F|  |TAMS 0x0000000085c00000, 0x0000000085c00000| Untracked 
|  93|0x0000000085d00000, 0x0000000085d00000, 0x0000000085e00000|  0%| F|  |TAMS 0x0000000085d00000, 0x0000000085d00000| Untracked 
|  94|0x0000000085e00000, 0x0000000085e00000, 0x0000000085f00000|  0%| F|  |TAMS 0x0000000085e00000, 0x0000000085e00000| Untracked 
|  95|0x0000000085f00000, 0x0000000085f00000, 0x0000000086000000|  0%| F|  |TAMS 0x0000000085f00000, 0x0000000085f00000| Untracked 
|  96|0x0000000086000000, 0x0000000086000000, 0x0000000086100000|  0%| F|  |TAMS 0x0000000086000000, 0x0000000086000000| Untracked 
|  97|0x0000000086100000, 0x0000000086100000, 0x0000000086200000|  0%| F|  |TAMS 0x0000000086100000, 0x0000000086100000| Untracked 
|  98|0x0000000086200000, 0x0000000086200000, 0x0000000086300000|  0%| F|  |TAMS 0x0000000086200000, 0x0000000086200000| Untracked 
|  99|0x0000000086300000, 0x0000000086300000, 0x0000000086400000|  0%| F|  |TAMS 0x0000000086300000, 0x0000000086300000| Untracked 
| 100|0x0000000086400000, 0x0000000086400000, 0x0000000086500000|  0%| F|  |TAMS 0x0000000086400000, 0x0000000086400000| Untracked 
| 101|0x0000000086500000, 0x0000000086500000, 0x0000000086600000|  0%| F|  |TAMS 0x0000000086500000, 0x0000000086500000| Untracked 
| 102|0x0000000086600000, 0x0000000086600000, 0x0000000086700000|  0%| F|  |TAMS 0x0000000086600000, 0x0000000086600000| Untracked 
| 103|0x0000000086700000, 0x0000000086700000, 0x0000000086800000|  0%| F|  |TAMS 0x0000000086700000, 0x0000000086700000| Untracked 
| 104|0x0000000086800000, 0x0000000086800000, 0x0000000086900000|  0%| F|  |TAMS 0x0000000086800000, 0x0000000086800000| Untracked 
| 105|0x0000000086900000, 0x0000000086900000, 0x0000000086a00000|  0%| F|  |TAMS 0x0000000086900000, 0x0000000086900000| Untracked 
| 106|0x0000000086a00000, 0x0000000086a00000, 0x0000000086b00000|  0%| F|  |TAMS 0x0000000086a00000, 0x0000000086a00000| Untracked 
| 107|0x0000000086b00000, 0x0000000086b00000, 0x0000000086c00000|  0%| F|  |TAMS 0x0000000086b00000, 0x0000000086b00000| Untracked 
| 108|0x0000000086c00000, 0x0000000086c00000, 0x0000000086d00000|  0%| F|  |TAMS 0x0000000086c00000, 0x0000000086c00000| Untracked 
| 109|0x0000000086d00000, 0x0000000086d00000, 0x0000000086e00000|  0%| F|  |TAMS 0x0000000086d00000, 0x0000000086d00000| Untracked 
| 110|0x0000000086e00000, 0x0000000086e00000, 0x0000000086f00000|  0%| F|  |TAMS 0x0000000086e00000, 0x0000000086e00000| Untracked 
| 111|0x0000000086f00000, 0x0000000086f00000, 0x0000000087000000|  0%| F|  |TAMS 0x0000000086f00000, 0x0000000086f00000| Untracked 
| 112|0x0000000087000000, 0x0000000087000000, 0x0000000087100000|  0%| F|  |TAMS 0x0000000087000000, 0x0000000087000000| Untracked 
| 113|0x0000000087100000, 0x0000000087100000, 0x0000000087200000|  0%| F|  |TAMS 0x0000000087100000, 0x0000000087100000| Untracked 
| 114|0x0000000087200000, 0x0000000087200000, 0x0000000087300000|  0%| F|  |TAMS 0x0000000087200000, 0x0000000087200000| Untracked 
| 115|0x0000000087300000, 0x0000000087300000, 0x0000000087400000|  0%| F|  |TAMS 0x0000000087300000, 0x0000000087300000| Untracked 
| 116|0x0000000087400000, 0x0000000087400000, 0x0000000087500000|  0%| F|  |TAMS 0x0000000087400000, 0x0000000087400000| Untracked 
| 117|0x0000000087500000, 0x0000000087500000, 0x0000000087600000|  0%| F|  |TAMS 0x0000000087500000, 0x0000000087500000| Untracked 
| 118|0x0000000087600000, 0x0000000087600000, 0x0000000087700000|  0%| F|  |TAMS 0x0000000087600000, 0x0000000087600000| Untracked 
| 119|0x0000000087700000, 0x0000000087700000, 0x0000000087800000|  0%| F|  |TAMS 0x0000000087700000, 0x0000000087700000| Untracked 
| 120|0x0000000087800000, 0x0000000087800000, 0x0000000087900000|  0%| F|  |TAMS 0x0000000087800000, 0x0000000087800000| Untracked 
| 121|0x0000000087900000, 0x0000000087900000, 0x0000000087a00000|  0%| F|  |TAMS 0x0000000087900000, 0x0000000087900000| Untracked 
| 122|0x0000000087a00000, 0x0000000087a00000, 0x0000000087b00000|  0%| F|  |TAMS 0x0000000087a00000, 0x0000000087a00000| Untracked 
| 123|0x0000000087b00000, 0x0000000087b00000, 0x0000000087c00000|  0%| F|  |TAMS 0x0000000087b00000, 0x0000000087b00000| Untracked 
| 124|0x0000000087c00000, 0x0000000087c00000, 0x0000000087d00000|  0%| F|  |TAMS 0x0000000087c00000, 0x0000000087c00000| Untracked 
| 125|0x0000000087d00000, 0x0000000087d00000, 0x0000000087e00000|  0%| F|  |TAMS 0x0000000087d00000, 0x0000000087d00000| Untracked 

Card table byte_map: [0x00000200fd9e0000,0x00000200fdde0000] _byte_map_base: 0x00000200fd5e0000

Marking Bits (Prev, Next): (CMBitMap*) 0x00000200eb169ab0, (CMBitMap*) 0x00000200eb169a70
 Prev Bits: [0x0000020082000000, 0x0000020084000000)
 Next Bits: [0x0000020080000000, 0x0000020082000000)

Polling page: 0x00000200e9060000

Metaspace:

Usage:
  Non-class:     58.21 MB used.
      Class:      8.79 MB used.
       Both:     67.00 MB used.

Virtual space:
  Non-class space:       64.00 MB reserved,      58.50 MB ( 91%) committed,  8 nodes.
      Class space:        1.00 GB reserved,       9.06 MB ( <1%) committed,  1 nodes.
             Both:        1.06 GB reserved,      67.56 MB (  6%) committed. 

Chunk freelists:
   Non-Class:  960.00 KB
       Class:  2.80 MB
        Both:  3.73 MB

MaxMetaspaceSize: unlimited
CompressedClassSpaceSize: 1.00 GB
Initial GC threshold: 21.00 MB
Current GC threshold: 100.75 MB
CDS: off
MetaspaceReclaimPolicy: balanced
 - commit_granule_bytes: 65536.
 - commit_granule_words: 8192.
 - virtual_space_node_default_size: 1048576.
 - enlarge_chunks_in_place: 1.
 - new_chunks_are_fully_committed: 0.
 - uncommit_free_chunks: 1.
 - use_allocation_guard: 0.
 - handle_deallocations: 1.


Internal statistics:

num_allocs_failed_limit: 9.
num_arena_births: 606.
num_arena_deaths: 0.
num_vsnodes_births: 9.
num_vsnodes_deaths: 0.
num_space_committed: 1081.
num_space_uncommitted: 0.
num_chunks_returned_to_freelist: 9.
num_chunks_taken_from_freelist: 2850.
num_chunk_merges: 3.
num_chunk_splits: 1918.
num_chunks_enlarged: 1322.
num_purges: 0.
num_inconsistent_stats: 0.

CodeHeap 'non-profiled nmethods': size=120000Kb used=2534Kb max_used=3254Kb free=117466Kb
 bounds [0x00000200f60b0000, 0x00000200f63e0000, 0x00000200fd5e0000]
CodeHeap 'profiled nmethods': size=120000Kb used=11887Kb max_used=13203Kb free=108112Kb
 bounds [0x00000200ee5e0000, 0x00000200ef2d0000, 0x00000200f5b10000]
CodeHeap 'non-nmethods': size=5760Kb used=2349Kb max_used=2385Kb free=3410Kb
 bounds [0x00000200f5b10000, 0x00000200f5d80000, 0x00000200f60b0000]
 total_blobs=7050 nmethods=6171 adapters=792
 compilation: enabled
              stopped_count=0, restarted_count=0
 full_count=0

Compilation events (20 events):
Event: 16.153 Thread 0x00000200ff10d8a0 7023       3       org.gradle.internal.logging.progress.DefaultProgressLoggerFactory$ProgressLoggerImpl::<init> (69 bytes)
Event: 16.154 Thread 0x00000200ff10d8a0 nmethod 7023 0x00000200ef0cac90 code [0x00000200ef0cae60, 0x00000200ef0cb398]
Event: 16.154 Thread 0x00000200ff10d8a0 7021       3       org.gradle.api.internal.DefaultCollectionCallbackActionDecorator$BuildOperationEmittingAction$1::run (26 bytes)
Event: 16.154 Thread 0x00000200ff10d8a0 nmethod 7021 0x00000200ee701190 code [0x00000200ee701340, 0x00000200ee701608]
Event: 16.173 Thread 0x00000200ff10d8a0 7024       3       com.google.common.primitives.Ints::saturatedCast (25 bytes)
Event: 16.173 Thread 0x00000200ff10d8a0 nmethod 7024 0x00000200ee700d90 code [0x00000200ee700f40, 0x00000200ee701118]
Event: 16.177 Thread 0x00000200ff10d8a0 7026   !   3       org.gradle.configuration.internal.DefaultUserCodeApplicationContext$CurrentApplication$1::execute (79 bytes)
Event: 16.178 Thread 0x00000200ff10d8a0 nmethod 7026 0x00000200ee92d510 code [0x00000200ee92d720, 0x00000200ee92dde8]
Event: 16.179 Thread 0x00000200ff10d8a0 7028       3       org.gradle.api.internal.artifacts.configurations.DefaultConfiguration::withDependencies (21 bytes)
Event: 16.180 Thread 0x00000200ff10d8a0 nmethod 7028 0x00000200ee9c3b10 code [0x00000200ee9c3ce0, 0x00000200ee9c4108]
Event: 16.190 Thread 0x00000200ff10d8a0 7029       3       com.google.common.cache.LocalCache$StrongEntry::<init> (27 bytes)
Event: 16.190 Thread 0x00000200ff10d8a0 nmethod 7029 0x00000200ee9c3390 code [0x00000200ee9c3540, 0x00000200ee9c3898]
Event: 16.194 Thread 0x00000200ff10d8a0 7030       3       org.gradle.api.internal.DefaultCollectionCallbackActionDecorator$BuildOperationEmittingAction::<init> (20 bytes)
Event: 16.194 Thread 0x00000200ff10d8a0 nmethod 7030 0x00000200ee700890 code [0x00000200ee700a40, 0x00000200ee700cb8]
Event: 16.195 Thread 0x00000200ff10d8a0 7031       3       java.util.HashMap::values (25 bytes)
Event: 16.195 Thread 0x00000200ff10d8a0 nmethod 7031 0x00000200eea65c10 code [0x00000200eea65dc0, 0x00000200eea66138]
Event: 16.195 Thread 0x00000200ff10d8a0 7033       3       java.lang.ClassLoader::getResource (41 bytes)
Event: 16.196 Thread 0x00000200ff10d8a0 nmethod 7033 0x00000200ee618a90 code [0x00000200ee618c80, 0x00000200ee619278]
Event: 16.196 Thread 0x00000200ff10d8a0 7032       3       org.gradle.plugin.use.internal.DefaultPluginId::equals (41 bytes)
Event: 16.196 Thread 0x00000200ff10d8a0 nmethod 7032 0x00000200eea65390 code [0x00000200eea65560, 0x00000200eea658e8]

GC Heap History (20 events):
Event: 8.914 GC heap after
{Heap after GC invocations=11 (full 0):
 garbage-first heap   total 65536K, used 26566K [0x0000000080000000, 0x0000000100000000)
  region size 1024K, 4 young (4096K), 4 survivors (4096K)
 Metaspace       used 39778K, committed 40064K, reserved 1089536K
  class space    used 5280K, committed 5376K, reserved 1048576K
}
Event: 9.508 GC heap before
{Heap before GC invocations=12 (full 0):
 garbage-first heap   total 65536K, used 52166K [0x0000000080000000, 0x0000000100000000)
  region size 1024K, 26 young (26624K), 4 survivors (4096K)
 Metaspace       used 41893K, committed 42304K, reserved 1089536K
  class space    used 5470K, committed 5632K, reserved 1048576K
}
Event: 9.517 GC heap after
{Heap after GC invocations=13 (full 0):
 garbage-first heap   total 65536K, used 27891K [0x0000000080000000, 0x0000000100000000)
  region size 1024K, 3 young (3072K), 3 survivors (3072K)
 Metaspace       used 41893K, committed 42304K, reserved 1089536K
  class space    used 5470K, committed 5632K, reserved 1048576K
}
Event: 9.533 GC heap before
{Heap before GC invocations=13 (full 0):
 garbage-first heap   total 65536K, used 28915K [0x0000000080000000, 0x0000000100000000)
  region size 1024K, 4 young (4096K), 3 survivors (3072K)
 Metaspace       used 41906K, committed 42304K, reserved 1089536K
  class space    used 5472K, committed 5632K, reserved 1048576K
}
Event: 9.541 GC heap after
{Heap after GC invocations=14 (full 0):
 garbage-first heap   total 92160K, used 27953K [0x0000000080000000, 0x0000000100000000)
  region size 1024K, 1 young (1024K), 1 survivors (1024K)
 Metaspace       used 41906K, committed 42304K, reserved 1089536K
  class space    used 5472K, committed 5632K, reserved 1048576K
}
Event: 10.587 GC heap before
{Heap before GC invocations=14 (full 0):
 garbage-first heap   total 92160K, used 67889K [0x0000000080000000, 0x0000000100000000)
  region size 1024K, 39 young (39936K), 1 survivors (1024K)
 Metaspace       used 47081K, committed 47488K, reserved 1097728K
  class space    used 6201K, committed 6400K, reserved 1048576K
}
Event: 10.595 GC heap after
{Heap after GC invocations=15 (full 0):
 garbage-first heap   total 92160K, used 30331K [0x0000000080000000, 0x0000000100000000)
  region size 1024K, 3 young (3072K), 3 survivors (3072K)
 Metaspace       used 47081K, committed 47488K, reserved 1097728K
  class space    used 6201K, committed 6400K, reserved 1048576K
}
Event: 11.771 GC heap before
{Heap before GC invocations=15 (full 0):
 garbage-first heap   total 92160K, used 69243K [0x0000000080000000, 0x0000000100000000)
  region size 1024K, 41 young (41984K), 3 survivors (3072K)
 Metaspace       used 50526K, committed 50944K, reserved 1097728K
  class space    used 6673K, committed 6848K, reserved 1048576K
}
Event: 11.782 GC heap after
{Heap after GC invocations=16 (full 0):
 garbage-first heap   total 92160K, used 32450K [0x0000000080000000, 0x0000000100000000)
  region size 1024K, 5 young (5120K), 5 survivors (5120K)
 Metaspace       used 50526K, committed 50944K, reserved 1097728K
  class space    used 6673K, committed 6848K, reserved 1048576K
}
Event: 12.702 GC heap before
{Heap before GC invocations=16 (full 0):
 garbage-first heap   total 92160K, used 79554K [0x0000000080000000, 0x0000000100000000)
  region size 1024K, 42 young (43008K), 5 survivors (5120K)
 Metaspace       used 53145K, committed 53632K, reserved 1097728K
  class space    used 7014K, committed 7232K, reserved 1048576K
}
Event: 12.718 GC heap after
{Heap after GC invocations=17 (full 0):
 garbage-first heap   total 92160K, used 48025K [0x0000000080000000, 0x0000000100000000)
  region size 1024K, 6 young (6144K), 6 survivors (6144K)
 Metaspace       used 53145K, committed 53632K, reserved 1097728K
  class space    used 7014K, committed 7232K, reserved 1048576K
}
Event: 13.403 GC heap before
{Heap before GC invocations=17 (full 0):
 garbage-first heap   total 92160K, used 70553K [0x0000000080000000, 0x0000000100000000)
  region size 1024K, 28 young (28672K), 6 survivors (6144K)
 Metaspace       used 57047K, committed 57536K, reserved 1105920K
  class space    used 7483K, committed 7680K, reserved 1048576K
}
Event: 13.410 GC heap after
{Heap after GC invocations=18 (full 0):
 garbage-first heap   total 92160K, used 49693K [0x0000000080000000, 0x0000000100000000)
  region size 1024K, 2 young (2048K), 2 survivors (2048K)
 Metaspace       used 57047K, committed 57536K, reserved 1105920K
  class space    used 7483K, committed 7680K, reserved 1048576K
}
Event: 14.172 GC heap before
{Heap before GC invocations=19 (full 0):
 garbage-first heap   total 92160K, used 71197K [0x0000000080000000, 0x0000000100000000)
  region size 1024K, 24 young (24576K), 2 survivors (2048K)
 Metaspace       used 61314K, committed 61888K, reserved 1105920K
  class space    used 8067K, committed 8320K, reserved 1048576K
}
Event: 14.178 GC heap after
{Heap after GC invocations=20 (full 0):
 garbage-first heap   total 92160K, used 51573K [0x0000000080000000, 0x0000000100000000)
  region size 1024K, 3 young (3072K), 3 survivors (3072K)
 Metaspace       used 61314K, committed 61888K, reserved 1105920K
  class space    used 8067K, committed 8320K, reserved 1048576K
}
Event: 14.550 GC heap before
{Heap before GC invocations=21 (full 0):
 garbage-first heap   total 117760K, used 77173K [0x0000000080000000, 0x0000000100000000)
  region size 1024K, 22 young (22528K), 3 survivors (3072K)
 Metaspace       used 62367K, committed 62784K, reserved 1105920K
  class space    used 8215K, committed 8384K, reserved 1048576K
}
Event: 14.560 GC heap after
{Heap after GC invocations=22 (full 0):
 garbage-first heap   total 117760K, used 53829K [0x0000000080000000, 0x0000000100000000)
  region size 1024K, 3 young (3072K), 3 survivors (3072K)
 Metaspace       used 62367K, committed 62784K, reserved 1105920K
  class space    used 8215K, committed 8384K, reserved 1048576K
}
Event: 15.332 GC heap before
{Heap before GC invocations=22 (full 0):
 garbage-first heap   total 117760K, used 87621K [0x0000000080000000, 0x0000000100000000)
  region size 1024K, 35 young (35840K), 3 survivors (3072K)
 Metaspace       used 65093K, committed 65600K, reserved 1114112K
  class space    used 8536K, committed 8768K, reserved 1048576K
}
Event: 15.344 GC heap after
{Heap after GC invocations=23 (full 0):
 garbage-first heap   total 117760K, used 57002K [0x0000000080000000, 0x0000000100000000)
  region size 1024K, 4 young (4096K), 4 survivors (4096K)
 Metaspace       used 65093K, committed 65600K, reserved 1114112K
  class space    used 8536K, committed 8768K, reserved 1048576K
}
Event: 16.199 GC heap before
{Heap before GC invocations=23 (full 0):
 garbage-first heap   total 117760K, used 87722K [0x0000000080000000, 0x0000000100000000)
  region size 1024K, 34 young (34816K), 4 survivors (4096K)
 Metaspace       used 68606K, committed 69184K, reserved 1114112K
  class space    used 8997K, committed 9280K, reserved 1048576K
}

Dll operation events (2 events):
Event: 0.012 Loaded shared library C:\Program Files\Android\Android Studio\jbr\bin\java.dll
Event: 0.719 Loaded shared library C:\Program Files\Android\Android Studio\jbr\bin\verify.dll

Deoptimization events (20 events):
Event: 15.614 Thread 0x0000020087ddad80 Uncommon trap: trap_request=0xffffff45 fr.pc=0x00000200f619235c relative=0x00000000000001bc
Event: 15.614 Thread 0x0000020087ddad80 Uncommon trap: reason=unstable_if action=reinterpret pc=0x00000200f619235c method=java.util.StringTokenizer.skipDelimiters(I)I @ 21 c2
Event: 15.615 Thread 0x0000020087ddad80 DEOPT PACKING pc=0x00000200f619235c sp=0x00000072af5f6ea0
Event: 15.615 Thread 0x0000020087ddad80 DEOPT UNPACKING pc=0x00000200f5b6699d sp=0x00000072af5f6e40 mode 2
Event: 15.615 Thread 0x0000020087ddad80 Uncommon trap: trap_request=0xffffff45 fr.pc=0x00000200f6192aa8 relative=0x0000000000000208
Event: 15.615 Thread 0x0000020087ddad80 Uncommon trap: reason=unstable_if action=reinterpret pc=0x00000200f6192aa8 method=java.util.StringTokenizer.scanToken(I)I @ 96 c2
Event: 15.615 Thread 0x0000020087ddad80 DEOPT PACKING pc=0x00000200f6192aa8 sp=0x00000072af5f6ea0
Event: 15.615 Thread 0x0000020087ddad80 DEOPT UNPACKING pc=0x00000200f5b6699d sp=0x00000072af5f6e40 mode 2
Event: 15.636 Thread 0x0000020087ddad80 DEOPT PACKING pc=0x00000200eebeff4e sp=0x00000072af5f78a0
Event: 15.636 Thread 0x0000020087ddad80 DEOPT UNPACKING pc=0x00000200f5b67124 sp=0x00000072af5f6d68 mode 0
Event: 15.642 Thread 0x0000020087ddad80 Uncommon trap: trap_request=0xffffff45 fr.pc=0x00000200f616ef50 relative=0x0000000000000530
Event: 15.642 Thread 0x0000020087ddad80 Uncommon trap: reason=unstable_if action=reinterpret pc=0x00000200f616ef50 method=java.lang.String.replace(CC)Ljava/lang/String; @ 2 c2
Event: 15.642 Thread 0x0000020087ddad80 DEOPT PACKING pc=0x00000200f616ef50 sp=0x00000072af5f7980
Event: 15.642 Thread 0x0000020087ddad80 DEOPT UNPACKING pc=0x00000200f5b6699d sp=0x00000072af5f7930 mode 2
Event: 15.817 Thread 0x0000020087ddad80 DEOPT PACKING pc=0x00000200eebeff4e sp=0x00000072af5f6710
Event: 15.817 Thread 0x0000020087ddad80 DEOPT UNPACKING pc=0x00000200f5b67124 sp=0x00000072af5f5bd8 mode 0
Event: 15.893 Thread 0x0000020087ddad80 Uncommon trap: trap_request=0xffffff45 fr.pc=0x00000200f6230934 relative=0x0000000000003c94
Event: 15.893 Thread 0x0000020087ddad80 Uncommon trap: reason=unstable_if action=reinterpret pc=0x00000200f6230934 method=sun.net.www.protocol.jar.Handler.parseURL(Ljava/net/URL;Ljava/lang/String;II)V @ 116 c2
Event: 15.893 Thread 0x0000020087ddad80 DEOPT PACKING pc=0x00000200f6230934 sp=0x00000072af5f7b60
Event: 15.893 Thread 0x0000020087ddad80 DEOPT UNPACKING pc=0x00000200f5b6699d sp=0x00000072af5f7a68 mode 2

Classes unloaded (0 events):
No events

Classes redefined (0 events):
No events

Internal exceptions (20 events):
Event: 15.025 Thread 0x0000020087ddad80 Exception <a 'java/lang/ClassNotFoundException'{0x0000000085c569e0}: org/gradle/api/internal/project/DefaultProject_DecoratedCustomizer> (0x0000000085c569e0) 
thrown [s\src\hotspot\share\classfile\systemDictionary.cpp, line 256]
Event: 15.045 Thread 0x0000020087ddad80 Exception <a 'java/lang/ClassNotFoundException'{0x0000000085b2af80}: org/gradle/api/plugins/internal/DefaultBasePluginConventionBeanInfo> (0x0000000085b2af80) 
thrown [s\src\hotspot\share\classfile\systemDictionary.cpp, line 256]
Event: 15.047 Thread 0x0000020087ddad80 Exception <a 'java/lang/ClassNotFoundException'{0x0000000085b455a0}: org/gradle/api/plugins/BasePluginConventionBeanInfo> (0x0000000085b455a0) 
thrown [s\src\hotspot\share\classfile\systemDictionary.cpp, line 256]
Event: 15.048 Thread 0x0000020087ddad80 Exception <a 'java/lang/ClassNotFoundException'{0x0000000085b5fb88}: org/gradle/api/plugins/BasePluginConventionCustomizer> (0x0000000085b5fb88) 
thrown [s\src\hotspot\share\classfile\systemDictionary.cpp, line 256]
Event: 15.051 Thread 0x0000020087ddad80 Exception <a 'java/lang/ClassNotFoundException'{0x0000000085b84380}: org/gradle/api/plugins/internal/DefaultBasePluginConventionCustomizer> (0x0000000085b84380) 
thrown [s\src\hotspot\share\classfile\systemDictionary.cpp, line 256]
Event: 15.059 Thread 0x0000020087ddad80 Exception <a 'java/lang/ClassNotFoundException'{0x0000000085bd3cb8}: org/gradle/api/plugins/internal/DefaultJavaPluginConventionBeanInfo> (0x0000000085bd3cb8) 
thrown [s\src\hotspot\share\classfile\systemDictionary.cpp, line 256]
Event: 15.061 Thread 0x0000020087ddad80 Exception <a 'java/lang/ClassNotFoundException'{0x0000000085bee2d8}: org/gradle/api/plugins/JavaPluginConventionBeanInfo> (0x0000000085bee2d8) 
thrown [s\src\hotspot\share\classfile\systemDictionary.cpp, line 256]
Event: 15.063 Thread 0x0000020087ddad80 Exception <a 'java/lang/ClassNotFoundException'{0x0000000085a08d50}: org/gradle/api/plugins/JavaPluginConventionCustomizer> (0x0000000085a08d50) 
thrown [s\src\hotspot\share\classfile\systemDictionary.cpp, line 256]
Event: 15.065 Thread 0x0000020087ddad80 Exception <a 'java/lang/ClassNotFoundException'{0x0000000085a36f78}: org/gradle/api/plugins/internal/DefaultJavaPluginConventionCustomizer> (0x0000000085a36f78) 
thrown [s\src\hotspot\share\classfile\systemDictionary.cpp, line 256]
Event: 15.603 Thread 0x0000020087ddad80 Exception <a 'java/lang/IncompatibleClassChangeError'{0x0000000086af6740}: Found class java.lang.Object, but interface was expected> (0x0000000086af6740) 
thrown [s\src\hotspot\share\interpreter\linkResolver.cpp, line 838]
Event: 15.650 Thread 0x0000020087ddad80 Exception <a 'java/lang/ClassNotFoundException'{0x00000000868846d8}: org/gradle/api/internal/project/DefaultAntBuilderBeanInfo> (0x00000000868846d8) 
thrown [s\src\hotspot\share\classfile\systemDictionary.cpp, line 256]
Event: 15.651 Thread 0x0000020087ddad80 Exception <a 'java/lang/ClassNotFoundException'{0x000000008689a3f0}: org/gradle/api/internal/project/ant/BasicAntBuilderBeanInfo> (0x000000008689a3f0) 
thrown [s\src\hotspot\share\classfile\systemDictionary.cpp, line 256]
Event: 15.652 Thread 0x0000020087ddad80 Exception <a 'java/lang/ClassNotFoundException'{0x00000000868af390}: org/gradle/api/AntBuilderBeanInfo> (0x00000000868af390) 
thrown [s\src\hotspot\share\classfile\systemDictionary.cpp, line 256]
Event: 15.654 Thread 0x0000020087ddad80 Exception <a 'java/lang/ClassNotFoundException'{0x0000000086716d98}: groovy/util/AntBuilderBeanInfo> (0x0000000086716d98) 
thrown [s\src\hotspot\share\classfile\systemDictionary.cpp, line 256]
Event: 15.657 Thread 0x0000020087ddad80 Exception <a 'java/lang/ClassNotFoundException'{0x000000008677ec18}: groovy/util/BuilderSupportBeanInfo> (0x000000008677ec18) 
thrown [s\src\hotspot\share\classfile\systemDictionary.cpp, line 256]
Event: 15.659 Thread 0x0000020087ddad80 Exception <a 'java/lang/ClassNotFoundException'{0x00000000867e6a78}: groovy/util/BuilderSupportCustomizer> (0x00000000867e6a78) 
thrown [s\src\hotspot\share\classfile\systemDictionary.cpp, line 256]
Event: 15.662 Thread 0x0000020087ddad80 Exception <a 'java/lang/ClassNotFoundException'{0x0000000086650260}: groovy/util/AntBuilderCustomizer> (0x0000000086650260) 
thrown [s\src\hotspot\share\classfile\systemDictionary.cpp, line 256]
Event: 15.663 Thread 0x0000020087ddad80 Exception <a 'java/lang/ClassNotFoundException'{0x000000008666a348}: org/gradle/api/AntBuilderCustomizer> (0x000000008666a348) 
thrown [s\src\hotspot\share\classfile\systemDictionary.cpp, line 256]
Event: 15.665 Thread 0x0000020087ddad80 Exception <a 'java/lang/ClassNotFoundException'{0x000000008668b560}: org/gradle/api/internal/project/ant/BasicAntBuilderCustomizer> (0x000000008668b560) 
thrown [s\src\hotspot\share\classfile\systemDictionary.cpp, line 256]
Event: 15.667 Thread 0x0000020087ddad80 Exception <a 'java/lang/ClassNotFoundException'{0x00000000866b3c40}: org/gradle/api/internal/project/DefaultAntBuilderCustomizer> (0x00000000866b3c40) 
thrown [s\src\hotspot\share\classfile\systemDictionary.cpp, line 256]

VM Operations (20 events):
Event: 14.071 Executing VM operation: HandshakeAllThreads done
Event: 14.072 Executing VM operation: HandshakeAllThreads
Event: 14.072 Executing VM operation: HandshakeAllThreads done
Event: 14.172 Executing VM operation: G1TryInitiateConcMark
Event: 14.179 Executing VM operation: G1TryInitiateConcMark done
Event: 14.289 Executing VM operation: G1Concurrent
Event: 14.296 Executing VM operation: G1Concurrent done
Event: 14.335 Executing VM operation: G1Concurrent
Event: 14.335 Executing VM operation: G1Concurrent done
Event: 14.550 Executing VM operation: G1CollectForAllocation
Event: 14.560 Executing VM operation: G1CollectForAllocation done
Event: 14.620 Executing VM operation: HandshakeAllThreads
Event: 14.620 Executing VM operation: HandshakeAllThreads done
Event: 15.217 Executing VM operation: HandshakeAllThreads
Event: 15.218 Executing VM operation: HandshakeAllThreads done
Event: 15.256 Executing VM operation: HandshakeAllThreads
Event: 15.256 Executing VM operation: HandshakeAllThreads done
Event: 15.332 Executing VM operation: G1CollectForAllocation
Event: 15.344 Executing VM operation: G1CollectForAllocation done
Event: 16.198 Executing VM operation: G1CollectForAllocation

Events (20 events):
Event: 15.602 loading class org/xml/sax/EntityResolver
Event: 15.602 loading class org/xml/sax/EntityResolver done
Event: 15.603 loading class org/xml/sax/ErrorHandler
Event: 15.603 loading class org/xml/sax/ErrorHandler done
Event: 15.603 loading class org/xml/sax/DTDHandler
Event: 15.603 loading class org/xml/sax/DTDHandler done
Event: 15.615 loading class java/util/Spliterators$IntArraySpliterator
Event: 15.615 loading class java/util/Spliterators$IntArraySpliterator done
Event: 15.620 loading class java/text/ParsePosition
Event: 15.620 loading class java/text/ParsePosition done
Event: 15.629 loading class java/text/CharacterIterator
Event: 15.629 loading class java/text/CharacterIterator done
Event: 15.630 loading class java/text/StringCharacterIterator
Event: 15.630 loading class java/text/StringCharacterIterator done
Event: 15.702 loading class java/time/format/DateTimeFormatterBuilder$WeekBasedFieldPrinterParser
Event: 15.702 loading class java/time/format/DateTimeFormatterBuilder$WeekBasedFieldPrinterParser done
Event: 15.718 loading class com/sun/jmx/mbeanserver/StandardMBeanSupport
Event: 15.718 loading class com/sun/jmx/mbeanserver/StandardMBeanSupport done
Event: 15.718 loading class com/sun/jmx/mbeanserver/StandardMBeanIntrospector
Event: 15.719 loading class com/sun/jmx/mbeanserver/StandardMBeanIntrospector done


Dynamic libraries:
0x00007ff7d99d0000 - 0x00007ff7d99da000 	C:\Program Files\Android\Android Studio\jbr\bin\java.exe
0x00007ff8b72f0000 - 0x00007ff8b74e8000 	C:\Windows\SYSTEM32\ntdll.dll
0x00007ff8b68d0000 - 0x00007ff8b698d000 	C:\Windows\System32\KERNEL32.DLL
0x00007ff8b4fb0000 - 0x00007ff8b52a6000 	C:\Windows\System32\KERNELBASE.dll
0x00007ff8b4d80000 - 0x00007ff8b4e80000 	C:\Windows\System32\ucrtbase.dll
0x00007ff8adf90000 - 0x00007ff8adfab000 	C:\Program Files\Android\Android Studio\jbr\bin\VCRUNTIME140.dll
0x00007ff84a8d0000 - 0x00007ff84a8e7000 	C:\Program Files\Android\Android Studio\jbr\bin\jli.dll
0x00007ff8b64b0000 - 0x00007ff8b664e000 	C:\Windows\System32\USER32.dll
0x00007ff8a7eb0000 - 0x00007ff8a814a000 	C:\Windows\WinSxS\amd64_microsoft.windows.common-controls_6595b64144ccf1df_6.0.19041.3636_none_60b6a03d71f818d5\COMCTL32.dll
0x00007ff8b4b30000 - 0x00007ff8b4b52000 	C:\Windows\System32\win32u.dll
0x00007ff8b6fb0000 - 0x00007ff8b704e000 	C:\Windows\System32\msvcrt.dll
0x00007ff8b6cf0000 - 0x00007ff8b6d1c000 	C:\Windows\System32\GDI32.dll
0x00007ff8b4c60000 - 0x00007ff8b4d7a000 	C:\Windows\System32\gdi32full.dll
0x00007ff8b4e80000 - 0x00007ff8b4f1d000 	C:\Windows\System32\msvcp_win.dll
0x00007ff8b5fa0000 - 0x00007ff8b5fd0000 	C:\Windows\System32\IMM32.DLL
0x00007ff8b0a10000 - 0x00007ff8b0a1c000 	C:\Program Files\Android\Android Studio\jbr\bin\vcruntime140_1.dll
0x00007ff8a37c0000 - 0x00007ff8a384d000 	C:\Program Files\Android\Android Studio\jbr\bin\msvcp140.dll
0x00007ff84b2e0000 - 0x00007ff84bf4e000 	C:\Program Files\Android\Android Studio\jbr\bin\server\jvm.dll
0x00007ff8b6e30000 - 0x00007ff8b6edf000 	C:\Windows\System32\ADVAPI32.dll
0x00007ff8b5f00000 - 0x00007ff8b5f9c000 	C:\Windows\System32\sechost.dll
0x00007ff8b5350000 - 0x00007ff8b5476000 	C:\Windows\System32\RPCRT4.dll
0x00007ff8593e0000 - 0x00007ff8593e9000 	C:\Windows\SYSTEM32\WSOCK32.dll
0x00007ff8a4690000 - 0x00007ff8a469a000 	C:\Windows\SYSTEM32\VERSION.dll
0x00007ff8acee0000 - 0x00007ff8acf07000 	C:\Windows\SYSTEM32\WINMM.dll
0x00007ff8b6440000 - 0x00007ff8b64ab000 	C:\Windows\System32\WS2_32.dll
0x00007ff8b2890000 - 0x00007ff8b28a2000 	C:\Windows\SYSTEM32\kernel.appcore.dll
0x00007ff858ed0000 - 0x00007ff858eda000 	C:\Program Files\Android\Android Studio\jbr\bin\jimage.dll
0x00007ff8a0ba0000 - 0x00007ff8a0d84000 	C:\Windows\SYSTEM32\DBGHELP.DLL
0x00007ff8a36c0000 - 0x00007ff8a36f4000 	C:\Windows\SYSTEM32\dbgcore.DLL
0x00007ff8b4f20000 - 0x00007ff8b4fa2000 	C:\Windows\System32\bcryptPrimitives.dll
0x00007ff856880000 - 0x00007ff8568a5000 	C:\Program Files\Android\Android Studio\jbr\bin\java.dll
0x00007ff856860000 - 0x00007ff856878000 	C:\Program Files\Android\Android Studio\jbr\bin\zip.dll
0x00007ff8b5560000 - 0x00007ff8b5ca4000 	C:\Windows\System32\SHELL32.dll
0x00007ff8b2a90000 - 0x00007ff8b322b000 	C:\Windows\SYSTEM32\windows.storage.dll
0x00007ff8b6990000 - 0x00007ff8b6ce4000 	C:\Windows\System32\combase.dll
0x00007ff8b4410000 - 0x00007ff8b443d000 	C:\Windows\SYSTEM32\Wldp.dll
0x00007ff8b6730000 - 0x00007ff8b67dd000 	C:\Windows\System32\SHCORE.dll
0x00007ff8b54a0000 - 0x00007ff8b54f5000 	C:\Windows\System32\shlwapi.dll
0x00007ff8b4900000 - 0x00007ff8b4925000 	C:\Windows\SYSTEM32\profapi.dll
0x00007ff84aee0000 - 0x00007ff84aef9000 	C:\Program Files\Android\Android Studio\jbr\bin\net.dll
0x00007ff8ad6f0000 - 0x00007ff8ad7fa000 	C:\Windows\SYSTEM32\WINHTTP.dll
0x00007ff8b4100000 - 0x00007ff8b416a000 	C:\Windows\system32\mswsock.dll
0x00007ff84aec0000 - 0x00007ff84aed6000 	C:\Program Files\Android\Android Studio\jbr\bin\nio.dll
0x00007ff84aac0000 - 0x00007ff84aad0000 	C:\Program Files\Android\Android Studio\jbr\bin\verify.dll
0x00007ff8a71c0000 - 0x00007ff8a71e7000 	C:\Users\CHEBICHEB KHEIREDDIN\.gradle\native\e1d6ef7f7dcc3fd88c89a11ec53ec762bb8ba0a96d01ffa2cd45eb1d1d8dd5c5\windows-amd64\native-platform.dll
0x00007ff8a1180000 - 0x00007ff8a12c4000 	C:\Users\CHEBICHEB KHEIREDDIN\.gradle\native\0d407fdbe67a94daf76414ababcb853783967236a71b16ec16e742cd7a986fd3\windows-amd64\native-platform-file-events.dll
0x00007ff84aa70000 - 0x00007ff84aa79000 	C:\Program Files\Android\Android Studio\jbr\bin\management.dll
0x00007ff84aa60000 - 0x00007ff84aa6b000 	C:\Program Files\Android\Android Studio\jbr\bin\management_ext.dll
0x00007ff8b5480000 - 0x00007ff8b5488000 	C:\Windows\System32\PSAPI.DLL
0x00007ff8b4370000 - 0x00007ff8b4388000 	C:\Windows\SYSTEM32\CRYPTSP.dll
0x00007ff8b39d0000 - 0x00007ff8b3a04000 	C:\Windows\system32\rsaenh.dll
0x00007ff8b52b0000 - 0x00007ff8b52d7000 	C:\Windows\System32\bcrypt.dll
0x00007ff8b48c0000 - 0x00007ff8b48ee000 	C:\Windows\SYSTEM32\USERENV.dll
0x00007ff8b4360000 - 0x00007ff8b436c000 	C:\Windows\SYSTEM32\CRYPTBASE.dll
0x00007ff8b3df0000 - 0x00007ff8b3e2b000 	C:\Windows\SYSTEM32\IPHLPAPI.DLL
0x00007ff8b5490000 - 0x00007ff8b5498000 	C:\Windows\System32\NSI.dll
0x00007ff8ae6c0000 - 0x00007ff8ae6d7000 	C:\Windows\SYSTEM32\dhcpcsvc6.DLL
0x00007ff8ae660000 - 0x00007ff8ae67d000 	C:\Windows\SYSTEM32\dhcpcsvc.DLL
0x00007ff8b3e30000 - 0x00007ff8b3efa000 	C:\Windows\SYSTEM32\DNSAPI.dll
0x00007ff896420000 - 0x00007ff896427000 	C:\Windows\system32\wshunix.dll

dbghelp: loaded successfully - version: 4.0.5 - missing functions: none
symbol engine: initialized successfully - sym options: 0x614 - pdb path: .;C:\Program Files\Android\Android Studio\jbr\bin;C:\Windows\SYSTEM32;C:\Windows\WinSxS\amd64_microsoft.windows.common-controls_6595b64144ccf1df_6.0.19041.3636_none_60b6a03d71f818d5;C:\Program Files\Android\Android Studio\jbr\bin\server;C:\Users\CHEBICHEB KHEIREDDIN\.gradle\native\e1d6ef7f7dcc3fd88c89a11ec53ec762bb8ba0a96d01ffa2cd45eb1d1d8dd5c5\windows-amd64;C:\Users\CHEBICHEB KHEIREDDIN\.gradle\native\0d407fdbe67a94daf76414ababcb853783967236a71b16ec16e742cd7a986fd3\windows-amd64

VM Arguments:
jvm_args: --add-opens=java.base/java.util=ALL-UNNAMED --add-opens=java.base/java.lang=ALL-UNNAMED --add-opens=java.base/java.lang.invoke=ALL-UNNAMED --add-opens=java.base/java.util=ALL-UNNAMED --add-opens=java.prefs/java.util.prefs=ALL-UNNAMED --add-opens=java.prefs/java.util.prefs=ALL-UNNAMED --add-opens=java.base/java.nio.charset=ALL-UNNAMED --add-opens=java.base/java.net=ALL-UNNAMED --add-opens=java.base/java.util.concurrent.atomic=ALL-UNNAMED -Xmx2048m -Dfile.encoding=UTF-8 -Duser.country=US -Duser.language=en -Duser.variant 
java_command: org.gradle.launcher.daemon.bootstrap.GradleDaemon 7.5
java_class_path (initial): C:\Users\CHEBICHEB KHEIREDDIN\.gradle\wrapper\dists\gradle-7.5-bin\f1w0cc9nuo0eivz97x2xlu9sv\gradle-7.5\lib\gradle-launcher-7.5.jar
Launcher Type: SUN_STANDARD

[Global flags]
     intx CICompilerCount                          = 3                                         {product} {ergonomic}
     uint ConcGCThreads                            = 1                                         {product} {ergonomic}
     uint G1ConcRefinementThreads                  = 4                                         {product} {ergonomic}
   size_t G1HeapRegionSize                         = 1048576                                   {product} {ergonomic}
    uintx GCDrainStackTargetSize                   = 64                                        {product} {ergonomic}
   size_t InitialHeapSize                          = 132120576                                 {product} {ergonomic}
   size_t MarkStackSize                            = 4194304                                   {product} {ergonomic}
   size_t MaxHeapSize                              = 2147483648                                {product} {command line}
   size_t MaxNewSize                               = 1287651328                                {product} {ergonomic}
   size_t MinHeapDeltaBytes                        = 1048576                                   {product} {ergonomic}
   size_t MinHeapSize                              = 8388608                                   {product} {ergonomic}
    uintx NonNMethodCodeHeapSize                   = 5832780                                {pd product} {ergonomic}
    uintx NonProfiledCodeHeapSize                  = 122912730                              {pd product} {ergonomic}
    uintx ProfiledCodeHeapSize                     = 122912730                              {pd product} {ergonomic}
    uintx ReservedCodeCacheSize                    = 251658240                              {pd product} {ergonomic}
     bool SegmentedCodeCache                       = true                                      {product} {ergonomic}
   size_t SoftMaxHeapSize                          = 2147483648                             {manageable} {ergonomic}
     bool UseCompressedClassPointers               = true                           {product lp64_product} {ergonomic}
     bool UseCompressedOops                        = true                           {product lp64_product} {ergonomic}
     bool UseG1GC                                  = true                                      {product} {ergonomic}
     bool UseLargePagesIndividualAllocation        = false                                  {pd product} {ergonomic}

Logging:
Log output configuration:
 #0: stdout all=warning uptime,level,tags
 #1: stderr all=off uptime,level,tags

Environment Variables:
CLASSPATH=C:\oracle\product\10.2.0\db_1\jdbc\lib
PATH=C:\Program Files (x86)\VMware\VMware Workstation\bin\;C:\Program Files (x86)\Common Files\Oracle\Java\javapath;C:\Program Files\Common Files\Oracle\Java\javapath;C:\Windows\system32;C:\Windows;C:\Windows\System32\Wbem;C:\Windows\System32\WindowsPowerShell\v1.0\;C:\Windows\System32\OpenSSH\;C:\OCaml64\home\YCF\.opam\4.14.0+mingw64c\bin;C:\instantclient-basic\instantclient_12_1;C:\OCaml64\home\YCF\.opam\4.14.0+mingw64c\bin;C:\Program Files\Java\jdk-15.0.1\bin\javaw.exe;C:\OCaml64\usr\local\bin\opam.exe;C:\Program Files\Java\jdk1.8.0_351\bin;C:\Program Files\TortoiseGit\bin;C:\Program Files\Git\cmd;C:\Users\CHEBICHEB KHEIREDDIN\AppData\Local\Programs\Python\Python312\Scripts\;C:\Users\CHEBICHEB KHEIREDDIN\AppData\Local\Programs\Python\Python312\;C:\Users\CHEBICHEB KHEIREDDIN\AppData\Local\Programs\Python\Python310\Scripts\;C:\Users\CHEBICHEB KHEIREDDIN\AppData\Local\Programs\Python\Python310\;C:\Users\CHEBICHEB KHEIREDDIN\AppData\Local\Microsoft\WindowsApps;C:\OCaml64\home\YCF\.opam\4.14.0+mingw64c\bin;C:\Users\CHEBICHEB KHEIREDDIN\AppData\Local\Programs\Microsoft VS Code\bin;C:\OCaml64\home\CHEBICHEBKHEIREDDIN\.opam\4.14.0+mingw64c\bin;C:\Program Files\Java\jdk1.8.0_351\bin;;C:\Program Files\JetBrains\IntelliJ IDEA 2021.3\bin;
USERNAME=CHEBICHEB KHEIREDDIN
OS=Windows_NT
PROCESSOR_IDENTIFIER=Intel64 Family 6 Model 37 Stepping 5, GenuineIntel
TMP=C:\Users\CHEBIC~1\AppData\Local\Temp
TEMP=C:\Users\CHEBIC~1\AppData\Local\Temp


JNI global refs:
JNI global refs: 23, weak refs: 5

JNI global refs memory usage: 843, weak refs: 841


---------------  S Y S T E M  ---------------

OS:
 Windows 10 , 64 bit Build 19041 (10.0.19041.3636)
OS uptime: 0 days 0:59 hours

CPU: total 4 (initial active 4) (2 cores per cpu, 2 threads per core) family 6 model 37 stepping 5 microcode 0x7, cx8, cmov, fxsr, ht, mmx, sse, sse2, sse3, ssse3, sse4.1, sse4.2, popcnt, tsc, tscinvbit, aes, clmul, clflush

Memory: 4k page, system-wide physical 7983M (235M free)
TotalPageFile size 11480M (AvailPageFile size 24M)
current process WorkingSet (physical memory assigned to process): 305M, peak: 307M
current process commit charge ("private bytes"): 341M, peak: 445M

vm_info: OpenJDK 64-Bit Server VM (17.0.6+0-b2043.56-10027231) for windows-amd64 JRE (17.0.6+0-b2043.56-10027231), built on Apr 28 2023 00:43:19 by "androidbuild" with MS VC++ 16.10 / 16.11 (VS2019)

END.
