#
# There is insufficient memory for the Java Runtime Environment to continue.
# Native memory allocation (malloc) failed to allocate 873056 bytes for Chunk::new
# Possible reasons:
#   The system is out of physical RAM or swap space
#   The process is running with CompressedOops enabled, and the Java Heap may be blocking the growth of the native heap
# Possible solutions:
#   Reduce memory load on the system
#   Increase physical memory or swap space
#   Check if swap backing store is full
#   Decrease Java heap size (-Xmx/-Xms)
#   Decrease number of Java threads
#   Decrease Java thread stack sizes (-Xss)
#   Set larger code cache with -XX:ReservedCodeCacheSize=
#   JVM is running with Unscaled Compressed Oops mode in which the Java heap is
#     placed in the first 4GB address space. The Java Heap base address is the
#     maximum limit for the native heap growth. Please use -XX:HeapBaseMinAddress
#     to set the Java Heap base and to place the Java Heap above 4GB virtual address.
# This output file may be truncated or incomplete.
#
#  Out of Memory Error (arena.cpp:189), pid=5016, tid=6352
#
# JRE version: OpenJDK Runtime Environment (17.0.6) (build 17.0.6+0-b2043.56-10027231)
# Java VM: OpenJDK 64-Bit Server VM (17.0.6+0-b2043.56-10027231, mixed mode, tiered, compressed oops, compressed class ptrs, g1 gc, windows-amd64)
# No core dump will be written. Minidumps are not enabled by default on client versions of Windows
#

---------------  S U M M A R Y ------------

Command Line: --add-opens=java.base/java.util=ALL-UNNAMED --add-opens=java.base/java.lang=ALL-UNNAMED --add-opens=java.base/java.lang.invoke=ALL-UNNAMED --add-opens=java.base/java.util=ALL-UNNAMED --add-opens=java.prefs/java.util.prefs=ALL-UNNAMED --add-opens=java.prefs/java.util.prefs=ALL-UNNAMED --add-opens=java.base/java.nio.charset=ALL-UNNAMED --add-opens=java.base/java.net=ALL-UNNAMED --add-opens=java.base/java.util.concurrent.atomic=ALL-UNNAMED -Xmx2048m -Dfile.encoding=UTF-8 -Duser.country=US -Duser.language=en -Duser.variant org.gradle.launcher.daemon.bootstrap.GradleDaemon 7.5

Host: Intel(R) Core(TM) i5 CPU       M 520  @ 2.40GHz, 4 cores, 7G,  Windows 10 , 64 bit Build 19041 (10.0.19041.3636)
Time: Tue Dec 12 02:28:27 2023 W. Europe Standard Time elapsed time: 31.882957 seconds (0d 0h 0m 31s)

---------------  T H R E A D  ---------------

Current thread (0x000001cc6b076330):  JavaThread "C2 CompilerThread0" daemon [_thread_in_native, id=6352, stack(0x00000077e8000000,0x00000077e8100000)]


Current CompileTask:
C2:  31883 10373   !   4       java.nio.file.FileTreeWalker::next (144 bytes)

Stack: [0x00000077e8000000,0x00000077e8100000]
Native frames: (J=compiled Java code, j=interpreted, Vv=VM code, C=native code)
V  [jvm.dll+0x683c9a]
V  [jvm.dll+0x8427a4]
V  [jvm.dll+0x843f9e]
V  [jvm.dll+0x844603]
V  [jvm.dll+0x249b75]
V  [jvm.dll+0xabcac]
V  [jvm.dll+0xac27c]
V  [jvm.dll+0x2b0eef]
V  [jvm.dll+0x58a267]
V  [jvm.dll+0x2243b2]
V  [jvm.dll+0x21dd02]
V  [jvm.dll+0x21b51b]
V  [jvm.dll+0x1a4fdd]
V  [jvm.dll+0x22b098]
V  [jvm.dll+0x229159]
V  [jvm.dll+0x7f81ec]
V  [jvm.dll+0x7f274a]
V  [jvm.dll+0x682ad5]
C  [ucrtbase.dll+0x21bb2]
C  [KERNEL32.DLL+0x17344]
C  [ntdll.dll+0x526b1]


---------------  P R O C E S S  ---------------

Threads class SMR info:
_java_thread_list=0x000001cc729f7a40, length=86, elements={
0x000001cc511de740, 0x000001cc6a7d13e0, 0x000001cc6a7c79c0, 0x000001cc6b00f330,
0x000001cc6a7d2fe0, 0x000001cc6a7d34b0, 0x000001cc6a7d3980, 0x000001cc6b076330,
0x000001cc6b096850, 0x000001cc6b096d60, 0x000001cc6b1ff010, 0x000001cc6b201aa0,
0x000001cc6cc67740, 0x000001cc6c867410, 0x000001cc6b6fe4d0, 0x000001cc6c985530,
0x000001cc6c62bc50, 0x000001cc6c9ca980, 0x000001cc6c629c50, 0x000001cc6beb2af0,
0x000001cc6beb2150, 0x000001cc6beb12e0, 0x000001cc6beb0940, 0x000001cc6beb3960,
0x000001cc6beb2fc0, 0x000001cc6beb3490, 0x000001cc6beaffa0, 0x000001cc6beb0470,
0x000001cc6beb0e10, 0x000001cc6f9fcef0, 0x000001cc6fa003e0, 0x000001cc6f9fa870,
0x000001cc6f9fa3a0, 0x000001cc6f9ffa40, 0x000001cc6f9fdd60, 0x000001cc6f9ff570,
0x000001cc6f9fad40, 0x000001cc6f9fff10, 0x000001cc6f9f9060, 0x000001cc6f9fd890,
0x000001cc6f9f9a00, 0x000001cc6f9fb210, 0x000001cc6f9fca20, 0x000001cc6f9f9ed0,
0x000001cc6f9fb6e0, 0x000001cc6f9fbbb0, 0x000001cc6f9fc550, 0x000001cc6f9fd3c0,
0x000001cc6f9fe230, 0x000001cc6f9fe700, 0x000001cc6ddd0570, 0x000001cc6ddcc6e0,
0x000001cc6ddd3a60, 0x000001cc6ddd1d80, 0x000001cc6ddd0a40, 0x000001cc6ddd2720,
0x000001cc6ddcf230, 0x000001cc6ddced60, 0x000001cc6ddd2bf0, 0x000001cc6ddd2250,
0x000001cc6ddd3590, 0x000001cc6ddcfbd0, 0x000001cc6ddd30c0, 0x000001cc6ddcc210,
0x000001cc6ddcdef0, 0x000001cc6ddcf700, 0x000001cc6ddcd550, 0x000001cc6ddccbb0,
0x000001cc6ddcd080, 0x000001cc6ddd00a0, 0x000001cc6ddd13e0, 0x000001cc6ddd0f10,
0x000001cc6ddd18b0, 0x000001cc6ddce890, 0x000001cc6ddcda20, 0x000001cc6ddce3c0,
0x000001cc6fda9b80, 0x000001cc6fda49b0, 0x000001cc6fda79d0, 0x000001cc6fda8370,
0x000001cc6fda91e0, 0x000001cc6fda31a0, 0x000001cc6fdaa520, 0x000001cc6fda3670,
0x000001cc6fda7ea0, 0x000001cc6fda3b40
}

Java Threads: ( => current thread )
  0x000001cc511de740 JavaThread "main" [_thread_blocked, id=11916, stack(0x00000077e7300000,0x00000077e7400000)]
  0x000001cc6a7d13e0 JavaThread "Reference Handler" daemon [_thread_blocked, id=3308, stack(0x00000077e7a00000,0x00000077e7b00000)]
  0x000001cc6a7c79c0 JavaThread "Finalizer" daemon [_thread_blocked, id=900, stack(0x00000077e7b00000,0x00000077e7c00000)]
  0x000001cc6b00f330 JavaThread "Signal Dispatcher" daemon [_thread_blocked, id=10328, stack(0x00000077e7c00000,0x00000077e7d00000)]
  0x000001cc6a7d2fe0 JavaThread "Attach Listener" daemon [_thread_blocked, id=688, stack(0x00000077e7d00000,0x00000077e7e00000)]
  0x000001cc6a7d34b0 JavaThread "Service Thread" daemon [_thread_blocked, id=3520, stack(0x00000077e7e00000,0x00000077e7f00000)]
  0x000001cc6a7d3980 JavaThread "Monitor Deflation Thread" daemon [_thread_blocked, id=9220, stack(0x00000077e7f00000,0x00000077e8000000)]
=>0x000001cc6b076330 JavaThread "C2 CompilerThread0" daemon [_thread_in_native, id=6352, stack(0x00000077e8000000,0x00000077e8100000)]
  0x000001cc6b096850 JavaThread "C1 CompilerThread0" daemon [_thread_blocked, id=11952, stack(0x00000077e8100000,0x00000077e8200000)]
  0x000001cc6b096d60 JavaThread "Sweeper thread" daemon [_thread_blocked, id=9288, stack(0x00000077e8200000,0x00000077e8300000)]
  0x000001cc6b1ff010 JavaThread "Common-Cleaner" daemon [_thread_blocked, id=1820, stack(0x00000077e8300000,0x00000077e8400000)]
  0x000001cc6b201aa0 JavaThread "Notification Thread" daemon [_thread_blocked, id=4676, stack(0x00000077e8400000,0x00000077e8500000)]
  0x000001cc6cc67740 JavaThread "Daemon health stats" [_thread_in_vm_trans, id=9824, stack(0x00000077e8600000,0x00000077e8700000)]
  0x000001cc6c867410 JavaThread "Incoming local TCP Connector on port 50908" [_thread_in_native, id=1588, stack(0x00000077e8a00000,0x00000077e8b00000)]
  0x000001cc6b6fe4d0 JavaThread "Daemon periodic checks" [_thread_blocked, id=10752, stack(0x00000077e8b00000,0x00000077e8c00000)]
  0x000001cc6c985530 JavaThread "Daemon" [_thread_blocked, id=3064, stack(0x00000077e8c00000,0x00000077e8d00000)]
  0x000001cc6c62bc50 JavaThread "Handler for socket connection from /127.0.0.1:50908 to /127.0.0.1:50909" [_thread_in_native, id=12152, stack(0x00000077e8d00000,0x00000077e8e00000)]
  0x000001cc6c9ca980 JavaThread "Cancel handler" [_thread_blocked, id=4992, stack(0x00000077e8e00000,0x00000077e8f00000)]
  0x000001cc6c629c50 JavaThread "Daemon worker" [_thread_blocked, id=2296, stack(0x00000077e8f00000,0x00000077e9000000)]
  0x000001cc6beb2af0 JavaThread "Asynchronous log dispatcher for DefaultDaemonConnection: socket connection from /127.0.0.1:50908 to /127.0.0.1:50909" [_thread_blocked, id=7236, stack(0x00000077e9000000,0x00000077e9100000)]
  0x000001cc6beb2150 JavaThread "Stdin handler" [_thread_blocked, id=5012, stack(0x00000077e9100000,0x00000077e9200000)]
  0x000001cc6beb12e0 JavaThread "Daemon client event forwarder" [_thread_blocked, id=7104, stack(0x00000077e9200000,0x00000077e9300000)]
  0x000001cc6beb0940 JavaThread "Cache worker for journal cache (C:\Users\CHEBICHEB KHEIREDDIN\.gradle\caches\journal-1)" [_thread_blocked, id=7420, stack(0x00000077e9300000,0x00000077e9400000)]
  0x000001cc6beb3960 JavaThread "File lock request listener" [_thread_in_native, id=3556, stack(0x00000077e9400000,0x00000077e9500000)]
  0x000001cc6beb2fc0 JavaThread "Cache worker for file hash cache (C:\Users\CHEBICHEB KHEIREDDIN\.gradle\caches\7.5\fileHashes)" [_thread_blocked, id=9228, stack(0x00000077e9500000,0x00000077e9600000)]
  0x000001cc6beb3490 JavaThread "File watcher server" daemon [_thread_in_native, id=6788, stack(0x00000077e9600000,0x00000077e9700000)]
  0x000001cc6beaffa0 JavaThread "File watcher consumer" daemon [_thread_blocked, id=8216, stack(0x00000077e9700000,0x00000077e9800000)]
  0x000001cc6beb0470 JavaThread "Cache worker for checksums cache (C:\Users\CHEBICHEB KHEIREDDIN\Desktop\GL2 S1 cour et td\Dev Mobile App\Practice6A-NavigationDrawer\.gradle\7.5\checksums)" [_thread_blocked, id=8980, stack(0x00000077e9800000,0x00000077e9900000)]
  0x000001cc6beb0e10 JavaThread "Cache worker for cache directory md-rule (C:\Users\CHEBICHEB KHEIREDDIN\.gradle\caches\7.5\md-rule)" [_thread_blocked, id=11568, stack(0x00000077e9900000,0x00000077e9a00000)]
  0x000001cc6f9fcef0 JavaThread "Cache worker for file content cache (C:\Users\CHEBICHEB KHEIREDDIN\.gradle\caches\7.5\fileContent)" [_thread_blocked, id=3224, stack(0x00000077e9a00000,0x00000077e9b00000)]
  0x000001cc6fa003e0 JavaThread "Cache worker for file hash cache (C:\Users\CHEBICHEB KHEIREDDIN\Desktop\GL2 S1 cour et td\Dev Mobile App\Practice6A-NavigationDrawer\.gradle\7.5\fileHashes)" [_thread_in_native, id=9480, stack(0x00000077e9b00000,0x00000077e9c00000)]
  0x000001cc6f9fa870 JavaThread "Cache worker for cache directory md-supplier (C:\Users\CHEBICHEB KHEIREDDIN\.gradle\caches\7.5\md-supplier)" [_thread_blocked, id=7724, stack(0x00000077e9c00000,0x00000077e9d00000)]
  0x000001cc6f9fa3a0 JavaThread "Cache worker for execution history cache (C:\Users\CHEBICHEB KHEIREDDIN\.gradle\caches\7.5\executionHistory)" [_thread_blocked, id=336, stack(0x00000077e9d00000,0x00000077e9e00000)]
  0x000001cc6f9ffa40 JavaThread "jar transforms" [_thread_blocked, id=10572, stack(0x00000077e9e00000,0x00000077e9f00000)]
  0x000001cc6f9fdd60 JavaThread "jar transforms Thread 2" [_thread_blocked, id=8412, stack(0x00000077e9f00000,0x00000077ea000000)]
  0x000001cc6f9ff570 JavaThread "jar transforms Thread 3" [_thread_blocked, id=1908, stack(0x00000077ea000000,0x00000077ea100000)]
  0x000001cc6f9fad40 JavaThread "jar transforms Thread 4" [_thread_blocked, id=12160, stack(0x00000077ea100000,0x00000077ea200000)]
  0x000001cc6f9fff10 JavaThread "Cache worker for dependencies-accessors (C:\Users\CHEBICHEB KHEIREDDIN\Desktop\GL2 S1 cour et td\Dev Mobile App\Practice6A-NavigationDrawer\.gradle\7.5\dependencies-accessors)" [_thread_blocked, id=6220, stack(0x00000077ea200000,0x00000077ea300000)]
  0x000001cc6f9f9060 JavaThread "Cache worker for Build Output Cleanup Cache (C:\Users\CHEBICHEB KHEIREDDIN\Desktop\GL2 S1 cour et td\Dev Mobile App\Practice6A-NavigationDrawer\.gradle\buildOutputCleanup)" [_thread_blocked, id=6668, stack(0x00000077ea300000,0x00000077ea400000)]
  0x000001cc6f9fd890 JavaThread "Unconstrained build operations" [_thread_blocked, id=10696, stack(0x00000077ea400000,0x00000077ea500000)]
  0x000001cc6f9f9a00 JavaThread "Unconstrained build operations Thread 2" [_thread_blocked, id=7416, stack(0x00000077ea500000,0x00000077ea600000)]
  0x000001cc6f9fb210 JavaThread "Unconstrained build operations Thread 3" [_thread_blocked, id=4260, stack(0x00000077ea600000,0x00000077ea700000)]
  0x000001cc6f9fca20 JavaThread "Unconstrained build operations Thread 4" [_thread_blocked, id=5268, stack(0x00000077ea700000,0x00000077ea800000)]
  0x000001cc6f9f9ed0 JavaThread "Unconstrained build operations Thread 5" [_thread_blocked, id=4156, stack(0x00000077ea800000,0x00000077ea900000)]
  0x000001cc6f9fb6e0 JavaThread "Unconstrained build operations Thread 6" [_thread_blocked, id=452, stack(0x00000077ea900000,0x00000077eaa00000)]
  0x000001cc6f9fbbb0 JavaThread "Unconstrained build operations Thread 7" [_thread_blocked, id=8396, stack(0x00000077eaa00000,0x00000077eab00000)]
  0x000001cc6f9fc550 JavaThread "Unconstrained build operations Thread 8" [_thread_blocked, id=12236, stack(0x00000077eab00000,0x00000077eac00000)]
  0x000001cc6f9fd3c0 JavaThread "Unconstrained build operations Thread 9" [_thread_blocked, id=6436, stack(0x00000077eac00000,0x00000077ead00000)]
  0x000001cc6f9fe230 JavaThread "Unconstrained build operations Thread 10" [_thread_blocked, id=6948, stack(0x00000077ead00000,0x00000077eae00000)]
  0x000001cc6f9fe700 JavaThread "Unconstrained build operations Thread 11" [_thread_blocked, id=8808, stack(0x00000077eae00000,0x00000077eaf00000)]
  0x000001cc6ddd0570 JavaThread "Unconstrained build operations Thread 12" [_thread_blocked, id=6996, stack(0x00000077eaf00000,0x00000077eb000000)]
  0x000001cc6ddcc6e0 JavaThread "Unconstrained build operations Thread 13" [_thread_blocked, id=3416, stack(0x00000077eb000000,0x00000077eb100000)]
  0x000001cc6ddd3a60 JavaThread "Unconstrained build operations Thread 14" [_thread_blocked, id=7156, stack(0x00000077eb100000,0x00000077eb200000)]
  0x000001cc6ddd1d80 JavaThread "Unconstrained build operations Thread 15" [_thread_blocked, id=12056, stack(0x00000077eb200000,0x00000077eb300000)]
  0x000001cc6ddd0a40 JavaThread "Unconstrained build operations Thread 16" [_thread_blocked, id=12140, stack(0x00000077eb300000,0x00000077eb400000)]
  0x000001cc6ddd2720 JavaThread "Unconstrained build operations Thread 17" [_thread_blocked, id=1816, stack(0x00000077eb400000,0x00000077eb500000)]
  0x000001cc6ddcf230 JavaThread "Unconstrained build operations Thread 18" [_thread_blocked, id=2484, stack(0x00000077eb500000,0x00000077eb600000)]
  0x000001cc6ddced60 JavaThread "Unconstrained build operations Thread 19" [_thread_blocked, id=5260, stack(0x00000077eb600000,0x00000077eb700000)]
  0x000001cc6ddd2bf0 JavaThread "Unconstrained build operations Thread 20" [_thread_blocked, id=6576, stack(0x00000077eb700000,0x00000077eb800000)]
  0x000001cc6ddd2250 JavaThread "Unconstrained build operations Thread 21" [_thread_blocked, id=6856, stack(0x00000077eb800000,0x00000077eb900000)]
  0x000001cc6ddd3590 JavaThread "Unconstrained build operations Thread 22" [_thread_blocked, id=11104, stack(0x00000077eb900000,0x00000077eba00000)]
  0x000001cc6ddcfbd0 JavaThread "Unconstrained build operations Thread 23" [_thread_blocked, id=8276, stack(0x00000077eba00000,0x00000077ebb00000)]
  0x000001cc6ddd30c0 JavaThread "Unconstrained build operations Thread 24" [_thread_blocked, id=8388, stack(0x00000077ebb00000,0x00000077ebc00000)]
  0x000001cc6ddcc210 JavaThread "Unconstrained build operations Thread 25" [_thread_blocked, id=6528, stack(0x00000077ebc00000,0x00000077ebd00000)]
  0x000001cc6ddcdef0 JavaThread "Unconstrained build operations Thread 26" [_thread_blocked, id=6492, stack(0x00000077ebd00000,0x00000077ebe00000)]
  0x000001cc6ddcf700 JavaThread "Unconstrained build operations Thread 27" [_thread_blocked, id=7964, stack(0x00000077ebe00000,0x00000077ebf00000)]
  0x000001cc6ddcd550 JavaThread "Unconstrained build operations Thread 28" [_thread_blocked, id=8020, stack(0x00000077ebf00000,0x00000077ec000000)]
  0x000001cc6ddccbb0 JavaThread "Unconstrained build operations Thread 29" [_thread_blocked, id=2268, stack(0x00000077ec000000,0x00000077ec100000)]
  0x000001cc6ddcd080 JavaThread "Unconstrained build operations Thread 30" [_thread_blocked, id=5796, stack(0x00000077ec100000,0x00000077ec200000)]
  0x000001cc6ddd00a0 JavaThread "Unconstrained build operations Thread 31" [_thread_blocked, id=11776, stack(0x00000077ec200000,0x00000077ec300000)]
  0x000001cc6ddd13e0 JavaThread "Unconstrained build operations Thread 32" [_thread_blocked, id=6188, stack(0x00000077ec300000,0x00000077ec400000)]
  0x000001cc6ddd0f10 JavaThread "Unconstrained build operations Thread 33" [_thread_blocked, id=9916, stack(0x00000077ec400000,0x00000077ec500000)]
  0x000001cc6ddd18b0 JavaThread "Unconstrained build operations Thread 34" [_thread_blocked, id=9960, stack(0x00000077ec500000,0x00000077ec600000)]
  0x000001cc6ddce890 JavaThread "Unconstrained build operations Thread 35" [_thread_blocked, id=8196, stack(0x00000077ec600000,0x00000077ec700000)]
  0x000001cc6ddcda20 JavaThread "Unconstrained build operations Thread 36" [_thread_blocked, id=5656, stack(0x00000077ec700000,0x00000077ec800000)]
  0x000001cc6ddce3c0 JavaThread "Unconstrained build operations Thread 37" [_thread_blocked, id=1732, stack(0x00000077ec800000,0x00000077ec900000)]
  0x000001cc6fda9b80 JavaThread "Unconstrained build operations Thread 38" [_thread_blocked, id=3420, stack(0x00000077ec900000,0x00000077eca00000)]
  0x000001cc6fda49b0 JavaThread "Unconstrained build operations Thread 39" [_thread_blocked, id=5956, stack(0x00000077eca00000,0x00000077ecb00000)]
  0x000001cc6fda79d0 JavaThread "Unconstrained build operations Thread 40" [_thread_blocked, id=4392, stack(0x00000077ecb00000,0x00000077ecc00000)]
  0x000001cc6fda8370 JavaThread "build event listener" [_thread_blocked, id=1752, stack(0x00000077ecd00000,0x00000077ece00000)]
  0x000001cc6fda91e0 JavaThread "Memory manager" [_thread_blocked, id=2660, stack(0x00000077ece00000,0x00000077ecf00000)]
  0x000001cc6fda31a0 JavaThread "included builds" [_thread_blocked, id=7312, stack(0x00000077ecf00000,0x00000077ed000000)]
  0x000001cc6fdaa520 JavaThread "Execution worker" [_thread_blocked, id=11400, stack(0x00000077ed000000,0x00000077ed100000)]
  0x000001cc6fda3670 JavaThread "Execution worker Thread 2" [_thread_blocked, id=12072, stack(0x00000077ed100000,0x00000077ed200000)]
  0x000001cc6fda7ea0 JavaThread "Execution worker Thread 3" [_thread_blocked, id=4132, stack(0x00000077ed200000,0x00000077ed300000)]
  0x000001cc6fda3b40 JavaThread "Cache worker for execution history cache (C:\Users\CHEBICHEB KHEIREDDIN\Desktop\GL2 S1 cour et td\Dev Mobile App\Practice6A-NavigationDrawer\.gradle\7.5\executionHistory)" [_thread_blocked, id=5300, stack(0x00000077ed300000,0x00000077ed400000)]

Other Threads:
  0x000001cc6a784f20 VMThread "VM Thread" [stack: 0x00000077e7900000,0x00000077e7a00000] [id=120]
  0x000001cc6b203f80 WatcherThread [stack: 0x00000077e8500000,0x00000077e8600000] [id=2452]
  0x000001cc51238be0 GCTaskThread "GC Thread#0" [stack: 0x00000077e7400000,0x00000077e7500000] [id=7576]
  0x000001cc6b9cf2f0 GCTaskThread "GC Thread#1" [stack: 0x00000077e8700000,0x00000077e8800000] [id=3620]
  0x000001cc6bbbf040 GCTaskThread "GC Thread#2" [stack: 0x00000077e8800000,0x00000077e8900000] [id=10640]
  0x000001cc6bed9440 GCTaskThread "GC Thread#3" [stack: 0x00000077e8900000,0x00000077e8a00000] [id=9652]
  0x000001cc5124a1d0 ConcurrentGCThread "G1 Main Marker" [stack: 0x00000077e7500000,0x00000077e7600000] [id=8916]
  0x000001cc5124bb00 ConcurrentGCThread "G1 Conc#0" [stack: 0x00000077e7600000,0x00000077e7700000] [id=584]
  0x000001cc512ae450 ConcurrentGCThread "G1 Refine#0" [stack: 0x00000077e7700000,0x00000077e7800000] [id=6400]
  0x000001cc6fadf730 ConcurrentGCThread "G1 Refine#1" [stack: 0x00000077ecc00000,0x00000077ecd00000] [id=9056]
  0x000001cc512ae990 ConcurrentGCThread "G1 Service" [stack: 0x00000077e7800000,0x00000077e7900000] [id=3784]

Threads with active compile tasks:
C2 CompilerThread0    31940 10373   !   4       java.nio.file.FileTreeWalker::next (144 bytes)

VM state: not at safepoint (normal execution)

VM Mutex/Monitor currently owned by a thread: None

Heap address: 0x0000000080000000, size: 2048 MB, Compressed Oops mode: 32-bit

CDS archive(s) not mapped
Compressed class space mapped at: 0x0000000100000000-0x0000000140000000, reserved size: 1073741824
Narrow klass base: 0x0000000000000000, Narrow klass shift: 3, Narrow klass range: 0x140000000

GC Precious Log:
 CPUs: 4 total, 4 available
 Memory: 7983M
 Large Page Support: Disabled
 NUMA Support: Disabled
 Compressed Oops: Enabled (32-bit)
 Heap Region Size: 1M
 Heap Min Capacity: 8M
 Heap Initial Capacity: 126M
 Heap Max Capacity: 2G
 Pre-touch: Disabled
 Parallel Workers: 4
 Concurrent Workers: 1
 Concurrent Refinement Workers: 4
 Periodic GC: Disabled

Heap:
 garbage-first heap   total 177152K, used 110945K [0x0000000080000000, 0x0000000100000000)
  region size 1024K, 30 young (30720K), 5 survivors (5120K)
 Metaspace       used 88442K, committed 89024K, reserved 1130496K
  class space    used 12044K, committed 12288K, reserved 1048576K

Heap Regions: E=young(eden), S=young(survivor), O=old, HS=humongous(starts), HC=humongous(continues), CS=collection set, F=free, OA=open archive, CA=closed archive, TAMS=top-at-mark-start (previous, next)
|   0|0x0000000080000000, 0x0000000080100000, 0x0000000080100000|100%|HS|  |TAMS 0x0000000080100000, 0x0000000080000000| Complete 
|   1|0x0000000080100000, 0x0000000080200000, 0x0000000080200000|100%|HC|  |TAMS 0x0000000080200000, 0x0000000080100000| Complete 
|   2|0x0000000080200000, 0x0000000080300000, 0x0000000080300000|100%|HC|  |TAMS 0x0000000080300000, 0x0000000080200000| Complete 
|   3|0x0000000080300000, 0x0000000080400000, 0x0000000080400000|100%| O|  |TAMS 0x0000000080400000, 0x0000000080300000| Untracked 
|   4|0x0000000080400000, 0x0000000080500000, 0x0000000080500000|100%| O|  |TAMS 0x0000000080500000, 0x0000000080400000| Untracked 
|   5|0x0000000080500000, 0x0000000080600000, 0x0000000080600000|100%| O|  |TAMS 0x0000000080600000, 0x0000000080500000| Untracked 
|   6|0x0000000080600000, 0x0000000080700000, 0x0000000080700000|100%| O|  |TAMS 0x0000000080700000, 0x0000000080600000| Untracked 
|   7|0x0000000080700000, 0x0000000080800000, 0x0000000080800000|100%| O|  |TAMS 0x0000000080800000, 0x0000000080700000| Untracked 
|   8|0x0000000080800000, 0x0000000080900000, 0x0000000080900000|100%| O|  |TAMS 0x0000000080900000, 0x0000000080800000| Untracked 
|   9|0x0000000080900000, 0x0000000080a00000, 0x0000000080a00000|100%| O|  |TAMS 0x0000000080a00000, 0x0000000080900000| Untracked 
|  10|0x0000000080a00000, 0x0000000080b00000, 0x0000000080b00000|100%| O|  |TAMS 0x0000000080b00000, 0x0000000080a00000| Untracked 
|  11|0x0000000080b00000, 0x0000000080c00000, 0x0000000080c00000|100%| O|  |TAMS 0x0000000080c00000, 0x0000000080b00000| Untracked 
|  12|0x0000000080c00000, 0x0000000080d00000, 0x0000000080d00000|100%| O|  |TAMS 0x0000000080d00000, 0x0000000080c00000| Untracked 
|  13|0x0000000080d00000, 0x0000000080e00000, 0x0000000080e00000|100%| O|  |TAMS 0x0000000080e00000, 0x0000000080d00000| Untracked 
|  14|0x0000000080e00000, 0x0000000080f00000, 0x0000000080f00000|100%| O|  |TAMS 0x0000000080f00000, 0x0000000080e00000| Untracked 
|  15|0x0000000080f00000, 0x0000000081000000, 0x0000000081000000|100%| O|  |TAMS 0x0000000081000000, 0x0000000080f00000| Untracked 
|  16|0x0000000081000000, 0x0000000081100000, 0x0000000081100000|100%| O|  |TAMS 0x0000000081100000, 0x0000000081000000| Untracked 
|  17|0x0000000081100000, 0x0000000081200000, 0x0000000081200000|100%| O|  |TAMS 0x0000000081200000, 0x0000000081100000| Untracked 
|  18|0x0000000081200000, 0x0000000081300000, 0x0000000081300000|100%| O|  |TAMS 0x0000000081300000, 0x0000000081200000| Untracked 
|  19|0x0000000081300000, 0x0000000081400000, 0x0000000081400000|100%|HS|  |TAMS 0x0000000081400000, 0x0000000081300000| Complete 
|  20|0x0000000081400000, 0x0000000081500000, 0x0000000081500000|100%| O|  |TAMS 0x0000000081500000, 0x0000000081400000| Untracked 
|  21|0x0000000081500000, 0x0000000081600000, 0x0000000081600000|100%| O|  |TAMS 0x0000000081600000, 0x0000000081500000| Untracked 
|  22|0x0000000081600000, 0x0000000081700000, 0x0000000081700000|100%| O|  |TAMS 0x0000000081700000, 0x0000000081600000| Untracked 
|  23|0x0000000081700000, 0x0000000081800000, 0x0000000081800000|100%| O|  |TAMS 0x0000000081800000, 0x0000000081700000| Untracked 
|  24|0x0000000081800000, 0x0000000081900000, 0x0000000081900000|100%| O|  |TAMS 0x0000000081900000, 0x0000000081800000| Untracked 
|  25|0x0000000081900000, 0x0000000081a00000, 0x0000000081a00000|100%| O|  |TAMS 0x0000000081a00000, 0x0000000081900000| Untracked 
|  26|0x0000000081a00000, 0x0000000081b00000, 0x0000000081b00000|100%| O|  |TAMS 0x0000000081b00000, 0x0000000081a00000| Untracked 
|  27|0x0000000081b00000, 0x0000000081c00000, 0x0000000081c00000|100%| O|  |TAMS 0x0000000081c00000, 0x0000000081b00000| Untracked 
|  28|0x0000000081c00000, 0x0000000081d00000, 0x0000000081d00000|100%| O|  |TAMS 0x0000000081d00000, 0x0000000081c00000| Untracked 
|  29|0x0000000081d00000, 0x0000000081e00000, 0x0000000081e00000|100%| O|  |TAMS 0x0000000081e00000, 0x0000000081d00000| Untracked 
|  30|0x0000000081e00000, 0x0000000081f00000, 0x0000000081f00000|100%| O|  |TAMS 0x0000000081f00000, 0x0000000081e00000| Untracked 
|  31|0x0000000081f00000, 0x0000000082000000, 0x0000000082000000|100%|HS|  |TAMS 0x0000000082000000, 0x0000000081f00000| Complete 
|  32|0x0000000082000000, 0x0000000082100000, 0x0000000082100000|100%|HC|  |TAMS 0x0000000082100000, 0x0000000082000000| Complete 
|  33|0x0000000082100000, 0x0000000082200000, 0x0000000082200000|100%|HS|  |TAMS 0x0000000082200000, 0x0000000082100000| Complete 
|  34|0x0000000082200000, 0x0000000082300000, 0x0000000082300000|100%|HS|  |TAMS 0x0000000082300000, 0x0000000082200000| Complete 
|  35|0x0000000082300000, 0x0000000082400000, 0x0000000082400000|100%|HC|  |TAMS 0x0000000082400000, 0x0000000082300000| Complete 
|  36|0x0000000082400000, 0x0000000082500000, 0x0000000082500000|100%|HC|  |TAMS 0x0000000082500000, 0x0000000082400000| Complete 
|  37|0x0000000082500000, 0x0000000082600000, 0x0000000082600000|100%|HC|  |TAMS 0x0000000082600000, 0x0000000082500000| Complete 
|  38|0x0000000082600000, 0x0000000082700000, 0x0000000082700000|100%| O|  |TAMS 0x0000000082700000, 0x0000000082600000| Untracked 
|  39|0x0000000082700000, 0x0000000082800000, 0x0000000082800000|100%| O|  |TAMS 0x0000000082800000, 0x0000000082700000| Untracked 
|  40|0x0000000082800000, 0x0000000082900000, 0x0000000082900000|100%| O|  |TAMS 0x0000000082900000, 0x0000000082800000| Untracked 
|  41|0x0000000082900000, 0x0000000082a00000, 0x0000000082a00000|100%| O|  |TAMS 0x0000000082a00000, 0x0000000082900000| Untracked 
|  42|0x0000000082a00000, 0x0000000082b00000, 0x0000000082b00000|100%| O|  |TAMS 0x0000000082b00000, 0x0000000082a00000| Untracked 
|  43|0x0000000082b00000, 0x0000000082c00000, 0x0000000082c00000|100%| O|  |TAMS 0x0000000082c00000, 0x0000000082b00000| Untracked 
|  44|0x0000000082c00000, 0x0000000082d00000, 0x0000000082d00000|100%| O|  |TAMS 0x0000000082d00000, 0x0000000082c00000| Untracked 
|  45|0x0000000082d00000, 0x0000000082e00000, 0x0000000082e00000|100%| O|  |TAMS 0x0000000082e00000, 0x0000000082d00000| Untracked 
|  46|0x0000000082e00000, 0x0000000082f00000, 0x0000000082f00000|100%| O|  |TAMS 0x0000000082f00000, 0x0000000082e00000| Untracked 
|  47|0x0000000082f00000, 0x0000000083000000, 0x0000000083000000|100%| O|  |TAMS 0x0000000083000000, 0x0000000082f00000| Untracked 
|  48|0x0000000083000000, 0x0000000083100000, 0x0000000083100000|100%| O|  |TAMS 0x0000000083100000, 0x0000000083000000| Untracked 
|  49|0x0000000083100000, 0x0000000083200000, 0x0000000083200000|100%| O|  |TAMS 0x0000000083200000, 0x0000000083100000| Untracked 
|  50|0x0000000083200000, 0x0000000083300000, 0x0000000083300000|100%| O|  |TAMS 0x0000000083300000, 0x0000000083200000| Untracked 
|  51|0x0000000083300000, 0x0000000083400000, 0x0000000083400000|100%| O|  |TAMS 0x0000000083400000, 0x0000000083300000| Untracked 
|  52|0x0000000083400000, 0x0000000083500000, 0x0000000083500000|100%| O|  |TAMS 0x0000000083500000, 0x0000000083400000| Untracked 
|  53|0x0000000083500000, 0x0000000083600000, 0x0000000083600000|100%| O|  |TAMS 0x0000000083600000, 0x0000000083500000| Untracked 
|  54|0x0000000083600000, 0x0000000083700000, 0x0000000083700000|100%| O|  |TAMS 0x0000000083700000, 0x0000000083600000| Untracked 
|  55|0x0000000083700000, 0x0000000083800000, 0x0000000083800000|100%| O|  |TAMS 0x0000000083800000, 0x0000000083700000| Untracked 
|  56|0x0000000083800000, 0x0000000083900000, 0x0000000083900000|100%| O|  |TAMS 0x0000000083900000, 0x0000000083800000| Untracked 
|  57|0x0000000083900000, 0x0000000083a00000, 0x0000000083a00000|100%| O|  |TAMS 0x0000000083a00000, 0x0000000083900000| Untracked 
|  58|0x0000000083a00000, 0x0000000083b00000, 0x0000000083b00000|100%| O|  |TAMS 0x0000000083b00000, 0x0000000083a00000| Untracked 
|  59|0x0000000083b00000, 0x0000000083c00000, 0x0000000083c00000|100%| O|  |TAMS 0x0000000083c00000, 0x0000000083b00000| Untracked 
|  60|0x0000000083c00000, 0x0000000083d00000, 0x0000000083d00000|100%| O|  |TAMS 0x0000000083d00000, 0x0000000083c00000| Untracked 
|  61|0x0000000083d00000, 0x0000000083e00000, 0x0000000083e00000|100%| O|  |TAMS 0x0000000083e00000, 0x0000000083d00000| Untracked 
|  62|0x0000000083e00000, 0x0000000083f00000, 0x0000000083f00000|100%| O|  |TAMS 0x0000000083f00000, 0x0000000083e00000| Untracked 
|  63|0x0000000083f00000, 0x0000000084000000, 0x0000000084000000|100%| O|  |TAMS 0x0000000084000000, 0x0000000083f00000| Untracked 
|  64|0x0000000084000000, 0x0000000084100000, 0x0000000084100000|100%| O|  |TAMS 0x0000000084100000, 0x0000000084000000| Untracked 
|  65|0x0000000084100000, 0x0000000084200000, 0x0000000084200000|100%| O|  |TAMS 0x0000000084200000, 0x0000000084100000| Untracked 
|  66|0x0000000084200000, 0x0000000084300000, 0x0000000084300000|100%| O|  |TAMS 0x0000000084300000, 0x0000000084200000| Untracked 
|  67|0x0000000084300000, 0x0000000084400000, 0x0000000084400000|100%| O|  |TAMS 0x0000000084400000, 0x0000000084300000| Untracked 
|  68|0x0000000084400000, 0x0000000084500000, 0x0000000084500000|100%| O|  |TAMS 0x0000000084500000, 0x0000000084400000| Untracked 
|  69|0x0000000084500000, 0x0000000084600000, 0x0000000084600000|100%| O|  |TAMS 0x0000000084600000, 0x0000000084500000| Untracked 
|  70|0x0000000084600000, 0x0000000084700000, 0x0000000084700000|100%| O|  |TAMS 0x0000000084700000, 0x0000000084600000| Untracked 
|  71|0x0000000084700000, 0x0000000084800000, 0x0000000084800000|100%| O|  |TAMS 0x0000000084800000, 0x0000000084700000| Untracked 
|  72|0x0000000084800000, 0x0000000084900000, 0x0000000084900000|100%| O|  |TAMS 0x0000000084900000, 0x0000000084800000| Untracked 
|  73|0x0000000084900000, 0x0000000084a00000, 0x0000000084a00000|100%| O|  |TAMS 0x0000000084a00000, 0x0000000084900000| Untracked 
|  74|0x0000000084a00000, 0x0000000084b00000, 0x0000000084b00000|100%| O|  |TAMS 0x0000000084b00000, 0x0000000084a00000| Untracked 
|  75|0x0000000084b00000, 0x0000000084c00000, 0x0000000084c00000|100%| O|  |TAMS 0x0000000084c00000, 0x0000000084b00000| Untracked 
|  76|0x0000000084c00000, 0x0000000084d00000, 0x0000000084d00000|100%| O|  |TAMS 0x0000000084d00000, 0x0000000084c00000| Untracked 
|  77|0x0000000084d00000, 0x0000000084e00000, 0x0000000084e00000|100%| O|  |TAMS 0x0000000084e00000, 0x0000000084d00000| Untracked 
|  78|0x0000000084e00000, 0x0000000084f00000, 0x0000000084f00000|100%| O|  |TAMS 0x0000000084f00000, 0x0000000084e00000| Untracked 
|  79|0x0000000084f00000, 0x0000000085000000, 0x0000000085000000|100%| O|  |TAMS 0x0000000085000000, 0x0000000084f00000| Untracked 
|  80|0x0000000085000000, 0x00000000850c2e00, 0x0000000085100000| 76%| O|  |TAMS 0x00000000850c2e00, 0x0000000085000000| Untracked 
|  81|0x0000000085100000, 0x0000000085100000, 0x0000000085200000|  0%| F|  |TAMS 0x0000000085100000, 0x0000000085100000| Untracked 
|  82|0x0000000085200000, 0x0000000085200000, 0x0000000085300000|  0%| F|  |TAMS 0x0000000085200000, 0x0000000085200000| Untracked 
|  83|0x0000000085300000, 0x0000000085300000, 0x0000000085400000|  0%| F|  |TAMS 0x0000000085300000, 0x0000000085300000| Untracked 
|  84|0x0000000085400000, 0x0000000085400000, 0x0000000085500000|  0%| F|  |TAMS 0x0000000085400000, 0x0000000085400000| Untracked 
|  85|0x0000000085500000, 0x0000000085500000, 0x0000000085600000|  0%| F|  |TAMS 0x0000000085500000, 0x0000000085500000| Untracked 
|  86|0x0000000085600000, 0x0000000085600000, 0x0000000085700000|  0%| F|  |TAMS 0x0000000085600000, 0x0000000085600000| Untracked 
|  87|0x0000000085700000, 0x0000000085700000, 0x0000000085800000|  0%| F|  |TAMS 0x0000000085700000, 0x0000000085700000| Untracked 
|  88|0x0000000085800000, 0x0000000085800000, 0x0000000085900000|  0%| F|  |TAMS 0x0000000085800000, 0x0000000085800000| Untracked 
|  89|0x0000000085900000, 0x0000000085900000, 0x0000000085a00000|  0%| F|  |TAMS 0x0000000085900000, 0x0000000085900000| Untracked 
|  90|0x0000000085a00000, 0x0000000085a00000, 0x0000000085b00000|  0%| F|  |TAMS 0x0000000085a00000, 0x0000000085a00000| Untracked 
|  91|0x0000000085b00000, 0x0000000085b00000, 0x0000000085c00000|  0%| F|  |TAMS 0x0000000085b00000, 0x0000000085b00000| Untracked 
|  92|0x0000000085c00000, 0x0000000085c00000, 0x0000000085d00000|  0%| F|  |TAMS 0x0000000085c00000, 0x0000000085c00000| Untracked 
|  93|0x0000000085d00000, 0x0000000085d00000, 0x0000000085e00000|  0%| F|  |TAMS 0x0000000085d00000, 0x0000000085d00000| Untracked 
|  94|0x0000000085e00000, 0x0000000085e00000, 0x0000000085f00000|  0%| F|  |TAMS 0x0000000085e00000, 0x0000000085e00000| Untracked 
|  95|0x0000000085f00000, 0x0000000085f00000, 0x0000000086000000|  0%| F|  |TAMS 0x0000000085f00000, 0x0000000085f00000| Untracked 
|  96|0x0000000086000000, 0x0000000086000000, 0x0000000086100000|  0%| F|  |TAMS 0x0000000086000000, 0x0000000086000000| Untracked 
|  97|0x0000000086100000, 0x0000000086100000, 0x0000000086200000|  0%| F|  |TAMS 0x0000000086100000, 0x0000000086100000| Untracked 
|  98|0x0000000086200000, 0x0000000086200000, 0x0000000086300000|  0%| F|  |TAMS 0x0000000086200000, 0x0000000086200000| Untracked 
|  99|0x0000000086300000, 0x0000000086300000, 0x0000000086400000|  0%| F|  |TAMS 0x0000000086300000, 0x0000000086300000| Untracked 
| 100|0x0000000086400000, 0x0000000086400000, 0x0000000086500000|  0%| F|  |TAMS 0x0000000086400000, 0x0000000086400000| Untracked 
| 101|0x0000000086500000, 0x0000000086500000, 0x0000000086600000|  0%| F|  |TAMS 0x0000000086500000, 0x0000000086500000| Untracked 
| 102|0x0000000086600000, 0x00000000866958c0, 0x0000000086700000| 58%| S|CS|TAMS 0x0000000086600000, 0x0000000086600000| Complete 
| 103|0x0000000086700000, 0x0000000086800000, 0x0000000086800000|100%| S|CS|TAMS 0x0000000086700000, 0x0000000086700000| Complete 
| 104|0x0000000086800000, 0x0000000086900000, 0x0000000086900000|100%| S|CS|TAMS 0x0000000086800000, 0x0000000086800000| Complete 
| 105|0x0000000086900000, 0x0000000086a00000, 0x0000000086a00000|100%| S|CS|TAMS 0x0000000086900000, 0x0000000086900000| Complete 
| 106|0x0000000086a00000, 0x0000000086b00000, 0x0000000086b00000|100%| S|CS|TAMS 0x0000000086a00000, 0x0000000086a00000| Complete 
| 107|0x0000000086b00000, 0x0000000086b00000, 0x0000000086c00000|  0%| F|  |TAMS 0x0000000086b00000, 0x0000000086b00000| Untracked 
| 108|0x0000000086c00000, 0x0000000086c00000, 0x0000000086d00000|  0%| F|  |TAMS 0x0000000086c00000, 0x0000000086c00000| Untracked 
| 109|0x0000000086d00000, 0x0000000086d00000, 0x0000000086e00000|  0%| F|  |TAMS 0x0000000086d00000, 0x0000000086d00000| Untracked 
| 110|0x0000000086e00000, 0x0000000086e00000, 0x0000000086f00000|  0%| F|  |TAMS 0x0000000086e00000, 0x0000000086e00000| Untracked 
| 111|0x0000000086f00000, 0x0000000086f00000, 0x0000000087000000|  0%| F|  |TAMS 0x0000000086f00000, 0x0000000086f00000| Untracked 
| 112|0x0000000087000000, 0x0000000087000000, 0x0000000087100000|  0%| F|  |TAMS 0x0000000087000000, 0x0000000087000000| Untracked 
| 113|0x0000000087100000, 0x0000000087100000, 0x0000000087200000|  0%| F|  |TAMS 0x0000000087100000, 0x0000000087100000| Untracked 
| 114|0x0000000087200000, 0x0000000087200000, 0x0000000087300000|  0%| F|  |TAMS 0x0000000087200000, 0x0000000087200000| Untracked 
| 115|0x0000000087300000, 0x0000000087300000, 0x0000000087400000|  0%| F|  |TAMS 0x0000000087300000, 0x0000000087300000| Untracked 
| 116|0x0000000087400000, 0x0000000087400000, 0x0000000087500000|  0%| F|  |TAMS 0x0000000087400000, 0x0000000087400000| Untracked 
| 117|0x0000000087500000, 0x0000000087500000, 0x0000000087600000|  0%| F|  |TAMS 0x0000000087500000, 0x0000000087500000| Untracked 
| 118|0x0000000087600000, 0x0000000087600000, 0x0000000087700000|  0%| F|  |TAMS 0x0000000087600000, 0x0000000087600000| Untracked 
| 119|0x0000000087700000, 0x0000000087700000, 0x0000000087800000|  0%| F|  |TAMS 0x0000000087700000, 0x0000000087700000| Untracked 
| 120|0x0000000087800000, 0x0000000087800000, 0x0000000087900000|  0%| F|  |TAMS 0x0000000087800000, 0x0000000087800000| Untracked 
| 121|0x0000000087900000, 0x0000000087900000, 0x0000000087a00000|  0%| F|  |TAMS 0x0000000087900000, 0x0000000087900000| Untracked 
| 122|0x0000000087a00000, 0x0000000087a00000, 0x0000000087b00000|  0%| F|  |TAMS 0x0000000087a00000, 0x0000000087a00000| Untracked 
| 123|0x0000000087b00000, 0x0000000087b00000, 0x0000000087c00000|  0%| F|  |TAMS 0x0000000087b00000, 0x0000000087b00000| Untracked 
| 124|0x0000000087c00000, 0x0000000087c00000, 0x0000000087d00000|  0%| F|  |TAMS 0x0000000087c00000, 0x0000000087c00000| Untracked 
| 125|0x0000000087d00000, 0x0000000087d00000, 0x0000000087e00000|  0%| F|  |TAMS 0x0000000087d00000, 0x0000000087d00000| Untracked 
| 126|0x0000000087e00000, 0x0000000087e00000, 0x0000000087f00000|  0%| F|  |TAMS 0x0000000087e00000, 0x0000000087e00000| Untracked 
| 127|0x0000000087f00000, 0x0000000087f00000, 0x0000000088000000|  0%| F|  |TAMS 0x0000000087f00000, 0x0000000087f00000| Untracked 
| 128|0x0000000088000000, 0x0000000088000000, 0x0000000088100000|  0%| F|  |TAMS 0x0000000088000000, 0x0000000088000000| Untracked 
| 129|0x0000000088100000, 0x0000000088100000, 0x0000000088200000|  0%| F|  |TAMS 0x0000000088100000, 0x0000000088100000| Untracked 
| 130|0x0000000088200000, 0x0000000088200000, 0x0000000088300000|  0%| F|  |TAMS 0x0000000088200000, 0x0000000088200000| Untracked 
| 131|0x0000000088300000, 0x0000000088300000, 0x0000000088400000|  0%| F|  |TAMS 0x0000000088300000, 0x0000000088300000| Untracked 
| 132|0x0000000088400000, 0x0000000088400000, 0x0000000088500000|  0%| F|  |TAMS 0x0000000088400000, 0x0000000088400000| Untracked 
| 133|0x0000000088500000, 0x0000000088500000, 0x0000000088600000|  0%| F|  |TAMS 0x0000000088500000, 0x0000000088500000| Untracked 
| 134|0x0000000088600000, 0x0000000088600000, 0x0000000088700000|  0%| F|  |TAMS 0x0000000088600000, 0x0000000088600000| Untracked 
| 135|0x0000000088700000, 0x0000000088700000, 0x0000000088800000|  0%| F|  |TAMS 0x0000000088700000, 0x0000000088700000| Untracked 
| 136|0x0000000088800000, 0x0000000088800000, 0x0000000088900000|  0%| F|  |TAMS 0x0000000088800000, 0x0000000088800000| Untracked 
| 137|0x0000000088900000, 0x0000000088900000, 0x0000000088a00000|  0%| F|  |TAMS 0x0000000088900000, 0x0000000088900000| Untracked 
| 138|0x0000000088a00000, 0x0000000088a00000, 0x0000000088b00000|  0%| F|  |TAMS 0x0000000088a00000, 0x0000000088a00000| Untracked 
| 139|0x0000000088b00000, 0x0000000088b00000, 0x0000000088c00000|  0%| F|  |TAMS 0x0000000088b00000, 0x0000000088b00000| Untracked 
| 140|0x0000000088c00000, 0x0000000088c00000, 0x0000000088d00000|  0%| F|  |TAMS 0x0000000088c00000, 0x0000000088c00000| Untracked 
| 141|0x0000000088d00000, 0x0000000088d00000, 0x0000000088e00000|  0%| F|  |TAMS 0x0000000088d00000, 0x0000000088d00000| Untracked 
| 142|0x0000000088e00000, 0x0000000088e00000, 0x0000000088f00000|  0%| F|  |TAMS 0x0000000088e00000, 0x0000000088e00000| Untracked 
| 143|0x0000000088f00000, 0x0000000088f00000, 0x0000000089000000|  0%| F|  |TAMS 0x0000000088f00000, 0x0000000088f00000| Untracked 
| 144|0x0000000089000000, 0x0000000089000000, 0x0000000089100000|  0%| F|  |TAMS 0x0000000089000000, 0x0000000089000000| Untracked 
| 145|0x0000000089100000, 0x0000000089100000, 0x0000000089200000|  0%| F|  |TAMS 0x0000000089100000, 0x0000000089100000| Untracked 
| 146|0x0000000089200000, 0x0000000089200000, 0x0000000089300000|  0%| F|  |TAMS 0x0000000089200000, 0x0000000089200000| Untracked 
| 147|0x0000000089300000, 0x000000008930c6a0, 0x0000000089400000|  4%| E|  |TAMS 0x0000000089300000, 0x0000000089300000| Complete 
| 148|0x0000000089400000, 0x0000000089500000, 0x0000000089500000|100%| E|CS|TAMS 0x0000000089400000, 0x0000000089400000| Complete 
| 149|0x0000000089500000, 0x0000000089600000, 0x0000000089600000|100%| E|CS|TAMS 0x0000000089500000, 0x0000000089500000| Complete 
| 150|0x0000000089600000, 0x0000000089700000, 0x0000000089700000|100%| E|CS|TAMS 0x0000000089600000, 0x0000000089600000| Complete 
| 151|0x0000000089700000, 0x0000000089800000, 0x0000000089800000|100%| E|CS|TAMS 0x0000000089700000, 0x0000000089700000| Complete 
| 152|0x0000000089800000, 0x0000000089900000, 0x0000000089900000|100%| E|CS|TAMS 0x0000000089800000, 0x0000000089800000| Complete 
| 153|0x0000000089900000, 0x0000000089a00000, 0x0000000089a00000|100%| E|  |TAMS 0x0000000089900000, 0x0000000089900000| Complete 
| 154|0x0000000089a00000, 0x0000000089b00000, 0x0000000089b00000|100%| E|CS|TAMS 0x0000000089a00000, 0x0000000089a00000| Complete 
| 155|0x0000000089b00000, 0x0000000089c00000, 0x0000000089c00000|100%| E|CS|TAMS 0x0000000089b00000, 0x0000000089b00000| Complete 
| 156|0x0000000089c00000, 0x0000000089d00000, 0x0000000089d00000|100%| E|CS|TAMS 0x0000000089c00000, 0x0000000089c00000| Complete 
| 157|0x0000000089d00000, 0x0000000089e00000, 0x0000000089e00000|100%| E|CS|TAMS 0x0000000089d00000, 0x0000000089d00000| Complete 
| 158|0x0000000089e00000, 0x0000000089f00000, 0x0000000089f00000|100%| E|CS|TAMS 0x0000000089e00000, 0x0000000089e00000| Complete 
| 159|0x0000000089f00000, 0x000000008a000000, 0x000000008a000000|100%| E|CS|TAMS 0x0000000089f00000, 0x0000000089f00000| Complete 
| 160|0x000000008a000000, 0x000000008a100000, 0x000000008a100000|100%| E|CS|TAMS 0x000000008a000000, 0x000000008a000000| Complete 
| 161|0x000000008a100000, 0x000000008a200000, 0x000000008a200000|100%| E|CS|TAMS 0x000000008a100000, 0x000000008a100000| Complete 
| 162|0x000000008a200000, 0x000000008a300000, 0x000000008a300000|100%| E|CS|TAMS 0x000000008a200000, 0x000000008a200000| Complete 
| 163|0x000000008a300000, 0x000000008a400000, 0x000000008a400000|100%| E|CS|TAMS 0x000000008a300000, 0x000000008a300000| Complete 
| 164|0x000000008a400000, 0x000000008a500000, 0x000000008a500000|100%| E|CS|TAMS 0x000000008a400000, 0x000000008a400000| Complete 
| 165|0x000000008a500000, 0x000000008a600000, 0x000000008a600000|100%| E|CS|TAMS 0x000000008a500000, 0x000000008a500000| Complete 
| 166|0x000000008a600000, 0x000000008a700000, 0x000000008a700000|100%| E|CS|TAMS 0x000000008a600000, 0x000000008a600000| Complete 
| 167|0x000000008a700000, 0x000000008a800000, 0x000000008a800000|100%| E|CS|TAMS 0x000000008a700000, 0x000000008a700000| Complete 
| 168|0x000000008a800000, 0x000000008a900000, 0x000000008a900000|100%| E|CS|TAMS 0x000000008a800000, 0x000000008a800000| Complete 
| 169|0x000000008a900000, 0x000000008aa00000, 0x000000008aa00000|100%| E|CS|TAMS 0x000000008a900000, 0x000000008a900000| Complete 
| 170|0x000000008aa00000, 0x000000008ab00000, 0x000000008ab00000|100%| E|CS|TAMS 0x000000008aa00000, 0x000000008aa00000| Complete 
| 171|0x000000008ab00000, 0x000000008ac00000, 0x000000008ac00000|100%| E|CS|TAMS 0x000000008ab00000, 0x000000008ab00000| Complete 
| 172|0x000000008ac00000, 0x000000008ad00000, 0x000000008ad00000|100%| E|CS|TAMS 0x000000008ac00000, 0x000000008ac00000| Complete 

Card table byte_map: [0x000001cc63ab0000,0x000001cc63eb0000] _byte_map_base: 0x000001cc636b0000

Marking Bits (Prev, Next): (CMBitMap*) 0x000001cc51239140, (CMBitMap*) 0x000001cc51239100
 Prev Bits: [0x000001cc662b0000, 0x000001cc682b0000)
 Next Bits: [0x000001cc642b0000, 0x000001cc662b0000)

Polling page: 0x000001cc4f0b0000

Metaspace:

Usage:
  Non-class:     74.61 MB used.
      Class:     11.76 MB used.
       Both:     86.37 MB used.

Virtual space:
  Non-class space:       80.00 MB reserved,      74.94 MB ( 94%) committed,  10 nodes.
      Class space:        1.00 GB reserved,      12.00 MB (  1%) committed,  1 nodes.
             Both:        1.08 GB reserved,      86.94 MB (  8%) committed. 

Chunk freelists:
   Non-Class:  144.00 KB
       Class:  3.94 MB
        Both:  4.08 MB

MaxMetaspaceSize: unlimited
CompressedClassSpaceSize: 1.00 GB
Initial GC threshold: 21.00 MB
Current GC threshold: 144.62 MB
CDS: off
MetaspaceReclaimPolicy: balanced
 - commit_granule_bytes: 65536.
 - commit_granule_words: 8192.
 - virtual_space_node_default_size: 1048576.
 - enlarge_chunks_in_place: 1.
 - new_chunks_are_fully_committed: 0.
 - uncommit_free_chunks: 1.
 - use_allocation_guard: 0.
 - handle_deallocations: 1.


Internal statistics:

num_allocs_failed_limit: 15.
num_arena_births: 820.
num_arena_deaths: 0.
num_vsnodes_births: 11.
num_vsnodes_deaths: 0.
num_space_committed: 1391.
num_space_uncommitted: 0.
num_chunks_returned_to_freelist: 15.
num_chunks_taken_from_freelist: 4041.
num_chunk_merges: 9.
num_chunk_splits: 2628.
num_chunks_enlarged: 1738.
num_purges: 0.
num_inconsistent_stats: 0.

CodeHeap 'non-profiled nmethods': size=120000Kb used=3773Kb max_used=3773Kb free=116227Kb
 bounds [0x000001cc5c180000, 0x000001cc5c530000, 0x000001cc636b0000]
CodeHeap 'profiled nmethods': size=120000Kb used=17595Kb max_used=17595Kb free=102404Kb
 bounds [0x000001cc546b0000, 0x000001cc557e0000, 0x000001cc5bbe0000]
CodeHeap 'non-nmethods': size=5760Kb used=2369Kb max_used=2408Kb free=3390Kb
 bounds [0x000001cc5bbe0000, 0x000001cc5be50000, 0x000001cc5c180000]
 total_blobs=10461 nmethods=9557 adapters=817
 compilation: enabled
              stopped_count=0, restarted_count=0
 full_count=0

Compilation events (20 events):
Event: 31.853 Thread 0x000001cc6b096850 10532       3       java.util.RegularEnumSet::iterator (9 bytes)
Event: 31.853 Thread 0x000001cc6b096850 nmethod 10532 0x000001cc557d2910 code [0x000001cc557d2ac0, 0x000001cc557d2d58]
Event: 31.854 Thread 0x000001cc6b096850 10533       3       org.gradle.internal.classloader.VisitableURLClassLoader::visit (38 bytes)
Event: 31.857 Thread 0x000001cc6b096850 nmethod 10533 0x000001cc557d2e90 code [0x000001cc557d31a0, 0x000001cc557d4998]
Event: 31.857 Thread 0x000001cc6b096850 10534       3       org.gradle.internal.classloader.ClassLoaderVisitor::visitClassPath (1 bytes)
Event: 31.857 Thread 0x000001cc6b096850 nmethod 10534 0x000001cc557d5190 code [0x000001cc557d5320, 0x000001cc557d5438]
Event: 31.861 Thread 0x000001cc6b096850 10535       3       org.gradle.api.internal.artifacts.PreResolvedResolvableArtifact::<init> (38 bytes)
Event: 31.862 Thread 0x000001cc6b096850 nmethod 10535 0x000001cc557d5510 code [0x000001cc557d56c0, 0x000001cc557d5a58]
Event: 31.862 Thread 0x000001cc6b096850 10536       3       org.gradle.internal.Try$Success::ifSuccessfulOrElse (11 bytes)
Event: 31.862 Thread 0x000001cc6b096850 nmethod 10536 0x000001cc557d5b10 code [0x000001cc557d5cc0, 0x000001cc557d5e88]
Event: 31.862 Thread 0x000001cc6b096850 10537       1       org.gradle.launcher.daemon.server.exec.LogToClient::access$100 (5 bytes)
Event: 31.862 Thread 0x000001cc6b096850 nmethod 10537 0x000001cc5c52eb10 code [0x000001cc5c52eca0, 0x000001cc5c52ed58]
Event: 31.862 Thread 0x000001cc6b096850 10538       3       org.gradle.internal.snapshot.AbstractFileSystemLocationSnapshot::getSnapshot (7 bytes)
Event: 31.863 Thread 0x000001cc6b096850 nmethod 10538 0x000001cc557d5f90 code [0x000001cc557d6140, 0x000001cc557d6308]
Event: 31.863 Thread 0x000001cc6b096850 10540       3       org.gradle.internal.snapshot.DirectorySnapshot$$Lambda$1076/0x0000000100bff798::<init> (10 bytes)
Event: 31.863 Thread 0x000001cc6b096850 nmethod 10540 0x000001cc557d6390 code [0x000001cc557d6520, 0x000001cc557d66d8]
Event: 31.863 Thread 0x000001cc6b096850 10539       3       org.gradle.internal.snapshot.DirectorySnapshot::getChildSnapshot (30 bytes)
Event: 31.864 Thread 0x000001cc6b096850 nmethod 10539 0x000001cc557d6790 code [0x000001cc557d6a20, 0x000001cc557d7778]
Event: 31.865 Thread 0x000001cc6b096850 10541       3       java.nio.file.Paths::get (6 bytes)
Event: 31.865 Thread 0x000001cc6b096850 nmethod 10541 0x000001cc557d7b90 code [0x000001cc557d7d60, 0x000001cc557d81e8]

GC Heap History (20 events):
Event: 20.544 GC heap before
{Heap before GC invocations=19 (full 0):
 garbage-first heap   total 131072K, used 77272K [0x0000000080000000, 0x0000000100000000)
  region size 1024K, 28 young (28672K), 7 survivors (7168K)
 Metaspace       used 66525K, committed 67008K, reserved 1114112K
  class space    used 8710K, committed 8960K, reserved 1048576K
}
Event: 20.560 GC heap after
{Heap after GC invocations=20 (full 0):
 garbage-first heap   total 131072K, used 57721K [0x0000000080000000, 0x0000000100000000)
  region size 1024K, 2 young (2048K), 2 survivors (2048K)
 Metaspace       used 66525K, committed 67008K, reserved 1114112K
  class space    used 8710K, committed 8960K, reserved 1048576K
}
Event: 21.620 GC heap before
{Heap before GC invocations=21 (full 0):
 garbage-first heap   total 131072K, used 102777K [0x0000000080000000, 0x0000000100000000)
  region size 1024K, 46 young (47104K), 2 survivors (2048K)
 Metaspace       used 68844K, committed 69376K, reserved 1114112K
  class space    used 9040K, committed 9280K, reserved 1048576K
}
Event: 21.630 GC heap after
{Heap after GC invocations=22 (full 0):
 garbage-first heap   total 131072K, used 60490K [0x0000000080000000, 0x0000000100000000)
  region size 1024K, 5 young (5120K), 5 survivors (5120K)
 Metaspace       used 68844K, committed 69376K, reserved 1114112K
  class space    used 9040K, committed 9280K, reserved 1048576K
}
Event: 22.922 GC heap before
{Heap before GC invocations=23 (full 0):
 garbage-first heap   total 131072K, used 103498K [0x0000000080000000, 0x0000000100000000)
  region size 1024K, 47 young (48128K), 5 survivors (5120K)
 Metaspace       used 72543K, committed 73088K, reserved 1114112K
  class space    used 9674K, committed 9920K, reserved 1048576K
}
Event: 22.937 GC heap after
{Heap after GC invocations=24 (full 0):
 garbage-first heap   total 131072K, used 63558K [0x0000000080000000, 0x0000000100000000)
  region size 1024K, 4 young (4096K), 4 survivors (4096K)
 Metaspace       used 72543K, committed 73088K, reserved 1114112K
  class space    used 9674K, committed 9920K, reserved 1048576K
}
Event: 24.522 GC heap before
{Heap before GC invocations=24 (full 0):
 garbage-first heap   total 131072K, used 104518K [0x0000000080000000, 0x0000000100000000)
  region size 1024K, 44 young (45056K), 4 survivors (4096K)
 Metaspace       used 77084K, committed 77696K, reserved 1122304K
  class space    used 10405K, committed 10688K, reserved 1048576K
}
Event: 24.536 GC heap after
{Heap after GC invocations=25 (full 0):
 garbage-first heap   total 131072K, used 66333K [0x0000000080000000, 0x0000000100000000)
  region size 1024K, 6 young (6144K), 6 survivors (6144K)
 Metaspace       used 77084K, committed 77696K, reserved 1122304K
  class space    used 10405K, committed 10688K, reserved 1048576K
}
Event: 25.894 GC heap before
{Heap before GC invocations=26 (full 0):
 garbage-first heap   total 131072K, used 106269K [0x0000000080000000, 0x0000000100000000)
  region size 1024K, 45 young (46080K), 6 survivors (6144K)
 Metaspace       used 82120K, committed 82752K, reserved 1122304K
  class space    used 11148K, committed 11456K, reserved 1048576K
}
Event: 25.913 GC heap after
{Heap after GC invocations=27 (full 0):
 garbage-first heap   total 131072K, used 69061K [0x0000000080000000, 0x0000000100000000)
  region size 1024K, 6 young (6144K), 6 survivors (6144K)
 Metaspace       used 82120K, committed 82752K, reserved 1122304K
  class space    used 11148K, committed 11456K, reserved 1048576K
}
Event: 27.067 GC heap before
{Heap before GC invocations=27 (full 0):
 garbage-first heap   total 131072K, used 106949K [0x0000000080000000, 0x0000000100000000)
  region size 1024K, 43 young (44032K), 6 survivors (6144K)
 Metaspace       used 84718K, committed 85312K, reserved 1130496K
  class space    used 11486K, committed 11776K, reserved 1048576K
}
Event: 27.085 GC heap after
{Heap after GC invocations=28 (full 0):
 garbage-first heap   total 131072K, used 72362K [0x0000000080000000, 0x0000000100000000)
  region size 1024K, 6 young (6144K), 6 survivors (6144K)
 Metaspace       used 84718K, committed 85312K, reserved 1130496K
  class space    used 11486K, committed 11776K, reserved 1048576K
}
Event: 27.873 GC heap before
{Heap before GC invocations=29 (full 0):
 garbage-first heap   total 132096K, used 108202K [0x0000000080000000, 0x0000000100000000)
  region size 1024K, 41 young (41984K), 6 survivors (6144K)
 Metaspace       used 85459K, committed 86016K, reserved 1130496K
  class space    used 11581K, committed 11840K, reserved 1048576K
}
Event: 27.894 GC heap after
{Heap after GC invocations=30 (full 0):
 garbage-first heap   total 132096K, used 78193K [0x0000000080000000, 0x0000000100000000)
  region size 1024K, 6 young (6144K), 6 survivors (6144K)
 Metaspace       used 85459K, committed 86016K, reserved 1130496K
  class space    used 11581K, committed 11840K, reserved 1048576K
}
Event: 28.811 GC heap before
{Heap before GC invocations=30 (full 0):
 garbage-first heap   total 132096K, used 107889K [0x0000000080000000, 0x0000000100000000)
  region size 1024K, 35 young (35840K), 6 survivors (6144K)
 Metaspace       used 86628K, committed 87232K, reserved 1130496K
  class space    used 11831K, committed 12096K, reserved 1048576K
}
Event: 28.831 GC heap after
{Heap after GC invocations=31 (full 0):
 garbage-first heap   total 132096K, used 82944K [0x0000000080000000, 0x0000000100000000)
  region size 1024K, 5 young (5120K), 5 survivors (5120K)
 Metaspace       used 86628K, committed 87232K, reserved 1130496K
  class space    used 11831K, committed 12096K, reserved 1048576K
}
Event: 30.397 GC heap before
{Heap before GC invocations=32 (full 0):
 garbage-first heap   total 147456K, used 106496K [0x0000000080000000, 0x0000000100000000)
  region size 1024K, 29 young (29696K), 5 survivors (5120K)
 Metaspace       used 87884K, committed 88448K, reserved 1130496K
  class space    used 12005K, committed 12288K, reserved 1048576K
}
Event: 30.418 GC heap after
{Heap after GC invocations=33 (full 0):
 garbage-first heap   total 147456K, used 85463K [0x0000000080000000, 0x0000000100000000)
  region size 1024K, 3 young (3072K), 3 survivors (3072K)
 Metaspace       used 87884K, committed 88448K, reserved 1130496K
  class space    used 12005K, committed 12288K, reserved 1048576K
}
Event: 31.248 GC heap before
{Heap before GC invocations=33 (full 0):
 garbage-first heap   total 147456K, used 119255K [0x0000000080000000, 0x0000000100000000)
  region size 1024K, 37 young (37888K), 3 survivors (3072K)
 Metaspace       used 88128K, committed 88768K, reserved 1130496K
  class space    used 12010K, committed 12288K, reserved 1048576K
}
Event: 31.259 GC heap after
{Heap after GC invocations=34 (full 0):
 garbage-first heap   total 177152K, used 87393K [0x0000000080000000, 0x0000000100000000)
  region size 1024K, 5 young (5120K), 5 survivors (5120K)
 Metaspace       used 88128K, committed 88768K, reserved 1130496K
  class space    used 12010K, committed 12288K, reserved 1048576K
}

Dll operation events (2 events):
Event: 0.014 Loaded shared library C:\Program Files\Android\Android Studio\jbr\bin\java.dll
Event: 1.040 Loaded shared library C:\Program Files\Android\Android Studio\jbr\bin\verify.dll

Deoptimization events (20 events):
Event: 31.212 Thread 0x000001cc6ddcd550 Uncommon trap: trap_request=0xffffffd6 fr.pc=0x000001cc5c514274 relative=0x00000000000007b4
Event: 31.212 Thread 0x000001cc6ddcd550 Uncommon trap: reason=array_check action=maybe_recompile pc=0x000001cc5c514274 method=java.util.TimSort.binarySort([Ljava/lang/Object;IIILjava/util/Comparator;)V @ 193 c2
Event: 31.212 Thread 0x000001cc6ddcd550 DEOPT PACKING pc=0x000001cc5c514274 sp=0x00000077ebffde00
Event: 31.212 Thread 0x000001cc6ddcd550 DEOPT UNPACKING pc=0x000001cc5bc3699d sp=0x00000077ebffdd98 mode 2
Event: 31.268 Thread 0x000001cc6ddd30c0 Uncommon trap: trap_request=0xffffff45 fr.pc=0x000001cc5c1e76ac relative=0x00000000000003ec
Event: 31.268 Thread 0x000001cc6ddd30c0 Uncommon trap: reason=unstable_if action=reinterpret pc=0x000001cc5c1e76ac method=java.util.concurrent.ConcurrentHashMap.addCount(JI)V @ 97 c2
Event: 31.268 Thread 0x000001cc6ddd30c0 DEOPT PACKING pc=0x000001cc5c1e76ac sp=0x00000077ebbfc8c0
Event: 31.269 Thread 0x000001cc6ddd30c0 DEOPT UNPACKING pc=0x000001cc5bc3699d sp=0x00000077ebbfc778 mode 2
Event: 31.317 Thread 0x000001cc6fda31a0 Uncommon trap: trap_request=0xffffffd6 fr.pc=0x000001cc5c5185c0 relative=0x0000000000000700
Event: 31.317 Thread 0x000001cc6fda31a0 Uncommon trap: reason=array_check action=maybe_recompile pc=0x000001cc5c5185c0 method=java.util.TimSort.binarySort([Ljava/lang/Object;IIILjava/util/Comparator;)V @ 215 c2
Event: 31.317 Thread 0x000001cc6fda31a0 DEOPT PACKING pc=0x000001cc5c5185c0 sp=0x00000077ecff9a40
Event: 31.317 Thread 0x000001cc6fda31a0 DEOPT UNPACKING pc=0x000001cc5bc3699d sp=0x00000077ecff99d8 mode 2
Event: 31.317 Thread 0x000001cc6fda31a0 Uncommon trap: trap_request=0xffffffd6 fr.pc=0x000001cc5c5185c0 relative=0x0000000000000700
Event: 31.317 Thread 0x000001cc6fda31a0 Uncommon trap: reason=array_check action=maybe_recompile pc=0x000001cc5c5185c0 method=java.util.TimSort.binarySort([Ljava/lang/Object;IIILjava/util/Comparator;)V @ 215 c2
Event: 31.317 Thread 0x000001cc6fda31a0 DEOPT PACKING pc=0x000001cc5c5185c0 sp=0x00000077ecff9a00
Event: 31.317 Thread 0x000001cc6fda31a0 DEOPT UNPACKING pc=0x000001cc5bc3699d sp=0x00000077ecff9998 mode 2
Event: 31.427 Thread 0x000001cc6fda31a0 Uncommon trap: trap_request=0xffffff45 fr.pc=0x000001cc5c4eec34 relative=0x0000000000000514
Event: 31.427 Thread 0x000001cc6fda31a0 Uncommon trap: reason=unstable_if action=reinterpret pc=0x000001cc5c4eec34 method=org.gradle.internal.file.FileHierarchySet$Node.isChildOfOrThis(Ljava/lang/String;I)Z @ 72 c2
Event: 31.427 Thread 0x000001cc6fda31a0 DEOPT PACKING pc=0x000001cc5c4eec34 sp=0x00000077ecffc140
Event: 31.427 Thread 0x000001cc6fda31a0 DEOPT UNPACKING pc=0x000001cc5bc3699d sp=0x00000077ecffc0a8 mode 2

Classes unloaded (0 events):
No events

Classes redefined (0 events):
No events

Internal exceptions (20 events):
Event: 28.642 Thread 0x000001cc6fda31a0 Exception <a 'java/lang/IncompatibleClassChangeError'{0x00000000868a3218}: Found class java.lang.Object, but interface was expected> (0x00000000868a3218) 
thrown [s\src\hotspot\share\interpreter\linkResolver.cpp, line 838]
Event: 28.702 Thread 0x000001cc6fda31a0 Exception <a 'java/lang/IncompatibleClassChangeError'{0x00000000867d8938}: Found class java.lang.Object, but interface was expected> (0x00000000867d8938) 
thrown [s\src\hotspot\share\interpreter\linkResolver.cpp, line 838]
Event: 28.753 Thread 0x000001cc6fda31a0 Exception <a 'java/lang/NoSuchMethodError'{0x000000008654c9f0}: 'int java.lang.invoke.DirectMethodHandle$Holder.invokeStaticInit(java.lang.Object, java.lang.Object, java.lang.Object, java.lang.Object, java.lang.Object)'> (0x000000008654c9f0) 
thrown [s\src\hotspot\share\interpreter\linkResolver.cpp, line 771]
Event: 28.795 Thread 0x000001cc6beb12e0 Exception <a 'java/lang/NoSuchMethodError'{0x0000000086450f70}: static Lorg/gradle/internal/build/event/types/DefaultTaskFinishedProgressEvent;.<clinit>()V> (0x0000000086450f70) 
thrown [s\src\hotspot\share\prims\jni.cpp, line 1108]
Event: 28.798 Thread 0x000001cc6beb12e0 Exception <a 'java/lang/NoSuchMethodError'{0x0000000086491550}: static Lorg/gradle/internal/build/event/types/DefaultTaskSuccessResult;.<clinit>()V> (0x0000000086491550) 
thrown [s\src\hotspot\share\prims\jni.cpp, line 1108]
Event: 28.799 Thread 0x000001cc6beb12e0 Exception <a 'java/lang/NoSuchMethodError'{0x0000000086492c58}: static Lorg/gradle/internal/build/event/types/AbstractTaskResult;.<clinit>()V> (0x0000000086492c58) 
thrown [s\src\hotspot\share\prims\jni.cpp, line 1108]
Event: 28.869 Thread 0x000001cc6fda8370 Exception <a 'java/lang/NoSuchMethodError'{0x00000000880c7a80}: static Lcom/android/ide/common/attribution/AndroidGradlePluginAttributionData$BuildInfo;.<clinit>()V> (0x00000000880c7a80) 
thrown [s\src\hotspot\share\prims\jni.cpp, line 1108]
Event: 28.885 Thread 0x000001cc6beb12e0 Exception <a 'java/lang/NoSuchMethodError'{0x0000000087f040f8}: static Lorg/gradle/internal/build/event/types/DefaultTaskSkippedResult;.<clinit>()V> (0x0000000087f040f8) 
thrown [s\src\hotspot\share\prims\jni.cpp, line 1108]
Event: 28.902 Thread 0x000001cc6fda8370 Exception <a 'java/lang/NoSuchMethodError'{0x0000000087f66a60}: static Lcom/android/ide/common/attribution/AndroidGradlePluginAttributionData$JavaInfo;.<clinit>()V> (0x0000000087f66a60) 
thrown [s\src\hotspot\share\prims\jni.cpp, line 1108]
Event: 28.907 Thread 0x000001cc6fda31a0 Exception <a 'java/lang/NoSuchMethodError'{0x0000000087f61a98}: 'int java.lang.invoke.DirectMethodHandle$Holder.invokeSpecial(java.lang.Object, java.lang.Object, java.lang.Object, java.lang.Object, java.lang.Object)'> (0x0000000087f61a98) 
thrown [s\src\hotspot\share\interpreter\linkResolver.cpp, line 771]
Event: 28.909 Thread 0x000001cc6fda8370 Exception <a 'java/lang/NoSuchMethodError'{0x0000000087f8a698}: static [Ljava/lang/String;.<clinit>()V> (0x0000000087f8a698) 
thrown [s\src\hotspot\share\prims\jni.cpp, line 1108]
Event: 28.912 Thread 0x000001cc6fda8370 Exception <a 'java/lang/NoSuchMethodError'{0x0000000087fa93f8}: 'void java.lang.invoke.DirectMethodHandle$Holder.invokeSpecial(java.lang.Object, java.lang.Object, java.lang.Object, int)'> (0x0000000087fa93f8) 
thrown [s\src\hotspot\share\interpreter\linkResolver.cpp, line 771]
Event: 29.933 Thread 0x000001cc6fda31a0 Exception <a 'java/lang/NoSuchMethodError'{0x00000000887d2918}: 'void java.lang.invoke.DirectMethodHandle$Holder.invokeStatic(java.lang.Object, java.lang.Object, java.lang.Object, java.lang.Object, int, java.lang.Object, java.lang.Object)'> (0x00000000887d2918) 
thrown [s\src\hotspot\share\interpreter\linkResolver.cpp, line 771]
Event: 30.041 Thread 0x000001cc6f9fd890 Exception <a 'java/lang/NoSuchMethodError'{0x00000000884c05e8}: 'java.lang.Object java.lang.invoke.DirectMethodHandle$Holder.invokeSpecialIFC(java.lang.Object, java.lang.Object, java.lang.Object)'> (0x00000000884c05e8) 
thrown [s\src\hotspot\share\interpreter\linkResolver.cpp, line 771]
Event: 30.041 Thread 0x000001cc6f9fb210 Exception <a 'java/lang/NoSuchMethodError'{0x0000000088493e88}: 'java.lang.Object java.lang.invoke.DirectMethodHandle$Holder.invokeSpecialIFC(java.lang.Object, java.lang.Object, java.lang.Object)'> (0x0000000088493e88) 
thrown [s\src\hotspot\share\interpreter\linkResolver.cpp, line 771]
Event: 30.041 Thread 0x000001cc6f9f9ed0 Exception <a 'java/lang/NoSuchMethodError'{0x000000008848b818}: 'java.lang.Object java.lang.invoke.DirectMethodHandle$Holder.invokeSpecialIFC(java.lang.Object, java.lang.Object, java.lang.Object)'> (0x000000008848b818) 
thrown [s\src\hotspot\share\interpreter\linkResolver.cpp, line 771]
Event: 30.042 Thread 0x000001cc6fda31a0 Exception <a 'java/lang/NoSuchMethodError'{0x000000008849d8d0}: 'java.lang.Object java.lang.invoke.DirectMethodHandle$Holder.invokeSpecialIFC(java.lang.Object, java.lang.Object, java.lang.Object)'> (0x000000008849d8d0) 
thrown [s\src\hotspot\share\interpreter\linkResolver.cpp, line 771]
Event: 30.606 Thread 0x000001cc6f9fb210 Exception <a 'java/lang/NoSuchMethodError'{0x0000000088ce6280}: 'void java.lang.invoke.DirectMethodHandle$Holder.invokeVirtual(java.lang.Object, java.lang.Object)'> (0x0000000088ce6280) 
thrown [s\src\hotspot\share\interpreter\linkResolver.cpp, line 771]
Event: 30.606 Thread 0x000001cc6fda31a0 Exception <a 'java/lang/NoSuchMethodError'{0x0000000088cd5ca0}: 'void java.lang.invoke.DirectMethodHandle$Holder.invokeVirtual(java.lang.Object, java.lang.Object)'> (0x0000000088cd5ca0) 
thrown [s\src\hotspot\share\interpreter\linkResolver.cpp, line 771]
Event: 30.766 Thread 0x000001cc6f9fb210 Implicit null exception at 0x000001cc5c4f6384 to 0x000001cc5c4f6508

VM Operations (20 events):
Event: 29.212 Executing VM operation: G1Concurrent
Event: 29.213 Executing VM operation: G1Concurrent done
Event: 29.495 Executing VM operation: ICBufferFull
Event: 29.495 Executing VM operation: ICBufferFull done
Event: 29.506 Executing VM operation: HandshakeAllThreads
Event: 29.506 Executing VM operation: HandshakeAllThreads done
Event: 30.010 Executing VM operation: ICBufferFull
Event: 30.024 Executing VM operation: ICBufferFull done
Event: 30.397 Executing VM operation: G1CollectForAllocation
Event: 30.418 Executing VM operation: G1CollectForAllocation done
Event: 30.969 Executing VM operation: ICBufferFull
Event: 30.969 Executing VM operation: ICBufferFull done
Event: 31.247 Executing VM operation: G1CollectForAllocation
Event: 31.262 Executing VM operation: G1CollectForAllocation done
Event: 31.557 Executing VM operation: G1Concurrent
Event: 31.566 Executing VM operation: G1Concurrent done
Event: 31.667 Executing VM operation: HandshakeAllThreads
Event: 31.668 Executing VM operation: HandshakeAllThreads done
Event: 31.682 Executing VM operation: G1Concurrent
Event: 31.682 Executing VM operation: G1Concurrent done

Events (20 events):
Event: 28.928 loading class java/io/ObjectInputFilter$Config$BuiltinFilterFactory done
Event: 28.928 loading class jdk/internal/access/JavaObjectInputFilterAccess
Event: 28.928 loading class jdk/internal/access/JavaObjectInputFilterAccess done
Event: 28.929 loading class jdk/internal/event/DeserializationEvent
Event: 28.929 loading class jdk/internal/event/DeserializationEvent done
Event: 28.929 loading class java/io/ObjectInputStream$FieldValues
Event: 28.929 loading class java/io/ObjectInputStream$GetField
Event: 28.929 loading class java/io/ObjectInputStream$GetField done
Event: 28.930 loading class java/io/ObjectInputStream$FieldValues done
Event: 30.105 loading class java/util/stream/ReferencePipeline$4
Event: 30.105 loading class java/util/stream/ReferencePipeline$4 done
Event: 30.106 loading class java/util/function/IntBinaryOperator
Event: 30.106 loading class java/util/function/IntBinaryOperator done
Event: 30.106 loading class java/util/stream/ReduceOps$6
Event: 30.107 loading class java/util/stream/ReduceOps$6 done
Event: 30.107 loading class java/util/stream/ReduceOps$5ReducingSink
Event: 30.107 loading class java/util/stream/ReduceOps$5ReducingSink done
Event: 30.107 loading class java/util/stream/ReferencePipeline$4$1
Event: 30.107 loading class java/util/stream/ReferencePipeline$4$1 done
Event: 31.679 Thread 0x000001cc6b096d60 flushing nmethod 0x000001cc54d8aa10


Dynamic libraries:
0x00007ff7d99d0000 - 0x00007ff7d99da000 	C:\Program Files\Android\Android Studio\jbr\bin\java.exe
0x00007ff8b72f0000 - 0x00007ff8b74e8000 	C:\Windows\SYSTEM32\ntdll.dll
0x00007ff8b68d0000 - 0x00007ff8b698d000 	C:\Windows\System32\KERNEL32.DLL
0x00007ff8b4fb0000 - 0x00007ff8b52a6000 	C:\Windows\System32\KERNELBASE.dll
0x00007ff8a7b90000 - 0x00007ff8a7bab000 	C:\Program Files\Android\Android Studio\jbr\bin\VCRUNTIME140.dll
0x00007ff8b4d80000 - 0x00007ff8b4e80000 	C:\Windows\System32\ucrtbase.dll
0x00007ff84a8d0000 - 0x00007ff84a8e7000 	C:\Program Files\Android\Android Studio\jbr\bin\jli.dll
0x00007ff8a7eb0000 - 0x00007ff8a814a000 	C:\Windows\WinSxS\amd64_microsoft.windows.common-controls_6595b64144ccf1df_6.0.19041.3636_none_60b6a03d71f818d5\COMCTL32.dll
0x00007ff8b64b0000 - 0x00007ff8b664e000 	C:\Windows\System32\USER32.dll
0x00007ff8b6fb0000 - 0x00007ff8b704e000 	C:\Windows\System32\msvcrt.dll
0x00007ff8b4b30000 - 0x00007ff8b4b52000 	C:\Windows\System32\win32u.dll
0x00007ff8b6cf0000 - 0x00007ff8b6d1c000 	C:\Windows\System32\GDI32.dll
0x00007ff8b4c60000 - 0x00007ff8b4d7a000 	C:\Windows\System32\gdi32full.dll
0x00007ff8b4e80000 - 0x00007ff8b4f1d000 	C:\Windows\System32\msvcp_win.dll
0x00007ff8b5fa0000 - 0x00007ff8b5fd0000 	C:\Windows\System32\IMM32.DLL
0x00007ff8b0a10000 - 0x00007ff8b0a1c000 	C:\Program Files\Android\Android Studio\jbr\bin\vcruntime140_1.dll
0x00007ff8a1240000 - 0x00007ff8a12cd000 	C:\Program Files\Android\Android Studio\jbr\bin\msvcp140.dll
0x00007ff84b2e0000 - 0x00007ff84bf4e000 	C:\Program Files\Android\Android Studio\jbr\bin\server\jvm.dll
0x00007ff8b6e30000 - 0x00007ff8b6edf000 	C:\Windows\System32\ADVAPI32.dll
0x00007ff8b5f00000 - 0x00007ff8b5f9c000 	C:\Windows\System32\sechost.dll
0x00007ff8b5350000 - 0x00007ff8b5476000 	C:\Windows\System32\RPCRT4.dll
0x00007ff8593e0000 - 0x00007ff8593e9000 	C:\Windows\SYSTEM32\WSOCK32.dll
0x00007ff8acee0000 - 0x00007ff8acf07000 	C:\Windows\SYSTEM32\WINMM.dll
0x00007ff8a4690000 - 0x00007ff8a469a000 	C:\Windows\SYSTEM32\VERSION.dll
0x00007ff8b6440000 - 0x00007ff8b64ab000 	C:\Windows\System32\WS2_32.dll
0x00007ff8b2890000 - 0x00007ff8b28a2000 	C:\Windows\SYSTEM32\kernel.appcore.dll
0x00007ff858ed0000 - 0x00007ff858eda000 	C:\Program Files\Android\Android Studio\jbr\bin\jimage.dll
0x00007ff8a0ba0000 - 0x00007ff8a0d84000 	C:\Windows\SYSTEM32\DBGHELP.DLL
0x00007ff8a36c0000 - 0x00007ff8a36f4000 	C:\Windows\SYSTEM32\dbgcore.DLL
0x00007ff8b4f20000 - 0x00007ff8b4fa2000 	C:\Windows\System32\bcryptPrimitives.dll
0x00007ff856880000 - 0x00007ff8568a5000 	C:\Program Files\Android\Android Studio\jbr\bin\java.dll
0x00007ff856860000 - 0x00007ff856878000 	C:\Program Files\Android\Android Studio\jbr\bin\zip.dll
0x00007ff8b5560000 - 0x00007ff8b5ca4000 	C:\Windows\System32\SHELL32.dll
0x00007ff8b2a90000 - 0x00007ff8b322b000 	C:\Windows\SYSTEM32\windows.storage.dll
0x00007ff8b6990000 - 0x00007ff8b6ce4000 	C:\Windows\System32\combase.dll
0x00007ff8b4410000 - 0x00007ff8b443d000 	C:\Windows\SYSTEM32\Wldp.dll
0x00007ff8b6730000 - 0x00007ff8b67dd000 	C:\Windows\System32\SHCORE.dll
0x00007ff8b54a0000 - 0x00007ff8b54f5000 	C:\Windows\System32\shlwapi.dll
0x00007ff8b4900000 - 0x00007ff8b4925000 	C:\Windows\SYSTEM32\profapi.dll
0x00007ff84aee0000 - 0x00007ff84aef9000 	C:\Program Files\Android\Android Studio\jbr\bin\net.dll
0x00007ff8ad6f0000 - 0x00007ff8ad7fa000 	C:\Windows\SYSTEM32\WINHTTP.dll
0x00007ff8b4100000 - 0x00007ff8b416a000 	C:\Windows\system32\mswsock.dll
0x00007ff84aec0000 - 0x00007ff84aed6000 	C:\Program Files\Android\Android Studio\jbr\bin\nio.dll
0x00007ff84aac0000 - 0x00007ff84aad0000 	C:\Program Files\Android\Android Studio\jbr\bin\verify.dll
0x00007ff8a71c0000 - 0x00007ff8a71e7000 	C:\Users\CHEBICHEB KHEIREDDIN\.gradle\native\e1d6ef7f7dcc3fd88c89a11ec53ec762bb8ba0a96d01ffa2cd45eb1d1d8dd5c5\windows-amd64\native-platform.dll
0x00007ff8a10f0000 - 0x00007ff8a1234000 	C:\Users\CHEBICHEB KHEIREDDIN\.gradle\native\0d407fdbe67a94daf76414ababcb853783967236a71b16ec16e742cd7a986fd3\windows-amd64\native-platform-file-events.dll
0x00007ff84aa70000 - 0x00007ff84aa79000 	C:\Program Files\Android\Android Studio\jbr\bin\management.dll
0x00007ff84aa60000 - 0x00007ff84aa6b000 	C:\Program Files\Android\Android Studio\jbr\bin\management_ext.dll
0x00007ff8b5480000 - 0x00007ff8b5488000 	C:\Windows\System32\PSAPI.DLL
0x00007ff8b4370000 - 0x00007ff8b4388000 	C:\Windows\SYSTEM32\CRYPTSP.dll
0x00007ff8b39d0000 - 0x00007ff8b3a04000 	C:\Windows\system32\rsaenh.dll
0x00007ff8b52b0000 - 0x00007ff8b52d7000 	C:\Windows\System32\bcrypt.dll
0x00007ff8b48c0000 - 0x00007ff8b48ee000 	C:\Windows\SYSTEM32\USERENV.dll
0x00007ff8b4360000 - 0x00007ff8b436c000 	C:\Windows\SYSTEM32\CRYPTBASE.dll
0x00007ff8b3df0000 - 0x00007ff8b3e2b000 	C:\Windows\SYSTEM32\IPHLPAPI.DLL
0x00007ff8b5490000 - 0x00007ff8b5498000 	C:\Windows\System32\NSI.dll
0x00007ff8ae6c0000 - 0x00007ff8ae6d7000 	C:\Windows\SYSTEM32\dhcpcsvc6.DLL
0x00007ff8ae660000 - 0x00007ff8ae67d000 	C:\Windows\SYSTEM32\dhcpcsvc.DLL
0x00007ff8b3e30000 - 0x00007ff8b3efa000 	C:\Windows\SYSTEM32\DNSAPI.dll
0x00007ff896420000 - 0x00007ff896427000 	C:\Windows\system32\wshunix.dll
0x00007ff86f760000 - 0x00007ff86f777000 	C:\Windows\system32\napinsp.dll
0x00007ff86f740000 - 0x00007ff86f75b000 	C:\Windows\system32\pnrpnsp.dll
0x00007ff8b1040000 - 0x00007ff8b1055000 	C:\Windows\system32\wshbth.dll
0x00007ff8b06e0000 - 0x00007ff8b06fd000 	C:\Windows\system32\NLAapi.dll
0x00007ff859020000 - 0x00007ff859032000 	C:\Windows\System32\winrnr.dll
0x0000000074d80000 - 0x0000000074da6000 	C:\Program Files\Bonjour\mdnsNSP.dll
0x00007ff8adc10000 - 0x00007ff8adc1a000 	C:\Windows\System32\rasadhlp.dll
0x00007ff8aad70000 - 0x00007ff8aadf0000 	C:\Windows\System32\fwpuclnt.dll

dbghelp: loaded successfully - version: 4.0.5 - missing functions: none
symbol engine: initialized successfully - sym options: 0x614 - pdb path: .;C:\Program Files\Android\Android Studio\jbr\bin;C:\Windows\SYSTEM32;C:\Windows\WinSxS\amd64_microsoft.windows.common-controls_6595b64144ccf1df_6.0.19041.3636_none_60b6a03d71f818d5;C:\Program Files\Android\Android Studio\jbr\bin\server;C:\Users\CHEBICHEB KHEIREDDIN\.gradle\native\e1d6ef7f7dcc3fd88c89a11ec53ec762bb8ba0a96d01ffa2cd45eb1d1d8dd5c5\windows-amd64;C:\Users\CHEBICHEB KHEIREDDIN\.gradle\native\0d407fdbe67a94daf76414ababcb853783967236a71b16ec16e742cd7a986fd3\windows-amd64;C:\Program Files\Bonjour

VM Arguments:
jvm_args: --add-opens=java.base/java.util=ALL-UNNAMED --add-opens=java.base/java.lang=ALL-UNNAMED --add-opens=java.base/java.lang.invoke=ALL-UNNAMED --add-opens=java.base/java.util=ALL-UNNAMED --add-opens=java.prefs/java.util.prefs=ALL-UNNAMED --add-opens=java.prefs/java.util.prefs=ALL-UNNAMED --add-opens=java.base/java.nio.charset=ALL-UNNAMED --add-opens=java.base/java.net=ALL-UNNAMED --add-opens=java.base/java.util.concurrent.atomic=ALL-UNNAMED -Xmx2048m -Dfile.encoding=UTF-8 -Duser.country=US -Duser.language=en -Duser.variant 
java_command: org.gradle.launcher.daemon.bootstrap.GradleDaemon 7.5
java_class_path (initial): C:\Users\CHEBICHEB KHEIREDDIN\.gradle\wrapper\dists\gradle-7.5-bin\f1w0cc9nuo0eivz97x2xlu9sv\gradle-7.5\lib\gradle-launcher-7.5.jar
Launcher Type: SUN_STANDARD

[Global flags]
     intx CICompilerCount                          = 3                                         {product} {ergonomic}
     uint ConcGCThreads                            = 1                                         {product} {ergonomic}
     uint G1ConcRefinementThreads                  = 4                                         {product} {ergonomic}
   size_t G1HeapRegionSize                         = 1048576                                   {product} {ergonomic}
    uintx GCDrainStackTargetSize                   = 64                                        {product} {ergonomic}
   size_t InitialHeapSize                          = 132120576                                 {product} {ergonomic}
   size_t MarkStackSize                            = 4194304                                   {product} {ergonomic}
   size_t MaxHeapSize                              = 2147483648                                {product} {command line}
   size_t MaxNewSize                               = 1287651328                                {product} {ergonomic}
   size_t MinHeapDeltaBytes                        = 1048576                                   {product} {ergonomic}
   size_t MinHeapSize                              = 8388608                                   {product} {ergonomic}
    uintx NonNMethodCodeHeapSize                   = 5832780                                {pd product} {ergonomic}
    uintx NonProfiledCodeHeapSize                  = 122912730                              {pd product} {ergonomic}
    uintx ProfiledCodeHeapSize                     = 122912730                              {pd product} {ergonomic}
    uintx ReservedCodeCacheSize                    = 251658240                              {pd product} {ergonomic}
     bool SegmentedCodeCache                       = true                                      {product} {ergonomic}
   size_t SoftMaxHeapSize                          = 2147483648                             {manageable} {ergonomic}
     bool UseCompressedClassPointers               = true                           {product lp64_product} {ergonomic}
     bool UseCompressedOops                        = true                           {product lp64_product} {ergonomic}
     bool UseG1GC                                  = true                                      {product} {ergonomic}
     bool UseLargePagesIndividualAllocation        = false                                  {pd product} {ergonomic}

Logging:
Log output configuration:
 #0: stdout all=warning uptime,level,tags
 #1: stderr all=off uptime,level,tags

Environment Variables:
CLASSPATH=C:\oracle\product\10.2.0\db_1\jdbc\lib
PATH=C:\Program Files (x86)\VMware\VMware Workstation\bin\;C:\Program Files (x86)\Common Files\Oracle\Java\javapath;C:\Program Files\Common Files\Oracle\Java\javapath;C:\Windows\system32;C:\Windows;C:\Windows\System32\Wbem;C:\Windows\System32\WindowsPowerShell\v1.0\;C:\Windows\System32\OpenSSH\;C:\OCaml64\home\YCF\.opam\4.14.0+mingw64c\bin;C:\instantclient-basic\instantclient_12_1;C:\OCaml64\home\YCF\.opam\4.14.0+mingw64c\bin;C:\Program Files\Java\jdk-15.0.1\bin\javaw.exe;C:\OCaml64\usr\local\bin\opam.exe;C:\Program Files\Java\jdk1.8.0_351\bin;C:\Program Files\TortoiseGit\bin;C:\Program Files\Git\cmd;C:\Users\CHEBICHEB KHEIREDDIN\AppData\Local\Programs\Python\Python312\Scripts\;C:\Users\CHEBICHEB KHEIREDDIN\AppData\Local\Programs\Python\Python312\;C:\Users\CHEBICHEB KHEIREDDIN\AppData\Local\Programs\Python\Python310\Scripts\;C:\Users\CHEBICHEB KHEIREDDIN\AppData\Local\Programs\Python\Python310\;C:\Users\CHEBICHEB KHEIREDDIN\AppData\Local\Microsoft\WindowsApps;C:\OCaml64\home\YCF\.opam\4.14.0+mingw64c\bin;C:\Users\CHEBICHEB KHEIREDDIN\AppData\Local\Programs\Microsoft VS Code\bin;C:\OCaml64\home\CHEBICHEBKHEIREDDIN\.opam\4.14.0+mingw64c\bin;C:\Program Files\Java\jdk1.8.0_351\bin;;C:\Program Files\JetBrains\IntelliJ IDEA 2021.3\bin;
USERNAME=CHEBICHEB KHEIREDDIN
OS=Windows_NT
PROCESSOR_IDENTIFIER=Intel64 Family 6 Model 37 Stepping 5, GenuineIntel
TMP=C:\Users\CHEBIC~1\AppData\Local\Temp
TEMP=C:\Users\CHEBIC~1\AppData\Local\Temp


JNI global refs:
JNI global refs: 23, weak refs: 3

JNI global refs memory usage: 843, weak refs: 841


---------------  S Y S T E M  ---------------

OS:
 Windows 10 , 64 bit Build 19041 (10.0.19041.3636)
OS uptime: 0 days 0:56 hours

CPU: total 4 (initial active 4) (2 cores per cpu, 2 threads per core) family 6 model 37 stepping 5 microcode 0x7, cx8, cmov, fxsr, ht, mmx, sse, sse2, sse3, ssse3, sse4.1, sse4.2, popcnt, tsc, tscinvbit, aes, clmul, clflush

Memory: 4k page, system-wide physical 7983M (180M free)
TotalPageFile size 11480M (AvailPageFile size 4M)
current process WorkingSet (physical memory assigned to process): 391M, peak: 391M
current process commit charge ("private bytes"): 420M, peak: 420M

vm_info: OpenJDK 64-Bit Server VM (17.0.6+0-b2043.56-10027231) for windows-amd64 JRE (17.0.6+0-b2043.56-10027231), built on Apr 28 2023 00:43:19 by "androidbuild" with MS VC++ 16.10 / 16.11 (VS2019)

END.
