#
# There is insufficient memory for the Java Runtime Environment to continue.
# Native memory allocation (mmap) failed to map 19922944 bytes for G1 virtual space
# Possible reasons:
#   The system is out of physical RAM or swap space
#   The process is running with CompressedOops enabled, and the Java Heap may be blocking the growth of the native heap
# Possible solutions:
#   Reduce memory load on the system
#   Increase physical memory or swap space
#   Check if swap backing store is full
#   Decrease Java heap size (-Xmx/-Xms)
#   Decrease number of Java threads
#   Decrease Java thread stack sizes (-Xss)
#   Set larger code cache with -XX:ReservedCodeCacheSize=
#   JVM is running with Unscaled Compressed Oops mode in which the Java heap is
#     placed in the first 4GB address space. The Java Heap base address is the
#     maximum limit for the native heap growth. Please use -XX:HeapBaseMinAddress
#     to set the Java Heap base and to place the Java Heap above 4GB virtual address.
# This output file may be truncated or incomplete.
#
#  Out of Memory Error (os_windows.cpp:3769), pid=5852, tid=10488
#
# JRE version: OpenJDK Runtime Environment (17.0.6) (build 17.0.6+0-b2043.56-10027231)
# Java VM: OpenJDK 64-Bit Server VM (17.0.6+0-b2043.56-10027231, mixed mode, tiered, compressed oops, compressed class ptrs, g1 gc, windows-amd64)
# No core dump will be written. Minidumps are not enabled by default on client versions of Windows
#

---------------  S U M M A R Y ------------

Command Line: --add-opens=java.base/java.util=ALL-UNNAMED --add-opens=java.base/java.lang=ALL-UNNAMED --add-opens=java.base/java.lang.invoke=ALL-UNNAMED --add-opens=java.base/java.util=ALL-UNNAMED --add-opens=java.prefs/java.util.prefs=ALL-UNNAMED --add-opens=java.prefs/java.util.prefs=ALL-UNNAMED --add-opens=java.base/java.nio.charset=ALL-UNNAMED --add-opens=java.base/java.net=ALL-UNNAMED --add-opens=java.base/java.util.concurrent.atomic=ALL-UNNAMED -Xmx2048m -Dfile.encoding=UTF-8 -Duser.country=US -Duser.language=en -Duser.variant org.gradle.launcher.daemon.bootstrap.GradleDaemon 7.5

Host: Intel(R) Core(TM) i5 CPU       M 520  @ 2.40GHz, 4 cores, 7G,  Windows 10 , 64 bit Build 19041 (10.0.19041.3636)
Time: Tue Dec 12 02:32:10 2023 W. Europe Standard Time elapsed time: 15.469875 seconds (0d 0h 0m 15s)

---------------  T H R E A D  ---------------

Current thread (0x00000172fcb360e0):  VMThread "VM Thread" [stack: 0x0000000c14b00000,0x0000000c14c00000] [id=10488]

Stack: [0x0000000c14b00000,0x0000000c14c00000]
Native frames: (J=compiled Java code, j=interpreted, Vv=VM code, C=native code)
V  [jvm.dll+0x683c9a]
V  [jvm.dll+0x8427a4]
V  [jvm.dll+0x843f9e]
V  [jvm.dll+0x844603]
V  [jvm.dll+0x249b75]
V  [jvm.dll+0x680b69]
V  [jvm.dll+0x67505a]
V  [jvm.dll+0x309acb]
V  [jvm.dll+0x310f86]
V  [jvm.dll+0x3608ee]
V  [jvm.dll+0x360b1f]
V  [jvm.dll+0x2dfbf8]
V  [jvm.dll+0x2ddec4]
V  [jvm.dll+0x2dd4cc]
V  [jvm.dll+0x322261]
V  [jvm.dll+0x848ccb]
V  [jvm.dll+0x849a04]
V  [jvm.dll+0x849f1d]
V  [jvm.dll+0x84a2f4]
V  [jvm.dll+0x84a3c0]
V  [jvm.dll+0x7f274a]
V  [jvm.dll+0x682ad5]
C  [ucrtbase.dll+0x21bb2]
C  [KERNEL32.DLL+0x17344]
C  [ntdll.dll+0x526b1]

VM_Operation (0x0000000c162f27b0): G1TryInitiateConcMark, mode: safepoint, requested by thread 0x00000172fee32e80


---------------  P R O C E S S  ---------------

Threads class SMR info:
_java_thread_list=0x0000017280763810, length=81, elements={
0x00000172e35bdf60, 0x00000172fcb75320, 0x00000172fcb760a0, 0x00000172fcbc27d0,
0x00000172fcbc41a0, 0x00000172fcbc4a60, 0x00000172fd502480, 0x00000172fd50aa50,
0x00000172fd50b400, 0x00000172fd538000, 0x00000172fd689440, 0x00000172fd697fe0,
0x00000172801ab390, 0x00000172fe4514a0, 0x0000017280284280, 0x00000172804a2030,
0x0000017280ccb590, 0x00000172801c1930, 0x00000172fee32e80, 0x00000172fdcc0220,
0x0000017280d558b0, 0x0000017280d4e060, 0x0000017280d51080, 0x0000017280d54a40,
0x0000017280d553e0, 0x0000017280d54f10, 0x0000017280d50210, 0x0000017280d54570,
0x0000017280d50bb0, 0x0000017280d53230, 0x0000017280d4e530, 0x0000017280d4ea00,
0x0000017280d4fd40, 0x0000017280d523c0, 0x0000017280d506e0, 0x0000017280d52d60,
0x0000017280d51a20, 0x0000017280d51ef0, 0x0000017280d540a0, 0x00000172fd967210,
0x00000172fd968a20, 0x00000172fd96c8b0, 0x00000172fd96b570, 0x00000172fd9676e0,
0x00000172fd969890, 0x00000172fd965060, 0x00000172fd967bb0, 0x00000172fd965530,
0x00000172fd969d60, 0x00000172fd96c3e0, 0x00000172fd968550, 0x00000172fd96abd0,
0x00000172fd968ef0, 0x00000172fd96a700, 0x00000172fd966870, 0x00000172fd965a00,
0x00000172fd9663a0, 0x00000172fd9693c0, 0x00000172fd965ed0, 0x00000172fd96a230,
0x00000172fd96ba40, 0x00000172fd966d40, 0x00000172fd96bf10, 0x0000017281868540,
0x0000017281868a10, 0x0000017281869880, 0x000001728186b090, 0x000001728186abc0,
0x0000017281868070, 0x000001728186b560, 0x000001728186ba30, 0x000001728186a6f0,
0x000001728186a220, 0x0000017281868ee0, 0x00000172818693b0, 0x0000017281869d50,
0x00000172fdf7b090, 0x00000172fdf7ba30, 0x00000172fdf776d0, 0x00000172fdf79880,
0x00000172fdf7d240
}

Java Threads: ( => current thread )
  0x00000172e35bdf60 JavaThread "main" [_thread_blocked, id=10672, stack(0x0000000c14500000,0x0000000c14600000)]
  0x00000172fcb75320 JavaThread "Reference Handler" daemon [_thread_blocked, id=8628, stack(0x0000000c14c00000,0x0000000c14d00000)]
  0x00000172fcb760a0 JavaThread "Finalizer" daemon [_thread_blocked, id=6752, stack(0x0000000c14d00000,0x0000000c14e00000)]
  0x00000172fcbc27d0 JavaThread "Signal Dispatcher" daemon [_thread_blocked, id=11576, stack(0x0000000c14e00000,0x0000000c14f00000)]
  0x00000172fcbc41a0 JavaThread "Attach Listener" daemon [_thread_blocked, id=6496, stack(0x0000000c14f00000,0x0000000c15000000)]
  0x00000172fcbc4a60 JavaThread "Service Thread" daemon [_thread_blocked, id=10044, stack(0x0000000c15000000,0x0000000c15100000)]
  0x00000172fd502480 JavaThread "Monitor Deflation Thread" daemon [_thread_blocked, id=9844, stack(0x0000000c15100000,0x0000000c15200000)]
  0x00000172fd50aa50 JavaThread "C2 CompilerThread0" daemon [_thread_in_native, id=8840, stack(0x0000000c15200000,0x0000000c15300000)]
  0x00000172fd50b400 JavaThread "C1 CompilerThread0" daemon [_thread_blocked, id=4712, stack(0x0000000c15300000,0x0000000c15400000)]
  0x00000172fd538000 JavaThread "Sweeper thread" daemon [_thread_blocked, id=7108, stack(0x0000000c15400000,0x0000000c15500000)]
  0x00000172fd689440 JavaThread "Common-Cleaner" daemon [_thread_blocked, id=2348, stack(0x0000000c15500000,0x0000000c15600000)]
  0x00000172fd697fe0 JavaThread "Notification Thread" daemon [_thread_blocked, id=7304, stack(0x0000000c15600000,0x0000000c15700000)]
  0x00000172801ab390 JavaThread "Daemon health stats" [_thread_blocked, id=5216, stack(0x0000000c15c00000,0x0000000c15d00000)]
  0x00000172fe4514a0 JavaThread "Incoming local TCP Connector on port 50965" [_thread_in_native, id=2836, stack(0x0000000c15800000,0x0000000c15900000)]
  0x0000017280284280 JavaThread "Daemon periodic checks" [_thread_blocked, id=7340, stack(0x0000000c15d00000,0x0000000c15e00000)]
  0x00000172804a2030 JavaThread "Daemon" [_thread_blocked, id=5248, stack(0x0000000c15f00000,0x0000000c16000000)]
  0x0000017280ccb590 JavaThread "Handler for socket connection from /127.0.0.1:50965 to /127.0.0.1:50966" [_thread_in_native, id=5748, stack(0x0000000c16000000,0x0000000c16100000)]
  0x00000172801c1930 JavaThread "Cancel handler" [_thread_blocked, id=3232, stack(0x0000000c16100000,0x0000000c16200000)]
  0x00000172fee32e80 JavaThread "Daemon worker" [_thread_blocked, id=10828, stack(0x0000000c16200000,0x0000000c16300000)]
  0x00000172fdcc0220 JavaThread "Asynchronous log dispatcher for DefaultDaemonConnection: socket connection from /127.0.0.1:50965 to /127.0.0.1:50966" [_thread_blocked, id=3316, stack(0x0000000c16300000,0x0000000c16400000)]
  0x0000017280d558b0 JavaThread "Stdin handler" [_thread_blocked, id=5152, stack(0x0000000c16400000,0x0000000c16500000)]
  0x0000017280d4e060 JavaThread "Daemon client event forwarder" [_thread_blocked, id=224, stack(0x0000000c16500000,0x0000000c16600000)]
  0x0000017280d51080 JavaThread "Cache worker for journal cache (C:\Users\CHEBICHEB KHEIREDDIN\.gradle\caches\journal-1)" [_thread_blocked, id=10652, stack(0x0000000c16600000,0x0000000c16700000)]
  0x0000017280d54a40 JavaThread "File lock request listener" [_thread_in_native, id=2700, stack(0x0000000c16700000,0x0000000c16800000)]
  0x0000017280d553e0 JavaThread "Cache worker for file hash cache (C:\Users\CHEBICHEB KHEIREDDIN\.gradle\caches\7.5\fileHashes)" [_thread_blocked, id=6528, stack(0x0000000c16800000,0x0000000c16900000)]
  0x0000017280d54f10 JavaThread "File watcher server" daemon [_thread_in_native, id=10864, stack(0x0000000c16900000,0x0000000c16a00000)]
  0x0000017280d50210 JavaThread "File watcher consumer" daemon [_thread_blocked, id=6024, stack(0x0000000c16a00000,0x0000000c16b00000)]
  0x0000017280d54570 JavaThread "Cache worker for checksums cache (C:\Users\CHEBICHEB KHEIREDDIN\Desktop\GL2 S1 cour et td\Dev Mobile App\Practice6A-NavigationDrawer\.gradle\7.5\checksums)" [_thread_blocked, id=6468, stack(0x0000000c16b00000,0x0000000c16c00000)]
  0x0000017280d50bb0 JavaThread "Cache worker for cache directory md-rule (C:\Users\CHEBICHEB KHEIREDDIN\.gradle\caches\7.5\md-rule)" [_thread_blocked, id=4932, stack(0x0000000c16c00000,0x0000000c16d00000)]
  0x0000017280d53230 JavaThread "Cache worker for file content cache (C:\Users\CHEBICHEB KHEIREDDIN\.gradle\caches\7.5\fileContent)" [_thread_blocked, id=11532, stack(0x0000000c16d00000,0x0000000c16e00000)]
  0x0000017280d4e530 JavaThread "Cache worker for file hash cache (C:\Users\CHEBICHEB KHEIREDDIN\Desktop\GL2 S1 cour et td\Dev Mobile App\Practice6A-NavigationDrawer\.gradle\7.5\fileHashes)" [_thread_blocked, id=2568, stack(0x0000000c16e00000,0x0000000c16f00000)]
  0x0000017280d4ea00 JavaThread "Cache worker for cache directory md-supplier (C:\Users\CHEBICHEB KHEIREDDIN\.gradle\caches\7.5\md-supplier)" [_thread_blocked, id=4532, stack(0x0000000c16f00000,0x0000000c17000000)]
  0x0000017280d4fd40 JavaThread "Cache worker for execution history cache (C:\Users\CHEBICHEB KHEIREDDIN\.gradle\caches\7.5\executionHistory)" [_thread_blocked, id=1076, stack(0x0000000c17000000,0x0000000c17100000)]
  0x0000017280d523c0 JavaThread "jar transforms" [_thread_blocked, id=7988, stack(0x0000000c15e00000,0x0000000c15f00000)]
  0x0000017280d506e0 JavaThread "jar transforms Thread 2" [_thread_blocked, id=8032, stack(0x0000000c17100000,0x0000000c17200000)]
  0x0000017280d52d60 JavaThread "jar transforms Thread 3" [_thread_blocked, id=8528, stack(0x0000000c17300000,0x0000000c17400000)]
  0x0000017280d51a20 JavaThread "jar transforms Thread 4" [_thread_blocked, id=5128, stack(0x0000000c17400000,0x0000000c17500000)]
  0x0000017280d51ef0 JavaThread "Cache worker for dependencies-accessors (C:\Users\CHEBICHEB KHEIREDDIN\Desktop\GL2 S1 cour et td\Dev Mobile App\Practice6A-NavigationDrawer\.gradle\7.5\dependencies-accessors)" [_thread_blocked, id=5580, stack(0x0000000c17500000,0x0000000c17600000)]
  0x0000017280d540a0 JavaThread "Cache worker for Build Output Cleanup Cache (C:\Users\CHEBICHEB KHEIREDDIN\Desktop\GL2 S1 cour et td\Dev Mobile App\Practice6A-NavigationDrawer\.gradle\buildOutputCleanup)" [_thread_blocked, id=11488, stack(0x0000000c17600000,0x0000000c17700000)]
  0x00000172fd967210 JavaThread "Unconstrained build operations" [_thread_blocked, id=10612, stack(0x0000000c17700000,0x0000000c17800000)]
  0x00000172fd968a20 JavaThread "Unconstrained build operations Thread 2" [_thread_blocked, id=712, stack(0x0000000c17800000,0x0000000c17900000)]
  0x00000172fd96c8b0 JavaThread "Unconstrained build operations Thread 3" [_thread_blocked, id=232, stack(0x0000000c17900000,0x0000000c17a00000)]
  0x00000172fd96b570 JavaThread "Unconstrained build operations Thread 4" [_thread_blocked, id=8804, stack(0x0000000c17a00000,0x0000000c17b00000)]
  0x00000172fd9676e0 JavaThread "Unconstrained build operations Thread 5" [_thread_blocked, id=6276, stack(0x0000000c17b00000,0x0000000c17c00000)]
  0x00000172fd969890 JavaThread "Unconstrained build operations Thread 6" [_thread_blocked, id=5368, stack(0x0000000c17c00000,0x0000000c17d00000)]
  0x00000172fd965060 JavaThread "Unconstrained build operations Thread 7" [_thread_blocked, id=3720, stack(0x0000000c17d00000,0x0000000c17e00000)]
  0x00000172fd967bb0 JavaThread "Unconstrained build operations Thread 8" [_thread_blocked, id=3412, stack(0x0000000c17e00000,0x0000000c17f00000)]
  0x00000172fd965530 JavaThread "Unconstrained build operations Thread 9" [_thread_blocked, id=8548, stack(0x0000000c17f00000,0x0000000c18000000)]
  0x00000172fd969d60 JavaThread "Unconstrained build operations Thread 10" [_thread_blocked, id=12260, stack(0x0000000c18000000,0x0000000c18100000)]
  0x00000172fd96c3e0 JavaThread "Unconstrained build operations Thread 11" [_thread_blocked, id=12048, stack(0x0000000c18100000,0x0000000c18200000)]
  0x00000172fd968550 JavaThread "Unconstrained build operations Thread 12" [_thread_blocked, id=4008, stack(0x0000000c18200000,0x0000000c18300000)]
  0x00000172fd96abd0 JavaThread "Unconstrained build operations Thread 13" [_thread_blocked, id=8232, stack(0x0000000c18300000,0x0000000c18400000)]
  0x00000172fd968ef0 JavaThread "Unconstrained build operations Thread 14" [_thread_blocked, id=5884, stack(0x0000000c18400000,0x0000000c18500000)]
  0x00000172fd96a700 JavaThread "Unconstrained build operations Thread 15" [_thread_blocked, id=4796, stack(0x0000000c18500000,0x0000000c18600000)]
  0x00000172fd966870 JavaThread "Unconstrained build operations Thread 16" [_thread_blocked, id=3284, stack(0x0000000c18600000,0x0000000c18700000)]
  0x00000172fd965a00 JavaThread "Unconstrained build operations Thread 17" [_thread_blocked, id=12108, stack(0x0000000c18700000,0x0000000c18800000)]
  0x00000172fd9663a0 JavaThread "Unconstrained build operations Thread 18" [_thread_blocked, id=9296, stack(0x0000000c18800000,0x0000000c18900000)]
  0x00000172fd9693c0 JavaThread "Unconstrained build operations Thread 19" [_thread_blocked, id=1196, stack(0x0000000c18900000,0x0000000c18a00000)]
  0x00000172fd965ed0 JavaThread "Unconstrained build operations Thread 20" [_thread_blocked, id=9828, stack(0x0000000c18a00000,0x0000000c18b00000)]
  0x00000172fd96a230 JavaThread "Unconstrained build operations Thread 21" [_thread_blocked, id=12180, stack(0x0000000c18b00000,0x0000000c18c00000)]
  0x00000172fd96ba40 JavaThread "Unconstrained build operations Thread 22" [_thread_blocked, id=600, stack(0x0000000c18c00000,0x0000000c18d00000)]
  0x00000172fd966d40 JavaThread "Unconstrained build operations Thread 23" [_thread_blocked, id=3572, stack(0x0000000c18d00000,0x0000000c18e00000)]
  0x00000172fd96bf10 JavaThread "Unconstrained build operations Thread 24" [_thread_blocked, id=11308, stack(0x0000000c18e00000,0x0000000c18f00000)]
  0x0000017281868540 JavaThread "Unconstrained build operations Thread 25" [_thread_blocked, id=6384, stack(0x0000000c18f00000,0x0000000c19000000)]
  0x0000017281868a10 JavaThread "Unconstrained build operations Thread 26" [_thread_blocked, id=8640, stack(0x0000000c19000000,0x0000000c19100000)]
  0x0000017281869880 JavaThread "Unconstrained build operations Thread 27" [_thread_blocked, id=3900, stack(0x0000000c19100000,0x0000000c19200000)]
  0x000001728186b090 JavaThread "Unconstrained build operations Thread 28" [_thread_blocked, id=11816, stack(0x0000000c19200000,0x0000000c19300000)]
  0x000001728186abc0 JavaThread "Unconstrained build operations Thread 29" [_thread_blocked, id=2688, stack(0x0000000c19300000,0x0000000c19400000)]
  0x0000017281868070 JavaThread "Unconstrained build operations Thread 30" [_thread_blocked, id=4336, stack(0x0000000c19400000,0x0000000c19500000)]
  0x000001728186b560 JavaThread "Unconstrained build operations Thread 31" [_thread_blocked, id=2724, stack(0x0000000c19500000,0x0000000c19600000)]
  0x000001728186ba30 JavaThread "Unconstrained build operations Thread 32" [_thread_blocked, id=7336, stack(0x0000000c19600000,0x0000000c19700000)]
  0x000001728186a6f0 JavaThread "Unconstrained build operations Thread 33" [_thread_blocked, id=12000, stack(0x0000000c19700000,0x0000000c19800000)]
  0x000001728186a220 JavaThread "Unconstrained build operations Thread 34" [_thread_blocked, id=2564, stack(0x0000000c19800000,0x0000000c19900000)]
  0x0000017281868ee0 JavaThread "Unconstrained build operations Thread 35" [_thread_blocked, id=6380, stack(0x0000000c19900000,0x0000000c19a00000)]
  0x00000172818693b0 JavaThread "Unconstrained build operations Thread 36" [_thread_blocked, id=9316, stack(0x0000000c19a00000,0x0000000c19b00000)]
  0x0000017281869d50 JavaThread "Unconstrained build operations Thread 37" [_thread_blocked, id=10500, stack(0x0000000c19b00000,0x0000000c19c00000)]
  0x00000172fdf7b090 JavaThread "Unconstrained build operations Thread 38" [_thread_blocked, id=4572, stack(0x0000000c19c00000,0x0000000c19d00000)]
  0x00000172fdf7ba30 JavaThread "Unconstrained build operations Thread 39" [_thread_blocked, id=11956, stack(0x0000000c19d00000,0x0000000c19e00000)]
  0x00000172fdf776d0 JavaThread "Unconstrained build operations Thread 40" [_thread_blocked, id=11528, stack(0x0000000c19e00000,0x0000000c19f00000)]
  0x00000172fdf79880 JavaThread "build event listener" [_thread_blocked, id=8432, stack(0x0000000c19f00000,0x0000000c1a000000)]
  0x00000172fdf7d240 JavaThread "Memory manager" [_thread_blocked, id=10168, stack(0x0000000c1a000000,0x0000000c1a100000)]

Other Threads:
=>0x00000172fcb360e0 VMThread "VM Thread" [stack: 0x0000000c14b00000,0x0000000c14c00000] [id=10488]
  0x00000172fd689d20 WatcherThread [stack: 0x0000000c15700000,0x0000000c15800000] [id=1692]
  0x00000172e361af00 GCTaskThread "GC Thread#0" [stack: 0x0000000c14600000,0x0000000c14700000] [id=4748]
  0x00000172fd6bbfe0 GCTaskThread "GC Thread#1" [stack: 0x0000000c15900000,0x0000000c15a00000] [id=12232]
  0x00000172fd6bbd30 GCTaskThread "GC Thread#2" [stack: 0x0000000c15a00000,0x0000000c15b00000] [id=6896]
  0x00000172fd6bc290 GCTaskThread "GC Thread#3" [stack: 0x0000000c15b00000,0x0000000c15c00000] [id=7696]
  0x00000172e362bd50 ConcurrentGCThread "G1 Main Marker" [stack: 0x0000000c14700000,0x0000000c14800000] [id=3456]
  0x00000172e362ce10 ConcurrentGCThread "G1 Conc#0" [stack: 0x0000000c14800000,0x0000000c14900000] [id=2520]
  0x00000172e368d5f0 ConcurrentGCThread "G1 Refine#0" [stack: 0x0000000c14900000,0x0000000c14a00000] [id=2916]
  0x000001728301dcf0 ConcurrentGCThread "G1 Refine#1" [stack: 0x0000000c17200000,0x0000000c17300000] [id=7572]
  0x00000172e368df20 ConcurrentGCThread "G1 Service" [stack: 0x0000000c14a00000,0x0000000c14b00000] [id=5592]

Threads with active compile tasks:
C2 CompilerThread0    15506 6168       4       org.objectweb.asm.Frame::execute (2318 bytes)

VM state: at safepoint (normal execution)

VM Mutex/Monitor currently owned by a thread:  ([mutex/lock_event])
[0x00000172e35b9070] Threads_lock - owner thread: 0x00000172fcb360e0
[0x00000172e35ba150] Heap_lock - owner thread: 0x00000172fee32e80

Heap address: 0x0000000080000000, size: 2048 MB, Compressed Oops mode: 32-bit

CDS archive(s) not mapped
Compressed class space mapped at: 0x0000000100000000-0x0000000140000000, reserved size: 1073741824
Narrow klass base: 0x0000000000000000, Narrow klass shift: 3, Narrow klass range: 0x140000000

GC Precious Log:
 CPUs: 4 total, 4 available
 Memory: 7983M
 Large Page Support: Disabled
 NUMA Support: Disabled
 Compressed Oops: Enabled (32-bit)
 Heap Region Size: 1M
 Heap Min Capacity: 8M
 Heap Initial Capacity: 126M
 Heap Max Capacity: 2G
 Pre-touch: Disabled
 Parallel Workers: 4
 Concurrent Workers: 1
 Concurrent Refinement Workers: 4
 Periodic GC: Disabled

Heap:
 garbage-first heap   total 94208K, used 52758K [0x0000000080000000, 0x0000000100000000)
  region size 1024K, 3 young (3072K), 3 survivors (3072K)
 Metaspace       used 61307K, committed 61824K, reserved 1105920K
  class space    used 8067K, committed 8256K, reserved 1048576K

Heap Regions: E=young(eden), S=young(survivor), O=old, HS=humongous(starts), HC=humongous(continues), CS=collection set, F=free, OA=open archive, CA=closed archive, TAMS=top-at-mark-start (previous, next)
|   0|0x0000000080000000, 0x0000000080100000, 0x0000000080100000|100%|HS|  |TAMS 0x0000000080100000, 0x0000000080100000| Complete 
|   1|0x0000000080100000, 0x0000000080200000, 0x0000000080200000|100%|HC|  |TAMS 0x0000000080200000, 0x0000000080200000| Complete 
|   2|0x0000000080200000, 0x0000000080300000, 0x0000000080300000|100%|HC|  |TAMS 0x0000000080300000, 0x0000000080300000| Complete 
|   3|0x0000000080300000, 0x0000000080400000, 0x0000000080400000|100%| O|  |TAMS 0x0000000080400000, 0x0000000080400000| Untracked 
|   4|0x0000000080400000, 0x0000000080500000, 0x0000000080500000|100%| O|  |TAMS 0x0000000080500000, 0x0000000080500000| Untracked 
|   5|0x0000000080500000, 0x0000000080600000, 0x0000000080600000|100%| O|  |TAMS 0x0000000080600000, 0x0000000080600000| Untracked 
|   6|0x0000000080600000, 0x0000000080700000, 0x0000000080700000|100%| O|  |TAMS 0x0000000080700000, 0x0000000080700000| Untracked 
|   7|0x0000000080700000, 0x0000000080800000, 0x0000000080800000|100%| O|  |TAMS 0x0000000080800000, 0x0000000080800000| Untracked 
|   8|0x0000000080800000, 0x0000000080900000, 0x0000000080900000|100%| O|  |TAMS 0x0000000080900000, 0x0000000080900000| Untracked 
|   9|0x0000000080900000, 0x0000000080a00000, 0x0000000080a00000|100%| O|  |TAMS 0x0000000080a00000, 0x0000000080a00000| Untracked 
|  10|0x0000000080a00000, 0x0000000080a51800, 0x0000000080b00000| 31%| O|  |TAMS 0x0000000080a51800, 0x0000000080a51800| Untracked 
|  11|0x0000000080b00000, 0x0000000080c00000, 0x0000000080c00000|100%| O|  |TAMS 0x0000000080c00000, 0x0000000080c00000| Untracked 
|  12|0x0000000080c00000, 0x0000000080d00000, 0x0000000080d00000|100%| O|  |TAMS 0x0000000080d00000, 0x0000000080d00000| Untracked 
|  13|0x0000000080d00000, 0x0000000080e00000, 0x0000000080e00000|100%| O|  |TAMS 0x0000000080e00000, 0x0000000080e00000| Untracked 
|  14|0x0000000080e00000, 0x0000000080f00000, 0x0000000080f00000|100%| O|  |TAMS 0x0000000080f00000, 0x0000000080f00000| Untracked 
|  15|0x0000000080f00000, 0x0000000081000000, 0x0000000081000000|100%| O|  |TAMS 0x0000000081000000, 0x0000000081000000| Untracked 
|  16|0x0000000081000000, 0x0000000081100000, 0x0000000081100000|100%| O|  |TAMS 0x0000000081100000, 0x0000000081100000| Untracked 
|  17|0x0000000081100000, 0x0000000081200000, 0x0000000081200000|100%| O|  |TAMS 0x0000000081200000, 0x0000000081200000| Untracked 
|  18|0x0000000081200000, 0x0000000081300000, 0x0000000081300000|100%| O|  |TAMS 0x0000000081300000, 0x0000000081300000| Untracked 
|  19|0x0000000081300000, 0x0000000081400000, 0x0000000081400000|100%| O|  |TAMS 0x0000000081400000, 0x0000000081400000| Untracked 
|  20|0x0000000081400000, 0x0000000081500000, 0x0000000081500000|100%| O|  |TAMS 0x0000000081500000, 0x0000000081500000| Untracked 
|  21|0x0000000081500000, 0x0000000081600000, 0x0000000081600000|100%| O|  |TAMS 0x0000000081600000, 0x0000000081600000| Untracked 
|  22|0x0000000081600000, 0x0000000081700000, 0x0000000081700000|100%| O|  |TAMS 0x0000000081700000, 0x0000000081700000| Untracked 
|  23|0x0000000081700000, 0x0000000081800000, 0x0000000081800000|100%| O|  |TAMS 0x0000000081800000, 0x0000000081800000| Untracked 
|  24|0x0000000081800000, 0x0000000081900000, 0x0000000081900000|100%| O|  |TAMS 0x0000000081900000, 0x0000000081900000| Untracked 
|  25|0x0000000081900000, 0x0000000081a00000, 0x0000000081a00000|100%| O|  |TAMS 0x0000000081a00000, 0x0000000081a00000| Untracked 
|  26|0x0000000081a00000, 0x0000000081b00000, 0x0000000081b00000|100%| O|  |TAMS 0x0000000081b00000, 0x0000000081b00000| Untracked 
|  27|0x0000000081b00000, 0x0000000081c00000, 0x0000000081c00000|100%| O|  |TAMS 0x0000000081c00000, 0x0000000081c00000| Untracked 
|  28|0x0000000081c00000, 0x0000000081d00000, 0x0000000081d00000|100%| O|  |TAMS 0x0000000081d00000, 0x0000000081d00000| Untracked 
|  29|0x0000000081d00000, 0x0000000081e00000, 0x0000000081e00000|100%| O|  |TAMS 0x0000000081e00000, 0x0000000081e00000| Untracked 
|  30|0x0000000081e00000, 0x0000000081f00000, 0x0000000081f00000|100%|HS|  |TAMS 0x0000000081f00000, 0x0000000081f00000| Complete 
|  31|0x0000000081f00000, 0x0000000082000000, 0x0000000082000000|100%|HS|  |TAMS 0x0000000082000000, 0x0000000082000000| Complete 
|  32|0x0000000082000000, 0x0000000082100000, 0x0000000082100000|100%|HC|  |TAMS 0x0000000082100000, 0x0000000082100000| Complete 
|  33|0x0000000082100000, 0x0000000082200000, 0x0000000082200000|100%| O|  |TAMS 0x0000000082200000, 0x0000000082200000| Untracked 
|  34|0x0000000082200000, 0x0000000082300000, 0x0000000082300000|100%| O|  |TAMS 0x0000000082300000, 0x0000000082300000| Untracked 
|  35|0x0000000082300000, 0x0000000082400000, 0x0000000082400000|100%| O|  |TAMS 0x0000000082400000, 0x0000000082400000| Untracked 
|  36|0x0000000082400000, 0x0000000082500000, 0x0000000082500000|100%| O|  |TAMS 0x0000000082500000, 0x0000000082500000| Untracked 
|  37|0x0000000082500000, 0x0000000082600000, 0x0000000082600000|100%| O|  |TAMS 0x0000000082600000, 0x0000000082600000| Untracked 
|  38|0x0000000082600000, 0x0000000082700000, 0x0000000082700000|100%|HS|  |TAMS 0x0000000082700000, 0x0000000082700000| Complete 
|  39|0x0000000082700000, 0x0000000082800000, 0x0000000082800000|100%|HS|  |TAMS 0x0000000082800000, 0x0000000082800000| Complete 
|  40|0x0000000082800000, 0x0000000082900000, 0x0000000082900000|100%|HC|  |TAMS 0x0000000082900000, 0x0000000082900000| Complete 
|  41|0x0000000082900000, 0x0000000082a00000, 0x0000000082a00000|100%|HC|  |TAMS 0x0000000082a00000, 0x0000000082a00000| Complete 
|  42|0x0000000082a00000, 0x0000000082b00000, 0x0000000082b00000|100%|HC|  |TAMS 0x0000000082b00000, 0x0000000082b00000| Complete 
|  43|0x0000000082b00000, 0x0000000082c00000, 0x0000000082c00000|100%| O|  |TAMS 0x0000000082b00000, 0x0000000082c00000| Untracked 
|  44|0x0000000082c00000, 0x0000000082d00000, 0x0000000082d00000|100%| O|  |TAMS 0x0000000082d00000, 0x0000000082d00000| Untracked 
|  45|0x0000000082d00000, 0x0000000082e00000, 0x0000000082e00000|100%| O|  |TAMS 0x0000000082e00000, 0x0000000082e00000| Untracked 
|  46|0x0000000082e00000, 0x0000000082f00000, 0x0000000082f00000|100%| O|  |TAMS 0x0000000082ea6a00, 0x0000000082f00000| Untracked 
|  47|0x0000000082f00000, 0x0000000083000000, 0x0000000083000000|100%| O|  |TAMS 0x0000000082f00000, 0x0000000083000000| Untracked 
|  48|0x0000000083000000, 0x0000000083100000, 0x0000000083100000|100%| O|  |TAMS 0x0000000083000000, 0x0000000083100000| Untracked 
|  49|0x0000000083100000, 0x0000000083134000, 0x0000000083200000| 20%| O|  |TAMS 0x0000000083100000, 0x0000000083123e00| Untracked 
|  50|0x0000000083200000, 0x0000000083200000, 0x0000000083300000|  0%| F|  |TAMS 0x0000000083200000, 0x0000000083200000| Untracked 
|  51|0x0000000083300000, 0x0000000083300000, 0x0000000083400000|  0%| F|  |TAMS 0x0000000083300000, 0x0000000083300000| Untracked 
|  52|0x0000000083400000, 0x0000000083400000, 0x0000000083500000|  0%| F|  |TAMS 0x0000000083400000, 0x0000000083400000| Untracked 
|  53|0x0000000083500000, 0x0000000083500000, 0x0000000083600000|  0%| F|  |TAMS 0x0000000083500000, 0x0000000083500000| Untracked 
|  54|0x0000000083600000, 0x0000000083600000, 0x0000000083700000|  0%| F|  |TAMS 0x0000000083600000, 0x0000000083600000| Untracked 
|  55|0x0000000083700000, 0x0000000083700000, 0x0000000083800000|  0%| F|  |TAMS 0x0000000083700000, 0x0000000083700000| Untracked 
|  56|0x0000000083800000, 0x0000000083800000, 0x0000000083900000|  0%| F|  |TAMS 0x0000000083800000, 0x0000000083800000| Untracked 
|  57|0x0000000083900000, 0x0000000083900000, 0x0000000083a00000|  0%| F|  |TAMS 0x0000000083900000, 0x0000000083900000| Untracked 
|  58|0x0000000083a00000, 0x0000000083a00000, 0x0000000083b00000|  0%| F|  |TAMS 0x0000000083a00000, 0x0000000083a00000| Untracked 
|  59|0x0000000083b00000, 0x0000000083b00000, 0x0000000083c00000|  0%| F|  |TAMS 0x0000000083b00000, 0x0000000083b00000| Untracked 
|  60|0x0000000083c00000, 0x0000000083c00000, 0x0000000083d00000|  0%| F|  |TAMS 0x0000000083c00000, 0x0000000083c00000| Untracked 
|  61|0x0000000083d00000, 0x0000000083d00000, 0x0000000083e00000|  0%| F|  |TAMS 0x0000000083d00000, 0x0000000083d00000| Untracked 
|  62|0x0000000083e00000, 0x0000000083e00000, 0x0000000083f00000|  0%| F|  |TAMS 0x0000000083e00000, 0x0000000083e00000| Untracked 
|  63|0x0000000083f00000, 0x0000000083f00000, 0x0000000084000000|  0%| F|  |TAMS 0x0000000083f00000, 0x0000000083f00000| Untracked 
|  64|0x0000000084000000, 0x0000000084000000, 0x0000000084100000|  0%| F|  |TAMS 0x0000000084000000, 0x0000000084000000| Untracked 
|  65|0x0000000084100000, 0x0000000084100000, 0x0000000084200000|  0%| F|  |TAMS 0x0000000084100000, 0x0000000084100000| Untracked 
|  66|0x0000000084200000, 0x0000000084200000, 0x0000000084300000|  0%| F|  |TAMS 0x0000000084200000, 0x0000000084200000| Untracked 
|  67|0x0000000084300000, 0x0000000084300000, 0x0000000084400000|  0%| F|  |TAMS 0x0000000084300000, 0x0000000084300000| Untracked 
|  68|0x0000000084400000, 0x0000000084400000, 0x0000000084500000|  0%| F|  |TAMS 0x0000000084400000, 0x0000000084400000| Untracked 
|  69|0x0000000084500000, 0x0000000084500000, 0x0000000084600000|  0%| F|  |TAMS 0x0000000084500000, 0x0000000084500000| Untracked 
|  70|0x0000000084600000, 0x0000000084600000, 0x0000000084700000|  0%| F|  |TAMS 0x0000000084600000, 0x0000000084600000| Untracked 
|  71|0x0000000084700000, 0x0000000084700000, 0x0000000084800000|  0%| F|  |TAMS 0x0000000084700000, 0x0000000084700000| Untracked 
|  72|0x0000000084800000, 0x0000000084900000, 0x0000000084900000|100%| S|CS|TAMS 0x0000000084800000, 0x0000000084800000| Complete 
|  73|0x0000000084900000, 0x0000000084a00000, 0x0000000084a00000|100%| S|CS|TAMS 0x0000000084900000, 0x0000000084900000| Complete 
|  74|0x0000000084a00000, 0x0000000084b00000, 0x0000000084b00000|100%| S|CS|TAMS 0x0000000084a00000, 0x0000000084a00000| Complete 
|  75|0x0000000084b00000, 0x0000000084b00000, 0x0000000084c00000|  0%| F|  |TAMS 0x0000000084b00000, 0x0000000084b00000| Untracked 
|  76|0x0000000084c00000, 0x0000000084c00000, 0x0000000084d00000|  0%| F|  |TAMS 0x0000000084c00000, 0x0000000084c00000| Untracked 
|  77|0x0000000084d00000, 0x0000000084d00000, 0x0000000084e00000|  0%| F|  |TAMS 0x0000000084d00000, 0x0000000084d00000| Untracked 
|  78|0x0000000084e00000, 0x0000000084e00000, 0x0000000084f00000|  0%| F|  |TAMS 0x0000000084e00000, 0x0000000084e00000| Untracked 
|  79|0x0000000084f00000, 0x0000000084f00000, 0x0000000085000000|  0%| F|  |TAMS 0x0000000084f00000, 0x0000000084f00000| Untracked 
|  80|0x0000000085000000, 0x0000000085000000, 0x0000000085100000|  0%| F|  |TAMS 0x0000000085000000, 0x0000000085000000| Untracked 
|  81|0x0000000085100000, 0x0000000085100000, 0x0000000085200000|  0%| F|  |TAMS 0x0000000085100000, 0x0000000085100000| Untracked 
|  82|0x0000000085200000, 0x0000000085200000, 0x0000000085300000|  0%| F|  |TAMS 0x0000000085200000, 0x0000000085200000| Untracked 
|  83|0x0000000085300000, 0x0000000085300000, 0x0000000085400000|  0%| F|  |TAMS 0x0000000085300000, 0x0000000085300000| Untracked 
|  84|0x0000000085400000, 0x0000000085400000, 0x0000000085500000|  0%| F|  |TAMS 0x0000000085400000, 0x0000000085400000| Untracked 
|  85|0x0000000085500000, 0x0000000085500000, 0x0000000085600000|  0%| F|  |TAMS 0x0000000085500000, 0x0000000085500000| Untracked 
|  86|0x0000000085600000, 0x0000000085600000, 0x0000000085700000|  0%| F|  |TAMS 0x0000000085600000, 0x0000000085600000| Untracked 
|  87|0x0000000085700000, 0x0000000085700000, 0x0000000085800000|  0%| F|  |TAMS 0x0000000085700000, 0x0000000085700000| Untracked 
|  88|0x0000000085800000, 0x0000000085800000, 0x0000000085900000|  0%| F|  |TAMS 0x0000000085800000, 0x0000000085800000| Untracked 
|  89|0x0000000085900000, 0x0000000085900000, 0x0000000085a00000|  0%| F|  |TAMS 0x0000000085900000, 0x0000000085900000| Untracked 
|  90|0x0000000085a00000, 0x0000000085a00000, 0x0000000085b00000|  0%| F|  |TAMS 0x0000000085a00000, 0x0000000085a00000| Untracked 
| 125|0x0000000087d00000, 0x0000000087d00000, 0x0000000087e00000|  0%| F|  |TAMS 0x0000000087d00000, 0x0000000087d00000| Untracked 

Card table byte_map: [0x00000172f5e90000,0x00000172f6290000] _byte_map_base: 0x00000172f5a90000

Marking Bits (Prev, Next): (CMBitMap*) 0x00000172e361b460, (CMBitMap*) 0x00000172e361b420
 Prev Bits: [0x00000172f8690000, 0x00000172fa690000)
 Next Bits: [0x00000172f6690000, 0x00000172f8690000)

Polling page: 0x00000172e13e0000

Metaspace:

Usage:
  Non-class:     51.99 MB used.
      Class:      7.88 MB used.
       Both:     59.87 MB used.

Virtual space:
  Non-class space:       56.00 MB reserved,      52.31 MB ( 93%) committed,  7 nodes.
      Class space:        1.00 GB reserved,       8.06 MB ( <1%) committed,  1 nodes.
             Both:        1.05 GB reserved,      60.38 MB (  6%) committed. 

Chunk freelists:
   Non-Class:  3.00 MB
       Class:  3.95 MB
        Both:  6.95 MB

MaxMetaspaceSize: unlimited
CompressedClassSpaceSize: 1.00 GB
Initial GC threshold: 21.00 MB
Current GC threshold: 91.88 MB
CDS: off
MetaspaceReclaimPolicy: balanced
 - commit_granule_bytes: 65536.
 - commit_granule_words: 8192.
 - virtual_space_node_default_size: 1048576.
 - enlarge_chunks_in_place: 1.
 - new_chunks_are_fully_committed: 0.
 - uncommit_free_chunks: 1.
 - use_allocation_guard: 0.
 - handle_deallocations: 1.


Internal statistics:

num_allocs_failed_limit: 9.
num_arena_births: 566.
num_arena_deaths: 0.
num_vsnodes_births: 8.
num_vsnodes_deaths: 0.
num_space_committed: 966.
num_space_uncommitted: 0.
num_chunks_returned_to_freelist: 9.
num_chunks_taken_from_freelist: 2478.
num_chunk_merges: 3.
num_chunk_splits: 1657.
num_chunks_enlarged: 1148.
num_purges: 0.
num_inconsistent_stats: 0.

CodeHeap 'non-profiled nmethods': size=120000Kb used=2942Kb max_used=2942Kb free=117057Kb
 bounds [0x00000172ee560000, 0x00000172ee840000, 0x00000172f5a90000]
CodeHeap 'profiled nmethods': size=120000Kb used=12195Kb max_used=12195Kb free=107804Kb
 bounds [0x00000172e6a90000, 0x00000172e7680000, 0x00000172edfc0000]
CodeHeap 'non-nmethods': size=5760Kb used=2334Kb max_used=2353Kb free=3425Kb
 bounds [0x00000172edfc0000, 0x00000172ee230000, 0x00000172ee560000]
 total_blobs=7068 nmethods=6205 adapters=776
 compilation: enabled
              stopped_count=0, restarted_count=0
 full_count=0

Compilation events (20 events):
Event: 15.400 Thread 0x00000172fd50b400 6249       3       java.math.BigInteger::primitiveLeftShift (37 bytes)
Event: 15.400 Thread 0x00000172fd50b400 nmethod 6249 0x00000172e7673f90 code [0x00000172e7674180, 0x00000172e7674688]
Event: 15.410 Thread 0x00000172fd50b400 6251       2       java.math.BigInteger::multiplyToLenCheck (28 bytes)
Event: 15.411 Thread 0x00000172fd50b400 nmethod 6251 0x00000172e7674910 code [0x00000172e7674ae0, 0x00000172e7674d78]
Event: 15.411 Thread 0x00000172fd50b400 6252       3       java.math.BigInteger::implSquareToLen (154 bytes)
Event: 15.411 Thread 0x00000172fd50b400 nmethod 6252 0x00000172e7674f10 code [0x00000172e7675100, 0x00000172e76755a8]
Event: 15.415 Thread 0x00000172fd50b400 6253       3       java.math.BigInteger::montReduce (99 bytes)
Event: 15.415 Thread 0x00000172fd50b400 nmethod 6253 0x00000172e7675910 code [0x00000172e7675b00, 0x00000172e7675fc8]
Event: 15.444 Thread 0x00000172fd50b400 6254       2       java.util.regex.ASCII::toLower (16 bytes)
Event: 15.445 Thread 0x00000172fd50b400 nmethod 6254 0x00000172e7676210 code [0x00000172e76763a0, 0x00000172e76764b8]
Event: 15.445 Thread 0x00000172fd50b400 6255       2       java.util.regex.ASCII::isUpper (18 bytes)
Event: 15.445 Thread 0x00000172fd50b400 nmethod 6255 0x00000172e7676590 code [0x00000172e7676720, 0x00000172e7676838]
Event: 15.452 Thread 0x00000172fd50b400 6257       2       sun.security.util.SignatureFileVerifier::updateSigners (132 bytes)
Event: 15.453 Thread 0x00000172fd50b400 nmethod 6257 0x00000172e7676910 code [0x00000172e7676b40, 0x00000172e7677298]
Event: 15.453 Thread 0x00000172fd50b400 6258       2       sun.security.util.SignatureFileVerifier::matches (93 bytes)
Event: 15.454 Thread 0x00000172fd50b400 nmethod 6258 0x00000172e7677790 code [0x00000172e7677980, 0x00000172e7677e38]
Event: 15.454 Thread 0x00000172fd50b400 6259       2       java.security.Provider$UString::hashCode (8 bytes)
Event: 15.455 Thread 0x00000172fd50b400 nmethod 6259 0x00000172e7678110 code [0x00000172e76782a0, 0x00000172e76783c8]
Event: 15.455 Thread 0x00000172fd50b400 6260       2       sun.security.util.SecurityProviderConstants::getAliases (65 bytes)
Event: 15.455 Thread 0x00000172fd50b400 nmethod 6260 0x00000172e7678490 code [0x00000172e76786a0, 0x00000172e7678b28]

GC Heap History (20 events):
Event: 8.546 GC heap after
{Heap after GC invocations=11 (full 0):
 garbage-first heap   total 65536K, used 25855K [0x0000000080000000, 0x0000000100000000)
  region size 1024K, 3 young (3072K), 3 survivors (3072K)
 Metaspace       used 39769K, committed 40128K, reserved 1089536K
  class space    used 5280K, committed 5440K, reserved 1048576K
}
Event: 9.104 GC heap before
{Heap before GC invocations=12 (full 0):
 garbage-first heap   total 65536K, used 48383K [0x0000000080000000, 0x0000000100000000)
  region size 1024K, 23 young (23552K), 3 survivors (3072K)
 Metaspace       used 41787K, committed 42112K, reserved 1089536K
  class space    used 5459K, committed 5568K, reserved 1048576K
}
Event: 9.114 GC heap after
{Heap after GC invocations=13 (full 0):
 garbage-first heap   total 65536K, used 27647K [0x0000000080000000, 0x0000000100000000)
  region size 1024K, 3 young (3072K), 3 survivors (3072K)
 Metaspace       used 41787K, committed 42112K, reserved 1089536K
  class space    used 5459K, committed 5568K, reserved 1048576K
}
Event: 9.615 GC heap before
{Heap before GC invocations=13 (full 0):
 garbage-first heap   total 65536K, used 47103K [0x0000000080000000, 0x0000000100000000)
  region size 1024K, 22 young (22528K), 3 survivors (3072K)
 Metaspace       used 42909K, committed 43200K, reserved 1089536K
  class space    used 5634K, committed 5760K, reserved 1048576K
}
Event: 9.623 GC heap after
{Heap after GC invocations=14 (full 0):
 garbage-first heap   total 78848K, used 29670K [0x0000000080000000, 0x0000000100000000)
  region size 1024K, 3 young (3072K), 3 survivors (3072K)
 Metaspace       used 42909K, committed 43200K, reserved 1089536K
  class space    used 5634K, committed 5760K, reserved 1048576K
}
Event: 10.761 GC heap before
{Heap before GC invocations=14 (full 0):
 garbage-first heap   total 78848K, used 56294K [0x0000000080000000, 0x0000000100000000)
  region size 1024K, 29 young (29696K), 3 survivors (3072K)
 Metaspace       used 46946K, committed 47424K, reserved 1097728K
  class space    used 6184K, committed 6400K, reserved 1048576K
}
Event: 10.771 GC heap after
{Heap after GC invocations=15 (full 0):
 garbage-first heap   total 78848K, used 30962K [0x0000000080000000, 0x0000000100000000)
  region size 1024K, 4 young (4096K), 4 survivors (4096K)
 Metaspace       used 46946K, committed 47424K, reserved 1097728K
  class space    used 6184K, committed 6400K, reserved 1048576K
}
Event: 12.088 GC heap before
{Heap before GC invocations=15 (full 0):
 garbage-first heap   total 78848K, used 56562K [0x0000000080000000, 0x0000000100000000)
  region size 1024K, 30 young (30720K), 4 survivors (4096K)
 Metaspace       used 49984K, committed 50432K, reserved 1097728K
  class space    used 6615K, committed 6784K, reserved 1048576K
}
Event: 12.098 GC heap after
{Heap after GC invocations=16 (full 0):
 garbage-first heap   total 78848K, used 32969K [0x0000000080000000, 0x0000000100000000)
  region size 1024K, 4 young (4096K), 4 survivors (4096K)
 Metaspace       used 49984K, committed 50432K, reserved 1097728K
  class space    used 6615K, committed 6784K, reserved 1048576K
}
Event: 13.068 GC heap before
{Heap before GC invocations=16 (full 0):
 garbage-first heap   total 78848K, used 61641K [0x0000000080000000, 0x0000000100000000)
  region size 1024K, 30 young (30720K), 4 survivors (4096K)
 Metaspace       used 51099K, committed 51520K, reserved 1097728K
  class space    used 6734K, committed 6912K, reserved 1048576K
}
Event: 13.079 GC heap after
{Heap after GC invocations=17 (full 0):
 garbage-first heap   total 78848K, used 38136K [0x0000000080000000, 0x0000000100000000)
  region size 1024K, 4 young (4096K), 4 survivors (4096K)
 Metaspace       used 51099K, committed 51520K, reserved 1097728K
  class space    used 6734K, committed 6912K, reserved 1048576K
}
Event: 13.086 GC heap before
{Heap before GC invocations=17 (full 0):
 garbage-first heap   total 78848K, used 38136K [0x0000000080000000, 0x0000000100000000)
  region size 1024K, 5 young (5120K), 4 survivors (4096K)
 Metaspace       used 51099K, committed 51520K, reserved 1097728K
  class space    used 6734K, committed 6912K, reserved 1048576K
}
Event: 13.093 GC heap after
{Heap after GC invocations=18 (full 0):
 garbage-first heap   total 78848K, used 38835K [0x0000000080000000, 0x0000000100000000)
  region size 1024K, 1 young (1024K), 1 survivors (1024K)
 Metaspace       used 51099K, committed 51520K, reserved 1097728K
  class space    used 6734K, committed 6912K, reserved 1048576K
}
Event: 13.614 GC heap before
{Heap before GC invocations=19 (full 0):
 garbage-first heap   total 87040K, used 63411K [0x0000000080000000, 0x0000000100000000)
  region size 1024K, 20 young (20480K), 1 survivors (1024K)
 Metaspace       used 52774K, committed 53248K, reserved 1097728K
  class space    used 6966K, committed 7168K, reserved 1048576K
}
Event: 13.618 GC heap after
{Heap after GC invocations=20 (full 0):
 garbage-first heap   total 87040K, used 49120K [0x0000000080000000, 0x0000000100000000)
  region size 1024K, 3 young (3072K), 3 survivors (3072K)
 Metaspace       used 52774K, committed 53248K, reserved 1097728K
  class space    used 6966K, committed 7168K, reserved 1048576K
}
Event: 14.169 GC heap before
{Heap before GC invocations=20 (full 0):
 garbage-first heap   total 87040K, used 64480K [0x0000000080000000, 0x0000000100000000)
  region size 1024K, 19 young (19456K), 3 survivors (3072K)
 Metaspace       used 55100K, committed 55552K, reserved 1097728K
  class space    used 7294K, committed 7488K, reserved 1048576K
}
Event: 14.175 GC heap after
{Heap after GC invocations=21 (full 0):
 garbage-first heap   total 87040K, used 50478K [0x0000000080000000, 0x0000000100000000)
  region size 1024K, 1 young (1024K), 1 survivors (1024K)
 Metaspace       used 55100K, committed 55552K, reserved 1097728K
  class space    used 7294K, committed 7488K, reserved 1048576K
}
Event: 14.746 GC heap before
{Heap before GC invocations=22 (full 0):
 garbage-first heap   total 94208K, used 65838K [0x0000000080000000, 0x0000000100000000)
  region size 1024K, 16 young (16384K), 1 survivors (1024K)
 Metaspace       used 57649K, committed 58176K, reserved 1105920K
  class space    used 7599K, committed 7808K, reserved 1048576K
}
Event: 14.751 GC heap after
{Heap after GC invocations=23 (full 0):
 garbage-first heap   total 94208K, used 50994K [0x0000000080000000, 0x0000000100000000)
  region size 1024K, 2 young (2048K), 2 survivors (2048K)
 Metaspace       used 57649K, committed 58176K, reserved 1105920K
  class space    used 7599K, committed 7808K, reserved 1048576K
}
Event: 15.461 GC heap before
{Heap before GC invocations=23 (full 0):
 garbage-first heap   total 94208K, used 65330K [0x0000000080000000, 0x0000000100000000)
  region size 1024K, 17 young (17408K), 2 survivors (2048K)
 Metaspace       used 61307K, committed 61824K, reserved 1105920K
  class space    used 8067K, committed 8256K, reserved 1048576K
}

Dll operation events (2 events):
Event: 0.013 Loaded shared library C:\Program Files\Android\Android Studio\jbr\bin\java.dll
Event: 0.801 Loaded shared library C:\Program Files\Android\Android Studio\jbr\bin\verify.dll

Deoptimization events (20 events):
Event: 15.453 Thread 0x00000172fee32e80 Uncommon trap: trap_request=0xffffff45 fr.pc=0x00000172ee837b1c relative=0x0000000000001fbc
Event: 15.453 Thread 0x00000172fee32e80 Uncommon trap: reason=unstable_if action=reinterpret pc=0x00000172ee837b1c method=java.util.jar.JarFile.maybeInstantiateVerifier()V @ 4 c2
Event: 15.453 Thread 0x00000172fee32e80 DEOPT PACKING pc=0x00000172ee837b1c sp=0x0000000c162f2f80
Event: 15.453 Thread 0x00000172fee32e80 DEOPT UNPACKING pc=0x00000172ee01699d sp=0x0000000c162f2ec8 mode 2
Event: 15.456 Thread 0x00000172fee32e80 Uncommon trap: trap_request=0xffffff45 fr.pc=0x00000172ee7f260c relative=0x00000000000000ec
Event: 15.456 Thread 0x00000172fee32e80 Uncommon trap: reason=unstable_if action=reinterpret pc=0x00000172ee7f260c method=java.util.jar.JarFile.maybeInstantiateVerifier()V @ 4 c2
Event: 15.456 Thread 0x00000172fee32e80 DEOPT PACKING pc=0x00000172ee7f260c sp=0x0000000c162f3000
Event: 15.456 Thread 0x00000172fee32e80 DEOPT UNPACKING pc=0x00000172ee01699d sp=0x0000000c162f2ed8 mode 2
Event: 15.456 Thread 0x00000172fee32e80 Uncommon trap: trap_request=0xffffff45 fr.pc=0x00000172ee6d3974 relative=0x0000000000000074
Event: 15.456 Thread 0x00000172fee32e80 Uncommon trap: reason=unstable_if action=reinterpret pc=0x00000172ee6d3974 method=java.security.CodeSource.getCertificates()[Ljava/security/cert/Certificate; @ 22 c2
Event: 15.456 Thread 0x00000172fee32e80 DEOPT PACKING pc=0x00000172ee6d3974 sp=0x0000000c162f2d10
Event: 15.456 Thread 0x00000172fee32e80 DEOPT UNPACKING pc=0x00000172ee01699d sp=0x0000000c162f2c98 mode 2
Event: 15.457 Thread 0x00000172fee32e80 Uncommon trap: trap_request=0xffffff45 fr.pc=0x00000172ee7a1178 relative=0x0000000000001038
Event: 15.457 Thread 0x00000172fee32e80 Uncommon trap: reason=unstable_if action=reinterpret pc=0x00000172ee7a1178 method=java.security.CodeSource.matchCerts(Ljava/security/CodeSource;Z)Z @ 11 c2
Event: 15.457 Thread 0x00000172fee32e80 DEOPT PACKING pc=0x00000172ee7a1178 sp=0x0000000c162f14e0
Event: 15.457 Thread 0x00000172fee32e80 DEOPT UNPACKING pc=0x00000172ee01699d sp=0x0000000c162f1370 mode 2
Event: 15.458 Thread 0x00000172fee32e80 Uncommon trap: trap_request=0xffffff54 fr.pc=0x00000172ee77baf0 relative=0x0000000000000810
Event: 15.458 Thread 0x00000172fee32e80 Uncommon trap: reason=speculate_null_assert action=make_not_entrant pc=0x00000172ee77baf0 method=java.util.jar.JarFile.getVersionedEntry(Ljava/lang/String;Ljava/util/jar/JarEntry;)Ljava/util/jar/JarEntry; @ 115 c2
Event: 15.458 Thread 0x00000172fee32e80 DEOPT PACKING pc=0x00000172ee77baf0 sp=0x0000000c162f2f70
Event: 15.458 Thread 0x00000172fee32e80 DEOPT UNPACKING pc=0x00000172ee01699d sp=0x0000000c162f2f38 mode 2

Classes unloaded (0 events):
No events

Classes redefined (0 events):
No events

Internal exceptions (20 events):
Event: 12.921 Thread 0x00000172fee32e80 Exception <a 'java/lang/NoSuchMethodError'{0x000000008367b570}: 'long java.lang.invoke.DirectMethodHandle$Holder.invokeVirtual(java.lang.Object, java.lang.Object)'> (0x000000008367b570) 
thrown [s\src\hotspot\share\interpreter\linkResolver.cpp, line 771]
Event: 12.927 Thread 0x0000017280d4e060 Exception <a 'java/lang/NoSuchMethodError'{0x0000000083507ef8}: static Lorg/gradle/internal/build/event/types/DefaultOperationFinishedProgressEvent;.<clinit>()V> (0x0000000083507ef8) 
thrown [s\src\hotspot\share\prims\jni.cpp, line 1108]
Event: 12.935 Thread 0x0000017280d4e060 Exception <a 'java/lang/NoSuchMethodError'{0x000000008352d658}: static Lorg/gradle/internal/build/event/types/DefaultProjectConfigurationSuccessResult;.<clinit>()V> (0x000000008352d658) 
thrown [s\src\hotspot\share\prims\jni.cpp, line 1108]
Event: 12.935 Thread 0x0000017280d4e060 Exception <a 'java/lang/NoSuchMethodError'{0x000000008352e958}: static Lorg/gradle/internal/build/event/types/AbstractProjectConfigurationResult;.<clinit>()V> (0x000000008352e958) 
thrown [s\src\hotspot\share\prims\jni.cpp, line 1108]
Event: 12.935 Thread 0x0000017280d4e060 Exception <a 'java/lang/NoSuchMethodError'{0x000000008352fe60}: static Lorg/gradle/internal/build/event/types/AbstractOperationResult;.<clinit>()V> (0x000000008352fe60) 
thrown [s\src\hotspot\share\prims\jni.cpp, line 1108]
Event: 12.935 Thread 0x0000017280d4e060 Exception <a 'java/lang/NoSuchMethodError'{0x00000000835310a8}: static Lorg/gradle/internal/build/event/types/AbstractResult;.<clinit>()V> (0x00000000835310a8) 
thrown [s\src\hotspot\share\prims\jni.cpp, line 1108]
Event: 12.939 Thread 0x0000017280d4e060 Exception <a 'java/lang/NoSuchMethodError'{0x0000000083546dc0}: static Lorg/gradle/internal/build/event/types/DefaultPluginApplicationResult;.<clinit>()V> (0x0000000083546dc0) 
thrown [s\src\hotspot\share\prims\jni.cpp, line 1108]
Event: 12.943 Thread 0x0000017280d4e060 Exception <a 'java/lang/NoSuchMethodError'{0x00000000835521a0}: static Lorg/gradle/internal/build/event/types/DefaultBinaryPluginIdentifier;.<clinit>()V> (0x00000000835521a0) 
thrown [s\src\hotspot\share\prims\jni.cpp, line 1108]
Event: 12.948 Thread 0x0000017280d4e060 Exception <a 'java/lang/NoSuchMethodError'{0x00000000835730b0}: static Lorg/gradle/internal/build/event/types/DefaultScriptPluginIdentifier;.<clinit>()V> (0x00000000835730b0) 
thrown [s\src\hotspot\share\prims\jni.cpp, line 1108]
Event: 12.982 Thread 0x00000172fee32e80 Exception <a 'java/lang/ClassNotFoundException'{0x00000000835bea58}: build_3imkh2cbbct9ynqg9r369w67aBeanInfo> (0x00000000835bea58) 
thrown [s\src\hotspot\share\classfile\systemDictionary.cpp, line 256]
Event: 12.982 Thread 0x00000172fee32e80 Exception <a 'java/lang/ClassNotFoundException'{0x00000000835c52d8}: build_3imkh2cbbct9ynqg9r369w67aCustomizer> (0x00000000835c52d8) 
thrown [s\src\hotspot\share\classfile\systemDictionary.cpp, line 256]
Event: 13.240 Thread 0x00000172fee32e80 Exception <a 'java/lang/ClassNotFoundException'{0x0000000084c579f8}: org/gradle/api/internal/plugins/DefaultObjectConfigurationActionBeanInfo> (0x0000000084c579f8) 
thrown [s\src\hotspot\share\classfile\systemDictionary.cpp, line 256]
Event: 13.242 Thread 0x00000172fee32e80 Exception <a 'java/lang/ClassNotFoundException'{0x0000000084c69cc8}: org/gradle/api/internal/plugins/DefaultObjectConfigurationActionCustomizer> (0x0000000084c69cc8) 
thrown [s\src\hotspot\share\classfile\systemDictionary.cpp, line 256]
Event: 13.529 Thread 0x00000172fee32e80 Exception <a 'java/lang/NoSuchMethodError'{0x00000000843fcf20}: 'java.lang.Object java.lang.invoke.DirectMethodHandle$Holder.newInvokeSpecial(java.lang.Object, java.lang.Object, java.lang.Object, java.lang.Object, int)'> (0x00000000843fcf20) 
thrown [s\src\hotspot\share\interpreter\linkResolver.cpp, line 771]
Event: 13.531 Thread 0x00000172fee32e80 Exception <a 'java/lang/NoSuchMethodError'{0x00000000842026f8}: 'java.lang.Object java.lang.invoke.DirectMethodHandle$Holder.invokeSpecial(java.lang.Object, java.lang.Object, java.lang.Object, java.lang.Object, java.lang.Object, int)'> (0x00000000842026f8) 
thrown [s\src\hotspot\share\interpreter\linkResolver.cpp, line 771]
Event: 13.533 Thread 0x00000172fee32e80 Exception <a 'java/lang/NoSuchMethodError'{0x00000000842073d0}: 'java.lang.Object java.lang.invoke.Invokers$Holder.linkToTargetMethod(java.lang.Object, java.lang.Object, java.lang.Object, int, java.lang.Object)'> (0x00000000842073d0) 
thrown [s\src\hotspot\share\interpreter\linkResolver.cpp, line 771]
Event: 13.557 Thread 0x00000172fee32e80 Exception <a 'java/lang/NoSuchMethodError'{0x00000000842bcda8}: 'java.lang.Object java.lang.invoke.DirectMethodHandle$Holder.newInvokeSpecial(java.lang.Object, java.lang.Object, int, int)'> (0x00000000842bcda8) 
thrown [s\src\hotspot\share\interpreter\linkResolver.cpp, line 771]
Event: 14.044 Thread 0x00000172fee32e80 Exception <a 'java/lang/NoSuchMethodError'{0x00000000848bded0}: 'int java.lang.invoke.DirectMethodHandle$Holder.invokeInterface(java.lang.Object, java.lang.Object, java.lang.Object, java.lang.Object)'> (0x00000000848bded0) 
thrown [s\src\hotspot\share\interpreter\linkResolver.cpp, line 771]
Event: 14.908 Thread 0x00000172fee32e80 Exception <a 'java/lang/IncompatibleClassChangeError'{0x00000000858c9e88}: Found class java.lang.Object, but interface was expected> (0x00000000858c9e88) 
thrown [s\src\hotspot\share\interpreter\linkResolver.cpp, line 838]
Event: 15.286 Thread 0x00000172fee32e80 Implicit null exception at 0x00000172ee6fda8c to 0x00000172ee6fdbbe

VM Operations (20 events):
Event: 13.631 Executing VM operation: HandshakeAllThreads done
Event: 14.028 Executing VM operation: HandshakeAllThreads
Event: 14.028 Executing VM operation: HandshakeAllThreads done
Event: 14.042 Executing VM operation: HandshakeAllThreads
Event: 14.042 Executing VM operation: HandshakeAllThreads done
Event: 14.169 Executing VM operation: G1CollectForAllocation
Event: 14.175 Executing VM operation: G1CollectForAllocation done
Event: 14.286 Executing VM operation: G1Concurrent
Event: 14.291 Executing VM operation: G1Concurrent done
Event: 14.338 Executing VM operation: G1Concurrent
Event: 14.338 Executing VM operation: G1Concurrent done
Event: 14.745 Executing VM operation: G1CollectForAllocation
Event: 14.752 Executing VM operation: G1CollectForAllocation done
Event: 15.229 Executing VM operation: HandshakeAllThreads
Event: 15.229 Executing VM operation: HandshakeAllThreads done
Event: 15.302 Executing VM operation: HandshakeAllThreads
Event: 15.302 Executing VM operation: HandshakeAllThreads done
Event: 15.304 Executing VM operation: HandshakeAllThreads
Event: 15.304 Executing VM operation: HandshakeAllThreads done
Event: 15.461 Executing VM operation: G1TryInitiateConcMark

Events (20 events):
Event: 15.369 loading class java/security/cert/CertPathValidatorException$BasicReason
Event: 15.369 loading class java/security/cert/CertPathValidatorException$Reason
Event: 15.369 loading class java/security/cert/CertPathValidatorException$Reason done
Event: 15.369 loading class java/security/cert/CertPathValidatorException$BasicReason done
Event: 15.369 loading class java/security/SignatureException
Event: 15.370 loading class java/security/SignatureException done
Event: 15.378 loading class sun/security/rsa/RSASignature$SHA256withRSA
Event: 15.379 loading class sun/security/rsa/RSASignature$SHA256withRSA done
Event: 15.382 loading class sun/security/provider/DSA$SHA256withDSA
Event: 15.382 loading class sun/security/provider/DSA$SHA256withDSA done
Event: 15.451 loading class java/util/Base64
Event: 15.451 loading class java/util/Base64 done
Event: 15.451 loading class java/util/Base64$Decoder
Event: 15.451 loading class java/util/Base64$Decoder done
Event: 15.451 loading class java/util/Base64$Encoder
Event: 15.451 loading class java/util/Base64$Encoder done
Event: 15.453 loading class java/util/jar/JarVerifier$VerifierStream
Event: 15.453 loading class java/util/jar/JarVerifier$VerifierStream done
Event: 15.454 loading class sun/security/util/ManifestEntryVerifier$SunProviderHolder
Event: 15.454 loading class sun/security/util/ManifestEntryVerifier$SunProviderHolder done


Dynamic libraries:
0x00007ff7d99d0000 - 0x00007ff7d99da000 	C:\Program Files\Android\Android Studio\jbr\bin\java.exe
0x00007ff8b72f0000 - 0x00007ff8b74e8000 	C:\Windows\SYSTEM32\ntdll.dll
0x00007ff8b68d0000 - 0x00007ff8b698d000 	C:\Windows\System32\KERNEL32.DLL
0x00007ff8b4fb0000 - 0x00007ff8b52a6000 	C:\Windows\System32\KERNELBASE.dll
0x00007ff8b4d80000 - 0x00007ff8b4e80000 	C:\Windows\System32\ucrtbase.dll
0x00007ff84a8d0000 - 0x00007ff84a8e7000 	C:\Program Files\Android\Android Studio\jbr\bin\jli.dll
0x00007ff8adf90000 - 0x00007ff8adfab000 	C:\Program Files\Android\Android Studio\jbr\bin\VCRUNTIME140.dll
0x00007ff8b64b0000 - 0x00007ff8b664e000 	C:\Windows\System32\USER32.dll
0x00007ff8a7eb0000 - 0x00007ff8a814a000 	C:\Windows\WinSxS\amd64_microsoft.windows.common-controls_6595b64144ccf1df_6.0.19041.3636_none_60b6a03d71f818d5\COMCTL32.dll
0x00007ff8b4b30000 - 0x00007ff8b4b52000 	C:\Windows\System32\win32u.dll
0x00007ff8b6fb0000 - 0x00007ff8b704e000 	C:\Windows\System32\msvcrt.dll
0x00007ff8b6cf0000 - 0x00007ff8b6d1c000 	C:\Windows\System32\GDI32.dll
0x00007ff8b4c60000 - 0x00007ff8b4d7a000 	C:\Windows\System32\gdi32full.dll
0x00007ff8b4e80000 - 0x00007ff8b4f1d000 	C:\Windows\System32\msvcp_win.dll
0x00007ff8b5fa0000 - 0x00007ff8b5fd0000 	C:\Windows\System32\IMM32.DLL
0x00007ff8b0a10000 - 0x00007ff8b0a1c000 	C:\Program Files\Android\Android Studio\jbr\bin\vcruntime140_1.dll
0x00007ff8a37c0000 - 0x00007ff8a384d000 	C:\Program Files\Android\Android Studio\jbr\bin\msvcp140.dll
0x00007ff84b2e0000 - 0x00007ff84bf4e000 	C:\Program Files\Android\Android Studio\jbr\bin\server\jvm.dll
0x00007ff8b6e30000 - 0x00007ff8b6edf000 	C:\Windows\System32\ADVAPI32.dll
0x00007ff8b5f00000 - 0x00007ff8b5f9c000 	C:\Windows\System32\sechost.dll
0x00007ff8b5350000 - 0x00007ff8b5476000 	C:\Windows\System32\RPCRT4.dll
0x00007ff8593e0000 - 0x00007ff8593e9000 	C:\Windows\SYSTEM32\WSOCK32.dll
0x00007ff8acee0000 - 0x00007ff8acf07000 	C:\Windows\SYSTEM32\WINMM.dll
0x00007ff8a4690000 - 0x00007ff8a469a000 	C:\Windows\SYSTEM32\VERSION.dll
0x00007ff8b6440000 - 0x00007ff8b64ab000 	C:\Windows\System32\WS2_32.dll
0x00007ff8b2890000 - 0x00007ff8b28a2000 	C:\Windows\SYSTEM32\kernel.appcore.dll
0x00007ff858ed0000 - 0x00007ff858eda000 	C:\Program Files\Android\Android Studio\jbr\bin\jimage.dll
0x00007ff8a0ba0000 - 0x00007ff8a0d84000 	C:\Windows\SYSTEM32\DBGHELP.DLL
0x00007ff8a36c0000 - 0x00007ff8a36f4000 	C:\Windows\SYSTEM32\dbgcore.DLL
0x00007ff8b4f20000 - 0x00007ff8b4fa2000 	C:\Windows\System32\bcryptPrimitives.dll
0x00007ff856880000 - 0x00007ff8568a5000 	C:\Program Files\Android\Android Studio\jbr\bin\java.dll
0x00007ff856860000 - 0x00007ff856878000 	C:\Program Files\Android\Android Studio\jbr\bin\zip.dll
0x00007ff8b5560000 - 0x00007ff8b5ca4000 	C:\Windows\System32\SHELL32.dll
0x00007ff8b2a90000 - 0x00007ff8b322b000 	C:\Windows\SYSTEM32\windows.storage.dll
0x00007ff8b6990000 - 0x00007ff8b6ce4000 	C:\Windows\System32\combase.dll
0x00007ff8b4410000 - 0x00007ff8b443d000 	C:\Windows\SYSTEM32\Wldp.dll
0x00007ff8b6730000 - 0x00007ff8b67dd000 	C:\Windows\System32\SHCORE.dll
0x00007ff8b54a0000 - 0x00007ff8b54f5000 	C:\Windows\System32\shlwapi.dll
0x00007ff8b4900000 - 0x00007ff8b4925000 	C:\Windows\SYSTEM32\profapi.dll
0x00007ff84aee0000 - 0x00007ff84aef9000 	C:\Program Files\Android\Android Studio\jbr\bin\net.dll
0x00007ff8ad6f0000 - 0x00007ff8ad7fa000 	C:\Windows\SYSTEM32\WINHTTP.dll
0x00007ff8b4100000 - 0x00007ff8b416a000 	C:\Windows\system32\mswsock.dll
0x00007ff84aec0000 - 0x00007ff84aed6000 	C:\Program Files\Android\Android Studio\jbr\bin\nio.dll
0x00007ff84aac0000 - 0x00007ff84aad0000 	C:\Program Files\Android\Android Studio\jbr\bin\verify.dll
0x00007ff8a71c0000 - 0x00007ff8a71e7000 	C:\Users\CHEBICHEB KHEIREDDIN\.gradle\native\e1d6ef7f7dcc3fd88c89a11ec53ec762bb8ba0a96d01ffa2cd45eb1d1d8dd5c5\windows-amd64\native-platform.dll
0x00007ff8a1180000 - 0x00007ff8a12c4000 	C:\Users\CHEBICHEB KHEIREDDIN\.gradle\native\0d407fdbe67a94daf76414ababcb853783967236a71b16ec16e742cd7a986fd3\windows-amd64\native-platform-file-events.dll
0x00007ff84aa70000 - 0x00007ff84aa79000 	C:\Program Files\Android\Android Studio\jbr\bin\management.dll
0x00007ff84aa60000 - 0x00007ff84aa6b000 	C:\Program Files\Android\Android Studio\jbr\bin\management_ext.dll
0x00007ff8b5480000 - 0x00007ff8b5488000 	C:\Windows\System32\PSAPI.DLL
0x00007ff8b4370000 - 0x00007ff8b4388000 	C:\Windows\SYSTEM32\CRYPTSP.dll
0x00007ff8b39d0000 - 0x00007ff8b3a04000 	C:\Windows\system32\rsaenh.dll
0x00007ff8b52b0000 - 0x00007ff8b52d7000 	C:\Windows\System32\bcrypt.dll
0x00007ff8b48c0000 - 0x00007ff8b48ee000 	C:\Windows\SYSTEM32\USERENV.dll
0x00007ff8b4360000 - 0x00007ff8b436c000 	C:\Windows\SYSTEM32\CRYPTBASE.dll
0x00007ff8b3df0000 - 0x00007ff8b3e2b000 	C:\Windows\SYSTEM32\IPHLPAPI.DLL
0x00007ff8b5490000 - 0x00007ff8b5498000 	C:\Windows\System32\NSI.dll
0x00007ff8ae6c0000 - 0x00007ff8ae6d7000 	C:\Windows\SYSTEM32\dhcpcsvc6.DLL
0x00007ff8ae660000 - 0x00007ff8ae67d000 	C:\Windows\SYSTEM32\dhcpcsvc.DLL
0x00007ff8b3e30000 - 0x00007ff8b3efa000 	C:\Windows\SYSTEM32\DNSAPI.dll
0x00007ff896420000 - 0x00007ff896427000 	C:\Windows\system32\wshunix.dll

dbghelp: loaded successfully - version: 4.0.5 - missing functions: none
symbol engine: initialized successfully - sym options: 0x614 - pdb path: .;C:\Program Files\Android\Android Studio\jbr\bin;C:\Windows\SYSTEM32;C:\Windows\WinSxS\amd64_microsoft.windows.common-controls_6595b64144ccf1df_6.0.19041.3636_none_60b6a03d71f818d5;C:\Program Files\Android\Android Studio\jbr\bin\server;C:\Users\CHEBICHEB KHEIREDDIN\.gradle\native\e1d6ef7f7dcc3fd88c89a11ec53ec762bb8ba0a96d01ffa2cd45eb1d1d8dd5c5\windows-amd64;C:\Users\CHEBICHEB KHEIREDDIN\.gradle\native\0d407fdbe67a94daf76414ababcb853783967236a71b16ec16e742cd7a986fd3\windows-amd64

VM Arguments:
jvm_args: --add-opens=java.base/java.util=ALL-UNNAMED --add-opens=java.base/java.lang=ALL-UNNAMED --add-opens=java.base/java.lang.invoke=ALL-UNNAMED --add-opens=java.base/java.util=ALL-UNNAMED --add-opens=java.prefs/java.util.prefs=ALL-UNNAMED --add-opens=java.prefs/java.util.prefs=ALL-UNNAMED --add-opens=java.base/java.nio.charset=ALL-UNNAMED --add-opens=java.base/java.net=ALL-UNNAMED --add-opens=java.base/java.util.concurrent.atomic=ALL-UNNAMED -Xmx2048m -Dfile.encoding=UTF-8 -Duser.country=US -Duser.language=en -Duser.variant 
java_command: org.gradle.launcher.daemon.bootstrap.GradleDaemon 7.5
java_class_path (initial): C:\Users\CHEBICHEB KHEIREDDIN\.gradle\wrapper\dists\gradle-7.5-bin\f1w0cc9nuo0eivz97x2xlu9sv\gradle-7.5\lib\gradle-launcher-7.5.jar
Launcher Type: SUN_STANDARD

[Global flags]
     intx CICompilerCount                          = 3                                         {product} {ergonomic}
     uint ConcGCThreads                            = 1                                         {product} {ergonomic}
     uint G1ConcRefinementThreads                  = 4                                         {product} {ergonomic}
   size_t G1HeapRegionSize                         = 1048576                                   {product} {ergonomic}
    uintx GCDrainStackTargetSize                   = 64                                        {product} {ergonomic}
   size_t InitialHeapSize                          = 132120576                                 {product} {ergonomic}
   size_t MarkStackSize                            = 4194304                                   {product} {ergonomic}
   size_t MaxHeapSize                              = 2147483648                                {product} {command line}
   size_t MaxNewSize                               = 1287651328                                {product} {ergonomic}
   size_t MinHeapDeltaBytes                        = 1048576                                   {product} {ergonomic}
   size_t MinHeapSize                              = 8388608                                   {product} {ergonomic}
    uintx NonNMethodCodeHeapSize                   = 5832780                                {pd product} {ergonomic}
    uintx NonProfiledCodeHeapSize                  = 122912730                              {pd product} {ergonomic}
    uintx ProfiledCodeHeapSize                     = 122912730                              {pd product} {ergonomic}
    uintx ReservedCodeCacheSize                    = 251658240                              {pd product} {ergonomic}
     bool SegmentedCodeCache                       = true                                      {product} {ergonomic}
   size_t SoftMaxHeapSize                          = 2147483648                             {manageable} {ergonomic}
     bool UseCompressedClassPointers               = true                           {product lp64_product} {ergonomic}
     bool UseCompressedOops                        = true                           {product lp64_product} {ergonomic}
     bool UseG1GC                                  = true                                      {product} {ergonomic}
     bool UseLargePagesIndividualAllocation        = false                                  {pd product} {ergonomic}

Logging:
Log output configuration:
 #0: stdout all=warning uptime,level,tags
 #1: stderr all=off uptime,level,tags

Environment Variables:
CLASSPATH=C:\oracle\product\10.2.0\db_1\jdbc\lib
PATH=C:\Program Files (x86)\VMware\VMware Workstation\bin\;C:\Program Files (x86)\Common Files\Oracle\Java\javapath;C:\Program Files\Common Files\Oracle\Java\javapath;C:\Windows\system32;C:\Windows;C:\Windows\System32\Wbem;C:\Windows\System32\WindowsPowerShell\v1.0\;C:\Windows\System32\OpenSSH\;C:\OCaml64\home\YCF\.opam\4.14.0+mingw64c\bin;C:\instantclient-basic\instantclient_12_1;C:\OCaml64\home\YCF\.opam\4.14.0+mingw64c\bin;C:\Program Files\Java\jdk-15.0.1\bin\javaw.exe;C:\OCaml64\usr\local\bin\opam.exe;C:\Program Files\Java\jdk1.8.0_351\bin;C:\Program Files\TortoiseGit\bin;C:\Program Files\Git\cmd;C:\Users\CHEBICHEB KHEIREDDIN\AppData\Local\Programs\Python\Python312\Scripts\;C:\Users\CHEBICHEB KHEIREDDIN\AppData\Local\Programs\Python\Python312\;C:\Users\CHEBICHEB KHEIREDDIN\AppData\Local\Programs\Python\Python310\Scripts\;C:\Users\CHEBICHEB KHEIREDDIN\AppData\Local\Programs\Python\Python310\;C:\Users\CHEBICHEB KHEIREDDIN\AppData\Local\Microsoft\WindowsApps;C:\OCaml64\home\YCF\.opam\4.14.0+mingw64c\bin;C:\Users\CHEBICHEB KHEIREDDIN\AppData\Local\Programs\Microsoft VS Code\bin;C:\OCaml64\home\CHEBICHEBKHEIREDDIN\.opam\4.14.0+mingw64c\bin;C:\Program Files\Java\jdk1.8.0_351\bin;;C:\Program Files\JetBrains\IntelliJ IDEA 2021.3\bin;
USERNAME=CHEBICHEB KHEIREDDIN
OS=Windows_NT
PROCESSOR_IDENTIFIER=Intel64 Family 6 Model 37 Stepping 5, GenuineIntel
TMP=C:\Users\CHEBIC~1\AppData\Local\Temp
TEMP=C:\Users\CHEBIC~1\AppData\Local\Temp


JNI global refs:
JNI global refs: 24, weak refs: 2

JNI global refs memory usage: 843, weak refs: 841


---------------  S Y S T E M  ---------------

OS:
 Windows 10 , 64 bit Build 19041 (10.0.19041.3636)
OS uptime: 0 days 1:00 hours

CPU: total 4 (initial active 4) (2 cores per cpu, 2 threads per core) family 6 model 37 stepping 5 microcode 0x7, cx8, cmov, fxsr, ht, mmx, sse, sse2, sse3, ssse3, sse4.1, sse4.2, popcnt, tsc, tscinvbit, aes, clmul, clflush

Memory: 4k page, system-wide physical 7983M (216M free)
TotalPageFile size 11480M (AvailPageFile size 14M)
current process WorkingSet (physical memory assigned to process): 262M, peak: 266M
current process commit charge ("private bytes"): 289M, peak: 306M

vm_info: OpenJDK 64-Bit Server VM (17.0.6+0-b2043.56-10027231) for windows-amd64 JRE (17.0.6+0-b2043.56-10027231), built on Apr 28 2023 00:43:19 by "androidbuild" with MS VC++ 16.10 / 16.11 (VS2019)

END.
