#
# There is insufficient memory for the Java Runtime Environment to continue.
# Native memory allocation (malloc) failed to allocate 1830240 bytes for Chunk::new
# Possible reasons:
#   The system is out of physical RAM or swap space
#   The process is running with CompressedOops enabled, and the Java Heap may be blocking the growth of the native heap
# Possible solutions:
#   Reduce memory load on the system
#   Increase physical memory or swap space
#   Check if swap backing store is full
#   Decrease Java heap size (-Xmx/-Xms)
#   Decrease number of Java threads
#   Decrease Java thread stack sizes (-Xss)
#   Set larger code cache with -XX:ReservedCodeCacheSize=
#   JVM is running with Unscaled Compressed Oops mode in which the Java heap is
#     placed in the first 4GB address space. The Java Heap base address is the
#     maximum limit for the native heap growth. Please use -XX:HeapBaseMinAddress
#     to set the Java Heap base and to place the Java Heap above 4GB virtual address.
# This output file may be truncated or incomplete.
#
#  Out of Memory Error (arena.cpp:189), pid=2884, tid=3508
#
# JRE version: OpenJDK Runtime Environment (17.0.6) (build 17.0.6+0-b2043.56-10027231)
# Java VM: OpenJDK 64-Bit Server VM (17.0.6+0-b2043.56-10027231, mixed mode, tiered, compressed oops, compressed class ptrs, g1 gc, windows-amd64)
# No core dump will be written. Minidumps are not enabled by default on client versions of Windows
#

---------------  S U M M A R Y ------------

Command Line: --add-opens=java.base/java.util=ALL-UNNAMED --add-opens=java.base/java.lang=ALL-UNNAMED --add-opens=java.base/java.lang.invoke=ALL-UNNAMED --add-opens=java.base/java.util=ALL-UNNAMED --add-opens=java.prefs/java.util.prefs=ALL-UNNAMED --add-opens=java.prefs/java.util.prefs=ALL-UNNAMED --add-opens=java.base/java.nio.charset=ALL-UNNAMED --add-opens=java.base/java.net=ALL-UNNAMED --add-opens=java.base/java.util.concurrent.atomic=ALL-UNNAMED -Xmx2048m -Dfile.encoding=UTF-8 -Duser.country=US -Duser.language=en -Duser.variant org.gradle.launcher.daemon.bootstrap.GradleDaemon 7.5

Host: Intel(R) Core(TM) i5 CPU       M 520  @ 2.40GHz, 4 cores, 7G,  Windows 10 , 64 bit Build 19041 (10.0.19041.3636)
Time: Tue Dec 12 02:34:02 2023 W. Europe Standard Time elapsed time: 22.111002 seconds (0d 0h 0m 22s)

---------------  T H R E A D  ---------------

Current thread (0x00000140fe0182e0):  JavaThread "C2 CompilerThread0" daemon [_thread_in_native, id=3508, stack(0x00000020bf100000,0x00000020bf200000)]


Current CompileTask:
C2:  22111 7644       4       jdk.internal.loader.URLClassPath$JarLoader$2::getInputStream (15 bytes)

Stack: [0x00000020bf100000,0x00000020bf200000]
Native frames: (J=compiled Java code, j=interpreted, Vv=VM code, C=native code)
V  [jvm.dll+0x683c9a]
V  [jvm.dll+0x8427a4]
V  [jvm.dll+0x843f9e]
V  [jvm.dll+0x844603]
V  [jvm.dll+0x249b75]
V  [jvm.dll+0xabcac]
V  [jvm.dll+0xac27c]
V  [jvm.dll+0x368857]
V  [jvm.dll+0x332f31]
V  [jvm.dll+0x3323da]
V  [jvm.dll+0x21c201]
V  [jvm.dll+0x21b621]
V  [jvm.dll+0x1a4fdd]
V  [jvm.dll+0x22b098]
V  [jvm.dll+0x229159]
V  [jvm.dll+0x7f81ec]
V  [jvm.dll+0x7f274a]
V  [jvm.dll+0x682ad5]
C  [ucrtbase.dll+0x21bb2]
C  [KERNEL32.DLL+0x17344]
C  [ntdll.dll+0x526b1]


---------------  P R O C E S S  ---------------

Threads class SMR info:
_java_thread_list=0x0000014092cf3a50, length=81, elements={
0x00000140f105b2e0, 0x00000140fd5b7d10, 0x00000140fd5b8d10, 0x00000140fd5dd2b0,
0x00000140fd5de790, 0x00000140fe014410, 0x00000140fe016ce0, 0x00000140fe0182e0,
0x00000140fe0190a0, 0x00000140fe02fb40, 0x00000140fe1b4010, 0x00000140fe1c8830,
0x000001408f8c1ae0, 0x00000140ff7628b0, 0x00000140fef9e6e0, 0x000001408f890ce0,
0x00000140ff9963e0, 0x00000140ff73e890, 0x00000140fefb99e0, 0x00000140fefb86a0,
0x00000140fefb9eb0, 0x00000140fefb7830, 0x00000140fefba380, 0x00000140fefb7360,
0x00000140fefb7d00, 0x00000140fefb81d0, 0x00000140fefb6e90, 0x00000140fefb8b70,
0x00000140fefb9040, 0x00000140919afea0, 0x00000140919aeb60, 0x00000140919ad820,
0x00000140919b0370, 0x00000140919ad350, 0x00000140919af030, 0x00000140919adcf0,
0x00000140919ae1c0, 0x00000140919ae690, 0x00000140922a7210, 0x00000140922a93c0,
0x00000140922a8a20, 0x00000140922a6d40, 0x00000140922a76e0, 0x00000140922aa700,
0x00000140922a5530, 0x00000140922a5a00, 0x00000140922ab0a0, 0x00000140922a9d60,
0x00000140922a7bb0, 0x00000140922ab570, 0x00000140922abf10, 0x00000140922a63a0,
0x00000140922a8080, 0x00000140922ac8b0, 0x00000140922a8550, 0x00000140922a5ed0,
0x00000140922a6870, 0x00000140922a8ef0, 0x00000140922aa230, 0x00000140922aabd0,
0x00000140921769a0, 0x0000014092177810, 0x00000140921781b0, 0x0000014092179e90,
0x000001409217ad00, 0x0000014092178680, 0x0000014092176e70, 0x00000140921734b0,
0x00000140921747f0, 0x0000014092175660, 0x0000014092178b50, 0x0000014092177340,
0x000001409217a360, 0x0000014092177ce0, 0x0000014092179020, 0x00000140921794f0,
0x000001409217a830, 0x00000140921799c0, 0x00000140921764d0, 0x0000014092174cc0,
0x0000014092174320
}

Java Threads: ( => current thread )
  0x00000140f105b2e0 JavaThread "main" [_thread_blocked, id=2860, stack(0x00000020be400000,0x00000020be500000)]
  0x00000140fd5b7d10 JavaThread "Reference Handler" daemon [_thread_blocked, id=12280, stack(0x00000020beb00000,0x00000020bec00000)]
  0x00000140fd5b8d10 JavaThread "Finalizer" daemon [_thread_blocked, id=7292, stack(0x00000020bec00000,0x00000020bed00000)]
  0x00000140fd5dd2b0 JavaThread "Signal Dispatcher" daemon [_thread_blocked, id=11160, stack(0x00000020bed00000,0x00000020bee00000)]
  0x00000140fd5de790 JavaThread "Attach Listener" daemon [_thread_blocked, id=240, stack(0x00000020bee00000,0x00000020bef00000)]
  0x00000140fe014410 JavaThread "Service Thread" daemon [_thread_blocked, id=748, stack(0x00000020bef00000,0x00000020bf000000)]
  0x00000140fe016ce0 JavaThread "Monitor Deflation Thread" daemon [_thread_blocked, id=3180, stack(0x00000020bf000000,0x00000020bf100000)]
=>0x00000140fe0182e0 JavaThread "C2 CompilerThread0" daemon [_thread_in_native, id=3508, stack(0x00000020bf100000,0x00000020bf200000)]
  0x00000140fe0190a0 JavaThread "C1 CompilerThread0" daemon [_thread_in_vm, id=8664, stack(0x00000020bf200000,0x00000020bf300000)]
  0x00000140fe02fb40 JavaThread "Sweeper thread" daemon [_thread_blocked, id=6292, stack(0x00000020bf300000,0x00000020bf400000)]
  0x00000140fe1b4010 JavaThread "Common-Cleaner" daemon [_thread_blocked, id=864, stack(0x00000020bf400000,0x00000020bf500000)]
  0x00000140fe1c8830 JavaThread "Notification Thread" daemon [_thread_blocked, id=6328, stack(0x00000020bf500000,0x00000020bf600000)]
  0x000001408f8c1ae0 JavaThread "Daemon health stats" [_thread_blocked, id=8840, stack(0x00000020bfa00000,0x00000020bfb00000)]
  0x00000140ff7628b0 JavaThread "Incoming local TCP Connector on port 50997" [_thread_in_native, id=4712, stack(0x00000020bfb00000,0x00000020bfc00000)]
  0x00000140fef9e6e0 JavaThread "Daemon periodic checks" [_thread_blocked, id=7108, stack(0x00000020bfc00000,0x00000020bfd00000)]
  0x000001408f890ce0 JavaThread "C2 CompilerThread1" daemon [_thread_in_native, id=2348, stack(0x00000020bfd00000,0x00000020bfe00000)]
  0x00000140ff9963e0 JavaThread "Daemon" [_thread_blocked, id=7304, stack(0x00000020bfe00000,0x00000020bff00000)]
  0x00000140ff73e890 JavaThread "Handler for socket connection from /127.0.0.1:50997 to /127.0.0.1:50998" [_thread_in_native, id=1692, stack(0x00000020bff00000,0x00000020c0000000)]
  0x00000140fefb99e0 JavaThread "Cancel handler" [_thread_blocked, id=12232, stack(0x00000020c0000000,0x00000020c0100000)]
  0x00000140fefb86a0 JavaThread "Daemon worker" [_thread_in_Java, id=6896, stack(0x00000020c0100000,0x00000020c0200000)]
  0x00000140fefb9eb0 JavaThread "Asynchronous log dispatcher for DefaultDaemonConnection: socket connection from /127.0.0.1:50997 to /127.0.0.1:50998" [_thread_blocked, id=10672, stack(0x00000020c0200000,0x00000020c0300000)]
  0x00000140fefb7830 JavaThread "Stdin handler" [_thread_blocked, id=2836, stack(0x00000020c0300000,0x00000020c0400000)]
  0x00000140fefba380 JavaThread "Daemon client event forwarder" [_thread_blocked, id=7340, stack(0x00000020c0400000,0x00000020c0500000)]
  0x00000140fefb7360 JavaThread "Cache worker for journal cache (C:\Users\CHEBICHEB KHEIREDDIN\.gradle\caches\journal-1)" [_thread_blocked, id=5248, stack(0x00000020c0500000,0x00000020c0600000)]
  0x00000140fefb7d00 JavaThread "File lock request listener" [_thread_in_native, id=5748, stack(0x00000020c0600000,0x00000020c0700000)]
  0x00000140fefb81d0 JavaThread "Cache worker for file hash cache (C:\Users\CHEBICHEB KHEIREDDIN\.gradle\caches\7.5\fileHashes)" [_thread_blocked, id=3232, stack(0x00000020c0700000,0x00000020c0800000)]
  0x00000140fefb6e90 JavaThread "File watcher server" daemon [_thread_in_native, id=2700, stack(0x00000020c0800000,0x00000020c0900000)]
  0x00000140fefb8b70 JavaThread "File watcher consumer" daemon [_thread_blocked, id=3316, stack(0x00000020c0900000,0x00000020c0a00000)]
  0x00000140fefb9040 JavaThread "jar transforms" [_thread_blocked, id=6528, stack(0x00000020c0a00000,0x00000020c0b00000)]
  0x00000140919afea0 JavaThread "jar transforms Thread 2" [_thread_blocked, id=10864, stack(0x00000020c0b00000,0x00000020c0c00000)]
  0x00000140919aeb60 JavaThread "jar transforms Thread 3" [_thread_blocked, id=6024, stack(0x00000020c0c00000,0x00000020c0d00000)]
  0x00000140919ad820 JavaThread "jar transforms Thread 4" [_thread_blocked, id=6468, stack(0x00000020c0d00000,0x00000020c0e00000)]
  0x00000140919b0370 JavaThread "Cache worker for checksums cache (C:\Users\CHEBICHEB KHEIREDDIN\Desktop\GL2 S1 cour et td\Dev Mobile App\Practice6A-NavigationDrawer\.gradle\7.5\checksums)" [_thread_blocked, id=2568, stack(0x00000020c0e00000,0x00000020c0f00000)]
  0x00000140919ad350 JavaThread "Cache worker for cache directory md-rule (C:\Users\CHEBICHEB KHEIREDDIN\.gradle\caches\7.5\md-rule)" [_thread_blocked, id=4532, stack(0x00000020c0f00000,0x00000020c1000000)]
  0x00000140919af030 JavaThread "Cache worker for file content cache (C:\Users\CHEBICHEB KHEIREDDIN\.gradle\caches\7.5\fileContent)" [_thread_blocked, id=1076, stack(0x00000020c1000000,0x00000020c1100000)]
  0x00000140919adcf0 JavaThread "Cache worker for file hash cache (C:\Users\CHEBICHEB KHEIREDDIN\Desktop\GL2 S1 cour et td\Dev Mobile App\Practice6A-NavigationDrawer\.gradle\7.5\fileHashes)" [_thread_blocked, id=7988, stack(0x00000020c1100000,0x00000020c1200000)]
  0x00000140919ae1c0 JavaThread "Cache worker for cache directory md-supplier (C:\Users\CHEBICHEB KHEIREDDIN\.gradle\caches\7.5\md-supplier)" [_thread_blocked, id=8032, stack(0x00000020c1200000,0x00000020c1300000)]
  0x00000140919ae690 JavaThread "Cache worker for execution history cache (C:\Users\CHEBICHEB KHEIREDDIN\.gradle\caches\7.5\executionHistory)" [_thread_blocked, id=8528, stack(0x00000020c1300000,0x00000020c1400000)]
  0x00000140922a7210 JavaThread "Cache worker for dependencies-accessors (C:\Users\CHEBICHEB KHEIREDDIN\Desktop\GL2 S1 cour et td\Dev Mobile App\Practice6A-NavigationDrawer\.gradle\7.5\dependencies-accessors)" [_thread_blocked, id=224, stack(0x00000020c1400000,0x00000020c1500000)]
  0x00000140922a93c0 JavaThread "Cache worker for Build Output Cleanup Cache (C:\Users\CHEBICHEB KHEIREDDIN\Desktop\GL2 S1 cour et td\Dev Mobile App\Practice6A-NavigationDrawer\.gradle\buildOutputCleanup)" [_thread_blocked, id=3412, stack(0x00000020c1500000,0x00000020c1600000)]
  0x00000140922a8a20 JavaThread "Unconstrained build operations" [_thread_blocked, id=11488, stack(0x00000020c1600000,0x00000020c1700000)]
  0x00000140922a6d40 JavaThread "Unconstrained build operations Thread 2" [_thread_blocked, id=6276, stack(0x00000020c1700000,0x00000020c1800000)]
  0x00000140922a76e0 JavaThread "Unconstrained build operations Thread 3" [_thread_blocked, id=10612, stack(0x00000020c1800000,0x00000020c1900000)]
  0x00000140922aa700 JavaThread "Unconstrained build operations Thread 4" [_thread_blocked, id=712, stack(0x00000020c1900000,0x00000020c1a00000)]
  0x00000140922a5530 JavaThread "Unconstrained build operations Thread 5" [_thread_blocked, id=232, stack(0x00000020c1a00000,0x00000020c1b00000)]
  0x00000140922a5a00 JavaThread "Unconstrained build operations Thread 6" [_thread_blocked, id=8804, stack(0x00000020c1b00000,0x00000020c1c00000)]
  0x00000140922ab0a0 JavaThread "Unconstrained build operations Thread 7" [_thread_blocked, id=5368, stack(0x00000020c1c00000,0x00000020c1d00000)]
  0x00000140922a9d60 JavaThread "Unconstrained build operations Thread 8" [_thread_blocked, id=3720, stack(0x00000020c1d00000,0x00000020c1e00000)]
  0x00000140922a7bb0 JavaThread "Unconstrained build operations Thread 9" [_thread_blocked, id=8548, stack(0x00000020c1e00000,0x00000020c1f00000)]
  0x00000140922ab570 JavaThread "Unconstrained build operations Thread 10" [_thread_blocked, id=12260, stack(0x00000020c1f00000,0x00000020c2000000)]
  0x00000140922abf10 JavaThread "Unconstrained build operations Thread 11" [_thread_blocked, id=12048, stack(0x00000020c2000000,0x00000020c2100000)]
  0x00000140922a63a0 JavaThread "Unconstrained build operations Thread 12" [_thread_blocked, id=4008, stack(0x00000020c2100000,0x00000020c2200000)]
  0x00000140922a8080 JavaThread "Unconstrained build operations Thread 13" [_thread_blocked, id=8232, stack(0x00000020c2200000,0x00000020c2300000)]
  0x00000140922ac8b0 JavaThread "Unconstrained build operations Thread 14" [_thread_blocked, id=5884, stack(0x00000020c2300000,0x00000020c2400000)]
  0x00000140922a8550 JavaThread "Unconstrained build operations Thread 15" [_thread_blocked, id=4796, stack(0x00000020c2400000,0x00000020c2500000)]
  0x00000140922a5ed0 JavaThread "Unconstrained build operations Thread 16" [_thread_blocked, id=3284, stack(0x00000020c2500000,0x00000020c2600000)]
  0x00000140922a6870 JavaThread "Unconstrained build operations Thread 17" [_thread_blocked, id=12108, stack(0x00000020c2600000,0x00000020c2700000)]
  0x00000140922a8ef0 JavaThread "Unconstrained build operations Thread 18" [_thread_blocked, id=9296, stack(0x00000020c2700000,0x00000020c2800000)]
  0x00000140922aa230 JavaThread "Unconstrained build operations Thread 19" [_thread_blocked, id=1196, stack(0x00000020c2800000,0x00000020c2900000)]
  0x00000140922aabd0 JavaThread "Unconstrained build operations Thread 20" [_thread_blocked, id=9828, stack(0x00000020c2900000,0x00000020c2a00000)]
  0x00000140921769a0 JavaThread "Unconstrained build operations Thread 21" [_thread_blocked, id=12180, stack(0x00000020c2a00000,0x00000020c2b00000)]
  0x0000014092177810 JavaThread "Unconstrained build operations Thread 22" [_thread_blocked, id=600, stack(0x00000020c2b00000,0x00000020c2c00000)]
  0x00000140921781b0 JavaThread "Unconstrained build operations Thread 23" [_thread_blocked, id=3572, stack(0x00000020c2c00000,0x00000020c2d00000)]
  0x0000014092179e90 JavaThread "Unconstrained build operations Thread 24" [_thread_blocked, id=11308, stack(0x00000020c2d00000,0x00000020c2e00000)]
  0x000001409217ad00 JavaThread "Unconstrained build operations Thread 25" [_thread_blocked, id=6384, stack(0x00000020c2e00000,0x00000020c2f00000)]
  0x0000014092178680 JavaThread "Unconstrained build operations Thread 26" [_thread_blocked, id=8640, stack(0x00000020c2f00000,0x00000020c3000000)]
  0x0000014092176e70 JavaThread "Unconstrained build operations Thread 27" [_thread_blocked, id=3900, stack(0x00000020c3000000,0x00000020c3100000)]
  0x00000140921734b0 JavaThread "Unconstrained build operations Thread 28" [_thread_blocked, id=11816, stack(0x00000020c3100000,0x00000020c3200000)]
  0x00000140921747f0 JavaThread "Unconstrained build operations Thread 29" [_thread_blocked, id=2688, stack(0x00000020c3200000,0x00000020c3300000)]
  0x0000014092175660 JavaThread "Unconstrained build operations Thread 30" [_thread_blocked, id=4336, stack(0x00000020c3300000,0x00000020c3400000)]
  0x0000014092178b50 JavaThread "Unconstrained build operations Thread 31" [_thread_blocked, id=2724, stack(0x00000020c3400000,0x00000020c3500000)]
  0x0000014092177340 JavaThread "Unconstrained build operations Thread 32" [_thread_blocked, id=7336, stack(0x00000020c3500000,0x00000020c3600000)]
  0x000001409217a360 JavaThread "Unconstrained build operations Thread 33" [_thread_blocked, id=12000, stack(0x00000020c3600000,0x00000020c3700000)]
  0x0000014092177ce0 JavaThread "Unconstrained build operations Thread 34" [_thread_blocked, id=2564, stack(0x00000020c3700000,0x00000020c3800000)]
  0x0000014092179020 JavaThread "Unconstrained build operations Thread 35" [_thread_blocked, id=6380, stack(0x00000020c3800000,0x00000020c3900000)]
  0x00000140921794f0 JavaThread "Unconstrained build operations Thread 36" [_thread_blocked, id=9316, stack(0x00000020c3900000,0x00000020c3a00000)]
  0x000001409217a830 JavaThread "Unconstrained build operations Thread 37" [_thread_blocked, id=10500, stack(0x00000020c3a00000,0x00000020c3b00000)]
  0x00000140921799c0 JavaThread "Unconstrained build operations Thread 38" [_thread_blocked, id=4572, stack(0x00000020c3b00000,0x00000020c3c00000)]
  0x00000140921764d0 JavaThread "Unconstrained build operations Thread 39" [_thread_blocked, id=11956, stack(0x00000020c3c00000,0x00000020c3d00000)]
  0x0000014092174cc0 JavaThread "Unconstrained build operations Thread 40" [_thread_blocked, id=11528, stack(0x00000020c3d00000,0x00000020c3e00000)]
  0x0000014092174320 JavaThread "Memory manager" [_thread_blocked, id=8432, stack(0x00000020c3e00000,0x00000020c3f00000)]

Other Threads:
  0x00000140fd58a200 VMThread "VM Thread" [stack: 0x00000020bea00000,0x00000020beb00000] [id=10556]
  0x00000140f10dcd20 WatcherThread [stack: 0x00000020bf600000,0x00000020bf700000] [id=9632]
  0x00000140f10b9830 GCTaskThread "GC Thread#0" [stack: 0x00000020be500000,0x00000020be600000] [id=6360]
  0x00000140fe88f100 GCTaskThread "GC Thread#1" [stack: 0x00000020bf700000,0x00000020bf800000] [id=8772]
  0x00000140fe5d4480 GCTaskThread "GC Thread#2" [stack: 0x00000020bf800000,0x00000020bf900000] [id=11396]
  0x00000140fe458fb0 GCTaskThread "GC Thread#3" [stack: 0x00000020bf900000,0x00000020bfa00000] [id=3456]
  0x00000140f10ca680 ConcurrentGCThread "G1 Main Marker" [stack: 0x00000020be600000,0x00000020be700000] [id=5988]
  0x00000140f10cd760 ConcurrentGCThread "G1 Conc#0" [stack: 0x00000020be700000,0x00000020be800000] [id=3496]
  0x00000140f11253e0 ConcurrentGCThread "G1 Refine#0" [stack: 0x00000020be800000,0x00000020be900000] [id=4620]
  0x00000140fd4000a0 ConcurrentGCThread "G1 Service" [stack: 0x00000020be900000,0x00000020bea00000] [id=9192]

Threads with active compile tasks:
C2 CompilerThread0    22164 7644       4       jdk.internal.loader.URLClassPath$JarLoader$2::getInputStream (15 bytes)
C1 CompilerThread0    22164 7706       3       org.gradle.api.internal.file.AbstractBaseDirFileResolver::doResolve (114 bytes)
C2 CompilerThread1    22164 7621       4       jdk.internal.loader.URLClassPath$JarLoader$2::getBytes (48 bytes)

VM state: not at safepoint (normal execution)

VM Mutex/Monitor currently owned by a thread: None

Heap address: 0x0000000080000000, size: 2048 MB, Compressed Oops mode: 32-bit

CDS archive(s) not mapped
Compressed class space mapped at: 0x0000000100000000-0x0000000140000000, reserved size: 1073741824
Narrow klass base: 0x0000000000000000, Narrow klass shift: 3, Narrow klass range: 0x140000000

GC Precious Log:
 CPUs: 4 total, 4 available
 Memory: 7983M
 Large Page Support: Disabled
 NUMA Support: Disabled
 Compressed Oops: Enabled (32-bit)
 Heap Region Size: 1M
 Heap Min Capacity: 8M
 Heap Initial Capacity: 126M
 Heap Max Capacity: 2G
 Pre-touch: Disabled
 Parallel Workers: 4
 Concurrent Workers: 1
 Concurrent Refinement Workers: 4
 Periodic GC: Disabled

Heap:
 garbage-first heap   total 204800K, used 104680K [0x0000000080000000, 0x0000000100000000)
  region size 1024K, 5 young (5120K), 1 survivors (1024K)
 Metaspace       used 75197K, committed 75904K, reserved 1122304K
  class space    used 10166K, committed 10496K, reserved 1048576K

Heap Regions: E=young(eden), S=young(survivor), O=old, HS=humongous(starts), HC=humongous(continues), CS=collection set, F=free, OA=open archive, CA=closed archive, TAMS=top-at-mark-start (previous, next)
|   0|0x0000000080000000, 0x0000000080100000, 0x0000000080100000|100%|HS|  |TAMS 0x0000000080100000, 0x0000000080000000| Complete 
|   1|0x0000000080100000, 0x0000000080200000, 0x0000000080200000|100%|HC|  |TAMS 0x0000000080200000, 0x0000000080100000| Complete 
|   2|0x0000000080200000, 0x0000000080300000, 0x0000000080300000|100%|HC|  |TAMS 0x0000000080300000, 0x0000000080200000| Complete 
|   3|0x0000000080300000, 0x0000000080400000, 0x0000000080400000|100%| O|  |TAMS 0x0000000080400000, 0x0000000080300000| Untracked 
|   4|0x0000000080400000, 0x0000000080500000, 0x0000000080500000|100%| O|  |TAMS 0x0000000080500000, 0x0000000080400000| Untracked 
|   5|0x0000000080500000, 0x0000000080600000, 0x0000000080600000|100%| O|  |TAMS 0x0000000080600000, 0x0000000080500000| Untracked 
|   6|0x0000000080600000, 0x0000000080700000, 0x0000000080700000|100%| O|  |TAMS 0x0000000080700000, 0x0000000080600000| Untracked 
|   7|0x0000000080700000, 0x0000000080800000, 0x0000000080800000|100%| O|  |TAMS 0x0000000080800000, 0x0000000080700000| Untracked 
|   8|0x0000000080800000, 0x0000000080900000, 0x0000000080900000|100%| O|  |TAMS 0x0000000080900000, 0x0000000080800000| Untracked 
|   9|0x0000000080900000, 0x0000000080a00000, 0x0000000080a00000|100%| O|  |TAMS 0x0000000080a00000, 0x0000000080900000| Untracked 
|  10|0x0000000080a00000, 0x0000000080b00000, 0x0000000080b00000|100%| O|  |TAMS 0x0000000080b00000, 0x0000000080a00000| Untracked 
|  11|0x0000000080b00000, 0x0000000080c00000, 0x0000000080c00000|100%| O|  |TAMS 0x0000000080c00000, 0x0000000080b00000| Untracked 
|  12|0x0000000080c00000, 0x0000000080d00000, 0x0000000080d00000|100%| O|  |TAMS 0x0000000080d00000, 0x0000000080c00000| Untracked 
|  13|0x0000000080d00000, 0x0000000080e00000, 0x0000000080e00000|100%| O|  |TAMS 0x0000000080e00000, 0x0000000080d00000| Untracked 
|  14|0x0000000080e00000, 0x0000000080f00000, 0x0000000080f00000|100%| O|  |TAMS 0x0000000080f00000, 0x0000000080e00000| Untracked 
|  15|0x0000000080f00000, 0x0000000081000000, 0x0000000081000000|100%| O|  |TAMS 0x0000000081000000, 0x0000000080f00000| Untracked 
|  16|0x0000000081000000, 0x0000000081100000, 0x0000000081100000|100%| O|  |TAMS 0x0000000081100000, 0x0000000081000000| Untracked 
|  17|0x0000000081100000, 0x0000000081200000, 0x0000000081200000|100%| O|  |TAMS 0x0000000081200000, 0x0000000081100000| Untracked 
|  18|0x0000000081200000, 0x0000000081300000, 0x0000000081300000|100%|HS|  |TAMS 0x0000000081300000, 0x0000000081200000| Complete 
|  19|0x0000000081300000, 0x0000000081400000, 0x0000000081400000|100%|HC|  |TAMS 0x0000000081400000, 0x0000000081300000| Complete 
|  20|0x0000000081400000, 0x0000000081500000, 0x0000000081500000|100%|HS|  |TAMS 0x0000000081500000, 0x0000000081400000| Complete 
|  21|0x0000000081500000, 0x0000000081600000, 0x0000000081600000|100%|HC|  |TAMS 0x0000000081600000, 0x0000000081500000| Complete 
|  22|0x0000000081600000, 0x0000000081700000, 0x0000000081700000|100%|HC|  |TAMS 0x0000000081700000, 0x0000000081600000| Complete 
|  23|0x0000000081700000, 0x0000000081800000, 0x0000000081800000|100%| O|  |TAMS 0x0000000081800000, 0x0000000081700000| Untracked 
|  24|0x0000000081800000, 0x0000000081900000, 0x0000000081900000|100%| O|  |TAMS 0x0000000081900000, 0x0000000081800000| Untracked 
|  25|0x0000000081900000, 0x0000000081a00000, 0x0000000081a00000|100%| O|  |TAMS 0x0000000081a00000, 0x0000000081900000| Untracked 
|  26|0x0000000081a00000, 0x0000000081b00000, 0x0000000081b00000|100%|HS|  |TAMS 0x0000000081b00000, 0x0000000081a00000| Complete 
|  27|0x0000000081b00000, 0x0000000081c00000, 0x0000000081c00000|100%|HC|  |TAMS 0x0000000081c00000, 0x0000000081b00000| Complete 
|  28|0x0000000081c00000, 0x0000000081d00000, 0x0000000081d00000|100%|HC|  |TAMS 0x0000000081d00000, 0x0000000081c00000| Complete 
|  29|0x0000000081d00000, 0x0000000081e00000, 0x0000000081e00000|100%|HS|  |TAMS 0x0000000081e00000, 0x0000000081d00000| Complete 
|  30|0x0000000081e00000, 0x0000000081f00000, 0x0000000081f00000|100%|HS|  |TAMS 0x0000000081f00000, 0x0000000081e00000| Complete 
|  31|0x0000000081f00000, 0x0000000082000000, 0x0000000082000000|100%|HC|  |TAMS 0x0000000082000000, 0x0000000081f00000| Complete 
|  32|0x0000000082000000, 0x0000000082100000, 0x0000000082100000|100%|HC|  |TAMS 0x0000000082100000, 0x0000000082000000| Complete 
|  33|0x0000000082100000, 0x0000000082200000, 0x0000000082200000|100%|HC|  |TAMS 0x0000000082200000, 0x0000000082100000| Complete 
|  34|0x0000000082200000, 0x0000000082300000, 0x0000000082300000|100%|HC|  |TAMS 0x0000000082300000, 0x0000000082200000| Complete 
|  35|0x0000000082300000, 0x0000000082400000, 0x0000000082400000|100%|HC|  |TAMS 0x0000000082400000, 0x0000000082300000| Complete 
|  36|0x0000000082400000, 0x0000000082500000, 0x0000000082500000|100%|HC|  |TAMS 0x0000000082500000, 0x0000000082400000| Complete 
|  37|0x0000000082500000, 0x0000000082600000, 0x0000000082600000|100%|HC|  |TAMS 0x0000000082600000, 0x0000000082500000| Complete 
|  38|0x0000000082600000, 0x0000000082700000, 0x0000000082700000|100%|HC|  |TAMS 0x0000000082700000, 0x0000000082600000| Complete 
|  39|0x0000000082700000, 0x0000000082800000, 0x0000000082800000|100%|HC|  |TAMS 0x0000000082800000, 0x0000000082700000| Complete 
|  40|0x0000000082800000, 0x0000000082900000, 0x0000000082900000|100%|HC|  |TAMS 0x0000000082900000, 0x0000000082800000| Complete 
|  41|0x0000000082900000, 0x0000000082a00000, 0x0000000082a00000|100%|HC|  |TAMS 0x0000000082a00000, 0x0000000082900000| Complete 
|  42|0x0000000082a00000, 0x0000000082b00000, 0x0000000082b00000|100%|HS|  |TAMS 0x0000000082b00000, 0x0000000082a00000| Complete 
|  43|0x0000000082b00000, 0x0000000082c00000, 0x0000000082c00000|100%|HC|  |TAMS 0x0000000082c00000, 0x0000000082b00000| Complete 
|  44|0x0000000082c00000, 0x0000000082d00000, 0x0000000082d00000|100%| O|  |TAMS 0x0000000082d00000, 0x0000000082c00000| Untracked 
|  45|0x0000000082d00000, 0x0000000082e00000, 0x0000000082e00000|100%| O|  |TAMS 0x0000000082e00000, 0x0000000082d00000| Untracked 
|  46|0x0000000082e00000, 0x0000000082f00000, 0x0000000082f00000|100%| O|  |TAMS 0x0000000082f00000, 0x0000000082e00000| Untracked 
|  47|0x0000000082f00000, 0x0000000083000000, 0x0000000083000000|100%| O|  |TAMS 0x0000000083000000, 0x0000000082f00000| Untracked 
|  48|0x0000000083000000, 0x0000000083100000, 0x0000000083100000|100%| O|  |TAMS 0x0000000083100000, 0x0000000083000000| Untracked 
|  49|0x0000000083100000, 0x0000000083200000, 0x0000000083200000|100%| O|  |TAMS 0x0000000083200000, 0x0000000083100000| Untracked 
|  50|0x0000000083200000, 0x0000000083300000, 0x0000000083300000|100%| O|  |TAMS 0x0000000083300000, 0x0000000083200000| Untracked 
|  51|0x0000000083300000, 0x0000000083400000, 0x0000000083400000|100%| O|  |TAMS 0x0000000083400000, 0x0000000083300000| Untracked 
|  52|0x0000000083400000, 0x0000000083400000, 0x0000000083500000|  0%| F|  |TAMS 0x0000000083400000, 0x0000000083400000| Untracked 
|  53|0x0000000083500000, 0x0000000083600000, 0x0000000083600000|100%| O|  |TAMS 0x0000000083600000, 0x0000000083500000| Untracked 
|  54|0x0000000083600000, 0x0000000083700000, 0x0000000083700000|100%|HS|  |TAMS 0x0000000083700000, 0x0000000083600000| Complete 
|  55|0x0000000083700000, 0x0000000083800000, 0x0000000083800000|100%|HC|  |TAMS 0x0000000083800000, 0x0000000083700000| Complete 
|  56|0x0000000083800000, 0x0000000083900000, 0x0000000083900000|100%| O|  |TAMS 0x0000000083900000, 0x0000000083800000| Untracked 
|  57|0x0000000083900000, 0x0000000083a00000, 0x0000000083a00000|100%| O|  |TAMS 0x0000000083a00000, 0x0000000083900000| Untracked 
|  58|0x0000000083a00000, 0x0000000083b00000, 0x0000000083b00000|100%|HS|  |TAMS 0x0000000083b00000, 0x0000000083a00000| Complete 
|  59|0x0000000083b00000, 0x0000000083c00000, 0x0000000083c00000|100%|HC|  |TAMS 0x0000000083c00000, 0x0000000083b00000| Complete 
|  60|0x0000000083c00000, 0x0000000083d00000, 0x0000000083d00000|100%|HC|  |TAMS 0x0000000083d00000, 0x0000000083c00000| Complete 
|  61|0x0000000083d00000, 0x0000000083e00000, 0x0000000083e00000|100%|HS|  |TAMS 0x0000000083e00000, 0x0000000083d00000| Complete 
|  62|0x0000000083e00000, 0x0000000083f00000, 0x0000000083f00000|100%|HC|  |TAMS 0x0000000083f00000, 0x0000000083e00000| Complete 
|  63|0x0000000083f00000, 0x0000000084000000, 0x0000000084000000|100%|HC|  |TAMS 0x0000000084000000, 0x0000000083f00000| Complete 
|  64|0x0000000084000000, 0x0000000084100000, 0x0000000084100000|100%|HS|  |TAMS 0x0000000084100000, 0x0000000084000000| Complete 
|  65|0x0000000084100000, 0x0000000084200000, 0x0000000084200000|100%|HS|  |TAMS 0x0000000084200000, 0x0000000084100000| Complete 
|  66|0x0000000084200000, 0x0000000084300000, 0x0000000084300000|100%|HC|  |TAMS 0x0000000084300000, 0x0000000084200000| Complete 
|  67|0x0000000084300000, 0x0000000084400000, 0x0000000084400000|100%|HC|  |TAMS 0x0000000084400000, 0x0000000084300000| Complete 
|  68|0x0000000084400000, 0x0000000084500000, 0x0000000084500000|100%|HC|  |TAMS 0x0000000084500000, 0x0000000084400000| Complete 
|  69|0x0000000084500000, 0x0000000084600000, 0x0000000084600000|100%| O|  |TAMS 0x0000000084500000, 0x0000000084500000| Untracked 
|  70|0x0000000084600000, 0x0000000084700000, 0x0000000084700000|100%| O|  |TAMS 0x0000000084600000, 0x0000000084600000| Untracked 
|  71|0x0000000084700000, 0x0000000084800000, 0x0000000084800000|100%| O|  |TAMS 0x0000000084700000, 0x0000000084700000| Untracked 
|  72|0x0000000084800000, 0x0000000084900000, 0x0000000084900000|100%| O|  |TAMS 0x0000000084800000, 0x0000000084800000| Untracked 
|  73|0x0000000084900000, 0x0000000084a00000, 0x0000000084a00000|100%| O|  |TAMS 0x0000000084900000, 0x0000000084900000| Untracked 
|  74|0x0000000084a00000, 0x0000000084b00000, 0x0000000084b00000|100%| O|  |TAMS 0x0000000084b00000, 0x0000000084a00000| Untracked 
|  75|0x0000000084b00000, 0x0000000084c00000, 0x0000000084c00000|100%| O|  |TAMS 0x0000000084c00000, 0x0000000084b00000| Untracked 
|  76|0x0000000084c00000, 0x0000000084d00000, 0x0000000084d00000|100%| O|  |TAMS 0x0000000084d00000, 0x0000000084c00000| Untracked 
|  77|0x0000000084d00000, 0x0000000084e00000, 0x0000000084e00000|100%| O|  |TAMS 0x0000000084e00000, 0x0000000084d00000| Untracked 
|  78|0x0000000084e00000, 0x0000000084f00000, 0x0000000084f00000|100%| O|  |TAMS 0x0000000084f00000, 0x0000000084e00000| Untracked 
|  79|0x0000000084f00000, 0x0000000085000000, 0x0000000085000000|100%| O|  |TAMS 0x0000000085000000, 0x0000000084f00000| Untracked 
|  80|0x0000000085000000, 0x0000000085100000, 0x0000000085100000|100%| O|  |TAMS 0x0000000085100000, 0x0000000085000000| Untracked 
|  81|0x0000000085100000, 0x0000000085200000, 0x0000000085200000|100%| O|  |TAMS 0x0000000085200000, 0x0000000085100000| Untracked 
|  82|0x0000000085200000, 0x0000000085300000, 0x0000000085300000|100%| O|  |TAMS 0x0000000085300000, 0x0000000085200000| Untracked 
|  83|0x0000000085300000, 0x0000000085400000, 0x0000000085400000|100%| O|  |TAMS 0x0000000085400000, 0x0000000085300000| Untracked 
|  84|0x0000000085400000, 0x0000000085500000, 0x0000000085500000|100%| O|  |TAMS 0x0000000085400000, 0x0000000085400000| Untracked 
|  85|0x0000000085500000, 0x0000000085600000, 0x0000000085600000|100%| O|  |TAMS 0x0000000085600000, 0x0000000085500000| Untracked 
|  86|0x0000000085600000, 0x0000000085700000, 0x0000000085700000|100%| O|  |TAMS 0x0000000085700000, 0x0000000085600000| Untracked 
|  87|0x0000000085700000, 0x0000000085800000, 0x0000000085800000|100%| O|  |TAMS 0x0000000085800000, 0x0000000085700000| Untracked 
|  88|0x0000000085800000, 0x0000000085900000, 0x0000000085900000|100%| O|  |TAMS 0x0000000085900000, 0x0000000085800000| Untracked 
|  89|0x0000000085900000, 0x0000000085a00000, 0x0000000085a00000|100%| O|  |TAMS 0x0000000085a00000, 0x0000000085900000| Untracked 
|  90|0x0000000085a00000, 0x0000000085b00000, 0x0000000085b00000|100%| O|  |TAMS 0x0000000085b00000, 0x0000000085a00000| Untracked 
|  91|0x0000000085b00000, 0x0000000085c00000, 0x0000000085c00000|100%| O|  |TAMS 0x0000000085c00000, 0x0000000085b00000| Untracked 
|  92|0x0000000085c00000, 0x0000000085d00000, 0x0000000085d00000|100%| O|  |TAMS 0x0000000085d00000, 0x0000000085c00000| Untracked 
|  93|0x0000000085d00000, 0x0000000085e00000, 0x0000000085e00000|100%| O|  |TAMS 0x0000000085e00000, 0x0000000085d00000| Untracked 
|  94|0x0000000085e00000, 0x0000000085f00000, 0x0000000085f00000|100%| O|  |TAMS 0x0000000085f00000, 0x0000000085e00000| Untracked 
|  95|0x0000000085f00000, 0x0000000086000000, 0x0000000086000000|100%| O|  |TAMS 0x0000000085fa2e00, 0x0000000085f00000| Untracked 
|  96|0x0000000086000000, 0x0000000086100000, 0x0000000086100000|100%| O|  |TAMS 0x0000000086000000, 0x0000000086000000| Untracked 
|  97|0x0000000086100000, 0x0000000086200000, 0x0000000086200000|100%| O|  |TAMS 0x0000000086100000, 0x0000000086100000| Untracked 
|  98|0x0000000086200000, 0x0000000086300000, 0x0000000086300000|100%| O|  |TAMS 0x0000000086200000, 0x0000000086200000| Untracked 
|  99|0x0000000086300000, 0x000000008633a200, 0x0000000086400000| 22%| O|  |TAMS 0x0000000086300000, 0x0000000086300000| Untracked 
| 100|0x0000000086400000, 0x0000000086400000, 0x0000000086500000|  0%| F|  |TAMS 0x0000000086400000, 0x0000000086400000| Untracked 
| 101|0x0000000086500000, 0x0000000086500000, 0x0000000086600000|  0%| F|  |TAMS 0x0000000086500000, 0x0000000086500000| Untracked 
| 102|0x0000000086600000, 0x0000000086600000, 0x0000000086700000|  0%| F|  |TAMS 0x0000000086600000, 0x0000000086600000| Untracked 
| 103|0x0000000086700000, 0x0000000086700000, 0x0000000086800000|  0%| F|  |TAMS 0x0000000086700000, 0x0000000086700000| Untracked 
| 104|0x0000000086800000, 0x0000000086800000, 0x0000000086900000|  0%| F|  |TAMS 0x0000000086800000, 0x0000000086800000| Untracked 
| 105|0x0000000086900000, 0x0000000086900000, 0x0000000086a00000|  0%| F|  |TAMS 0x0000000086900000, 0x0000000086900000| Untracked 
| 106|0x0000000086a00000, 0x0000000086a00000, 0x0000000086b00000|  0%| F|  |TAMS 0x0000000086a00000, 0x0000000086a00000| Untracked 
| 107|0x0000000086b00000, 0x0000000086b00000, 0x0000000086c00000|  0%| F|  |TAMS 0x0000000086b00000, 0x0000000086b00000| Untracked 
| 108|0x0000000086c00000, 0x0000000086c00000, 0x0000000086d00000|  0%| F|  |TAMS 0x0000000086c00000, 0x0000000086c00000| Untracked 
| 109|0x0000000086d00000, 0x0000000086d00000, 0x0000000086e00000|  0%| F|  |TAMS 0x0000000086d00000, 0x0000000086d00000| Untracked 
| 110|0x0000000086e00000, 0x0000000086e00000, 0x0000000086f00000|  0%| F|  |TAMS 0x0000000086e00000, 0x0000000086e00000| Untracked 
| 111|0x0000000086f00000, 0x0000000086f00000, 0x0000000087000000|  0%| F|  |TAMS 0x0000000086f00000, 0x0000000086f00000| Untracked 
| 112|0x0000000087000000, 0x0000000087000000, 0x0000000087100000|  0%| F|  |TAMS 0x0000000087000000, 0x0000000087000000| Untracked 
| 113|0x0000000087100000, 0x0000000087100000, 0x0000000087200000|  0%| F|  |TAMS 0x0000000087100000, 0x0000000087100000| Untracked 
| 114|0x0000000087200000, 0x0000000087200000, 0x0000000087300000|  0%| F|  |TAMS 0x0000000087200000, 0x0000000087200000| Untracked 
| 115|0x0000000087300000, 0x0000000087300000, 0x0000000087400000|  0%| F|  |TAMS 0x0000000087300000, 0x0000000087300000| Untracked 
| 116|0x0000000087400000, 0x0000000087400000, 0x0000000087500000|  0%| F|  |TAMS 0x0000000087400000, 0x0000000087400000| Untracked 
| 117|0x0000000087500000, 0x0000000087500000, 0x0000000087600000|  0%| F|  |TAMS 0x0000000087500000, 0x0000000087500000| Untracked 
| 118|0x0000000087600000, 0x0000000087600000, 0x0000000087700000|  0%| F|  |TAMS 0x0000000087600000, 0x0000000087600000| Untracked 
| 119|0x0000000087700000, 0x0000000087700000, 0x0000000087800000|  0%| F|  |TAMS 0x0000000087700000, 0x0000000087700000| Untracked 
| 120|0x0000000087800000, 0x0000000087800000, 0x0000000087900000|  0%| F|  |TAMS 0x0000000087800000, 0x0000000087800000| Untracked 
| 121|0x0000000087900000, 0x0000000087900000, 0x0000000087a00000|  0%| F|  |TAMS 0x0000000087900000, 0x0000000087900000| Untracked 
| 122|0x0000000087a00000, 0x0000000087a00000, 0x0000000087b00000|  0%| F|  |TAMS 0x0000000087a00000, 0x0000000087a00000| Untracked 
| 123|0x0000000087b00000, 0x0000000087b00000, 0x0000000087c00000|  0%| F|  |TAMS 0x0000000087b00000, 0x0000000087b00000| Untracked 
| 124|0x0000000087c00000, 0x0000000087c00000, 0x0000000087d00000|  0%| F|  |TAMS 0x0000000087c00000, 0x0000000087c00000| Untracked 
| 125|0x0000000087d00000, 0x0000000087d00000, 0x0000000087e00000|  0%| F|  |TAMS 0x0000000087d00000, 0x0000000087d00000| Untracked 
| 126|0x0000000087e00000, 0x0000000087e00000, 0x0000000087f00000|  0%| F|  |TAMS 0x0000000087e00000, 0x0000000087e00000| Untracked 
| 127|0x0000000087f00000, 0x0000000087f00000, 0x0000000088000000|  0%| F|  |TAMS 0x0000000087f00000, 0x0000000087f00000| Untracked 
| 128|0x0000000088000000, 0x0000000088000000, 0x0000000088100000|  0%| F|  |TAMS 0x0000000088000000, 0x0000000088000000| Untracked 
| 129|0x0000000088100000, 0x0000000088100000, 0x0000000088200000|  0%| F|  |TAMS 0x0000000088100000, 0x0000000088100000| Untracked 
| 130|0x0000000088200000, 0x0000000088200000, 0x0000000088300000|  0%| F|  |TAMS 0x0000000088200000, 0x0000000088200000| Untracked 
| 131|0x0000000088300000, 0x0000000088300000, 0x0000000088400000|  0%| F|  |TAMS 0x0000000088300000, 0x0000000088300000| Untracked 
| 132|0x0000000088400000, 0x0000000088400000, 0x0000000088500000|  0%| F|  |TAMS 0x0000000088400000, 0x0000000088400000| Untracked 
| 133|0x0000000088500000, 0x0000000088500000, 0x0000000088600000|  0%| F|  |TAMS 0x0000000088500000, 0x0000000088500000| Untracked 
| 134|0x0000000088600000, 0x0000000088600000, 0x0000000088700000|  0%| F|  |TAMS 0x0000000088600000, 0x0000000088600000| Untracked 
| 135|0x0000000088700000, 0x0000000088700000, 0x0000000088800000|  0%| F|  |TAMS 0x0000000088700000, 0x0000000088700000| Untracked 
| 136|0x0000000088800000, 0x0000000088800000, 0x0000000088900000|  0%| F|  |TAMS 0x0000000088800000, 0x0000000088800000| Untracked 
| 137|0x0000000088900000, 0x0000000088900000, 0x0000000088a00000|  0%| F|  |TAMS 0x0000000088900000, 0x0000000088900000| Untracked 
| 138|0x0000000088a00000, 0x0000000088a00000, 0x0000000088b00000|  0%| F|  |TAMS 0x0000000088a00000, 0x0000000088a00000| Untracked 
| 139|0x0000000088b00000, 0x0000000088b00000, 0x0000000088c00000|  0%| F|  |TAMS 0x0000000088b00000, 0x0000000088b00000| Untracked 
| 140|0x0000000088c00000, 0x0000000088c00000, 0x0000000088d00000|  0%| F|  |TAMS 0x0000000088c00000, 0x0000000088c00000| Untracked 
| 141|0x0000000088d00000, 0x0000000088d00000, 0x0000000088e00000|  0%| F|  |TAMS 0x0000000088d00000, 0x0000000088d00000| Untracked 
| 142|0x0000000088e00000, 0x0000000088e00000, 0x0000000088f00000|  0%| F|  |TAMS 0x0000000088e00000, 0x0000000088e00000| Untracked 
| 143|0x0000000088f00000, 0x0000000088f00000, 0x0000000089000000|  0%| F|  |TAMS 0x0000000088f00000, 0x0000000088f00000| Untracked 
| 144|0x0000000089000000, 0x0000000089000000, 0x0000000089100000|  0%| F|  |TAMS 0x0000000089000000, 0x0000000089000000| Untracked 
| 145|0x0000000089100000, 0x0000000089100000, 0x0000000089200000|  0%| F|  |TAMS 0x0000000089100000, 0x0000000089100000| Untracked 
| 146|0x0000000089200000, 0x0000000089200000, 0x0000000089300000|  0%| F|  |TAMS 0x0000000089200000, 0x0000000089200000| Untracked 
| 147|0x0000000089300000, 0x0000000089300000, 0x0000000089400000|  0%| F|  |TAMS 0x0000000089300000, 0x0000000089300000| Untracked 
| 148|0x0000000089400000, 0x0000000089400000, 0x0000000089500000|  0%| F|  |TAMS 0x0000000089400000, 0x0000000089400000| Untracked 
| 149|0x0000000089500000, 0x0000000089500000, 0x0000000089600000|  0%| F|  |TAMS 0x0000000089500000, 0x0000000089500000| Untracked 
| 150|0x0000000089600000, 0x0000000089600000, 0x0000000089700000|  0%| F|  |TAMS 0x0000000089600000, 0x0000000089600000| Untracked 
| 151|0x0000000089700000, 0x0000000089700000, 0x0000000089800000|  0%| F|  |TAMS 0x0000000089700000, 0x0000000089700000| Untracked 
| 152|0x0000000089800000, 0x0000000089800000, 0x0000000089900000|  0%| F|  |TAMS 0x0000000089800000, 0x0000000089800000| Untracked 
| 153|0x0000000089900000, 0x0000000089900000, 0x0000000089a00000|  0%| F|  |TAMS 0x0000000089900000, 0x0000000089900000| Untracked 
| 154|0x0000000089a00000, 0x0000000089a00000, 0x0000000089b00000|  0%| F|  |TAMS 0x0000000089a00000, 0x0000000089a00000| Untracked 
| 155|0x0000000089b00000, 0x0000000089b00000, 0x0000000089c00000|  0%| F|  |TAMS 0x0000000089b00000, 0x0000000089b00000| Untracked 
| 156|0x0000000089c00000, 0x0000000089c00000, 0x0000000089d00000|  0%| F|  |TAMS 0x0000000089c00000, 0x0000000089c00000| Untracked 
| 157|0x0000000089d00000, 0x0000000089d00000, 0x0000000089e00000|  0%| F|  |TAMS 0x0000000089d00000, 0x0000000089d00000| Untracked 
| 158|0x0000000089e00000, 0x0000000089e00000, 0x0000000089f00000|  0%| F|  |TAMS 0x0000000089e00000, 0x0000000089e00000| Untracked 
| 159|0x0000000089f00000, 0x0000000089f00000, 0x000000008a000000|  0%| F|  |TAMS 0x0000000089f00000, 0x0000000089f00000| Untracked 
| 160|0x000000008a000000, 0x000000008a000000, 0x000000008a100000|  0%| F|  |TAMS 0x000000008a000000, 0x000000008a000000| Untracked 
| 161|0x000000008a100000, 0x000000008a100000, 0x000000008a200000|  0%| F|  |TAMS 0x000000008a100000, 0x000000008a100000| Untracked 
| 162|0x000000008a200000, 0x000000008a200000, 0x000000008a300000|  0%| F|  |TAMS 0x000000008a200000, 0x000000008a200000| Untracked 
| 163|0x000000008a300000, 0x000000008a300000, 0x000000008a400000|  0%| F|  |TAMS 0x000000008a300000, 0x000000008a300000| Untracked 
| 164|0x000000008a400000, 0x000000008a400000, 0x000000008a500000|  0%| F|  |TAMS 0x000000008a400000, 0x000000008a400000| Untracked 
| 165|0x000000008a500000, 0x000000008a500000, 0x000000008a600000|  0%| F|  |TAMS 0x000000008a500000, 0x000000008a500000| Untracked 
| 166|0x000000008a600000, 0x000000008a600000, 0x000000008a700000|  0%| F|  |TAMS 0x000000008a600000, 0x000000008a600000| Untracked 
| 167|0x000000008a700000, 0x000000008a700000, 0x000000008a800000|  0%| F|  |TAMS 0x000000008a700000, 0x000000008a700000| Untracked 
| 168|0x000000008a800000, 0x000000008a800000, 0x000000008a900000|  0%| F|  |TAMS 0x000000008a800000, 0x000000008a800000| Untracked 
| 169|0x000000008a900000, 0x000000008a900000, 0x000000008aa00000|  0%| F|  |TAMS 0x000000008a900000, 0x000000008a900000| Untracked 
| 170|0x000000008aa00000, 0x000000008aa00000, 0x000000008ab00000|  0%| F|  |TAMS 0x000000008aa00000, 0x000000008aa00000| Untracked 
| 171|0x000000008ab00000, 0x000000008ab00000, 0x000000008ac00000|  0%| F|  |TAMS 0x000000008ab00000, 0x000000008ab00000| Untracked 
| 172|0x000000008ac00000, 0x000000008ac00000, 0x000000008ad00000|  0%| F|  |TAMS 0x000000008ac00000, 0x000000008ac00000| Untracked 
| 173|0x000000008ad00000, 0x000000008ad00000, 0x000000008ae00000|  0%| F|  |TAMS 0x000000008ad00000, 0x000000008ad00000| Untracked 
| 174|0x000000008ae00000, 0x000000008ae00000, 0x000000008af00000|  0%| F|  |TAMS 0x000000008ae00000, 0x000000008ae00000| Untracked 
| 175|0x000000008af00000, 0x000000008af00000, 0x000000008b000000|  0%| F|  |TAMS 0x000000008af00000, 0x000000008af00000| Untracked 
| 176|0x000000008b000000, 0x000000008b000000, 0x000000008b100000|  0%| F|  |TAMS 0x000000008b000000, 0x000000008b000000| Untracked 
| 177|0x000000008b100000, 0x000000008b100000, 0x000000008b200000|  0%| F|  |TAMS 0x000000008b100000, 0x000000008b100000| Untracked 
| 178|0x000000008b200000, 0x000000008b200000, 0x000000008b300000|  0%| F|  |TAMS 0x000000008b200000, 0x000000008b200000| Untracked 
| 179|0x000000008b300000, 0x000000008b300000, 0x000000008b400000|  0%| F|  |TAMS 0x000000008b300000, 0x000000008b300000| Untracked 
| 180|0x000000008b400000, 0x000000008b400000, 0x000000008b500000|  0%| F|  |TAMS 0x000000008b400000, 0x000000008b400000| Untracked 
| 181|0x000000008b500000, 0x000000008b500000, 0x000000008b600000|  0%| F|  |TAMS 0x000000008b500000, 0x000000008b500000| Untracked 
| 182|0x000000008b600000, 0x000000008b600000, 0x000000008b700000|  0%| F|  |TAMS 0x000000008b600000, 0x000000008b600000| Untracked 
| 183|0x000000008b700000, 0x000000008b700000, 0x000000008b800000|  0%| F|  |TAMS 0x000000008b700000, 0x000000008b700000| Untracked 
| 184|0x000000008b800000, 0x000000008b800000, 0x000000008b900000|  0%| F|  |TAMS 0x000000008b800000, 0x000000008b800000| Untracked 
| 185|0x000000008b900000, 0x000000008b900000, 0x000000008ba00000|  0%| F|  |TAMS 0x000000008b900000, 0x000000008b900000| Untracked 
| 186|0x000000008ba00000, 0x000000008ba00000, 0x000000008bb00000|  0%| F|  |TAMS 0x000000008ba00000, 0x000000008ba00000| Untracked 
| 187|0x000000008bb00000, 0x000000008bb00000, 0x000000008bc00000|  0%| F|  |TAMS 0x000000008bb00000, 0x000000008bb00000| Untracked 
| 188|0x000000008bc00000, 0x000000008bc00000, 0x000000008bd00000|  0%| F|  |TAMS 0x000000008bc00000, 0x000000008bc00000| Untracked 
| 189|0x000000008bd00000, 0x000000008bd00000, 0x000000008be00000|  0%| F|  |TAMS 0x000000008bd00000, 0x000000008bd00000| Untracked 
| 190|0x000000008be00000, 0x000000008be00000, 0x000000008bf00000|  0%| F|  |TAMS 0x000000008be00000, 0x000000008be00000| Untracked 
| 191|0x000000008bf00000, 0x000000008bf00000, 0x000000008c000000|  0%| F|  |TAMS 0x000000008bf00000, 0x000000008bf00000| Untracked 
| 192|0x000000008c000000, 0x000000008c000000, 0x000000008c100000|  0%| F|  |TAMS 0x000000008c000000, 0x000000008c000000| Untracked 
| 193|0x000000008c100000, 0x000000008c100000, 0x000000008c200000|  0%| F|  |TAMS 0x000000008c100000, 0x000000008c100000| Untracked 
| 194|0x000000008c200000, 0x000000008c200000, 0x000000008c300000|  0%| F|  |TAMS 0x000000008c200000, 0x000000008c200000| Untracked 
| 195|0x000000008c300000, 0x000000008c385e58, 0x000000008c400000| 52%| E|  |TAMS 0x000000008c300000, 0x000000008c300000| Complete 
| 196|0x000000008c400000, 0x000000008c500000, 0x000000008c500000|100%| E|CS|TAMS 0x000000008c400000, 0x000000008c400000| Complete 
| 197|0x000000008c500000, 0x000000008c600000, 0x000000008c600000|100%| E|CS|TAMS 0x000000008c500000, 0x000000008c500000| Complete 
| 198|0x000000008c600000, 0x000000008c700000, 0x000000008c700000|100%| S|CS|TAMS 0x000000008c600000, 0x000000008c600000| Complete 
| 199|0x000000008c700000, 0x000000008c800000, 0x000000008c800000|100%| E|CS|TAMS 0x000000008c700000, 0x000000008c700000| Complete 

Card table byte_map: [0x00000140f6750000,0x00000140f6b50000] _byte_map_base: 0x00000140f6350000

Marking Bits (Prev, Next): (CMBitMap*) 0x00000140f10b9d50, (CMBitMap*) 0x00000140f10b9d90
 Prev Bits: [0x00000140f6f50000, 0x00000140f8f50000)
 Next Bits: [0x00000140f8f50000, 0x00000140faf50000)

Polling page: 0x00000140f1130000

Metaspace:

Usage:
  Non-class:     63.51 MB used.
      Class:      9.93 MB used.
       Both:     73.44 MB used.

Virtual space:
  Non-class space:       72.00 MB reserved,      63.88 MB ( 89%) committed,  9 nodes.
      Class space:        1.00 GB reserved,      10.25 MB (  1%) committed,  1 nodes.
             Both:        1.07 GB reserved,      74.12 MB (  7%) committed. 

Chunk freelists:
   Non-Class:  3.47 MB
       Class:  1.80 MB
        Both:  5.27 MB

MaxMetaspaceSize: unlimited
CompressedClassSpaceSize: 1.00 GB
Initial GC threshold: 21.00 MB
Current GC threshold: 116.25 MB
CDS: off
MetaspaceReclaimPolicy: balanced
 - commit_granule_bytes: 65536.
 - commit_granule_words: 8192.
 - virtual_space_node_default_size: 1048576.
 - enlarge_chunks_in_place: 1.
 - new_chunks_are_fully_committed: 0.
 - uncommit_free_chunks: 1.
 - use_allocation_guard: 0.
 - handle_deallocations: 1.


Internal statistics:

num_allocs_failed_limit: 6.
num_arena_births: 706.
num_arena_deaths: 0.
num_vsnodes_births: 10.
num_vsnodes_deaths: 0.
num_space_committed: 1186.
num_space_uncommitted: 0.
num_chunks_returned_to_freelist: 6.
num_chunks_taken_from_freelist: 3309.
num_chunk_merges: 6.
num_chunk_splits: 2192.
num_chunks_enlarged: 1489.
num_purges: 0.
num_inconsistent_stats: 0.

CodeHeap 'non-profiled nmethods': size=120000Kb used=3777Kb max_used=3777Kb free=116223Kb
 bounds [0x0000014087ad0000, 0x0000014087e90000, 0x000001408f000000]
CodeHeap 'profiled nmethods': size=120000Kb used=13102Kb max_used=13102Kb free=106897Kb
 bounds [0x0000014080000000, 0x0000014080cd0000, 0x0000014087530000]
CodeHeap 'non-nmethods': size=5760Kb used=2361Kb max_used=2418Kb free=3398Kb
 bounds [0x0000014087530000, 0x00000140877a0000, 0x0000014087ad0000]
 total_blobs=7707 nmethods=6817 adapters=802
 compilation: enabled
              stopped_count=0, restarted_count=0
 full_count=0

Compilation events (20 events):
Event: 22.079 Thread 0x00000140fe0190a0 7684       1       com.android.build.api.artifact.impl.ArtifactContainer::getFinal (5 bytes)
Event: 22.079 Thread 0x00000140fe0190a0 nmethod 7684 0x0000014087e7f810 code [0x0000014087e7f9a0, 0x0000014087e7fa78]
Event: 22.079 Thread 0x00000140fe0190a0 7686       1       com.android.build.api.artifact.impl.ArtifactContainer::needInitialProducer (5 bytes)
Event: 22.080 Thread 0x00000140fe0190a0 nmethod 7686 0x0000014087e7fb10 code [0x0000014087e7fca0, 0x0000014087e7fd78]
Event: 22.080 Thread 0x00000140fe0190a0 7687       1       com.android.build.api.artifact.impl.ArtifactContainer::getCurrentTaskProviders (5 bytes)
Event: 22.080 Thread 0x00000140fe0190a0 nmethod 7687 0x0000014087e7fe10 code [0x0000014087e7ffa0, 0x0000014087e80078]
Event: 22.080 Thread 0x00000140fe0190a0 7688       1       com.android.build.api.component.impl.ComponentIdentityImpl::getName (5 bytes)
Event: 22.081 Thread 0x00000140fe0190a0 nmethod 7688 0x0000014087e80110 code [0x0000014087e802a0, 0x0000014087e80378]
Event: 22.091 Thread 0x00000140fe0190a0 7689       3       org.gradle.util.Path::toString (5 bytes)
Event: 22.092 Thread 0x00000140fe0190a0 nmethod 7689 0x0000014080cbc410 code [0x0000014080cbc5c0, 0x0000014080cbc808]
Event: 22.094 Thread 0x00000140fe0190a0 7691       3       org.gradle.api.internal.DefaultNamedDomainObjectCollection::hasWithName (32 bytes)
Event: 22.094 Thread 0x00000140fe0190a0 nmethod 7691 0x0000014080cbc910 code [0x0000014080cbcac0, 0x0000014080cbcdf8]
Event: 22.096 Thread 0x00000140fe0190a0 7692       3       org.gradle.api.internal.provider.ValueSanitizers$1::sanitize (14 bytes)
Event: 22.097 Thread 0x00000140fe0190a0 nmethod 7692 0x0000014080cbcf10 code [0x0000014080cbd0c0, 0x0000014080cbd3e8]
Event: 22.097 Thread 0x00000140fe0190a0 7693       3       com.android.build.api.artifact.impl.StorageProviderImpl$directory$1::invoke (9 bytes)
Event: 22.098 Thread 0x00000140fe0190a0 nmethod 7693 0x0000014080cbd490 code [0x0000014080cbd6e0, 0x0000014080cbdff8]
Event: 22.100 Thread 0x00000140fe0190a0 7694       3       org.gradle.api.internal.provider.Collectors$TypedCollector::<init> (23 bytes)
Event: 22.101 Thread 0x00000140fe0190a0 nmethod 7694 0x0000014080cbe310 code [0x0000014080cbe4e0, 0x0000014080cbe9f8]
Event: 22.101 Thread 0x00000140fe0190a0 7695       3       org.gradle.api.internal.provider.ValueSanitizers::collectorFor (29 bytes)
Event: 22.101 Thread 0x00000140fe0190a0 nmethod 7695 0x0000014080cbeb90 code [0x0000014080cbed40, 0x0000014080cbf098]

GC Heap History (20 events):
Event: 9.681 GC heap before
{Heap before GC invocations=17 (full 0):
 garbage-first heap   total 91136K, used 67013K [0x0000000080000000, 0x0000000100000000)
  region size 1024K, 16 young (16384K), 1 survivors (1024K)
 Metaspace       used 41607K, committed 41984K, reserved 1089536K
  class space    used 5546K, committed 5696K, reserved 1048576K
}
Event: 9.689 GC heap after
{Heap after GC invocations=18 (full 0):
 garbage-first heap   total 91136K, used 55909K [0x0000000080000000, 0x0000000100000000)
  region size 1024K, 3 young (3072K), 3 survivors (3072K)
 Metaspace       used 41607K, committed 41984K, reserved 1089536K
  class space    used 5546K, committed 5696K, reserved 1048576K
}
Event: 10.388 GC heap before
{Heap before GC invocations=19 (full 0):
 garbage-first heap   total 102400K, used 76389K [0x0000000080000000, 0x0000000100000000)
  region size 1024K, 20 young (20480K), 3 survivors (3072K)
 Metaspace       used 44383K, committed 44864K, reserved 1089536K
  class space    used 5872K, committed 6080K, reserved 1048576K
}
Event: 10.397 GC heap after
{Heap after GC invocations=20 (full 0):
 garbage-first heap   total 102400K, used 56727K [0x0000000080000000, 0x0000000100000000)
  region size 1024K, 2 young (2048K), 2 survivors (2048K)
 Metaspace       used 44383K, committed 44864K, reserved 1089536K
  class space    used 5872K, committed 6080K, reserved 1048576K
}
Event: 10.524 GC heap before
{Heap before GC invocations=20 (full 0):
 garbage-first heap   total 102400K, used 59799K [0x0000000080000000, 0x0000000100000000)
  region size 1024K, 5 young (5120K), 2 survivors (2048K)
 Metaspace       used 44808K, committed 45248K, reserved 1089536K
  class space    used 5932K, committed 6144K, reserved 1048576K
}
Event: 10.531 GC heap after
{Heap after GC invocations=21 (full 0):
 garbage-first heap   total 102400K, used 56242K [0x0000000080000000, 0x0000000100000000)
  region size 1024K, 1 young (1024K), 1 survivors (1024K)
 Metaspace       used 44808K, committed 45248K, reserved 1089536K
  class space    used 5932K, committed 6144K, reserved 1048576K
}
Event: 10.953 GC heap before
{Heap before GC invocations=21 (full 0):
 garbage-first heap   total 102400K, used 63410K [0x0000000080000000, 0x0000000100000000)
  region size 1024K, 9 young (9216K), 1 survivors (1024K)
 Metaspace       used 45519K, committed 46016K, reserved 1089536K
  class space    used 6050K, committed 6272K, reserved 1048576K
}
Event: 10.959 GC heap after
{Heap after GC invocations=22 (full 0):
 garbage-first heap   total 204800K, used 57265K [0x0000000080000000, 0x0000000100000000)
  region size 1024K, 2 young (2048K), 2 survivors (2048K)
 Metaspace       used 45519K, committed 46016K, reserved 1089536K
  class space    used 6050K, committed 6272K, reserved 1048576K
}
Event: 14.351 GC heap before
{Heap before GC invocations=22 (full 0):
 garbage-first heap   total 204800K, used 167857K [0x0000000080000000, 0x0000000100000000)
  region size 1024K, 104 young (106496K), 2 survivors (2048K)
 Metaspace       used 53287K, committed 53824K, reserved 1097728K
  class space    used 7099K, committed 7360K, reserved 1048576K
}
Event: 14.369 GC heap after
{Heap after GC invocations=23 (full 0):
 garbage-first heap   total 204800K, used 71724K [0x0000000080000000, 0x0000000100000000)
  region size 1024K, 10 young (10240K), 10 survivors (10240K)
 Metaspace       used 53287K, committed 53824K, reserved 1097728K
  class space    used 7099K, committed 7360K, reserved 1048576K
}
Event: 17.075 GC heap before
{Heap before GC invocations=23 (full 0):
 garbage-first heap   total 204800K, used 169004K [0x0000000080000000, 0x0000000100000000)
  region size 1024K, 93 young (95232K), 10 survivors (10240K)
 Metaspace       used 63431K, committed 64128K, reserved 1105920K
  class space    used 8407K, committed 8704K, reserved 1048576K
}
Event: 17.106 GC heap after
{Heap after GC invocations=24 (full 0):
 garbage-first heap   total 204800K, used 96138K [0x0000000080000000, 0x0000000100000000)
  region size 1024K, 12 young (12288K), 12 survivors (12288K)
 Metaspace       used 63431K, committed 64128K, reserved 1105920K
  class space    used 8407K, committed 8704K, reserved 1048576K
}
Event: 19.555 GC heap before
{Heap before GC invocations=24 (full 0):
 garbage-first heap   total 204800K, used 165770K [0x0000000080000000, 0x0000000100000000)
  region size 1024K, 77 young (78848K), 12 survivors (12288K)
 Metaspace       used 69908K, committed 70528K, reserved 1114112K
  class space    used 9255K, committed 9536K, reserved 1048576K
}
Event: 19.573 GC heap after
{Heap after GC invocations=25 (full 0):
 garbage-first heap   total 204800K, used 97289K [0x0000000080000000, 0x0000000100000000)
  region size 1024K, 5 young (5120K), 5 survivors (5120K)
 Metaspace       used 69908K, committed 70528K, reserved 1114112K
  class space    used 9255K, committed 9536K, reserved 1048576K
}
Event: 19.759 GC heap before
{Heap before GC invocations=25 (full 0):
 garbage-first heap   total 204800K, used 102409K [0x0000000080000000, 0x0000000100000000)
  region size 1024K, 11 young (11264K), 5 survivors (5120K)
 Metaspace       used 70574K, committed 71168K, reserved 1114112K
  class space    used 9324K, committed 9600K, reserved 1048576K
}
Event: 19.770 GC heap after
{Heap after GC invocations=26 (full 0):
 garbage-first heap   total 204800K, used 97649K [0x0000000080000000, 0x0000000100000000)
  region size 1024K, 5 young (5120K), 5 survivors (5120K)
 Metaspace       used 70574K, committed 71168K, reserved 1114112K
  class space    used 9324K, committed 9600K, reserved 1048576K
}
Event: 21.778 GC heap before
{Heap before GC invocations=27 (full 0):
 garbage-first heap   total 204800K, used 166257K [0x0000000080000000, 0x0000000100000000)
  region size 1024K, 73 young (74752K), 5 survivors (5120K)
 Metaspace       used 74683K, committed 75392K, reserved 1122304K
  class space    used 10048K, committed 10368K, reserved 1048576K
}
Event: 21.799 GC heap after
{Heap after GC invocations=28 (full 0):
 garbage-first heap   total 204800K, used 101686K [0x0000000080000000, 0x0000000100000000)
  region size 1024K, 10 young (10240K), 10 survivors (10240K)
 Metaspace       used 74683K, committed 75392K, reserved 1122304K
  class space    used 10048K, committed 10368K, reserved 1048576K
}
Event: 21.927 GC heap before
{Heap before GC invocations=28 (full 0):
 garbage-first heap   total 204800K, used 102710K [0x0000000080000000, 0x0000000100000000)
  region size 1024K, 11 young (11264K), 10 survivors (10240K)
 Metaspace       used 74834K, committed 75520K, reserved 1122304K
  class space    used 10086K, committed 10368K, reserved 1048576K
}
Event: 21.948 GC heap after
{Heap after GC invocations=29 (full 0):
 garbage-first heap   total 204800K, used 101608K [0x0000000080000000, 0x0000000100000000)
  region size 1024K, 1 young (1024K), 1 survivors (1024K)
 Metaspace       used 74834K, committed 75520K, reserved 1122304K
  class space    used 10086K, committed 10368K, reserved 1048576K
}

Dll operation events (2 events):
Event: 0.026 Loaded shared library C:\Program Files\Android\Android Studio\jbr\bin\java.dll
Event: 0.990 Loaded shared library C:\Program Files\Android\Android Studio\jbr\bin\verify.dll

Deoptimization events (20 events):
Event: 20.074 Thread 0x00000140fefb86a0 DEOPT PACKING pc=0x0000014087d02294 sp=0x00000020c01f6aa0
Event: 20.074 Thread 0x00000140fefb86a0 DEOPT UNPACKING pc=0x000001408758699d sp=0x00000020c01f6a50 mode 2
Event: 20.108 Thread 0x00000140fefb86a0 Uncommon trap: trap_request=0xffffff45 fr.pc=0x0000014087c39c00 relative=0x0000000000001a00
Event: 20.108 Thread 0x00000140fefb86a0 Uncommon trap: reason=unstable_if action=reinterpret pc=0x0000014087c39c00 method=groovy.lang.MetaClassImpl.filterPropertyMethod(Ljava/lang/Object;ZZ)Ljava/lang/Object; @ 60 c2
Event: 20.108 Thread 0x00000140fefb86a0 DEOPT PACKING pc=0x0000014087c39c00 sp=0x00000020c01f75d0
Event: 20.108 Thread 0x00000140fefb86a0 DEOPT UNPACKING pc=0x000001408758699d sp=0x00000020c01f75c0 mode 2
Event: 20.293 Thread 0x00000140fefb86a0 Uncommon trap: trap_request=0xffffffc6 fr.pc=0x0000014087d13ff8 relative=0x00000000000007d8
Event: 20.293 Thread 0x00000140fefb86a0 Uncommon trap: reason=bimorphic_or_optimized_type_check action=maybe_recompile pc=0x0000014087d13ff8 method=org.codehaus.groovy.runtime.metaclass.MetaMethodIndex.isOverridden(Lgroovy/lang/MetaMethod;Lgroovy/lang/MetaMethod;)Z @ 37 c2
Event: 20.293 Thread 0x00000140fefb86a0 DEOPT PACKING pc=0x0000014087d13ff8 sp=0x00000020c01f5420
Event: 20.293 Thread 0x00000140fefb86a0 DEOPT UNPACKING pc=0x000001408758699d sp=0x00000020c01f5378 mode 2
Event: 20.297 Thread 0x00000140fefb86a0 Uncommon trap: trap_request=0xffffffc6 fr.pc=0x0000014087d13ff8 relative=0x00000000000007d8
Event: 20.297 Thread 0x00000140fefb86a0 Uncommon trap: reason=bimorphic_or_optimized_type_check action=maybe_recompile pc=0x0000014087d13ff8 method=org.codehaus.groovy.runtime.metaclass.MetaMethodIndex.isOverridden(Lgroovy/lang/MetaMethod;Lgroovy/lang/MetaMethod;)Z @ 37 c2
Event: 20.297 Thread 0x00000140fefb86a0 DEOPT PACKING pc=0x0000014087d13ff8 sp=0x00000020c01f5490
Event: 20.297 Thread 0x00000140fefb86a0 DEOPT UNPACKING pc=0x000001408758699d sp=0x00000020c01f53e8 mode 2
Event: 20.537 Thread 0x00000140fefb86a0 DEOPT PACKING pc=0x000001408056414e sp=0x00000020c01f8430
Event: 20.537 Thread 0x00000140fefb86a0 DEOPT UNPACKING pc=0x0000014087587124 sp=0x00000020c01f78f8 mode 0
Event: 21.557 Thread 0x00000140fefb86a0 Uncommon trap: trap_request=0xffffff45 fr.pc=0x0000014087de0948 relative=0x0000000000000288
Event: 21.557 Thread 0x00000140fefb86a0 Uncommon trap: reason=unstable_if action=reinterpret pc=0x0000014087de0948 method=java.io.WinNTFileSystem.prefixLength(Ljava/lang/String;)I @ 11 c2
Event: 21.557 Thread 0x00000140fefb86a0 DEOPT PACKING pc=0x0000014087de0948 sp=0x00000020c01f8bb0
Event: 21.557 Thread 0x00000140fefb86a0 DEOPT UNPACKING pc=0x000001408758699d sp=0x00000020c01f8b30 mode 2

Classes unloaded (0 events):
No events

Classes redefined (0 events):
No events

Internal exceptions (20 events):
Event: 20.431 Thread 0x00000140fefb86a0 Exception <a 'java/lang/ClassNotFoundException'{0x0000000089f79528}: build_3imkh2cbbct9ynqg9r369w67a$_run_closure1$_closure4BeanInfo> (0x0000000089f79528) 
thrown [s\src\hotspot\share\classfile\systemDictionary.cpp, line 256]
Event: 20.431 Thread 0x00000140fefb86a0 Exception <a 'java/lang/ClassNotFoundException'{0x0000000089f844c0}: build_3imkh2cbbct9ynqg9r369w67a$_run_closure1$_closure4Customizer> (0x0000000089f844c0) 
thrown [s\src\hotspot\share\classfile\systemDictionary.cpp, line 256]
Event: 20.436 Thread 0x00000140fefb86a0 Exception <a 'java/lang/ClassNotFoundException'{0x0000000089fa80d8}: build_3imkh2cbbct9ynqg9r369w67a$_run_closure1BeanInfo> (0x0000000089fa80d8) 
thrown [s\src\hotspot\share\classfile\systemDictionary.cpp, line 256]
Event: 20.436 Thread 0x00000140fefb86a0 Exception <a 'java/lang/ClassNotFoundException'{0x0000000089fb2d28}: build_3imkh2cbbct9ynqg9r369w67a$_run_closure1Customizer> (0x0000000089fb2d28) 
thrown [s\src\hotspot\share\classfile\systemDictionary.cpp, line 256]
Event: 20.444 Thread 0x00000140fefb86a0 Exception <a 'java/lang/ClassNotFoundException'{0x0000000089fef108}: org/gradle/api/JavaVersionBeanInfo> (0x0000000089fef108) 
thrown [s\src\hotspot\share\classfile\systemDictionary.cpp, line 256]
Event: 20.446 Thread 0x00000140fefb86a0 Exception <a 'java/lang/ClassNotFoundException'{0x0000000089e04d78}: org/gradle/api/JavaVersionCustomizer> (0x0000000089e04d78) 
thrown [s\src\hotspot\share\classfile\systemDictionary.cpp, line 256]
Event: 20.452 Thread 0x00000140fefb86a0 Exception <a 'java/lang/ClassNotFoundException'{0x0000000089e545b0}: com/android/build/gradle/internal/CompileOptions$AgpDecorated_DecoratedBeanInfo> (0x0000000089e545b0) 
thrown [s\src\hotspot\share\classfile\systemDictionary.cpp, line 256]
Event: 20.452 Thread 0x00000140fefb86a0 Exception <a 'java/lang/ClassNotFoundException'{0x0000000089e60b30}: com/android/build/gradle/internal/CompileOptions$AgpDecoratedBeanInfo> (0x0000000089e60b30) 
thrown [s\src\hotspot\share\classfile\systemDictionary.cpp, line 256]
Event: 20.453 Thread 0x00000140fefb86a0 Exception <a 'java/lang/ClassNotFoundException'{0x0000000089e6d1f0}: com/android/build/gradle/internal/CompileOptionsBeanInfo> (0x0000000089e6d1f0) 
thrown [s\src\hotspot\share\classfile\systemDictionary.cpp, line 256]
Event: 20.453 Thread 0x00000140fefb86a0 Exception <a 'java/lang/ClassNotFoundException'{0x0000000089e79610}: com/android/build/gradle/internal/CompileOptionsCustomizer> (0x0000000089e79610) 
thrown [s\src\hotspot\share\classfile\systemDictionary.cpp, line 256]
Event: 20.455 Thread 0x00000140fefb86a0 Exception <a 'java/lang/ClassNotFoundException'{0x0000000089e923f0}: com/android/build/gradle/internal/CompileOptions$AgpDecoratedCustomizer> (0x0000000089e923f0) 
thrown [s\src\hotspot\share\classfile\systemDictionary.cpp, line 256]
Event: 20.456 Thread 0x00000140fefb86a0 Exception <a 'java/lang/ClassNotFoundException'{0x0000000089eadc68}: com/android/build/gradle/internal/CompileOptions$AgpDecorated_DecoratedCustomizer> (0x0000000089eadc68) 
thrown [s\src\hotspot\share\classfile\systemDictionary.cpp, line 256]
Event: 20.465 Thread 0x00000140fefb86a0 Exception <a 'java/lang/ClassNotFoundException'{0x0000000089d0db38}: org/jetbrains/kotlin/gradle/plugin/AndroidProjectHandler$configureTarget$kotlinOptions$1BeanInfo> (0x0000000089d0db38) 
thrown [s\src\hotspot\share\classfile\systemDictionary.cpp, line 256]
Event: 20.465 Thread 0x00000140fefb86a0 Exception <a 'java/lang/ClassNotFoundException'{0x0000000089d1a480}: org/jetbrains/kotlin/gradle/plugin/AndroidProjectHandler$configureTarget$kotlinOptions$1Customizer> (0x0000000089d1a480) 
thrown [s\src\hotspot\share\classfile\systemDictionary.cpp, line 256]
Event: 20.477 Thread 0x00000140fefb86a0 Exception <a 'java/lang/ClassNotFoundException'{0x0000000089d9d590}: com/android/build/gradle/internal/dsl/ApplicationBuildFeaturesImpl_DecoratedBeanInfo> (0x0000000089d9d590) 
thrown [s\src\hotspot\share\classfile\systemDictionary.cpp, line 256]
Event: 20.478 Thread 0x00000140fefb86a0 Exception <a 'java/lang/ClassNotFoundException'{0x0000000089da9bf8}: com/android/build/gradle/internal/dsl/ApplicationBuildFeaturesImplBeanInfo> (0x0000000089da9bf8) 
thrown [s\src\hotspot\share\classfile\systemDictionary.cpp, line 256]
Event: 20.479 Thread 0x00000140fefb86a0 Exception <a 'java/lang/ClassNotFoundException'{0x0000000089db63b0}: com/android/build/gradle/internal/dsl/BuildFeaturesImplBeanInfo> (0x0000000089db63b0) 
thrown [s\src\hotspot\share\classfile\systemDictionary.cpp, line 256]
Event: 20.480 Thread 0x00000140fefb86a0 Exception <a 'java/lang/ClassNotFoundException'{0x0000000089dc28d8}: com/android/build/gradle/internal/dsl/BuildFeaturesImplCustomizer> (0x0000000089dc28d8) 
thrown [s\src\hotspot\share\classfile\systemDictionary.cpp, line 256]
Event: 20.482 Thread 0x00000140fefb86a0 Exception <a 'java/lang/ClassNotFoundException'{0x0000000089ddaa40}: com/android/build/gradle/internal/dsl/ApplicationBuildFeaturesImplCustomizer> (0x0000000089ddaa40) 
thrown [s\src\hotspot\share\classfile\systemDictionary.cpp, line 256]
Event: 20.483 Thread 0x00000140fefb86a0 Exception <a 'java/lang/ClassNotFoundException'{0x0000000089ded0c0}: com/android/build/gradle/internal/dsl/ApplicationBuildFeaturesImpl_DecoratedCustomizer> (0x0000000089ded0c0) 
thrown [s\src\hotspot\share\classfile\systemDictionary.cpp, line 256]

VM Operations (20 events):
Event: 18.113 Executing VM operation: Cleanup
Event: 18.114 Executing VM operation: Cleanup done
Event: 18.915 Executing VM operation: HandshakeAllThreads
Event: 18.915 Executing VM operation: HandshakeAllThreads done
Event: 19.555 Executing VM operation: G1CollectForAllocation
Event: 19.574 Executing VM operation: G1CollectForAllocation done
Event: 19.759 Executing VM operation: CollectForMetadataAllocation
Event: 19.770 Executing VM operation: CollectForMetadataAllocation done
Event: 19.934 Executing VM operation: G1Concurrent
Event: 19.942 Executing VM operation: G1Concurrent done
Event: 20.008 Executing VM operation: G1Concurrent
Event: 20.008 Executing VM operation: G1Concurrent done
Event: 20.602 Executing VM operation: HandshakeAllThreads
Event: 20.602 Executing VM operation: HandshakeAllThreads done
Event: 21.606 Executing VM operation: Cleanup
Event: 21.612 Executing VM operation: Cleanup done
Event: 21.778 Executing VM operation: G1CollectForAllocation
Event: 21.799 Executing VM operation: G1CollectForAllocation done
Event: 21.927 Executing VM operation: G1CollectForAllocation
Event: 21.968 Executing VM operation: G1CollectForAllocation done

Events (20 events):
Event: 18.981 loading class org/xml/sax/ErrorHandler
Event: 18.981 loading class org/xml/sax/ErrorHandler done
Event: 18.981 loading class org/xml/sax/DTDHandler
Event: 18.981 loading class org/xml/sax/DTDHandler done
Event: 18.998 loading class java/util/Spliterators$IntArraySpliterator
Event: 18.998 loading class java/util/Spliterators$IntArraySpliterator done
Event: 19.006 loading class java/text/ParsePosition
Event: 19.006 loading class java/text/ParsePosition done
Event: 19.023 loading class java/text/CharacterIterator
Event: 19.023 loading class java/text/CharacterIterator done
Event: 19.023 loading class java/text/StringCharacterIterator
Event: 19.024 loading class java/text/StringCharacterIterator done
Event: 19.145 loading class java/time/format/DateTimeFormatterBuilder$WeekBasedFieldPrinterParser
Event: 19.145 loading class java/time/format/DateTimeFormatterBuilder$WeekBasedFieldPrinterParser done
Event: 19.182 loading class com/sun/jmx/mbeanserver/StandardMBeanSupport
Event: 19.182 loading class com/sun/jmx/mbeanserver/StandardMBeanSupport done
Event: 19.182 loading class com/sun/jmx/mbeanserver/StandardMBeanIntrospector
Event: 19.183 loading class com/sun/jmx/mbeanserver/StandardMBeanIntrospector done
Event: 20.255 loading class java/beans/IntrospectionException
Event: 20.255 loading class java/beans/IntrospectionException done


Dynamic libraries:
0x00007ff7d99d0000 - 0x00007ff7d99da000 	C:\Program Files\Android\Android Studio\jbr\bin\java.exe
0x00007ff8b72f0000 - 0x00007ff8b74e8000 	C:\Windows\SYSTEM32\ntdll.dll
0x00007ff8b68d0000 - 0x00007ff8b698d000 	C:\Windows\System32\KERNEL32.DLL
0x00007ff8b4fb0000 - 0x00007ff8b52a6000 	C:\Windows\System32\KERNELBASE.dll
0x00007ff8b4d80000 - 0x00007ff8b4e80000 	C:\Windows\System32\ucrtbase.dll
0x00007ff84a8d0000 - 0x00007ff84a8e7000 	C:\Program Files\Android\Android Studio\jbr\bin\jli.dll
0x00007ff8adf90000 - 0x00007ff8adfab000 	C:\Program Files\Android\Android Studio\jbr\bin\VCRUNTIME140.dll
0x00007ff8b64b0000 - 0x00007ff8b664e000 	C:\Windows\System32\USER32.dll
0x00007ff8a7eb0000 - 0x00007ff8a814a000 	C:\Windows\WinSxS\amd64_microsoft.windows.common-controls_6595b64144ccf1df_6.0.19041.3636_none_60b6a03d71f818d5\COMCTL32.dll
0x00007ff8b4b30000 - 0x00007ff8b4b52000 	C:\Windows\System32\win32u.dll
0x00007ff8b6fb0000 - 0x00007ff8b704e000 	C:\Windows\System32\msvcrt.dll
0x00007ff8b6cf0000 - 0x00007ff8b6d1c000 	C:\Windows\System32\GDI32.dll
0x00007ff8b4c60000 - 0x00007ff8b4d7a000 	C:\Windows\System32\gdi32full.dll
0x00007ff8b4e80000 - 0x00007ff8b4f1d000 	C:\Windows\System32\msvcp_win.dll
0x00007ff8b5fa0000 - 0x00007ff8b5fd0000 	C:\Windows\System32\IMM32.DLL
0x00007ff8b0a10000 - 0x00007ff8b0a1c000 	C:\Program Files\Android\Android Studio\jbr\bin\vcruntime140_1.dll
0x00007ff8a1240000 - 0x00007ff8a12cd000 	C:\Program Files\Android\Android Studio\jbr\bin\msvcp140.dll
0x00007ff84b2e0000 - 0x00007ff84bf4e000 	C:\Program Files\Android\Android Studio\jbr\bin\server\jvm.dll
0x00007ff8b6e30000 - 0x00007ff8b6edf000 	C:\Windows\System32\ADVAPI32.dll
0x00007ff8b5f00000 - 0x00007ff8b5f9c000 	C:\Windows\System32\sechost.dll
0x00007ff8b5350000 - 0x00007ff8b5476000 	C:\Windows\System32\RPCRT4.dll
0x00007ff8593e0000 - 0x00007ff8593e9000 	C:\Windows\SYSTEM32\WSOCK32.dll
0x00007ff8acee0000 - 0x00007ff8acf07000 	C:\Windows\SYSTEM32\WINMM.dll
0x00007ff8b6440000 - 0x00007ff8b64ab000 	C:\Windows\System32\WS2_32.dll
0x00007ff8a4690000 - 0x00007ff8a469a000 	C:\Windows\SYSTEM32\VERSION.dll
0x00007ff8b2890000 - 0x00007ff8b28a2000 	C:\Windows\SYSTEM32\kernel.appcore.dll
0x00007ff858ed0000 - 0x00007ff858eda000 	C:\Program Files\Android\Android Studio\jbr\bin\jimage.dll
0x00007ff8a0ba0000 - 0x00007ff8a0d84000 	C:\Windows\SYSTEM32\DBGHELP.DLL
0x00007ff8a36c0000 - 0x00007ff8a36f4000 	C:\Windows\SYSTEM32\dbgcore.DLL
0x00007ff8b4f20000 - 0x00007ff8b4fa2000 	C:\Windows\System32\bcryptPrimitives.dll
0x00007ff856880000 - 0x00007ff8568a5000 	C:\Program Files\Android\Android Studio\jbr\bin\java.dll
0x00007ff856860000 - 0x00007ff856878000 	C:\Program Files\Android\Android Studio\jbr\bin\zip.dll
0x00007ff8b5560000 - 0x00007ff8b5ca4000 	C:\Windows\System32\SHELL32.dll
0x00007ff8b2a90000 - 0x00007ff8b322b000 	C:\Windows\SYSTEM32\windows.storage.dll
0x00007ff8b6990000 - 0x00007ff8b6ce4000 	C:\Windows\System32\combase.dll
0x00007ff8b4410000 - 0x00007ff8b443d000 	C:\Windows\SYSTEM32\Wldp.dll
0x00007ff8b6730000 - 0x00007ff8b67dd000 	C:\Windows\System32\SHCORE.dll
0x00007ff8b54a0000 - 0x00007ff8b54f5000 	C:\Windows\System32\shlwapi.dll
0x00007ff8b4900000 - 0x00007ff8b4925000 	C:\Windows\SYSTEM32\profapi.dll
0x00007ff84aee0000 - 0x00007ff84aef9000 	C:\Program Files\Android\Android Studio\jbr\bin\net.dll
0x00007ff8ad6f0000 - 0x00007ff8ad7fa000 	C:\Windows\SYSTEM32\WINHTTP.dll
0x00007ff8b4100000 - 0x00007ff8b416a000 	C:\Windows\system32\mswsock.dll
0x00007ff84aec0000 - 0x00007ff84aed6000 	C:\Program Files\Android\Android Studio\jbr\bin\nio.dll
0x00007ff84aac0000 - 0x00007ff84aad0000 	C:\Program Files\Android\Android Studio\jbr\bin\verify.dll
0x00007ff8a71c0000 - 0x00007ff8a71e7000 	C:\Users\CHEBICHEB KHEIREDDIN\.gradle\native\e1d6ef7f7dcc3fd88c89a11ec53ec762bb8ba0a96d01ffa2cd45eb1d1d8dd5c5\windows-amd64\native-platform.dll
0x00007ff898060000 - 0x00007ff8981a4000 	C:\Users\CHEBICHEB KHEIREDDIN\.gradle\native\0d407fdbe67a94daf76414ababcb853783967236a71b16ec16e742cd7a986fd3\windows-amd64\native-platform-file-events.dll
0x00007ff84aa70000 - 0x00007ff84aa79000 	C:\Program Files\Android\Android Studio\jbr\bin\management.dll
0x00007ff84aa60000 - 0x00007ff84aa6b000 	C:\Program Files\Android\Android Studio\jbr\bin\management_ext.dll
0x00007ff8b5480000 - 0x00007ff8b5488000 	C:\Windows\System32\PSAPI.DLL
0x00007ff8b4370000 - 0x00007ff8b4388000 	C:\Windows\SYSTEM32\CRYPTSP.dll
0x00007ff8b39d0000 - 0x00007ff8b3a04000 	C:\Windows\system32\rsaenh.dll
0x00007ff8b52b0000 - 0x00007ff8b52d7000 	C:\Windows\System32\bcrypt.dll
0x00007ff8b48c0000 - 0x00007ff8b48ee000 	C:\Windows\SYSTEM32\USERENV.dll
0x00007ff8b4360000 - 0x00007ff8b436c000 	C:\Windows\SYSTEM32\CRYPTBASE.dll
0x00007ff8b3df0000 - 0x00007ff8b3e2b000 	C:\Windows\SYSTEM32\IPHLPAPI.DLL
0x00007ff8b5490000 - 0x00007ff8b5498000 	C:\Windows\System32\NSI.dll
0x00007ff8ae6c0000 - 0x00007ff8ae6d7000 	C:\Windows\SYSTEM32\dhcpcsvc6.DLL
0x00007ff8ae660000 - 0x00007ff8ae67d000 	C:\Windows\SYSTEM32\dhcpcsvc.DLL
0x00007ff8b3e30000 - 0x00007ff8b3efa000 	C:\Windows\SYSTEM32\DNSAPI.dll
0x00007ff896420000 - 0x00007ff896427000 	C:\Windows\system32\wshunix.dll

dbghelp: loaded successfully - version: 4.0.5 - missing functions: none
symbol engine: initialized successfully - sym options: 0x614 - pdb path: .;C:\Program Files\Android\Android Studio\jbr\bin;C:\Windows\SYSTEM32;C:\Windows\WinSxS\amd64_microsoft.windows.common-controls_6595b64144ccf1df_6.0.19041.3636_none_60b6a03d71f818d5;C:\Program Files\Android\Android Studio\jbr\bin\server;C:\Users\CHEBICHEB KHEIREDDIN\.gradle\native\e1d6ef7f7dcc3fd88c89a11ec53ec762bb8ba0a96d01ffa2cd45eb1d1d8dd5c5\windows-amd64;C:\Users\CHEBICHEB KHEIREDDIN\.gradle\native\0d407fdbe67a94daf76414ababcb853783967236a71b16ec16e742cd7a986fd3\windows-amd64

VM Arguments:
jvm_args: --add-opens=java.base/java.util=ALL-UNNAMED --add-opens=java.base/java.lang=ALL-UNNAMED --add-opens=java.base/java.lang.invoke=ALL-UNNAMED --add-opens=java.base/java.util=ALL-UNNAMED --add-opens=java.prefs/java.util.prefs=ALL-UNNAMED --add-opens=java.prefs/java.util.prefs=ALL-UNNAMED --add-opens=java.base/java.nio.charset=ALL-UNNAMED --add-opens=java.base/java.net=ALL-UNNAMED --add-opens=java.base/java.util.concurrent.atomic=ALL-UNNAMED -Xmx2048m -Dfile.encoding=UTF-8 -Duser.country=US -Duser.language=en -Duser.variant 
java_command: org.gradle.launcher.daemon.bootstrap.GradleDaemon 7.5
java_class_path (initial): C:\Users\CHEBICHEB KHEIREDDIN\.gradle\wrapper\dists\gradle-7.5-bin\f1w0cc9nuo0eivz97x2xlu9sv\gradle-7.5\lib\gradle-launcher-7.5.jar
Launcher Type: SUN_STANDARD

[Global flags]
     intx CICompilerCount                          = 3                                         {product} {ergonomic}
     uint ConcGCThreads                            = 1                                         {product} {ergonomic}
     uint G1ConcRefinementThreads                  = 4                                         {product} {ergonomic}
   size_t G1HeapRegionSize                         = 1048576                                   {product} {ergonomic}
    uintx GCDrainStackTargetSize                   = 64                                        {product} {ergonomic}
   size_t InitialHeapSize                          = 132120576                                 {product} {ergonomic}
   size_t MarkStackSize                            = 4194304                                   {product} {ergonomic}
   size_t MaxHeapSize                              = 2147483648                                {product} {command line}
   size_t MaxNewSize                               = 1287651328                                {product} {ergonomic}
   size_t MinHeapDeltaBytes                        = 1048576                                   {product} {ergonomic}
   size_t MinHeapSize                              = 8388608                                   {product} {ergonomic}
    uintx NonNMethodCodeHeapSize                   = 5832780                                {pd product} {ergonomic}
    uintx NonProfiledCodeHeapSize                  = 122912730                              {pd product} {ergonomic}
    uintx ProfiledCodeHeapSize                     = 122912730                              {pd product} {ergonomic}
    uintx ReservedCodeCacheSize                    = 251658240                              {pd product} {ergonomic}
     bool SegmentedCodeCache                       = true                                      {product} {ergonomic}
   size_t SoftMaxHeapSize                          = 2147483648                             {manageable} {ergonomic}
     bool UseCompressedClassPointers               = true                           {product lp64_product} {ergonomic}
     bool UseCompressedOops                        = true                           {product lp64_product} {ergonomic}
     bool UseG1GC                                  = true                                      {product} {ergonomic}
     bool UseLargePagesIndividualAllocation        = false                                  {pd product} {ergonomic}

Logging:
Log output configuration:
 #0: stdout all=warning uptime,level,tags
 #1: stderr all=off uptime,level,tags

Environment Variables:
CLASSPATH=C:\oracle\product\10.2.0\db_1\jdbc\lib
PATH=C:\Program Files (x86)\VMware\VMware Workstation\bin\;C:\Program Files (x86)\Common Files\Oracle\Java\javapath;C:\Program Files\Common Files\Oracle\Java\javapath;C:\Windows\system32;C:\Windows;C:\Windows\System32\Wbem;C:\Windows\System32\WindowsPowerShell\v1.0\;C:\Windows\System32\OpenSSH\;C:\OCaml64\home\YCF\.opam\4.14.0+mingw64c\bin;C:\instantclient-basic\instantclient_12_1;C:\OCaml64\home\YCF\.opam\4.14.0+mingw64c\bin;C:\Program Files\Java\jdk-15.0.1\bin\javaw.exe;C:\OCaml64\usr\local\bin\opam.exe;C:\Program Files\Java\jdk1.8.0_351\bin;C:\Program Files\TortoiseGit\bin;C:\Program Files\Git\cmd;C:\Users\CHEBICHEB KHEIREDDIN\AppData\Local\Programs\Python\Python312\Scripts\;C:\Users\CHEBICHEB KHEIREDDIN\AppData\Local\Programs\Python\Python312\;C:\Users\CHEBICHEB KHEIREDDIN\AppData\Local\Programs\Python\Python310\Scripts\;C:\Users\CHEBICHEB KHEIREDDIN\AppData\Local\Programs\Python\Python310\;C:\Users\CHEBICHEB KHEIREDDIN\AppData\Local\Microsoft\WindowsApps;C:\OCaml64\home\YCF\.opam\4.14.0+mingw64c\bin;C:\Users\CHEBICHEB KHEIREDDIN\AppData\Local\Programs\Microsoft VS Code\bin;C:\OCaml64\home\CHEBICHEBKHEIREDDIN\.opam\4.14.0+mingw64c\bin;C:\Program Files\Java\jdk1.8.0_351\bin;;C:\Program Files\JetBrains\IntelliJ IDEA 2021.3\bin;
USERNAME=CHEBICHEB KHEIREDDIN
OS=Windows_NT
PROCESSOR_IDENTIFIER=Intel64 Family 6 Model 37 Stepping 5, GenuineIntel
TMP=C:\Users\CHEBIC~1\AppData\Local\Temp
TEMP=C:\Users\CHEBIC~1\AppData\Local\Temp


JNI global refs:
JNI global refs: 23, weak refs: 2

JNI global refs memory usage: 843, weak refs: 841


---------------  S Y S T E M  ---------------

OS:
 Windows 10 , 64 bit Build 19041 (10.0.19041.3636)
OS uptime: 0 days 1:02 hours

CPU: total 4 (initial active 4) (2 cores per cpu, 2 threads per core) family 6 model 37 stepping 5 microcode 0x7, cx8, cmov, fxsr, ht, mmx, sse, sse2, sse3, ssse3, sse4.1, sse4.2, popcnt, tsc, tscinvbit, aes, clmul, clflush

Memory: 4k page, system-wide physical 7983M (215M free)
TotalPageFile size 11480M (AvailPageFile size 5M)
current process WorkingSet (physical memory assigned to process): 412M, peak: 412M
current process commit charge ("private bytes"): 446M, peak: 447M

vm_info: OpenJDK 64-Bit Server VM (17.0.6+0-b2043.56-10027231) for windows-amd64 JRE (17.0.6+0-b2043.56-10027231), built on Apr 28 2023 00:43:19 by "androidbuild" with MS VC++ 16.10 / 16.11 (VS2019)

END.
