#
# There is insufficient memory for the Java Runtime Environment to continue.
# Native memory allocation (mmap) failed to map 1835008 bytes for G1 virtual space
# Possible reasons:
#   The system is out of physical RAM or swap space
#   The process is running with CompressedOops enabled, and the Java Heap may be blocking the growth of the native heap
# Possible solutions:
#   Reduce memory load on the system
#   Increase physical memory or swap space
#   Check if swap backing store is full
#   Decrease Java heap size (-Xmx/-Xms)
#   Decrease number of Java threads
#   Decrease Java thread stack sizes (-Xss)
#   Set larger code cache with -XX:ReservedCodeCacheSize=
#   JVM is running with Unscaled Compressed Oops mode in which the Java heap is
#     placed in the first 4GB address space. The Java Heap base address is the
#     maximum limit for the native heap growth. Please use -XX:HeapBaseMinAddress
#     to set the Java Heap base and to place the Java Heap above 4GB virtual address.
# This output file may be truncated or incomplete.
#
#  Out of Memory Error (os_windows.cpp:3769), pid=9964, tid=10044
#
# JRE version: OpenJDK Runtime Environment (17.0.6) (build 17.0.6+0-b2043.56-10027231)
# Java VM: OpenJDK 64-Bit Server VM (17.0.6+0-b2043.56-10027231, mixed mode, tiered, compressed oops, compressed class ptrs, g1 gc, windows-amd64)
# No core dump will be written. Minidumps are not enabled by default on client versions of Windows
#

---------------  S U M M A R Y ------------

Command Line: --add-opens=java.base/java.util=ALL-UNNAMED --add-opens=java.base/java.lang=ALL-UNNAMED --add-opens=java.base/java.lang.invoke=ALL-UNNAMED --add-opens=java.base/java.util=ALL-UNNAMED --add-opens=java.prefs/java.util.prefs=ALL-UNNAMED --add-opens=java.prefs/java.util.prefs=ALL-UNNAMED --add-opens=java.base/java.nio.charset=ALL-UNNAMED --add-opens=java.base/java.net=ALL-UNNAMED --add-opens=java.base/java.util.concurrent.atomic=ALL-UNNAMED -Xmx2048m -Dfile.encoding=UTF-8 -Duser.country=US -Duser.language=en -Duser.variant org.gradle.launcher.daemon.bootstrap.GradleDaemon 7.5

Host: Intel(R) Core(TM) i5 CPU       M 520  @ 2.40GHz, 4 cores, 7G,  Windows 10 , 64 bit Build 19041 (10.0.19041.3636)
Time: Tue Dec 12 02:34:56 2023 W. Europe Standard Time elapsed time: 15.747179 seconds (0d 0h 0m 15s)

---------------  T H R E A D  ---------------

Current thread (0x00000108c101efb0):  VMThread "VM Thread" [stack: 0x00000007ee400000,0x00000007ee500000] [id=10044]

Stack: [0x00000007ee400000,0x00000007ee500000]
Native frames: (J=compiled Java code, j=interpreted, Vv=VM code, C=native code)
V  [jvm.dll+0x683c9a]
V  [jvm.dll+0x8427a4]
V  [jvm.dll+0x843f9e]
V  [jvm.dll+0x844603]
V  [jvm.dll+0x249b75]
V  [jvm.dll+0x680b69]
V  [jvm.dll+0x67505a]
V  [jvm.dll+0x309acb]
V  [jvm.dll+0x310f86]
V  [jvm.dll+0x360918]
V  [jvm.dll+0x360b1f]
V  [jvm.dll+0x2dfbf8]
V  [jvm.dll+0x2ddec4]
V  [jvm.dll+0x2dd4cc]
V  [jvm.dll+0x321f3b]
V  [jvm.dll+0x848ccb]
V  [jvm.dll+0x849a04]
V  [jvm.dll+0x849f1d]
V  [jvm.dll+0x84a2f4]
V  [jvm.dll+0x84a3c0]
V  [jvm.dll+0x7f274a]
V  [jvm.dll+0x682ad5]
C  [ucrtbase.dll+0x21bb2]
C  [KERNEL32.DLL+0x17344]
C  [ntdll.dll+0x526b1]

VM_Operation (0x00000007efaf5d40): G1CollectForAllocation, mode: safepoint, requested by thread 0x00000108c237d9f0


---------------  P R O C E S S  ---------------

Threads class SMR info:
_java_thread_list=0x00000108c6d38d30, length=80, elements={
0x00000108a715cb10, 0x00000108c074f0a0, 0x00000108c074fe20, 0x00000108c10441a0,
0x00000108c1045c70, 0x00000108c1057030, 0x00000108c1059d00, 0x00000108c10622d0,
0x00000108c106ac90, 0x00000108c1076580, 0x00000108c11c9480, 0x00000108c11c9d60,
0x00000108c3e17da0, 0x00000108c2593820, 0x00000108c287a6b0, 0x00000108c3afb1a0,
0x00000108c2ca8120, 0x00000108c237e860, 0x00000108c237d9f0, 0x00000108c237c6b0,
0x00000108c237f200, 0x00000108c237c1e0, 0x00000108c237fba0, 0x00000108c237e390,
0x00000108c237cb80, 0x00000108c1a432b0, 0x00000108c237d520, 0x00000108c237dec0,
0x00000108c186b990, 0x00000108c18701c0, 0x00000108c186d1a0, 0x00000108c186e9b0,
0x00000108c186be60, 0x00000108c186aff0, 0x00000108c186ab20, 0x00000108c186c330,
0x00000108c1870690, 0x00000108c186e4e0, 0x00000108c186e010, 0x00000108c1871ea0,
0x00000108c186f350, 0x00000108c1871030, 0x00000108c590b3c0, 0x00000108c590aa20,
0x00000108c590e8b0, 0x00000108c5907ed0, 0x00000108c590a550, 0x00000108c590d0a0,
0x00000108c5907530, 0x00000108c590e3e0, 0x00000108c590c230, 0x00000108c5907a00,
0x00000108c5907060, 0x00000108c590bd60, 0x00000108c590a080, 0x00000108c5909bb0,
0x00000108c5908870, 0x00000108c590cbd0, 0x00000108c59083a0, 0x00000108c5909210,
0x00000108c590aef0, 0x00000108c590b890, 0x00000108c590c700, 0x00000108c590d570,
0x00000108c590da40, 0x00000108c590df10, 0x00000108c59096e0, 0x00000108c5908d40,
0x00000108c2004680, 0x00000108c1ffefe0, 0x00000108c1fff980, 0x00000108c2003810,
0x00000108c20007f0, 0x00000108c2000cc0, 0x00000108c1fffe50, 0x00000108c2005e90,
0x00000108c2000320, 0x00000108c1fff4b0, 0x00000108c2003ce0, 0x00000108c20024d0
}

Java Threads: ( => current thread )
  0x00000108a715cb10 JavaThread "main" [_thread_blocked, id=3696, stack(0x00000007ede00000,0x00000007edf00000)]
  0x00000108c074f0a0 JavaThread "Reference Handler" daemon [_thread_blocked, id=764, stack(0x00000007ee500000,0x00000007ee600000)]
  0x00000108c074fe20 JavaThread "Finalizer" daemon [_thread_blocked, id=11348, stack(0x00000007ee600000,0x00000007ee700000)]
  0x00000108c10441a0 JavaThread "Signal Dispatcher" daemon [_thread_blocked, id=10600, stack(0x00000007ee700000,0x00000007ee800000)]
  0x00000108c1045c70 JavaThread "Attach Listener" daemon [_thread_blocked, id=5592, stack(0x00000007ee800000,0x00000007ee900000)]
  0x00000108c1057030 JavaThread "Service Thread" daemon [_thread_blocked, id=7196, stack(0x00000007ee900000,0x00000007eea00000)]
  0x00000108c1059d00 JavaThread "Monitor Deflation Thread" daemon [_thread_blocked, id=10016, stack(0x00000007eea00000,0x00000007eeb00000)]
  0x00000108c10622d0 JavaThread "C2 CompilerThread0" daemon [_thread_in_native, id=9600, stack(0x00000007eeb00000,0x00000007eec00000)]
  0x00000108c106ac90 JavaThread "C1 CompilerThread0" daemon [_thread_blocked, id=4256, stack(0x00000007eec00000,0x00000007eed00000)]
  0x00000108c1076580 JavaThread "Sweeper thread" daemon [_thread_blocked, id=6496, stack(0x00000007eed00000,0x00000007eee00000)]
  0x00000108c11c9480 JavaThread "Common-Cleaner" daemon [_thread_blocked, id=6752, stack(0x00000007eee00000,0x00000007eef00000)]
  0x00000108c11c9d60 JavaThread "Notification Thread" daemon [_thread_blocked, id=8628, stack(0x00000007eef00000,0x00000007ef000000)]
  0x00000108c3e17da0 JavaThread "Daemon health stats" [_thread_blocked, id=10772, stack(0x00000007ef500000,0x00000007ef600000)]
  0x00000108c2593820 JavaThread "Incoming local TCP Connector on port 51063" [_thread_in_native, id=1140, stack(0x00000007ef100000,0x00000007ef200000)]
  0x00000108c287a6b0 JavaThread "Daemon periodic checks" [_thread_blocked, id=9524, stack(0x00000007ef600000,0x00000007ef700000)]
  0x00000108c3afb1a0 JavaThread "Daemon" [_thread_blocked, id=9520, stack(0x00000007ef700000,0x00000007ef800000)]
  0x00000108c2ca8120 JavaThread "Handler for socket connection from /127.0.0.1:51063 to /127.0.0.1:51064" [_thread_in_native, id=5544, stack(0x00000007ef800000,0x00000007ef900000)]
  0x00000108c237e860 JavaThread "Cancel handler" [_thread_blocked, id=3144, stack(0x00000007ef900000,0x00000007efa00000)]
  0x00000108c237d9f0 JavaThread "Daemon worker" [_thread_blocked, id=12040, stack(0x00000007efa00000,0x00000007efb00000)]
  0x00000108c237c6b0 JavaThread "Asynchronous log dispatcher for DefaultDaemonConnection: socket connection from /127.0.0.1:51063 to /127.0.0.1:51064" [_thread_blocked, id=6916, stack(0x00000007efc00000,0x00000007efd00000)]
  0x00000108c237f200 JavaThread "Stdin handler" [_thread_blocked, id=7820, stack(0x00000007efd00000,0x00000007efe00000)]
  0x00000108c237c1e0 JavaThread "Daemon client event forwarder" [_thread_blocked, id=7264, stack(0x00000007efe00000,0x00000007eff00000)]
  0x00000108c237fba0 JavaThread "Cache worker for journal cache (C:\Users\CHEBICHEB KHEIREDDIN\.gradle\caches\journal-1)" [_thread_blocked, id=7748, stack(0x00000007eff00000,0x00000007f0000000)]
  0x00000108c237e390 JavaThread "File lock request listener" [_thread_in_native, id=8500, stack(0x00000007f0000000,0x00000007f0100000)]
  0x00000108c237cb80 JavaThread "Cache worker for file hash cache (C:\Users\CHEBICHEB KHEIREDDIN\.gradle\caches\7.5\fileHashes)" [_thread_blocked, id=2764, stack(0x00000007efb00000,0x00000007efc00000)]
  0x00000108c1a432b0 JavaThread "C2 CompilerThread1" daemon [_thread_in_native, id=8344, stack(0x00000007f0100000,0x00000007f0200000)]
  0x00000108c237d520 JavaThread "File watcher server" daemon [_thread_in_native, id=9080, stack(0x00000007f0200000,0x00000007f0300000)]
  0x00000108c237dec0 JavaThread "File watcher consumer" daemon [_thread_blocked, id=7696, stack(0x00000007f0300000,0x00000007f0400000)]
  0x00000108c186b990 JavaThread "jar transforms" [_thread_blocked, id=10640, stack(0x00000007f0400000,0x00000007f0500000)]
  0x00000108c18701c0 JavaThread "jar transforms Thread 2" [_thread_blocked, id=584, stack(0x00000007f0500000,0x00000007f0600000)]
  0x00000108c186d1a0 JavaThread "jar transforms Thread 3" [_thread_blocked, id=3520, stack(0x00000007f0600000,0x00000007f0700000)]
  0x00000108c186e9b0 JavaThread "jar transforms Thread 4" [_thread_blocked, id=9824, stack(0x00000007f0700000,0x00000007f0800000)]
  0x00000108c186be60 JavaThread "Cache worker for checksums cache (C:\Users\CHEBICHEB KHEIREDDIN\Desktop\GL2 S1 cour et td\Dev Mobile App\Practice6A-NavigationDrawer\.gradle\7.5\checksums)" [_thread_blocked, id=9864, stack(0x00000007f0800000,0x00000007f0900000)]
  0x00000108c186aff0 JavaThread "Cache worker for cache directory md-rule (C:\Users\CHEBICHEB KHEIREDDIN\.gradle\caches\7.5\md-rule)" [_thread_blocked, id=8736, stack(0x00000007f0900000,0x00000007f0a00000)]
  0x00000108c186ab20 JavaThread "Cache worker for file content cache (C:\Users\CHEBICHEB KHEIREDDIN\.gradle\caches\7.5\fileContent)" [_thread_blocked, id=10012, stack(0x00000007f0a00000,0x00000007f0b00000)]
  0x00000108c186c330 JavaThread "Cache worker for file hash cache (C:\Users\CHEBICHEB KHEIREDDIN\Desktop\GL2 S1 cour et td\Dev Mobile App\Practice6A-NavigationDrawer\.gradle\7.5\fileHashes)" [_thread_blocked, id=3364, stack(0x00000007f0b00000,0x00000007f0c00000)]
  0x00000108c1870690 JavaThread "Cache worker for cache directory md-supplier (C:\Users\CHEBICHEB KHEIREDDIN\.gradle\caches\7.5\md-supplier)" [_thread_blocked, id=2932, stack(0x00000007f0c00000,0x00000007f0d00000)]
  0x00000108c186e4e0 JavaThread "Cache worker for execution history cache (C:\Users\CHEBICHEB KHEIREDDIN\.gradle\caches\7.5\executionHistory)" [_thread_blocked, id=3860, stack(0x00000007f0d00000,0x00000007f0e00000)]
  0x00000108c186e010 JavaThread "Cache worker for dependencies-accessors (C:\Users\CHEBICHEB KHEIREDDIN\Desktop\GL2 S1 cour et td\Dev Mobile App\Practice6A-NavigationDrawer\.gradle\7.5\dependencies-accessors)" [_thread_blocked, id=8328, stack(0x00000007f0e00000,0x00000007f0f00000)]
  0x00000108c1871ea0 JavaThread "Cache worker for Build Output Cleanup Cache (C:\Users\CHEBICHEB KHEIREDDIN\Desktop\GL2 S1 cour et td\Dev Mobile App\Practice6A-NavigationDrawer\.gradle\buildOutputCleanup)" [_thread_blocked, id=8936, stack(0x00000007f0f00000,0x00000007f1000000)]
  0x00000108c186f350 JavaThread "Unconstrained build operations" [_thread_blocked, id=1932, stack(0x00000007f1000000,0x00000007f1100000)]
  0x00000108c1871030 JavaThread "Unconstrained build operations Thread 2" [_thread_blocked, id=10148, stack(0x00000007f1100000,0x00000007f1200000)]
  0x00000108c590b3c0 JavaThread "Unconstrained build operations Thread 3" [_thread_blocked, id=668, stack(0x00000007f1200000,0x00000007f1300000)]
  0x00000108c590aa20 JavaThread "Unconstrained build operations Thread 4" [_thread_blocked, id=8208, stack(0x00000007f1300000,0x00000007f1400000)]
  0x00000108c590e8b0 JavaThread "Unconstrained build operations Thread 5" [_thread_blocked, id=1416, stack(0x00000007f1400000,0x00000007f1500000)]
  0x00000108c5907ed0 JavaThread "Unconstrained build operations Thread 6" [_thread_blocked, id=2228, stack(0x00000007f1500000,0x00000007f1600000)]
  0x00000108c590a550 JavaThread "Unconstrained build operations Thread 7" [_thread_blocked, id=5528, stack(0x00000007f1600000,0x00000007f1700000)]
  0x00000108c590d0a0 JavaThread "Unconstrained build operations Thread 8" [_thread_blocked, id=1980, stack(0x00000007f1700000,0x00000007f1800000)]
  0x00000108c5907530 JavaThread "Unconstrained build operations Thread 9" [_thread_blocked, id=2280, stack(0x00000007f1800000,0x00000007f1900000)]
  0x00000108c590e3e0 JavaThread "Unconstrained build operations Thread 10" [_thread_blocked, id=8740, stack(0x00000007f1900000,0x00000007f1a00000)]
  0x00000108c590c230 JavaThread "Unconstrained build operations Thread 11" [_thread_blocked, id=3280, stack(0x00000007f1a00000,0x00000007f1b00000)]
  0x00000108c5907a00 JavaThread "Unconstrained build operations Thread 12" [_thread_blocked, id=8916, stack(0x00000007f1b00000,0x00000007f1c00000)]
  0x00000108c5907060 JavaThread "Unconstrained build operations Thread 13" [_thread_blocked, id=6104, stack(0x00000007f1c00000,0x00000007f1d00000)]
  0x00000108c590bd60 JavaThread "Unconstrained build operations Thread 14" [_thread_blocked, id=9652, stack(0x00000007f1d00000,0x00000007f1e00000)]
  0x00000108c590a080 JavaThread "Unconstrained build operations Thread 15" [_thread_blocked, id=4676, stack(0x00000007f1e00000,0x00000007f1f00000)]
  0x00000108c5909bb0 JavaThread "Unconstrained build operations Thread 16" [_thread_blocked, id=9464, stack(0x00000007f1f00000,0x00000007f2000000)]
  0x00000108c5908870 JavaThread "Unconstrained build operations Thread 17" [_thread_blocked, id=11596, stack(0x00000007f2000000,0x00000007f2100000)]
  0x00000108c590cbd0 JavaThread "Unconstrained build operations Thread 18" [_thread_blocked, id=1548, stack(0x00000007f2100000,0x00000007f2200000)]
  0x00000108c59083a0 JavaThread "Unconstrained build operations Thread 19" [_thread_blocked, id=9160, stack(0x00000007f2200000,0x00000007f2300000)]
  0x00000108c5909210 JavaThread "Unconstrained build operations Thread 20" [_thread_blocked, id=11932, stack(0x00000007f2300000,0x00000007f2400000)]
  0x00000108c590aef0 JavaThread "Unconstrained build operations Thread 21" [_thread_blocked, id=8128, stack(0x00000007f2400000,0x00000007f2500000)]
  0x00000108c590b890 JavaThread "Unconstrained build operations Thread 22" [_thread_blocked, id=812, stack(0x00000007f2500000,0x00000007f2600000)]
  0x00000108c590c700 JavaThread "Unconstrained build operations Thread 23" [_thread_blocked, id=4216, stack(0x00000007f2600000,0x00000007f2700000)]
  0x00000108c590d570 JavaThread "Unconstrained build operations Thread 24" [_thread_blocked, id=8832, stack(0x00000007f2700000,0x00000007f2800000)]
  0x00000108c590da40 JavaThread "Unconstrained build operations Thread 25" [_thread_blocked, id=796, stack(0x00000007f2800000,0x00000007f2900000)]
  0x00000108c590df10 JavaThread "Unconstrained build operations Thread 26" [_thread_blocked, id=5224, stack(0x00000007f2900000,0x00000007f2a00000)]
  0x00000108c59096e0 JavaThread "Unconstrained build operations Thread 27" [_thread_blocked, id=10164, stack(0x00000007f2a00000,0x00000007f2b00000)]
  0x00000108c5908d40 JavaThread "Unconstrained build operations Thread 28" [_thread_blocked, id=2840, stack(0x00000007f2b00000,0x00000007f2c00000)]
  0x00000108c2004680 JavaThread "Unconstrained build operations Thread 29" [_thread_blocked, id=10108, stack(0x00000007f2c00000,0x00000007f2d00000)]
  0x00000108c1ffefe0 JavaThread "Unconstrained build operations Thread 30" [_thread_blocked, id=4340, stack(0x00000007f2d00000,0x00000007f2e00000)]
  0x00000108c1fff980 JavaThread "Unconstrained build operations Thread 31" [_thread_blocked, id=12264, stack(0x00000007f2e00000,0x00000007f2f00000)]
  0x00000108c2003810 JavaThread "Unconstrained build operations Thread 32" [_thread_blocked, id=6360, stack(0x00000007f2f00000,0x00000007f3000000)]
  0x00000108c20007f0 JavaThread "Unconstrained build operations Thread 33" [_thread_blocked, id=5988, stack(0x00000007f3000000,0x00000007f3100000)]
  0x00000108c2000cc0 JavaThread "Unconstrained build operations Thread 34" [_thread_blocked, id=3496, stack(0x00000007f3100000,0x00000007f3200000)]
  0x00000108c1fffe50 JavaThread "Unconstrained build operations Thread 35" [_thread_blocked, id=4620, stack(0x00000007f3200000,0x00000007f3300000)]
  0x00000108c2005e90 JavaThread "Unconstrained build operations Thread 36" [_thread_blocked, id=9192, stack(0x00000007f3300000,0x00000007f3400000)]
  0x00000108c2000320 JavaThread "Unconstrained build operations Thread 37" [_thread_blocked, id=10556, stack(0x00000007f3400000,0x00000007f3500000)]
  0x00000108c1fff4b0 JavaThread "Unconstrained build operations Thread 38" [_thread_blocked, id=12280, stack(0x00000007f3500000,0x00000007f3600000)]
  0x00000108c2003ce0 JavaThread "Unconstrained build operations Thread 39" [_thread_blocked, id=7292, stack(0x00000007f3600000,0x00000007f3700000)]
  0x00000108c20024d0 JavaThread "Unconstrained build operations Thread 40" [_thread_blocked, id=11160, stack(0x00000007f3700000,0x00000007f3800000)]

Other Threads:
=>0x00000108c101efb0 VMThread "VM Thread" [stack: 0x00000007ee400000,0x00000007ee500000] [id=10044]
  0x00000108a71d9230 WatcherThread [stack: 0x00000007ef000000,0x00000007ef100000] [id=10660]
  0x00000108a71bbc70 GCTaskThread "GC Thread#0" [stack: 0x00000007edf00000,0x00000007ee000000] [id=1924]
  0x00000108c1a7e9d0 GCTaskThread "GC Thread#1" [stack: 0x00000007ef200000,0x00000007ef300000] [id=9408]
  0x00000108c13fec40 GCTaskThread "GC Thread#2" [stack: 0x00000007ef300000,0x00000007ef400000] [id=11576]
  0x00000108c2467dd0 GCTaskThread "GC Thread#3" [stack: 0x00000007ef400000,0x00000007ef500000] [id=5764]
  0x00000108a71ccac0 ConcurrentGCThread "G1 Main Marker" [stack: 0x00000007ee000000,0x00000007ee100000] [id=5288]
  0x00000108a71cdb80 ConcurrentGCThread "G1 Conc#0" [stack: 0x00000007ee100000,0x00000007ee200000] [id=3668]
  0x00000108a722e4e0 ConcurrentGCThread "G1 Refine#0" [stack: 0x00000007ee200000,0x00000007ee300000] [id=6648]
  0x00000108c05b0150 ConcurrentGCThread "G1 Service" [stack: 0x00000007ee300000,0x00000007ee400000] [id=10468]

Threads with active compile tasks:
C2 CompilerThread0    15786 6179       4       jdk.internal.org.objectweb.asm.Frame::execute (2305 bytes)
C2 CompilerThread1    15786 6202       4       org.objectweb.asm.SymbolTable::addConstantMemberReference (147 bytes)

VM state: at safepoint (normal execution)

VM Mutex/Monitor currently owned by a thread:  ([mutex/lock_event])
[0x00000108a71580c0] Threads_lock - owner thread: 0x00000108c101efb0
[0x00000108a7159620] Heap_lock - owner thread: 0x00000108c237d9f0

Heap address: 0x0000000080000000, size: 2048 MB, Compressed Oops mode: 32-bit

CDS archive(s) not mapped
Compressed class space mapped at: 0x0000000100000000-0x0000000140000000, reserved size: 1073741824
Narrow klass base: 0x0000000000000000, Narrow klass shift: 3, Narrow klass range: 0x140000000

GC Precious Log:
 CPUs: 4 total, 4 available
 Memory: 7983M
 Large Page Support: Disabled
 NUMA Support: Disabled
 Compressed Oops: Enabled (32-bit)
 Heap Region Size: 1M
 Heap Min Capacity: 8M
 Heap Initial Capacity: 126M
 Heap Max Capacity: 2G
 Pre-touch: Disabled
 Parallel Workers: 4
 Concurrent Workers: 1
 Concurrent Refinement Workers: 4
 Periodic GC: Disabled

Heap:
 garbage-first heap   total 130048K, used 85865K [0x0000000080000000, 0x0000000100000000)
  region size 1024K, 1 young (1024K), 1 survivors (1024K)
 Metaspace       used 56705K, committed 57280K, reserved 1105920K
  class space    used 7558K, committed 7808K, reserved 1048576K

Heap Regions: E=young(eden), S=young(survivor), O=old, HS=humongous(starts), HC=humongous(continues), CS=collection set, F=free, OA=open archive, CA=closed archive, TAMS=top-at-mark-start (previous, next)
|   0|0x0000000080000000, 0x0000000080100000, 0x0000000080100000|100%|HS|  |TAMS 0x0000000080100000, 0x0000000080100000| Complete 
|   1|0x0000000080100000, 0x0000000080200000, 0x0000000080200000|100%|HC|  |TAMS 0x0000000080200000, 0x0000000080200000| Complete 
|   2|0x0000000080200000, 0x0000000080300000, 0x0000000080300000|100%|HC|  |TAMS 0x0000000080300000, 0x0000000080300000| Complete 
|   3|0x0000000080300000, 0x0000000080400000, 0x0000000080400000|100%| O|  |TAMS 0x0000000080400000, 0x0000000080400000| Untracked 
|   4|0x0000000080400000, 0x0000000080500000, 0x0000000080500000|100%| O|  |TAMS 0x0000000080500000, 0x0000000080500000| Untracked 
|   5|0x0000000080500000, 0x0000000080600000, 0x0000000080600000|100%| O|  |TAMS 0x0000000080600000, 0x0000000080600000| Untracked 
|   6|0x0000000080600000, 0x0000000080700000, 0x0000000080700000|100%| O|  |TAMS 0x0000000080700000, 0x0000000080700000| Untracked 
|   7|0x0000000080700000, 0x0000000080800000, 0x0000000080800000|100%| O|  |TAMS 0x0000000080800000, 0x0000000080800000| Untracked 
|   8|0x0000000080800000, 0x0000000080900000, 0x0000000080900000|100%| O|  |TAMS 0x0000000080900000, 0x0000000080900000| Untracked 
|   9|0x0000000080900000, 0x0000000080a00000, 0x0000000080a00000|100%| O|  |TAMS 0x0000000080a00000, 0x0000000080a00000| Untracked 
|  10|0x0000000080a00000, 0x0000000080b00000, 0x0000000080b00000|100%| O|  |TAMS 0x0000000080b00000, 0x0000000080b00000| Untracked 
|  11|0x0000000080b00000, 0x0000000080c00000, 0x0000000080c00000|100%| O|  |TAMS 0x0000000080c00000, 0x0000000080c00000| Untracked 
|  12|0x0000000080c00000, 0x0000000080d00000, 0x0000000080d00000|100%| O|  |TAMS 0x0000000080d00000, 0x0000000080d00000| Untracked 
|  13|0x0000000080d00000, 0x0000000080e00000, 0x0000000080e00000|100%| O|  |TAMS 0x0000000080e00000, 0x0000000080e00000| Untracked 
|  14|0x0000000080e00000, 0x0000000080f00000, 0x0000000080f00000|100%| O|  |TAMS 0x0000000080f00000, 0x0000000080f00000| Untracked 
|  15|0x0000000080f00000, 0x0000000081000000, 0x0000000081000000|100%| O|  |TAMS 0x0000000081000000, 0x0000000081000000| Untracked 
|  16|0x0000000081000000, 0x0000000081100000, 0x0000000081100000|100%| O|  |TAMS 0x0000000081100000, 0x0000000081100000| Untracked 
|  17|0x0000000081100000, 0x0000000081200000, 0x0000000081200000|100%| O|  |TAMS 0x0000000081200000, 0x0000000081200000| Untracked 
|  18|0x0000000081200000, 0x0000000081300000, 0x0000000081300000|100%| O|  |TAMS 0x0000000081300000, 0x0000000081300000| Untracked 
|  19|0x0000000081300000, 0x0000000081400000, 0x0000000081400000|100%| O|  |TAMS 0x0000000081300000, 0x0000000081400000| Untracked 
|  20|0x0000000081400000, 0x0000000081500000, 0x0000000081500000|100%|HS|  |TAMS 0x0000000081500000, 0x0000000081500000| Complete 
|  21|0x0000000081500000, 0x0000000081600000, 0x0000000081600000|100%|HC|  |TAMS 0x0000000081600000, 0x0000000081600000| Complete 
|  22|0x0000000081600000, 0x0000000081700000, 0x0000000081700000|100%|HS|  |TAMS 0x0000000081700000, 0x0000000081700000| Complete 
|  23|0x0000000081700000, 0x0000000081800000, 0x0000000081800000|100%|HC|  |TAMS 0x0000000081800000, 0x0000000081800000| Complete 
|  24|0x0000000081800000, 0x0000000081900000, 0x0000000081900000|100%|HC|  |TAMS 0x0000000081900000, 0x0000000081900000| Complete 
|  25|0x0000000081900000, 0x0000000081a00000, 0x0000000081a00000|100%|HS|  |TAMS 0x0000000081a00000, 0x0000000081a00000| Complete 
|  26|0x0000000081a00000, 0x0000000081b00000, 0x0000000081b00000|100%|HC|  |TAMS 0x0000000081b00000, 0x0000000081b00000| Complete 
|  27|0x0000000081b00000, 0x0000000081c00000, 0x0000000081c00000|100%|HC|  |TAMS 0x0000000081c00000, 0x0000000081c00000| Complete 
|  28|0x0000000081c00000, 0x0000000081d00000, 0x0000000081d00000|100%|HS|  |TAMS 0x0000000081d00000, 0x0000000081d00000| Complete 
|  29|0x0000000081d00000, 0x0000000081e00000, 0x0000000081e00000|100%|HC|  |TAMS 0x0000000081e00000, 0x0000000081e00000| Complete 
|  30|0x0000000081e00000, 0x0000000081f00000, 0x0000000081f00000|100%|HC|  |TAMS 0x0000000081f00000, 0x0000000081f00000| Complete 
|  31|0x0000000081f00000, 0x0000000082000000, 0x0000000082000000|100%|HC|  |TAMS 0x0000000082000000, 0x0000000082000000| Complete 
|  32|0x0000000082000000, 0x0000000082100000, 0x0000000082100000|100%|HC|  |TAMS 0x0000000082100000, 0x0000000082100000| Complete 
|  33|0x0000000082100000, 0x0000000082200000, 0x0000000082200000|100%|HC|  |TAMS 0x0000000082200000, 0x0000000082200000| Complete 
|  34|0x0000000082200000, 0x0000000082300000, 0x0000000082300000|100%|HC|  |TAMS 0x0000000082300000, 0x0000000082300000| Complete 
|  35|0x0000000082300000, 0x0000000082400000, 0x0000000082400000|100%|HC|  |TAMS 0x0000000082400000, 0x0000000082400000| Complete 
|  36|0x0000000082400000, 0x0000000082500000, 0x0000000082500000|100%|HC|  |TAMS 0x0000000082500000, 0x0000000082500000| Complete 
|  37|0x0000000082500000, 0x0000000082600000, 0x0000000082600000|100%|HC|  |TAMS 0x0000000082600000, 0x0000000082600000| Complete 
|  38|0x0000000082600000, 0x0000000082700000, 0x0000000082700000|100%|HC|  |TAMS 0x0000000082700000, 0x0000000082700000| Complete 
|  39|0x0000000082700000, 0x0000000082800000, 0x0000000082800000|100%|HC|  |TAMS 0x0000000082800000, 0x0000000082800000| Complete 
|  40|0x0000000082800000, 0x0000000082900000, 0x0000000082900000|100%| O|  |TAMS 0x0000000082900000, 0x0000000082900000| Untracked 
|  41|0x0000000082900000, 0x0000000082a00000, 0x0000000082a00000|100%|HS|  |TAMS 0x0000000082a00000, 0x0000000082a00000| Complete 
|  42|0x0000000082a00000, 0x0000000082b00000, 0x0000000082b00000|100%|HC|  |TAMS 0x0000000082b00000, 0x0000000082b00000| Complete 
|  43|0x0000000082b00000, 0x0000000082c00000, 0x0000000082c00000|100%| O|  |TAMS 0x0000000082c00000, 0x0000000082c00000| Untracked 
|  44|0x0000000082c00000, 0x0000000082d00000, 0x0000000082d00000|100%| O|  |TAMS 0x0000000082d00000, 0x0000000082d00000| Untracked 
|  45|0x0000000082d00000, 0x0000000082e00000, 0x0000000082e00000|100%| O|  |TAMS 0x0000000082e00000, 0x0000000082e00000| Untracked 
|  46|0x0000000082e00000, 0x0000000082f00000, 0x0000000082f00000|100%| O|  |TAMS 0x0000000082f00000, 0x0000000082f00000| Untracked 
|  47|0x0000000082f00000, 0x0000000083000000, 0x0000000083000000|100%| O|  |TAMS 0x0000000083000000, 0x0000000083000000| Untracked 
|  48|0x0000000083000000, 0x0000000083100000, 0x0000000083100000|100%| O|  |TAMS 0x0000000083100000, 0x0000000083100000| Untracked 
|  49|0x0000000083100000, 0x0000000083200000, 0x0000000083200000|100%|HS|  |TAMS 0x0000000083200000, 0x0000000083200000| Complete 
|  50|0x0000000083200000, 0x0000000083300000, 0x0000000083300000|100%|HC|  |TAMS 0x0000000083300000, 0x0000000083300000| Complete 
|  51|0x0000000083300000, 0x0000000083400000, 0x0000000083400000|100%|HC|  |TAMS 0x0000000083400000, 0x0000000083400000| Complete 
|  52|0x0000000083400000, 0x0000000083500000, 0x0000000083500000|100%|HS|  |TAMS 0x0000000083500000, 0x0000000083500000| Complete 
|  53|0x0000000083500000, 0x0000000083600000, 0x0000000083600000|100%|HC|  |TAMS 0x0000000083600000, 0x0000000083600000| Complete 
|  54|0x0000000083600000, 0x0000000083700000, 0x0000000083700000|100%|HC|  |TAMS 0x0000000083700000, 0x0000000083700000| Complete 
|  55|0x0000000083700000, 0x0000000083800000, 0x0000000083800000|100%| O|  |TAMS 0x0000000083800000, 0x0000000083800000| Untracked 
|  56|0x0000000083800000, 0x0000000083900000, 0x0000000083900000|100%| O|  |TAMS 0x0000000083900000, 0x0000000083900000| Untracked 
|  57|0x0000000083900000, 0x0000000083a00000, 0x0000000083a00000|100%| O|  |TAMS 0x0000000083a00000, 0x0000000083a00000| Untracked 
|  58|0x0000000083a00000, 0x0000000083b00000, 0x0000000083b00000|100%| O|  |TAMS 0x0000000083b00000, 0x0000000083b00000| Untracked 
|  59|0x0000000083b00000, 0x0000000083c00000, 0x0000000083c00000|100%| O|  |TAMS 0x0000000083c00000, 0x0000000083c00000| Untracked 
|  60|0x0000000083c00000, 0x0000000083d00000, 0x0000000083d00000|100%| O|  |TAMS 0x0000000083d00000, 0x0000000083d00000| Untracked 
|  61|0x0000000083d00000, 0x0000000083d00000, 0x0000000083e00000|  0%| F|  |TAMS 0x0000000083d00000, 0x0000000083d00000| Untracked 
|  62|0x0000000083e00000, 0x0000000083f00000, 0x0000000083f00000|100%| O|  |TAMS 0x0000000083e00000, 0x0000000083f00000| Untracked 
|  63|0x0000000083f00000, 0x0000000084000000, 0x0000000084000000|100%| O|  |TAMS 0x0000000083f00000, 0x0000000084000000| Untracked 
|  64|0x0000000084000000, 0x0000000084100000, 0x0000000084100000|100%| O|  |TAMS 0x0000000084000000, 0x0000000084100000| Untracked 
|  65|0x0000000084100000, 0x0000000084200000, 0x0000000084200000|100%|HS|  |TAMS 0x0000000084100000, 0x0000000084200000| Complete 
|  66|0x0000000084200000, 0x0000000084300000, 0x0000000084300000|100%|HS|  |TAMS 0x0000000084200000, 0x0000000084300000| Complete 
|  67|0x0000000084300000, 0x0000000084400000, 0x0000000084400000|100%|HC|  |TAMS 0x0000000084300000, 0x0000000084400000| Complete 
|  68|0x0000000084400000, 0x0000000084500000, 0x0000000084500000|100%|HS|  |TAMS 0x0000000084400000, 0x0000000084500000| Complete 
|  69|0x0000000084500000, 0x0000000084600000, 0x0000000084600000|100%|HS|  |TAMS 0x0000000084500000, 0x0000000084600000| Complete 
|  70|0x0000000084600000, 0x0000000084700000, 0x0000000084700000|100%|HC|  |TAMS 0x0000000084600000, 0x0000000084700000| Complete 
|  71|0x0000000084700000, 0x0000000084800000, 0x0000000084800000|100%|HC|  |TAMS 0x0000000084700000, 0x0000000084800000| Complete 
|  72|0x0000000084800000, 0x0000000084900000, 0x0000000084900000|100%|HC|  |TAMS 0x0000000084800000, 0x0000000084900000| Complete 
|  73|0x0000000084900000, 0x0000000084a00000, 0x0000000084a00000|100%| O|  |TAMS 0x0000000084900000, 0x0000000084a00000| Untracked 
|  74|0x0000000084a00000, 0x0000000084b00000, 0x0000000084b00000|100%| O|  |TAMS 0x0000000084a00000, 0x0000000084b00000| Untracked 
|  75|0x0000000084b00000, 0x0000000084c00000, 0x0000000084c00000|100%| O|  |TAMS 0x0000000084b00000, 0x0000000084c00000| Untracked 
|  76|0x0000000084c00000, 0x0000000084d00000, 0x0000000084d00000|100%| O|  |TAMS 0x0000000084c00000, 0x0000000084d00000| Untracked 
|  77|0x0000000084d00000, 0x0000000084e00000, 0x0000000084e00000|100%| O|  |TAMS 0x0000000084d00000, 0x0000000084e00000| Untracked 
|  78|0x0000000084e00000, 0x0000000084f00000, 0x0000000084f00000|100%| O|  |TAMS 0x0000000084e00000, 0x0000000084f00000| Untracked 
|  79|0x0000000084f00000, 0x0000000085000000, 0x0000000085000000|100%| O|  |TAMS 0x0000000084f00000, 0x0000000085000000| Untracked 
|  80|0x0000000085000000, 0x0000000085100000, 0x0000000085100000|100%| O|  |TAMS 0x0000000085000000, 0x0000000085100000| Untracked 
|  81|0x0000000085100000, 0x0000000085200000, 0x0000000085200000|100%| O|  |TAMS 0x0000000085100000, 0x0000000085200000| Untracked 
|  82|0x0000000085200000, 0x0000000085300000, 0x0000000085300000|100%| O|  |TAMS 0x0000000085200000, 0x0000000085300000| Untracked 
|  83|0x0000000085300000, 0x00000000853fd200, 0x0000000085400000| 98%| O|  |TAMS 0x0000000085300000, 0x00000000853fd200| Untracked 
|  84|0x0000000085400000, 0x0000000085400000, 0x0000000085500000|  0%| F|  |TAMS 0x0000000085400000, 0x0000000085400000| Untracked 
|  85|0x0000000085500000, 0x0000000085500000, 0x0000000085600000|  0%| F|  |TAMS 0x0000000085500000, 0x0000000085500000| Untracked 
|  86|0x0000000085600000, 0x0000000085600000, 0x0000000085700000|  0%| F|  |TAMS 0x0000000085600000, 0x0000000085600000| Untracked 
|  87|0x0000000085700000, 0x0000000085700000, 0x0000000085800000|  0%| F|  |TAMS 0x0000000085700000, 0x0000000085700000| Untracked 
|  88|0x0000000085800000, 0x0000000085800000, 0x0000000085900000|  0%| F|  |TAMS 0x0000000085800000, 0x0000000085800000| Untracked 
|  89|0x0000000085900000, 0x0000000085900000, 0x0000000085a00000|  0%| F|  |TAMS 0x0000000085900000, 0x0000000085900000| Untracked 
|  90|0x0000000085a00000, 0x0000000085a00000, 0x0000000085b00000|  0%| F|  |TAMS 0x0000000085a00000, 0x0000000085a00000| Untracked 
|  91|0x0000000085b00000, 0x0000000085b00000, 0x0000000085c00000|  0%| F|  |TAMS 0x0000000085b00000, 0x0000000085b00000| Untracked 
|  92|0x0000000085c00000, 0x0000000085c00000, 0x0000000085d00000|  0%| F|  |TAMS 0x0000000085c00000, 0x0000000085c00000| Untracked 
|  93|0x0000000085d00000, 0x0000000085d00000, 0x0000000085e00000|  0%| F|  |TAMS 0x0000000085d00000, 0x0000000085d00000| Untracked 
|  94|0x0000000085e00000, 0x0000000085e00000, 0x0000000085f00000|  0%| F|  |TAMS 0x0000000085e00000, 0x0000000085e00000| Untracked 
|  95|0x0000000085f00000, 0x0000000085f00000, 0x0000000086000000|  0%| F|  |TAMS 0x0000000085f00000, 0x0000000085f00000| Untracked 
|  96|0x0000000086000000, 0x0000000086000000, 0x0000000086100000|  0%| F|  |TAMS 0x0000000086000000, 0x0000000086000000| Untracked 
|  97|0x0000000086100000, 0x0000000086100000, 0x0000000086200000|  0%| F|  |TAMS 0x0000000086100000, 0x0000000086100000| Untracked 
|  98|0x0000000086200000, 0x0000000086200000, 0x0000000086300000|  0%| F|  |TAMS 0x0000000086200000, 0x0000000086200000| Untracked 
|  99|0x0000000086300000, 0x0000000086300000, 0x0000000086400000|  0%| F|  |TAMS 0x0000000086300000, 0x0000000086300000| Untracked 
| 100|0x0000000086400000, 0x0000000086400000, 0x0000000086500000|  0%| F|  |TAMS 0x0000000086400000, 0x0000000086400000| Untracked 
| 101|0x0000000086500000, 0x0000000086500000, 0x0000000086600000|  0%| F|  |TAMS 0x0000000086500000, 0x0000000086500000| Untracked 
| 102|0x0000000086600000, 0x0000000086600000, 0x0000000086700000|  0%| F|  |TAMS 0x0000000086600000, 0x0000000086600000| Untracked 
| 103|0x0000000086700000, 0x0000000086700000, 0x0000000086800000|  0%| F|  |TAMS 0x0000000086700000, 0x0000000086700000| Untracked 
| 104|0x0000000086800000, 0x0000000086800000, 0x0000000086900000|  0%| F|  |TAMS 0x0000000086800000, 0x0000000086800000| Untracked 
| 105|0x0000000086900000, 0x0000000086900000, 0x0000000086a00000|  0%| F|  |TAMS 0x0000000086900000, 0x0000000086900000| Untracked 
| 106|0x0000000086a00000, 0x0000000086add2d8, 0x0000000086b00000| 86%| S|CS|TAMS 0x0000000086a00000, 0x0000000086a00000| Complete 
| 107|0x0000000086b00000, 0x0000000086b00000, 0x0000000086c00000|  0%| F|  |TAMS 0x0000000086b00000, 0x0000000086b00000| Untracked 
| 108|0x0000000086c00000, 0x0000000086c00000, 0x0000000086d00000|  0%| F|  |TAMS 0x0000000086c00000, 0x0000000086c00000| Untracked 
| 109|0x0000000086d00000, 0x0000000086d00000, 0x0000000086e00000|  0%| F|  |TAMS 0x0000000086d00000, 0x0000000086d00000| Untracked 
| 110|0x0000000086e00000, 0x0000000086e00000, 0x0000000086f00000|  0%| F|  |TAMS 0x0000000086e00000, 0x0000000086e00000| Untracked 
| 111|0x0000000086f00000, 0x0000000086f00000, 0x0000000087000000|  0%| F|  |TAMS 0x0000000086f00000, 0x0000000086f00000| Untracked 
| 112|0x0000000087000000, 0x0000000087000000, 0x0000000087100000|  0%| F|  |TAMS 0x0000000087000000, 0x0000000087000000| Untracked 
| 113|0x0000000087100000, 0x0000000087100000, 0x0000000087200000|  0%| F|  |TAMS 0x0000000087100000, 0x0000000087100000| Untracked 
| 114|0x0000000087200000, 0x0000000087200000, 0x0000000087300000|  0%| F|  |TAMS 0x0000000087200000, 0x0000000087200000| Untracked 
| 115|0x0000000087300000, 0x0000000087300000, 0x0000000087400000|  0%| F|  |TAMS 0x0000000087300000, 0x0000000087300000| Untracked 
| 116|0x0000000087400000, 0x0000000087400000, 0x0000000087500000|  0%| F|  |TAMS 0x0000000087400000, 0x0000000087400000| Untracked 
| 117|0x0000000087500000, 0x0000000087500000, 0x0000000087600000|  0%| F|  |TAMS 0x0000000087500000, 0x0000000087500000| Untracked 
| 118|0x0000000087600000, 0x0000000087600000, 0x0000000087700000|  0%| F|  |TAMS 0x0000000087600000, 0x0000000087600000| Untracked 
| 119|0x0000000087700000, 0x0000000087700000, 0x0000000087800000|  0%| F|  |TAMS 0x0000000087700000, 0x0000000087700000| Untracked 
| 120|0x0000000087800000, 0x0000000087800000, 0x0000000087900000|  0%| F|  |TAMS 0x0000000087800000, 0x0000000087800000| Untracked 
| 121|0x0000000087900000, 0x0000000087900000, 0x0000000087a00000|  0%| F|  |TAMS 0x0000000087900000, 0x0000000087900000| Untracked 
| 122|0x0000000087a00000, 0x0000000087a00000, 0x0000000087b00000|  0%| F|  |TAMS 0x0000000087a00000, 0x0000000087a00000| Untracked 
| 123|0x0000000087b00000, 0x0000000087b00000, 0x0000000087c00000|  0%| F|  |TAMS 0x0000000087b00000, 0x0000000087b00000| Untracked 
| 124|0x0000000087c00000, 0x0000000087c00000, 0x0000000087d00000|  0%| F|  |TAMS 0x0000000087c00000, 0x0000000087c00000| Untracked 
| 125|0x0000000087d00000, 0x0000000087d00000, 0x0000000087e00000|  0%| F|  |TAMS 0x0000000087d00000, 0x0000000087d00000| Untracked 
| 126|0x0000000087e00000, 0x0000000087e00000, 0x0000000087f00000|  0%| F|  |TAMS 0x0000000087e00000, 0x0000000087e00000| Untracked 

Card table byte_map: [0x00000108b9a30000,0x00000108b9e30000] _byte_map_base: 0x00000108b9630000

Marking Bits (Prev, Next): (CMBitMap*) 0x00000108a71bc190, (CMBitMap*) 0x00000108a71bc1d0
 Prev Bits: [0x00000108ba230000, 0x00000108bc230000)
 Next Bits: [0x00000108bc230000, 0x00000108be230000)

Polling page: 0x00000108a5000000

Metaspace:

Usage:
  Non-class:     47.99 MB used.
      Class:      7.38 MB used.
       Both:     55.38 MB used.

Virtual space:
  Non-class space:       56.00 MB reserved,      48.31 MB ( 86%) committed,  7 nodes.
      Class space:        1.00 GB reserved,       7.62 MB ( <1%) committed,  1 nodes.
             Both:        1.05 GB reserved,      55.94 MB (  5%) committed. 

Chunk freelists:
   Non-Class:  3.64 MB
       Class:  384.00 KB
        Both:  4.02 MB

MaxMetaspaceSize: unlimited
CompressedClassSpaceSize: 1.00 GB
Initial GC threshold: 21.00 MB
Current GC threshold: 86.88 MB
CDS: off
MetaspaceReclaimPolicy: balanced
 - commit_granule_bytes: 65536.
 - commit_granule_words: 8192.
 - virtual_space_node_default_size: 1048576.
 - enlarge_chunks_in_place: 1.
 - new_chunks_are_fully_committed: 0.
 - uncommit_free_chunks: 1.
 - use_allocation_guard: 0.
 - handle_deallocations: 1.


Internal statistics:

num_allocs_failed_limit: 3.
num_arena_births: 566.
num_arena_deaths: 0.
num_vsnodes_births: 8.
num_vsnodes_deaths: 0.
num_space_committed: 895.
num_space_uncommitted: 0.
num_chunks_returned_to_freelist: 3.
num_chunks_taken_from_freelist: 2456.
num_chunk_merges: 3.
num_chunk_splits: 1609.
num_chunks_enlarged: 1088.
num_purges: 0.
num_inconsistent_stats: 0.

CodeHeap 'non-profiled nmethods': size=120000Kb used=2610Kb max_used=3393Kb free=117389Kb
 bounds [0x00000108b2100000, 0x00000108b2460000, 0x00000108b9630000]
CodeHeap 'profiled nmethods': size=120000Kb used=10623Kb max_used=11891Kb free=109376Kb
 bounds [0x00000108aa630000, 0x00000108ab1d0000, 0x00000108b1b60000]
CodeHeap 'non-nmethods': size=5760Kb used=2312Kb max_used=2370Kb free=3447Kb
 bounds [0x00000108b1b60000, 0x00000108b1dd0000, 0x00000108b2100000]
 total_blobs=6291 nmethods=5455 adapters=748
 compilation: enabled
              stopped_count=0, restarted_count=0
 full_count=0

Compilation events (20 events):
Event: 15.591 Thread 0x00000108c106ac90 6238       3       java.lang.String::substring (58 bytes)
Event: 15.592 Thread 0x00000108c106ac90 nmethod 6238 0x00000108aa77f610 code [0x00000108aa77f800, 0x00000108aa77fca8]
Event: 15.614 Thread 0x00000108c106ac90 6239   !   3       org.gradle.internal.event.AbstractBroadcastDispatch::dispatch (74 bytes)
Event: 15.616 Thread 0x00000108c106ac90 nmethod 6239 0x00000108aa6ae510 code [0x00000108aa6ae7e0, 0x00000108aa6af898]
Event: 15.619 Thread 0x00000108c106ac90 6241       3       org.gradle.internal.event.DefaultListenerManager$EventBroadcast::doStartNotification (48 bytes)
Event: 15.620 Thread 0x00000108c106ac90 nmethod 6241 0x00000108aa6baa10 code [0x00000108aa6bac40, 0x00000108aa6bb648]
Event: 15.620 Thread 0x00000108c106ac90 6243   !   3       org.gradle.internal.event.DefaultListenerManager$EventBroadcast::endNotification (145 bytes)
Event: 15.622 Thread 0x00000108c106ac90 nmethod 6243 0x00000108aa915190 code [0x00000108aa9154c0, 0x00000108aa916bb8]
Event: 15.622 Thread 0x00000108c106ac90 6240       3       org.gradle.internal.event.DefaultListenerManager$EventBroadcast::takeOwnership (45 bytes)
Event: 15.624 Thread 0x00000108c106ac90 nmethod 6240 0x00000108aa8d4c10 code [0x00000108aa8d4ee0, 0x00000108aa8d5e88]
Event: 15.624 Thread 0x00000108c106ac90 6242       3       org.gradle.internal.event.DefaultListenerManager$EventBroadcast::startNotification (50 bytes)
Event: 15.624 Thread 0x00000108c106ac90 nmethod 6242 0x00000108aa78d510 code [0x00000108aa78d6e0, 0x00000108aa78d9a8]
Event: 15.718 Thread 0x00000108c106ac90 6244       3       org.gradle.internal.event.DefaultListenerManager$EventBroadcast$ListenerDispatch::dispatch (9 bytes)
Event: 15.718 Thread 0x00000108c106ac90 nmethod 6244 0x00000108aa795a90 code [0x00000108aa795c40, 0x00000108aa795e68]
Event: 15.725 Thread 0x00000108c106ac90 6245       3       org.gradle.internal.service.DefaultServiceRegistry$ManagedObjectServiceProvider::setInstance (18 bytes)
Event: 15.725 Thread 0x00000108c106ac90 nmethod 6245 0x00000108aa795510 code [0x00000108aa7956c0, 0x00000108aa795888]
Event: 15.728 Thread 0x00000108c106ac90 6246       1       java.util.zip.ZipFile$ZipFileInputStream::size (5 bytes)
Event: 15.728 Thread 0x00000108c106ac90 nmethod 6246 0x00000108b217ef90 code [0x00000108b217f120, 0x00000108b217f1f8]
Event: 15.728 Thread 0x00000108c106ac90 6247       3       org.gradle.internal.service.DefaultServiceRegistry$OwnServices::getAll (46 bytes)
Event: 15.729 Thread 0x00000108c106ac90 nmethod 6247 0x00000108aaa9ba90 code [0x00000108aaa9bcc0, 0x00000108aaa9c588]

GC Heap History (20 events):
Event: 7.567 GC heap after
{Heap after GC invocations=9 (full 0):
 garbage-first heap   total 65536K, used 43120K [0x0000000080000000, 0x0000000100000000)
  region size 1024K, 1 young (1024K), 1 survivors (1024K)
 Metaspace       used 28955K, committed 29312K, reserved 1081344K
  class space    used 3917K, committed 4096K, reserved 1048576K
}
Event: 8.011 GC heap before
{Heap before GC invocations=10 (full 0):
 garbage-first heap   total 80896K, used 53360K [0x0000000080000000, 0x0000000100000000)
  region size 1024K, 10 young (10240K), 1 survivors (1024K)
 Metaspace       used 30132K, committed 30464K, reserved 1081344K
  class space    used 4087K, committed 4224K, reserved 1048576K
}
Event: 8.015 GC heap after
{Heap after GC invocations=11 (full 0):
 garbage-first heap   total 80896K, used 47114K [0x0000000080000000, 0x0000000100000000)
  region size 1024K, 2 young (2048K), 2 survivors (2048K)
 Metaspace       used 30132K, committed 30464K, reserved 1081344K
  class space    used 4087K, committed 4224K, reserved 1048576K
}
Event: 8.042 GC heap before
{Heap before GC invocations=11 (full 0):
 garbage-first heap   total 80896K, used 48138K [0x0000000080000000, 0x0000000100000000)
  region size 1024K, 3 young (3072K), 2 survivors (2048K)
 Metaspace       used 30232K, committed 30592K, reserved 1081344K
  class space    used 4107K, committed 4288K, reserved 1048576K
}
Event: 8.045 GC heap after
{Heap after GC invocations=12 (full 0):
 garbage-first heap   total 80896K, used 46441K [0x0000000080000000, 0x0000000100000000)
  region size 1024K, 1 young (1024K), 1 survivors (1024K)
 Metaspace       used 30232K, committed 30592K, reserved 1081344K
  class space    used 4107K, committed 4288K, reserved 1048576K
}
Event: 8.574 GC heap before
{Heap before GC invocations=12 (full 0):
 garbage-first heap   total 80896K, used 61801K [0x0000000080000000, 0x0000000100000000)
  region size 1024K, 16 young (16384K), 1 survivors (1024K)
 Metaspace       used 32263K, committed 32576K, reserved 1081344K
  class space    used 4450K, committed 4608K, reserved 1048576K
}
Event: 8.579 GC heap after
{Heap after GC invocations=13 (full 0):
 garbage-first heap   total 130048K, used 47116K [0x0000000080000000, 0x0000000100000000)
  region size 1024K, 1 young (1024K), 1 survivors (1024K)
 Metaspace       used 32263K, committed 32576K, reserved 1081344K
  class space    used 4450K, committed 4608K, reserved 1048576K
}
Event: 10.319 GC heap before
{Heap before GC invocations=14 (full 0):
 garbage-first heap   total 130048K, used 93196K [0x0000000080000000, 0x0000000100000000)
  region size 1024K, 47 young (48128K), 1 survivors (1024K)
 Metaspace       used 41203K, committed 41600K, reserved 1089536K
  class space    used 5501K, committed 5696K, reserved 1048576K
}
Event: 10.334 GC heap after
{Heap after GC invocations=15 (full 0):
 garbage-first heap   total 130048K, used 51940K [0x0000000080000000, 0x0000000100000000)
  region size 1024K, 6 young (6144K), 6 survivors (6144K)
 Metaspace       used 41203K, committed 41600K, reserved 1089536K
  class space    used 5501K, committed 5696K, reserved 1048576K
}
Event: 11.766 GC heap before
{Heap before GC invocations=15 (full 0):
 garbage-first heap   total 130048K, used 106212K [0x0000000080000000, 0x0000000100000000)
  region size 1024K, 51 young (52224K), 6 survivors (6144K)
 Metaspace       used 45802K, committed 46272K, reserved 1089536K
  class space    used 6082K, committed 6272K, reserved 1048576K
}
Event: 11.789 GC heap after
{Heap after GC invocations=16 (full 0):
 garbage-first heap   total 130048K, used 62398K [0x0000000080000000, 0x0000000100000000)
  region size 1024K, 6 young (6144K), 6 survivors (6144K)
 Metaspace       used 45802K, committed 46272K, reserved 1089536K
  class space    used 6082K, committed 6272K, reserved 1048576K
}
Event: 12.734 GC heap before
{Heap before GC invocations=16 (full 0):
 garbage-first heap   total 130048K, used 100286K [0x0000000080000000, 0x0000000100000000)
  region size 1024K, 43 young (44032K), 6 survivors (6144K)
 Metaspace       used 48950K, committed 49472K, reserved 1097728K
  class space    used 6429K, committed 6656K, reserved 1048576K
}
Event: 12.749 GC heap after
{Heap after GC invocations=17 (full 0):
 garbage-first heap   total 130048K, used 66452K [0x0000000080000000, 0x0000000100000000)
  region size 1024K, 4 young (4096K), 4 survivors (4096K)
 Metaspace       used 48950K, committed 49472K, reserved 1097728K
  class space    used 6429K, committed 6656K, reserved 1048576K
}
Event: 14.015 GC heap before
{Heap before GC invocations=17 (full 0):
 garbage-first heap   total 130048K, used 103316K [0x0000000080000000, 0x0000000100000000)
  region size 1024K, 40 young (40960K), 4 survivors (4096K)
 Metaspace       used 52754K, committed 53312K, reserved 1097728K
  class space    used 7045K, committed 7296K, reserved 1048576K
}
Event: 14.031 GC heap after
{Heap after GC invocations=18 (full 0):
 garbage-first heap   total 130048K, used 69576K [0x0000000080000000, 0x0000000100000000)
  region size 1024K, 3 young (3072K), 3 survivors (3072K)
 Metaspace       used 52754K, committed 53312K, reserved 1097728K
  class space    used 7045K, committed 7296K, reserved 1048576K
}
Event: 15.217 GC heap before
{Heap before GC invocations=19 (full 0):
 garbage-first heap   total 130048K, used 112584K [0x0000000080000000, 0x0000000100000000)
  region size 1024K, 37 young (37888K), 3 survivors (3072K)
 Metaspace       used 53858K, committed 54464K, reserved 1097728K
  class space    used 7175K, committed 7424K, reserved 1048576K
}
Event: 15.228 GC heap after
{Heap after GC invocations=20 (full 0):
 garbage-first heap   total 130048K, used 85359K [0x0000000080000000, 0x0000000100000000)
  region size 1024K, 5 young (5120K), 5 survivors (5120K)
 Metaspace       used 53858K, committed 54464K, reserved 1097728K
  class space    used 7175K, committed 7424K, reserved 1048576K
}
Event: 15.243 GC heap before
{Heap before GC invocations=20 (full 0):
 garbage-first heap   total 130048K, used 86383K [0x0000000080000000, 0x0000000100000000)
  region size 1024K, 6 young (6144K), 5 survivors (5120K)
 Metaspace       used 53962K, committed 54528K, reserved 1097728K
  class space    used 7185K, committed 7424K, reserved 1048576K
}
Event: 15.248 GC heap after
{Heap after GC invocations=21 (full 0):
 garbage-first heap   total 130048K, used 85409K [0x0000000080000000, 0x0000000100000000)
  region size 1024K, 1 young (1024K), 1 survivors (1024K)
 Metaspace       used 53962K, committed 54528K, reserved 1097728K
  class space    used 7185K, committed 7424K, reserved 1048576K
}
Event: 15.738 GC heap before
{Heap before GC invocations=21 (full 0):
 garbage-first heap   total 130048K, used 103841K [0x0000000080000000, 0x0000000100000000)
  region size 1024K, 20 young (20480K), 1 survivors (1024K)
 Metaspace       used 56705K, committed 57280K, reserved 1105920K
  class space    used 7558K, committed 7808K, reserved 1048576K
}

Dll operation events (2 events):
Event: 0.010 Loaded shared library C:\Program Files\Android\Android Studio\jbr\bin\java.dll
Event: 0.898 Loaded shared library C:\Program Files\Android\Android Studio\jbr\bin\verify.dll

Deoptimization events (20 events):
Event: 15.555 Thread 0x00000108c237d9f0 DEOPT PACKING pc=0x00000108b213903c sp=0x00000007efaf4880
Event: 15.556 Thread 0x00000108c237d9f0 DEOPT UNPACKING pc=0x00000108b1bb699d sp=0x00000007efaf47c8 mode 2
Event: 15.556 Thread 0x00000108c237d9f0 Uncommon trap: trap_request=0xffffff45 fr.pc=0x00000108b2139970 relative=0x00000000000000f0
Event: 15.556 Thread 0x00000108c237d9f0 Uncommon trap: reason=unstable_if action=reinterpret pc=0x00000108b2139970 method=java.lang.String.getBytes([BIIBI)V @ 6 c2
Event: 15.556 Thread 0x00000108c237d9f0 DEOPT PACKING pc=0x00000108b2139970 sp=0x00000007efaf4770
Event: 15.556 Thread 0x00000108c237d9f0 DEOPT UNPACKING pc=0x00000108b1bb699d sp=0x00000007efaf4738 mode 2
Event: 15.587 Thread 0x00000108c237d9f0 DEOPT PACKING pc=0x00000108aaffb868 sp=0x00000007efaf5580
Event: 15.587 Thread 0x00000108c237d9f0 DEOPT UNPACKING pc=0x00000108b1bb7124 sp=0x00000007efaf4a10 mode 0
Event: 15.728 Thread 0x00000108c237d9f0 Uncommon trap: trap_request=0xffffffde fr.pc=0x00000108b2331220 relative=0x0000000000000820
Event: 15.728 Thread 0x00000108c237d9f0 Uncommon trap: reason=class_check action=maybe_recompile pc=0x00000108b2331220 method=java.io.BufferedInputStream.read1([BII)I @ 39 c2
Event: 15.728 Thread 0x00000108c237d9f0 DEOPT PACKING pc=0x00000108b2331220 sp=0x00000007efaf6790
Event: 15.728 Thread 0x00000108c237d9f0 DEOPT UNPACKING pc=0x00000108b1bb699d sp=0x00000007efaf66a8 mode 2
Event: 15.728 Thread 0x00000108c237d9f0 Uncommon trap: trap_request=0xffffffde fr.pc=0x00000108b2331220 relative=0x0000000000000820
Event: 15.728 Thread 0x00000108c237d9f0 Uncommon trap: reason=class_check action=maybe_recompile pc=0x00000108b2331220 method=java.io.BufferedInputStream.read1([BII)I @ 39 c2
Event: 15.728 Thread 0x00000108c237d9f0 DEOPT PACKING pc=0x00000108b2331220 sp=0x00000007efaf6790
Event: 15.728 Thread 0x00000108c237d9f0 DEOPT UNPACKING pc=0x00000108b1bb699d sp=0x00000007efaf66a8 mode 2
Event: 15.728 Thread 0x00000108c237d9f0 Uncommon trap: trap_request=0xffffffde fr.pc=0x00000108b2331220 relative=0x0000000000000820
Event: 15.728 Thread 0x00000108c237d9f0 Uncommon trap: reason=class_check action=maybe_recompile pc=0x00000108b2331220 method=java.io.BufferedInputStream.read1([BII)I @ 39 c2
Event: 15.728 Thread 0x00000108c237d9f0 DEOPT PACKING pc=0x00000108b2331220 sp=0x00000007efaf6790
Event: 15.728 Thread 0x00000108c237d9f0 DEOPT UNPACKING pc=0x00000108b1bb699d sp=0x00000007efaf66a8 mode 2

Classes unloaded (0 events):
No events

Classes redefined (0 events):
No events

Internal exceptions (20 events):
Event: 13.618 Thread 0x00000108c237d9f0 Exception <a 'java/lang/NoSuchMethodError'{0x000000008627ff80}: 'void java.lang.invoke.DirectMethodHandle$Holder.invokeStatic(java.lang.Object, java.lang.Object, java.lang.Object, int, java.lang.Object)'> (0x000000008627ff80) 
thrown [s\src\hotspot\share\interpreter\linkResolver.cpp, line 771]
Event: 13.653 Thread 0x00000108c237d9f0 Exception <a 'java/lang/NoSuchMethodError'{0x00000000861370e0}: 'java.lang.Object java.lang.invoke.DelegatingMethodHandle$Holder.reinvoke_L(java.lang.Object, java.lang.Object, java.lang.Object, java.lang.Object, java.lang.Object, java.lang.Object, java.lang.Object, java.lang.Object, java.lang.Object, java.lang.Object, java.lang.Object, java.lang.Object, java.lang.Object, java.lang.Object, java.lang.Object, java.lang.Object, java.lang.Object, java.lang.Object, java.lang.Object, java.lang.Object, java.lang.O
Event: 13.655 Thread 0x00000108c237d9f0 Exception <a 'java/lang/NoSuchMethodError'{0x00000000861430a8}: 'java.lang.Object java.lang.invoke.Invokers$Holder.invoker(java.lang.Object, java.lang.Object, java.lang.Object, java.lang.Object, java.lang.Object, java.lang.Object, java.lang.Object, java.lang.Object, java.lang.Object, java.lang.Object, java.lang.Object, java.lang.Object, java.lang.Object, java.lang.Object, java.lang.Object, java.lang.Object, java.lang.Object, java.lang.Object, java.lang.Object, java.lang.Object, java.lang.Object)'> (0x00000
Event: 13.655 Thread 0x00000108c237d9f0 Exception <a 'java/lang/NoSuchMethodError'{0x000000008614a2d8}: 'java.lang.Object java.lang.invoke.DelegatingMethodHandle$Holder.delegate(java.lang.Object, java.lang.Object, java.lang.Object, java.lang.Object, java.lang.Object, java.lang.Object, java.lang.Object, java.lang.Object, java.lang.Object, java.lang.Object, java.lang.Object, java.lang.Object, java.lang.Object, java.lang.Object, java.lang.Object, java.lang.Object, java.lang.Object, java.lang.Object, java.lang.Object, java.lang.Object, java.lang.Obj
Event: 13.682 Thread 0x00000108c237d9f0 Exception <a 'java/lang/NoSuchMethodError'{0x00000000861d6ac8}: 'java.lang.Object java.lang.invoke.DirectMethodHandle$Holder.invokeStatic(java.lang.Object, java.lang.Object, java.lang.Object, java.lang.Object, java.lang.Object, java.lang.Object, java.lang.Object, java.lang.Object, java.lang.Object, java.lang.Object, java.lang.Object, java.lang.Object, java.lang.Object, java.lang.Object, java.lang.Object, java.lang.Object, java.lang.Object)'> (0x00000000861d6ac8) 
thrown [s\src\hotspot\share\interpreter\lin
Event: 13.688 Thread 0x00000108c237d9f0 Exception <a 'java/lang/NoSuchMethodError'{0x00000000861fec70}: 'java.lang.Object java.lang.invoke.DirectMethodHandle$Holder.invokeStatic(java.lang.Object, java.lang.Object, java.lang.Object, java.lang.Object, java.lang.Object, java.lang.Object, java.lang.Object, java.lang.Object, java.lang.Object, java.lang.Object, java.lang.Object, java.lang.Object, java.lang.Object, java.lang.Object, java.lang.Object, java.lang.Object, java.lang.Object, java.lang.Object)'> (0x00000000861fec70) 
thrown [s\src\hotspot\sha
Event: 13.693 Thread 0x00000108c237d9f0 Exception <a 'java/lang/NoSuchMethodError'{0x0000000086027d28}: 'java.lang.Object java.lang.invoke.DirectMethodHandle$Holder.invokeStatic(java.lang.Object, java.lang.Object, java.lang.Object, java.lang.Object, java.lang.Object, java.lang.Object, java.lang.Object, java.lang.Object, java.lang.Object, java.lang.Object, java.lang.Object, java.lang.Object, java.lang.Object, java.lang.Object, java.lang.Object, java.lang.Object, java.lang.Object, java.lang.Object, java.lang.Object)'> (0x0000000086027d28) 
thrown 
Event: 13.699 Thread 0x00000108c237d9f0 Exception <a 'java/lang/NoSuchMethodError'{0x0000000086051b80}: 'java.lang.Object java.lang.invoke.DirectMethodHandle$Holder.invokeStatic(java.lang.Object, java.lang.Object, java.lang.Object, java.lang.Object, java.lang.Object, java.lang.Object, java.lang.Object, java.lang.Object, java.lang.Object, java.lang.Object, java.lang.Object, java.lang.Object, java.lang.Object, java.lang.Object, java.lang.Object, java.lang.Object, java.lang.Object, java.lang.Object, java.lang.Object, java.lang.Object)'> (0x00000000
Event: 13.704 Thread 0x00000108c237d9f0 Exception <a 'java/lang/NoSuchMethodError'{0x000000008607ca70}: 'java.lang.Object java.lang.invoke.DirectMethodHandle$Holder.invokeStatic(java.lang.Object, java.lang.Object, java.lang.Object, java.lang.Object, java.lang.Object, java.lang.Object, java.lang.Object, java.lang.Object, java.lang.Object, java.lang.Object, java.lang.Object, java.lang.Object, java.lang.Object, java.lang.Object, java.lang.Object, java.lang.Object, java.lang.Object, java.lang.Object, java.lang.Object, java.lang.Object, java.lang.Obj
Event: 13.709 Thread 0x00000108c237d9f0 Exception <a 'java/lang/NoSuchMethodError'{0x00000000860a8510}: 'java.lang.Object java.lang.invoke.DirectMethodHandle$Holder.invokeStatic(java.lang.Object, java.lang.Object, java.lang.Object, java.lang.Object, java.lang.Object, java.lang.Object, java.lang.Object, java.lang.Object, java.lang.Object, java.lang.Object, java.lang.Object, java.lang.Object, java.lang.Object, java.lang.Object, java.lang.Object, java.lang.Object, java.lang.Object, java.lang.Object, java.lang.Object, java.lang.Object, java.lang.Obj
Event: 13.715 Thread 0x00000108c237d9f0 Exception <a 'java/lang/NoSuchMethodError'{0x00000000860d59e0}: 'java.lang.Object java.lang.invoke.DirectMethodHandle$Holder.invokeStatic(java.lang.Object, java.lang.Object, java.lang.Object, java.lang.Object, java.lang.Object, java.lang.Object, java.lang.Object, java.lang.Object, java.lang.Object, java.lang.Object, java.lang.Object, java.lang.Object, java.lang.Object, java.lang.Object, java.lang.Object, java.lang.Object, java.lang.Object, java.lang.Object, java.lang.Object, java.lang.Object, java.lang.Obj
Event: 13.718 Thread 0x00000108c237d9f0 Exception <a 'java/lang/NoSuchMethodError'{0x0000000085f04bb0}: 'java.lang.Object java.lang.invoke.DirectMethodHandle$Holder.invokeStatic(java.lang.Object, java.lang.Object, java.lang.Object, java.lang.Object, java.lang.Object, java.lang.Object, java.lang.Object, java.lang.Object, java.lang.Object, java.lang.Object, java.lang.Object, java.lang.Object, java.lang.Object, java.lang.Object, java.lang.Object, java.lang.Object, java.lang.Object, java.lang.Object, java.lang.Object, java.lang.Object, java.lang.Obj
Event: 14.300 Thread 0x00000108c237d9f0 Exception <a 'java/lang/NoSuchMethodError'{0x0000000087b81808}: 'void java.lang.invoke.DirectMethodHandle$Holder.invokeStatic(java.lang.Object, java.lang.Object, java.lang.Object, java.lang.Object, java.lang.Object, java.lang.Object)'> (0x0000000087b81808) 
thrown [s\src\hotspot\share\interpreter\linkResolver.cpp, line 771]
Event: 14.466 Thread 0x00000108c237d9f0 Implicit null exception at 0x00000108b24185ef to 0x00000108b2418830
Event: 15.034 Thread 0x00000108c237d9f0 Exception <a 'java/lang/ClassNotFoundException'{0x00000000868ba7f0}: build_3imkh2cbbct9ynqg9r369w67aBeanInfo> (0x00000000868ba7f0) 
thrown [s\src\hotspot\share\classfile\systemDictionary.cpp, line 256]
Event: 15.035 Thread 0x00000108c237d9f0 Exception <a 'java/lang/ClassNotFoundException'{0x00000000868c1070}: build_3imkh2cbbct9ynqg9r369w67aCustomizer> (0x00000000868c1070) 
thrown [s\src\hotspot\share\classfile\systemDictionary.cpp, line 256]
Event: 15.360 Thread 0x00000108c237d9f0 Exception <a 'java/lang/NoSuchMethodError'{0x0000000087606cd0}: 'java.lang.Object java.lang.invoke.DirectMethodHandle$Holder.newInvokeSpecial(java.lang.Object, java.lang.Object, java.lang.Object, java.lang.Object, int)'> (0x0000000087606cd0) 
thrown [s\src\hotspot\share\interpreter\linkResolver.cpp, line 771]
Event: 15.360 Thread 0x00000108c237d9f0 Exception <a 'java/lang/NoSuchMethodError'{0x000000008760c2a0}: 'java.lang.Object java.lang.invoke.DirectMethodHandle$Holder.invokeSpecial(java.lang.Object, java.lang.Object, java.lang.Object, java.lang.Object, java.lang.Object, int)'> (0x000000008760c2a0) 
thrown [s\src\hotspot\share\interpreter\linkResolver.cpp, line 771]
Event: 15.361 Thread 0x00000108c237d9f0 Exception <a 'java/lang/NoSuchMethodError'{0x0000000087611220}: 'java.lang.Object java.lang.invoke.Invokers$Holder.linkToTargetMethod(java.lang.Object, java.lang.Object, java.lang.Object, int, java.lang.Object)'> (0x0000000087611220) 
thrown [s\src\hotspot\share\interpreter\linkResolver.cpp, line 771]
Event: 15.382 Thread 0x00000108c237d9f0 Exception <a 'java/lang/NoSuchMethodError'{0x00000000876cabf8}: 'java.lang.Object java.lang.invoke.DirectMethodHandle$Holder.newInvokeSpecial(java.lang.Object, java.lang.Object, int, int)'> (0x00000000876cabf8) 
thrown [s\src\hotspot\share\interpreter\linkResolver.cpp, line 771]

VM Operations (20 events):
Event: 14.287 Executing VM operation: HandshakeAllThreads done
Event: 14.404 Executing VM operation: HandshakeAllThreads
Event: 14.404 Executing VM operation: HandshakeAllThreads done
Event: 14.529 Executing VM operation: ICBufferFull
Event: 14.532 Executing VM operation: ICBufferFull done
Event: 14.734 Executing VM operation: HandshakeAllThreads
Event: 14.734 Executing VM operation: HandshakeAllThreads done
Event: 14.754 Executing VM operation: HandshakeAllThreads
Event: 14.755 Executing VM operation: HandshakeAllThreads done
Event: 14.779 Executing VM operation: HandshakeAllThreads
Event: 14.791 Executing VM operation: HandshakeAllThreads done
Event: 14.945 Executing VM operation: ICBufferFull
Event: 14.945 Executing VM operation: ICBufferFull done
Event: 15.217 Executing VM operation: G1CollectForAllocation
Event: 15.228 Executing VM operation: G1CollectForAllocation done
Event: 15.243 Executing VM operation: G1CollectForAllocation
Event: 15.248 Executing VM operation: G1CollectForAllocation done
Event: 15.429 Executing VM operation: HandshakeAllThreads
Event: 15.430 Executing VM operation: HandshakeAllThreads done
Event: 15.738 Executing VM operation: G1CollectForAllocation

Events (20 events):
Event: 14.807 Thread 0x00000108c1076580 flushing nmethod 0x00000108ab14a210
Event: 14.808 Thread 0x00000108c1076580 flushing nmethod 0x00000108ab19ea10
Event: 15.207 loading class jdk/internal/access/foreign/MemorySegmentProxy
Event: 15.207 loading class jdk/internal/access/foreign/MemorySegmentProxy done
Event: 15.405 loading class jdk/internal/reflect/UnsafeStaticIntegerFieldAccessorImpl
Event: 15.405 loading class jdk/internal/reflect/UnsafeStaticIntegerFieldAccessorImpl done
Event: 15.425 loading class sun/reflect/ReflectionFactory
Event: 15.425 loading class sun/reflect/ReflectionFactory done
Event: 15.425 loading class sun/reflect/ReflectionFactory$1
Event: 15.426 loading class sun/reflect/ReflectionFactory$1 done
Event: 15.585 loading class java/nio/channels/Channels
Event: 15.586 loading class java/nio/channels/Channels done
Event: 15.586 loading class sun/nio/ch/ChannelInputStream
Event: 15.586 loading class sun/nio/ch/ChannelInputStream done
Event: 15.662 loading class java/util/concurrent/atomic/AtomicIntegerArray
Event: 15.662 loading class java/util/concurrent/atomic/AtomicIntegerArray done
Event: 15.665 loading class java/util/Currency
Event: 15.666 loading class java/util/Currency done
Event: 15.700 loading class java/util/concurrent/atomic/AtomicLongArray
Event: 15.700 loading class java/util/concurrent/atomic/AtomicLongArray done


Dynamic libraries:
0x00007ff7d99d0000 - 0x00007ff7d99da000 	C:\Program Files\Android\Android Studio\jbr\bin\java.exe
0x00007ff8b72f0000 - 0x00007ff8b74e8000 	C:\Windows\SYSTEM32\ntdll.dll
0x00007ff8b68d0000 - 0x00007ff8b698d000 	C:\Windows\System32\KERNEL32.DLL
0x00007ff8b4fb0000 - 0x00007ff8b52a6000 	C:\Windows\System32\KERNELBASE.dll
0x00007ff8b4d80000 - 0x00007ff8b4e80000 	C:\Windows\System32\ucrtbase.dll
0x00007ff84a8d0000 - 0x00007ff84a8e7000 	C:\Program Files\Android\Android Studio\jbr\bin\jli.dll
0x00007ff8a7b90000 - 0x00007ff8a7bab000 	C:\Program Files\Android\Android Studio\jbr\bin\VCRUNTIME140.dll
0x00007ff8b64b0000 - 0x00007ff8b664e000 	C:\Windows\System32\USER32.dll
0x00007ff8a7eb0000 - 0x00007ff8a814a000 	C:\Windows\WinSxS\amd64_microsoft.windows.common-controls_6595b64144ccf1df_6.0.19041.3636_none_60b6a03d71f818d5\COMCTL32.dll
0x00007ff8b4b30000 - 0x00007ff8b4b52000 	C:\Windows\System32\win32u.dll
0x00007ff8b6fb0000 - 0x00007ff8b704e000 	C:\Windows\System32\msvcrt.dll
0x00007ff8b6cf0000 - 0x00007ff8b6d1c000 	C:\Windows\System32\GDI32.dll
0x00007ff8b4c60000 - 0x00007ff8b4d7a000 	C:\Windows\System32\gdi32full.dll
0x00007ff8b4e80000 - 0x00007ff8b4f1d000 	C:\Windows\System32\msvcp_win.dll
0x00007ff8b5fa0000 - 0x00007ff8b5fd0000 	C:\Windows\System32\IMM32.DLL
0x00007ff8b0570000 - 0x00007ff8b057c000 	C:\Program Files\Android\Android Studio\jbr\bin\vcruntime140_1.dll
0x00007ff8a11b0000 - 0x00007ff8a123d000 	C:\Program Files\Android\Android Studio\jbr\bin\msvcp140.dll
0x00007ff84b2e0000 - 0x00007ff84bf4e000 	C:\Program Files\Android\Android Studio\jbr\bin\server\jvm.dll
0x00007ff8b6e30000 - 0x00007ff8b6edf000 	C:\Windows\System32\ADVAPI32.dll
0x00007ff8b5f00000 - 0x00007ff8b5f9c000 	C:\Windows\System32\sechost.dll
0x00007ff8b5350000 - 0x00007ff8b5476000 	C:\Windows\System32\RPCRT4.dll
0x00007ff8593e0000 - 0x00007ff8593e9000 	C:\Windows\SYSTEM32\WSOCK32.dll
0x00007ff8a4690000 - 0x00007ff8a469a000 	C:\Windows\SYSTEM32\VERSION.dll
0x00007ff8acee0000 - 0x00007ff8acf07000 	C:\Windows\SYSTEM32\WINMM.dll
0x00007ff8b6440000 - 0x00007ff8b64ab000 	C:\Windows\System32\WS2_32.dll
0x00007ff8b2890000 - 0x00007ff8b28a2000 	C:\Windows\SYSTEM32\kernel.appcore.dll
0x00007ff858ed0000 - 0x00007ff858eda000 	C:\Program Files\Android\Android Studio\jbr\bin\jimage.dll
0x00007ff8a0ba0000 - 0x00007ff8a0d84000 	C:\Windows\SYSTEM32\DBGHELP.DLL
0x00007ff8a36c0000 - 0x00007ff8a36f4000 	C:\Windows\SYSTEM32\dbgcore.DLL
0x00007ff8b4f20000 - 0x00007ff8b4fa2000 	C:\Windows\System32\bcryptPrimitives.dll
0x00007ff856880000 - 0x00007ff8568a5000 	C:\Program Files\Android\Android Studio\jbr\bin\java.dll
0x00007ff856860000 - 0x00007ff856878000 	C:\Program Files\Android\Android Studio\jbr\bin\zip.dll
0x00007ff8b5560000 - 0x00007ff8b5ca4000 	C:\Windows\System32\SHELL32.dll
0x00007ff8b2a90000 - 0x00007ff8b322b000 	C:\Windows\SYSTEM32\windows.storage.dll
0x00007ff8b6990000 - 0x00007ff8b6ce4000 	C:\Windows\System32\combase.dll
0x00007ff8b4410000 - 0x00007ff8b443d000 	C:\Windows\SYSTEM32\Wldp.dll
0x00007ff8b6730000 - 0x00007ff8b67dd000 	C:\Windows\System32\SHCORE.dll
0x00007ff8b54a0000 - 0x00007ff8b54f5000 	C:\Windows\System32\shlwapi.dll
0x00007ff8b4900000 - 0x00007ff8b4925000 	C:\Windows\SYSTEM32\profapi.dll
0x00007ff84aee0000 - 0x00007ff84aef9000 	C:\Program Files\Android\Android Studio\jbr\bin\net.dll
0x00007ff8ad6f0000 - 0x00007ff8ad7fa000 	C:\Windows\SYSTEM32\WINHTTP.dll
0x00007ff8b4100000 - 0x00007ff8b416a000 	C:\Windows\system32\mswsock.dll
0x00007ff84aec0000 - 0x00007ff84aed6000 	C:\Program Files\Android\Android Studio\jbr\bin\nio.dll
0x00007ff84aac0000 - 0x00007ff84aad0000 	C:\Program Files\Android\Android Studio\jbr\bin\verify.dll
0x00007ff8a71c0000 - 0x00007ff8a71e7000 	C:\Users\CHEBICHEB KHEIREDDIN\.gradle\native\e1d6ef7f7dcc3fd88c89a11ec53ec762bb8ba0a96d01ffa2cd45eb1d1d8dd5c5\windows-amd64\native-platform.dll
0x00007ff8a0f10000 - 0x00007ff8a1054000 	C:\Users\CHEBICHEB KHEIREDDIN\.gradle\native\0d407fdbe67a94daf76414ababcb853783967236a71b16ec16e742cd7a986fd3\windows-amd64\native-platform-file-events.dll
0x00007ff84aa70000 - 0x00007ff84aa79000 	C:\Program Files\Android\Android Studio\jbr\bin\management.dll
0x00007ff84aa60000 - 0x00007ff84aa6b000 	C:\Program Files\Android\Android Studio\jbr\bin\management_ext.dll
0x00007ff8b5480000 - 0x00007ff8b5488000 	C:\Windows\System32\PSAPI.DLL
0x00007ff8b4370000 - 0x00007ff8b4388000 	C:\Windows\SYSTEM32\CRYPTSP.dll
0x00007ff8b39d0000 - 0x00007ff8b3a04000 	C:\Windows\system32\rsaenh.dll
0x00007ff8b52b0000 - 0x00007ff8b52d7000 	C:\Windows\System32\bcrypt.dll
0x00007ff8b48c0000 - 0x00007ff8b48ee000 	C:\Windows\SYSTEM32\USERENV.dll
0x00007ff8b4360000 - 0x00007ff8b436c000 	C:\Windows\SYSTEM32\CRYPTBASE.dll
0x00007ff8b3df0000 - 0x00007ff8b3e2b000 	C:\Windows\SYSTEM32\IPHLPAPI.DLL
0x00007ff8b5490000 - 0x00007ff8b5498000 	C:\Windows\System32\NSI.dll
0x00007ff8ae6c0000 - 0x00007ff8ae6d7000 	C:\Windows\SYSTEM32\dhcpcsvc6.DLL
0x00007ff8ae660000 - 0x00007ff8ae67d000 	C:\Windows\SYSTEM32\dhcpcsvc.DLL
0x00007ff8b3e30000 - 0x00007ff8b3efa000 	C:\Windows\SYSTEM32\DNSAPI.dll
0x00007ff896420000 - 0x00007ff896427000 	C:\Windows\system32\wshunix.dll

dbghelp: loaded successfully - version: 4.0.5 - missing functions: none
symbol engine: initialized successfully - sym options: 0x614 - pdb path: .;C:\Program Files\Android\Android Studio\jbr\bin;C:\Windows\SYSTEM32;C:\Windows\WinSxS\amd64_microsoft.windows.common-controls_6595b64144ccf1df_6.0.19041.3636_none_60b6a03d71f818d5;C:\Program Files\Android\Android Studio\jbr\bin\server;C:\Users\CHEBICHEB KHEIREDDIN\.gradle\native\e1d6ef7f7dcc3fd88c89a11ec53ec762bb8ba0a96d01ffa2cd45eb1d1d8dd5c5\windows-amd64;C:\Users\CHEBICHEB KHEIREDDIN\.gradle\native\0d407fdbe67a94daf76414ababcb853783967236a71b16ec16e742cd7a986fd3\windows-amd64

VM Arguments:
jvm_args: --add-opens=java.base/java.util=ALL-UNNAMED --add-opens=java.base/java.lang=ALL-UNNAMED --add-opens=java.base/java.lang.invoke=ALL-UNNAMED --add-opens=java.base/java.util=ALL-UNNAMED --add-opens=java.prefs/java.util.prefs=ALL-UNNAMED --add-opens=java.prefs/java.util.prefs=ALL-UNNAMED --add-opens=java.base/java.nio.charset=ALL-UNNAMED --add-opens=java.base/java.net=ALL-UNNAMED --add-opens=java.base/java.util.concurrent.atomic=ALL-UNNAMED -Xmx2048m -Dfile.encoding=UTF-8 -Duser.country=US -Duser.language=en -Duser.variant 
java_command: org.gradle.launcher.daemon.bootstrap.GradleDaemon 7.5
java_class_path (initial): C:\Users\CHEBICHEB KHEIREDDIN\.gradle\wrapper\dists\gradle-7.5-bin\f1w0cc9nuo0eivz97x2xlu9sv\gradle-7.5\lib\gradle-launcher-7.5.jar
Launcher Type: SUN_STANDARD

[Global flags]
     intx CICompilerCount                          = 3                                         {product} {ergonomic}
     uint ConcGCThreads                            = 1                                         {product} {ergonomic}
     uint G1ConcRefinementThreads                  = 4                                         {product} {ergonomic}
   size_t G1HeapRegionSize                         = 1048576                                   {product} {ergonomic}
    uintx GCDrainStackTargetSize                   = 64                                        {product} {ergonomic}
   size_t InitialHeapSize                          = 132120576                                 {product} {ergonomic}
   size_t MarkStackSize                            = 4194304                                   {product} {ergonomic}
   size_t MaxHeapSize                              = 2147483648                                {product} {command line}
   size_t MaxNewSize                               = 1287651328                                {product} {ergonomic}
   size_t MinHeapDeltaBytes                        = 1048576                                   {product} {ergonomic}
   size_t MinHeapSize                              = 8388608                                   {product} {ergonomic}
    uintx NonNMethodCodeHeapSize                   = 5832780                                {pd product} {ergonomic}
    uintx NonProfiledCodeHeapSize                  = 122912730                              {pd product} {ergonomic}
    uintx ProfiledCodeHeapSize                     = 122912730                              {pd product} {ergonomic}
    uintx ReservedCodeCacheSize                    = 251658240                              {pd product} {ergonomic}
     bool SegmentedCodeCache                       = true                                      {product} {ergonomic}
   size_t SoftMaxHeapSize                          = 2147483648                             {manageable} {ergonomic}
     bool UseCompressedClassPointers               = true                           {product lp64_product} {ergonomic}
     bool UseCompressedOops                        = true                           {product lp64_product} {ergonomic}
     bool UseG1GC                                  = true                                      {product} {ergonomic}
     bool UseLargePagesIndividualAllocation        = false                                  {pd product} {ergonomic}

Logging:
Log output configuration:
 #0: stdout all=warning uptime,level,tags
 #1: stderr all=off uptime,level,tags

Environment Variables:
CLASSPATH=C:\oracle\product\10.2.0\db_1\jdbc\lib
PATH=C:\Program Files (x86)\VMware\VMware Workstation\bin\;C:\Program Files (x86)\Common Files\Oracle\Java\javapath;C:\Program Files\Common Files\Oracle\Java\javapath;C:\Windows\system32;C:\Windows;C:\Windows\System32\Wbem;C:\Windows\System32\WindowsPowerShell\v1.0\;C:\Windows\System32\OpenSSH\;C:\OCaml64\home\YCF\.opam\4.14.0+mingw64c\bin;C:\instantclient-basic\instantclient_12_1;C:\OCaml64\home\YCF\.opam\4.14.0+mingw64c\bin;C:\Program Files\Java\jdk-15.0.1\bin\javaw.exe;C:\OCaml64\usr\local\bin\opam.exe;C:\Program Files\Java\jdk1.8.0_351\bin;C:\Program Files\TortoiseGit\bin;C:\Program Files\Git\cmd;C:\Users\CHEBICHEB KHEIREDDIN\AppData\Local\Programs\Python\Python312\Scripts\;C:\Users\CHEBICHEB KHEIREDDIN\AppData\Local\Programs\Python\Python312\;C:\Users\CHEBICHEB KHEIREDDIN\AppData\Local\Programs\Python\Python310\Scripts\;C:\Users\CHEBICHEB KHEIREDDIN\AppData\Local\Programs\Python\Python310\;C:\Users\CHEBICHEB KHEIREDDIN\AppData\Local\Microsoft\WindowsApps;C:\OCaml64\home\YCF\.opam\4.14.0+mingw64c\bin;C:\Users\CHEBICHEB KHEIREDDIN\AppData\Local\Programs\Microsoft VS Code\bin;C:\OCaml64\home\CHEBICHEBKHEIREDDIN\.opam\4.14.0+mingw64c\bin;C:\Program Files\Java\jdk1.8.0_351\bin;;C:\Program Files\JetBrains\IntelliJ IDEA 2021.3\bin;
USERNAME=CHEBICHEB KHEIREDDIN
OS=Windows_NT
PROCESSOR_IDENTIFIER=Intel64 Family 6 Model 37 Stepping 5, GenuineIntel
TMP=C:\Users\CHEBIC~1\AppData\Local\Temp
TEMP=C:\Users\CHEBIC~1\AppData\Local\Temp


JNI global refs:
JNI global refs: 24, weak refs: 2

JNI global refs memory usage: 843, weak refs: 841


---------------  S Y S T E M  ---------------

OS:
 Windows 10 , 64 bit Build 19041 (10.0.19041.3636)
OS uptime: 0 days 1:03 hours

CPU: total 4 (initial active 4) (2 cores per cpu, 2 threads per core) family 6 model 37 stepping 5 microcode 0x7, cx8, cmov, fxsr, ht, mmx, sse, sse2, sse3, ssse3, sse4.1, sse4.2, popcnt, tsc, tscinvbit, aes, clmul, clflush

Memory: 4k page, system-wide physical 7983M (329M free)
TotalPageFile size 11480M (AvailPageFile size 5M)
current process WorkingSet (physical memory assigned to process): 306M, peak: 308M
current process commit charge ("private bytes"): 448M, peak: 450M

vm_info: OpenJDK 64-Bit Server VM (17.0.6+0-b2043.56-10027231) for windows-amd64 JRE (17.0.6+0-b2043.56-10027231), built on Apr 28 2023 00:43:19 by "androidbuild" with MS VC++ 16.10 / 16.11 (VS2019)

END.
